#
# A fatal error has been detected by the Java Runtime Environment:
#
#  EXCEPTION_ACCESS_VIOLATION (0xc0000005) at pc=0x00007ffc41449245, pid=8644, tid=7856
#
# JRE version: OpenJDK Runtime Environment Temurin-17.0.9+9 (17.0.9+9) (build 17.0.9+9)
# Java VM: OpenJDK 64-Bit Server VM Temurin-17.0.9+9 (17.0.9+9, mixed mode, emulated-client, tiered, compressed oops, compressed class ptrs, g1 gc, windows-amd64)
# Problematic frame:
# V  [jvm.dll+0x2d9245]
#
# No core dump will be written. Minidumps are not enabled by default on client versions of Windows
#
# If you would like to submit a bug report, please visit:
#   https://github.com/adoptium/adoptium-support/issues
#

---------------  S U M M A R Y ------------

Command Line: -Dcom.sun.management.jmxremote -Dcom.sun.management.jmxremote.port=52285 -Dcom.sun.management.jmxremote.authenticate=false -Dcom.sun.management.jmxremote.ssl=false -Djava.rmi.server.hostname=localhost -Dspring.jmx.enabled=true -Dmanagement.endpoints.jmx.exposure.include=* -Dspring.application.admin.enabled=true -XX:TieredStopAtLevel=1 -Dspring.boot.project.name=PROJECT -Dfile.encoding=UTF-8 -Dstdout.encoding=UTF-8 -Dstderr.encoding=UTF-8 -XX:+ShowCodeDetailsInExceptionMessages in.sp.main.ProjectApplication --spring.output.ansi.enabled=always

Host: Intel(R) Core(TM) i3-6006U CPU @ 2.00GHz, 4 cores, 7G,  Windows 10 , 64 bit Build 19041 (10.0.19041.2913)
Time: Tue Feb  6 00:52:36 2024 India Standard Time elapsed time: 1.960840 seconds (0d 0h 0m 1s)

---------------  T H R E A D  ---------------

Current thread (0x00000151e5b2c4c0):  ConcurrentGCThread "G1 Conc#0" [stack: 0x00000039d4600000,0x00000039d4700000] [id=7856]

Stack: [0x00000039d4600000,0x00000039d4700000],  sp=0x00000039d46ffba0,  free space=1022k
Native frames: (J=compiled Java code, j=interpreted, Vv=VM code, C=native code)
V  [jvm.dll+0x2d9245]
V  [jvm.dll+0x2ec6e6]
V  [jvm.dll+0x2e8e81]
V  [jvm.dll+0x2ea7dc]
V  [jvm.dll+0x2e97b4]
V  [jvm.dll+0x2ed316]
V  [jvm.dll+0x861e7b]
V  [jvm.dll+0x861ec6]
V  [jvm.dll+0x7e3c3a]
V  [jvm.dll+0x67be35]
C  [ucrtbase.dll+0x21bb2]
C  [KERNEL32.DLL+0x17614]
C  [ntdll.dll+0x526a1]


siginfo: EXCEPTION_ACCESS_VIOLATION (0xc0000005), reading address 0x0000000363ab8350


Registers:
RAX=0x0000000363ab8348, RBX=0x000000008835f8c0, RCX=0x0000000000000003, RDX=0x0000000000000001
RSP=0x00000039d46ffba0, RBP=0x00000151e5b1bb40, RSI=0x00000039d46ffc90, RDI=0x00000151e5b2f0f0
R8 =0x000000008835f8c0, R9 =0x000000006c757069, R10=0x0000000000000000, R11=0x0000000000000003
R12=0x0000000000000000, R13=0xaaaaaaaaaaaaaaab, R14=0x0000000000000001, R15=0x00000039d46ffc90
RIP=0x00007ffc41449245, EFLAGS=0x0000000000010206


Register to memory mapping:

RIP=0x00007ffc41449245 jvm.dll
RAX=0x0000000363ab8348 is an unknown value
RBX=0x000000008835f8c0 is pointing into object: [B 
{0x000000008834a728} - klass: {type array byte}
 - length: 355087
RCX=0x0000000000000003 is an unknown value
RDX=0x0000000000000001 is an unknown value
RSP=0x00000039d46ffba0 points into unknown readable memory: 0x0000000088349fe8 | e8 9f 34 88 00 00 00 00
RBP=0x00000151e5b1bb40 points into unknown readable memory: 0x00007ffc41ac4a78 | 78 4a ac 41 fc 7f 00 00
RSI=0x00000039d46ffc90 points into unknown readable memory: 0x00000151e5b1baf0 | f0 ba b1 e5 51 01 00 00
RDI=0x00000151e5b2f0f0 points into unknown readable memory: 0x00007ffc41ac4a88 | 88 4a ac 41 fc 7f 00 00
R8 =0x000000008835f8c0 is pointing into object: [B 
{0x000000008834a728} - klass: {type array byte}
 - length: 355087
R9 =0x000000006c757069 is an unknown value
R10=0x0 is NULL
R11=0x0000000000000003 is an unknown value
R12=0x0 is NULL
R13=0xaaaaaaaaaaaaaaab is an unknown value
R14=0x0000000000000001 is an unknown value
R15=0x00000039d46ffc90 points into unknown readable memory: 0x00000151e5b1baf0 | f0 ba b1 e5 51 01 00 00


Top of Stack: (sp=0x00000039d46ffba0)
0x00000039d46ffba0:   0000000088349fe8 00000039d46ffc90
0x00000039d46ffbb0:   000000000000000e 0000000000000000
0x00000039d46ffbc0:   00000151e5b2f0f0 00007ffc4145c6e6
0x00000039d46ffbd0:   0000000000000001 00000151e5b1bb40
0x00000039d46ffbe0:   00000039d46ffc90 00000151e5b1bb40
0x00000039d46ffbf0:   000000008835f8c0 00007ffc41458e81
0x00000039d46ffc00:   000000000002bf18 00000039d45ff5a0
0x00000039d46ffc10:   00000039d46ffc40 00007ffc4145a3e4
0x00000039d46ffc20:   0000000000040000 00007ffc4145a7dc
0x00000039d46ffc30:   000000008834a058 000000000002bf18
0x00000039d46ffc40:   0000000000000000 0000000000000000
0x00000039d46ffc50:   0000000000000000 0000000000000001
0x00000039d46ffc60:   00000151e5b2f0f0 00007ffc414597b4
0x00000039d46ffc70:   0000000000000555 0000000000000000
0x00000039d46ffc80:   00000039d45ff501 0000000000000000
0x00000039d46ffc90:   00000151e5b1baf0 00000151e5b2f0f0
0x00000039d46ffca0:   0000000088300000 0000000000020000
0x00000039d46ffcb0:   0000000088300000 0000000000020000
0x00000039d46ffcc0:   0000000000000000 0000000000000000
0x00000039d46ffcd0:   00007ffc41ac4aa8 00000151f2b08120
0x00000039d46ffce0:   0000000000000003 00000151e5ad6d70
0x00000039d46ffcf0:   00000151e5b2f0f0 00007ffc417bd4a3
0x00000039d46ffd00:   c215b08488000000 0000000000000000
0x00000039d46ffd10:   0000000000000000 0000000000000000
0x00000039d46ffd20:   0000000000000000 00000151e5b2c790
0x00000039d46ffd30:   00000000000003d8 00000151e5b2cb68
0x00000039d46ffd40:   00000151e38e2ff0 00000039d45ff5a0
0x00000039d46ffd50:   00000151e5b2c780 00007ffc4145d316
0x00000039d46ffd60:   000000303d38c55d 0000000000000000
0x00000039d46ffd70:   00000151e5b2f0f0 00000039d45ff5a0
0x00000039d46ffd80:   0000000000000000 0000000000000000
0x00000039d46ffd90:   0000000000000000 00000151e5b2c4c0 

Instructions: (pc=0x00007ffc41449245)
0x00007ffc41449145:   8b 5c 24 30 48 83 c4 20 5f c3 48 8b 5c 24 30 b0
0x00007ffc41449155:   01 48 83 c4 20 5f c3 cc cc cc cc 48 89 5c 24 08
0x00007ffc41449165:   57 48 83 ec 20 4c 8b 41 30 48 8b da 48 8b f9 45
0x00007ffc41449175:   8b 88 80 00 00 00 41 8b 80 00 01 00 00 41 8b d1
0x00007ffc41449185:   2b d0 81 e2 ff ff 01 00 81 fa fe ff 01 00 73 26
0x00007ffc41449195:   49 8b 80 80 01 00 00 4a 89 1c c8 41 8d 41 01 25
0x00007ffc414491a5:   ff ff 01 00 41 89 80 80 00 00 00 48 8b 5c 24 30
0x00007ffc414491b5:   48 83 c4 20 5f c3 e8 e0 18 01 00 48 8b 57 30 44
0x00007ffc414491c5:   8b 82 80 00 00 00 8b 82 00 01 00 00 41 8b c8 2b
0x00007ffc414491d5:   c8 81 e1 ff ff 01 00 81 f9 fe ff 01 00 73 1a 48
0x00007ffc414491e5:   8b 82 80 01 00 00 4a 89 1c c0 41 8d 40 01 25 ff
0x00007ffc414491f5:   ff 01 00 89 82 80 00 00 00 48 8b 5c 24 30 48 83
0x00007ffc41449205:   c4 20 5f c3 cc cc cc cc cc cc cc 48 83 ec 28 0f
0x00007ffc41449215:   b6 15 c9 a0 8a 00 4c 8b c1 8b 0d d4 e0 83 00 4c
0x00007ffc41449225:   8b 15 c5 e0 83 00 84 d2 74 0f 45 8b 48 08 41 8b
0x00007ffc41449235:   c1 48 d3 e0 49 03 c2 eb 07 49 8b 40 08 44 8b c8
0x00007ffc41449245:   81 78 08 00 00 00 c0 7d 2e 84 d2 74 0b 41 8b d1
0x00007ffc41449255:   48 d3 e2 49 03 d2 eb 04 49 8b 50 08 49 8b c8 e8
0x00007ffc41449265:   f7 38 d3 ff 48 63 c8 48 81 f9 00 10 00 00 72 07
0x00007ffc41449275:   b0 01 48 83 c4 28 c3 32 c0 48 83 c4 28 c3 cc cc
0x00007ffc41449285:   cc cc cc cc cc cc cc cc cc cc cc 48 89 5c 24 08
0x00007ffc41449295:   48 89 6c 24 10 48 89 74 24 18 57 48 81 ec a0 00
0x00007ffc414492a5:   00 00 48 8b d9 48 63 f2 48 83 c1 18 e8 4a e0 4d
0x00007ffc414492b5:   00 33 ed 89 33 c7 43 10 18 00 00 00 89 6b 14 8b
0x00007ffc414492c5:   05 26 e4 8b 00 83 f8 03 75 0e 33 d2 48 8d 4c 24
0x00007ffc414492d5:   40 e8 95 68 37 00 eb 1d 0f 10 05 b4 f6 8b 00 48
0x00007ffc414492e5:   8d 44 24 20 0f 10 0d b8 f6 8b 00 0f 11 44 24 20
0x00007ffc414492f5:   0f 11 4c 24 30 45 33 c9 48 8b ce 48 c1 e1 03 4c
0x00007ffc41449305:   8b c0 41 8d 51 05 e8 40 d7 dc ff 8b d5 48 89 43
0x00007ffc41449315:   08 39 13 7e 19 48 8b cd 0f 1f 00 48 8b 43 08 48
0x00007ffc41449325:   8d 49 08 ff c2 48 89 6c 01 f8 3b 13 7c ed 48 8d
0x00007ffc41449335:   4c 24 60 e8 c3 df 4d 00 48 8d 4c 24 60 0f 10 00 


Stack slot to memory mapping:
stack at sp + 0 slots: 0x0000000088349fe8 is an oop: java.lang.Class 
{0x0000000088349fe8} - klass: 'java/lang/Class'
 - ---- fields (total size 14 words):
 - private volatile transient 'classRedefinedCount' 'I' @12  0
 - private volatile transient 'cachedConstructor' 'Ljava/lang/reflect/Constructor;' @40  NULL (0)
 - private transient 'name' 'Ljava/lang/String;' @44  "javax.management.openmbean.TabularData"{0x0000000088347898} (88347898)
 - private transient 'module' 'Ljava/lang/Module;' @48  a 'java/lang/Module'{0x0000000088662270} (88662270)
 - private final 'classLoader' 'Ljava/lang/ClassLoader;' @52  NULL (0)
 - private transient 'classData' 'Ljava/lang/Object;' @56  NULL (0)
 - private transient 'packageName' 'Ljava/lang/String;' @60  NULL (0)
 - private final 'componentType' 'Ljava/lang/Class;' @64  [I{0x000000008834a058} (8834a058)
 - private volatile transient 'reflectionData' 'Ljava/lang/ref/SoftReference;' @68  NULL (0)
 - private volatile transient 'genericInfo' 'Lsun/reflect/generics/repository/ClassRepository;' @72  NULL (0)
 - private volatile transient 'enumConstants' '[Ljava/lang/Object;' @76  NULL (0)
 - private volatile transient 'enumConstantDirectory' 'Ljava/util/Map;' @80  NULL (0)
 - private volatile transient 'annotationData' 'Ljava/lang/Class$AnnotationData;' @84  NULL (0)
 - private volatile transient 'annotationType' 'Lsun/reflect/annotation/AnnotationType;' @88  NULL (0)
 - transient 'classValueMap' 'Ljava/lang/ClassValue$ClassValueMap;' @92  NULL (0)
 - signature: Ljavax/management/openmbean/TabularData;
 - fake entry for mirror: 'javax/management/openmbean/TabularData'
 - fake entry for array: NULL
 - fake entry for oop_size: 14
 - fake entry for static_oop_field_count: 0
stack at sp + 1 slots: 0x00000039d46ffc90 points into unknown readable memory: 0x00000151e5b1baf0 | f0 ba b1 e5 51 01 00 00
stack at sp + 2 slots: 0x000000000000000e is an unknown value
stack at sp + 3 slots: 0x0 is NULL
stack at sp + 4 slots: 0x00000151e5b2f0f0 points into unknown readable memory: 0x00007ffc41ac4a88 | 88 4a ac 41 fc 7f 00 00
stack at sp + 5 slots: 0x00007ffc4145c6e6 jvm.dll
stack at sp + 6 slots: 0x0000000000000001 is an unknown value
stack at sp + 7 slots: 0x00000151e5b1bb40 points into unknown readable memory: 0x00007ffc41ac4a78 | 78 4a ac 41 fc 7f 00 00


---------------  P R O C E S S  ---------------

Threads class SMR info:
_java_thread_list=0x00000151f809a2b0, length=21, elements={
0x00000151e399e0a0, 0x00000151f2cb23d0, 0x00000151f2cb4330, 0x00000151f7040de0,
0x00000151f7041810, 0x00000151f7043aa0, 0x00000151f7045120, 0x00000151f70239f0,
0x00000151f70250c0, 0x00000151f718a410, 0x00000151f71a6450, 0x00000151f71aa980,
0x00000151f720cf80, 0x00000151f7774050, 0x00000151f77b2a60, 0x00000151f77c40e0,
0x00000151f78c0f40, 0x00000151f7ae7d50, 0x00000151f7b3d970, 0x00000151f7b4ba40,
0x00000151f7b4a0f0
}

Java Threads: ( => current thread )
  0x00000151e399e0a0 JavaThread "main" [_thread_blocked, id=7676, stack(0x00000039d4300000,0x00000039d4400000)]
  0x00000151f2cb23d0 JavaThread "Reference Handler" daemon [_thread_blocked, id=10600, stack(0x00000039d4a00000,0x00000039d4b00000)]
  0x00000151f2cb4330 JavaThread "Finalizer" daemon [_thread_blocked, id=10700, stack(0x00000039d4b00000,0x00000039d4c00000)]
  0x00000151f7040de0 JavaThread "Signal Dispatcher" daemon [_thread_blocked, id=11648, stack(0x00000039d4c00000,0x00000039d4d00000)]
  0x00000151f7041810 JavaThread "Attach Listener" daemon [_thread_blocked, id=9268, stack(0x00000039d4d00000,0x00000039d4e00000)]
  0x00000151f7043aa0 JavaThread "Service Thread" daemon [_thread_blocked, id=10916, stack(0x00000039d4e00000,0x00000039d4f00000)]
  0x00000151f7045120 JavaThread "Monitor Deflation Thread" daemon [_thread_blocked, id=10940, stack(0x00000039d4f00000,0x00000039d5000000)]
  0x00000151f70239f0 JavaThread "C1 CompilerThread0" daemon [_thread_blocked, id=11408, stack(0x00000039d5000000,0x00000039d5100000)]
  0x00000151f70250c0 JavaThread "Sweeper thread" daemon [_thread_blocked, id=10448, stack(0x00000039d5100000,0x00000039d5200000)]
  0x00000151f718a410 JavaThread "Common-Cleaner" daemon [_thread_blocked, id=11652, stack(0x00000039d5200000,0x00000039d5300000)]
  0x00000151f71a6450 JavaThread "C1 CompilerThread1" daemon [_thread_blocked, id=11620, stack(0x00000039d5300000,0x00000039d5400000)]
  0x00000151f71aa980 JavaThread "C1 CompilerThread2" daemon [_thread_blocked, id=10956, stack(0x00000039d5400000,0x00000039d5500000)]
  0x00000151f720cf80 JavaThread "Notification Thread" daemon [_thread_blocked, id=5600, stack(0x00000039d5500000,0x00000039d5600000)]
  0x00000151f7774050 JavaThread "RMI TCP Accept-0" daemon [_thread_in_native, id=4144, stack(0x00000039d5700000,0x00000039d5800000)]
  0x00000151f77b2a60 JavaThread "RMI TCP Accept-52285" daemon [_thread_in_native, id=12048, stack(0x00000039d5800000,0x00000039d5900000)]
  0x00000151f77c40e0 JavaThread "RMI TCP Accept-0" daemon [_thread_in_native, id=11300, stack(0x00000039d5900000,0x00000039d5a00000)]
  0x00000151f78c0f40 JavaThread "RMI TCP Connection(1)-127.0.0.1" daemon [_thread_in_native, id=11952, stack(0x00000039d6000000,0x00000039d6100000)]
  0x00000151f7ae7d50 JavaThread "RMI Scheduler(0)" daemon [_thread_blocked, id=2632, stack(0x00000039d6100000,0x00000039d6200000)]
  0x00000151f7b3d970 JavaThread "RMI TCP Connection(2)-127.0.0.1" daemon [_thread_in_native, id=6904, stack(0x00000039d6200000,0x00000039d6300000)]
  0x00000151f7b4ba40 JavaThread "JMX server connection timeout 21" daemon [_thread_blocked, id=10968, stack(0x00000039d6300000,0x00000039d6400000)]
  0x00000151f7b4a0f0 JavaThread "background-preinit" [_thread_blocked, id=9328, stack(0x00000039d6400000,0x00000039d6500000)]

Other Threads:
  0x00000151f2cab8a0 VMThread "VM Thread" [stack: 0x00000039d4900000,0x00000039d4a00000] [id=11756]
  0x00000151f77c45c0 WatcherThread [stack: 0x00000039d5a00000,0x00000039d5b00000] [id=3216]
  0x00000151e5b1b5d0 GCTaskThread "GC Thread#0" [stack: 0x00000039d4400000,0x00000039d4500000] [id=12272]
  0x00000151f7878810 GCTaskThread "GC Thread#1" [stack: 0x00000039d5b00000,0x00000039d5c00000] [id=11540]
  0x00000151f78b2980 GCTaskThread "GC Thread#2" [stack: 0x00000039d5c00000,0x00000039d5d00000] [id=7136]
  0x00000151f78b2c40 GCTaskThread "GC Thread#3" [stack: 0x00000039d5d00000,0x00000039d5e00000] [id=2500]
  0x00000151e5b2bb90 ConcurrentGCThread "G1 Main Marker" [stack: 0x00000039d4500000,0x00000039d4600000] [id=11324]
=>0x00000151e5b2c4c0 ConcurrentGCThread "G1 Conc#0" [stack: 0x00000039d4600000,0x00000039d4700000] [id=7856]
  0x00000151e5b7d650 ConcurrentGCThread "G1 Refine#0" [stack: 0x00000039d4700000,0x00000039d4800000] [id=7852]
  0x00000151f7884b60 ConcurrentGCThread "G1 Refine#1" [stack: 0x00000039d5e00000,0x00000039d5f00000] [id=7700]
  0x00000151f72c73f0 ConcurrentGCThread "G1 Refine#2" [stack: 0x00000039d5f00000,0x00000039d6000000] [id=1376]
  0x00000151e5b7de90 ConcurrentGCThread "G1 Service" [stack: 0x00000039d4800000,0x00000039d4900000] [id=7372]

Threads with active compile tasks:

VM state: not at safepoint (normal execution)

VM Mutex/Monitor currently owned by a thread:  ([mutex/lock_event])
[0x00000151e399c3a0] Heap_lock - owner thread: 0x00000151e399e0a0

Heap address: 0x0000000088200000, size: 1918 MB, Compressed Oops mode: 32-bit

CDS archive(s) not mapped
Compressed class space mapped at: 0x0000000100000000-0x0000000140000000, reserved size: 1073741824
Narrow klass base: 0x0000000000000000, Narrow klass shift: 3, Narrow klass range: 0x140000000

GC Precious Log:
 CPUs: 4 total, 4 available
 Memory: 7669M
 Large Page Support: Disabled
 NUMA Support: Disabled
 Compressed Oops: Enabled (32-bit)
 Heap Region Size: 1M
 Heap Min Capacity: 8M
 Heap Initial Capacity: 120M
 Heap Max Capacity: 1918M
 Pre-touch: Disabled
 Parallel Workers: 4
 Concurrent Workers: 1
 Concurrent Refinement Workers: 4
 Periodic GC: Disabled

Heap:
 garbage-first heap   total 122880K, used 11691K [0x0000000088200000, 0x0000000100000000)
  region size 1024K, 6 young (6144K), 3 survivors (3072K)
 Metaspace       used 21491K, committed 21824K, reserved 1114112K
  class space    used 2554K, committed 2752K, reserved 1048576K

Heap Regions: E=young(eden), S=young(survivor), O=old, HS=humongous(starts), HC=humongous(continues), CS=collection set, F=free, OA=open archive, CA=closed archive, TAMS=top-at-mark-start (previous, next)
|   0|0x0000000088200000, 0x0000000088300000, 0x0000000088300000|100%|HS|  |TAMS 0x0000000088200000, 0x0000000088300000| Complete 
|   1|0x0000000088300000, 0x0000000088400000, 0x0000000088400000|100%| O|  |TAMS 0x0000000088300000, 0x0000000088400000| Untracked 
|   2|0x0000000088400000, 0x0000000088500000, 0x0000000088500000|100%| O|  |TAMS 0x0000000088400000, 0x0000000088500000| Untracked 
|   3|0x0000000088500000, 0x0000000088600000, 0x0000000088600000|100%| O|  |TAMS 0x0000000088500000, 0x0000000088600000| Untracked 
|   4|0x0000000088600000, 0x0000000088700000, 0x0000000088700000|100%| O|  |TAMS 0x0000000088600000, 0x0000000088700000| Untracked 
|   5|0x0000000088700000, 0x0000000088800000, 0x0000000088800000|100%| O|  |TAMS 0x0000000088700000, 0x0000000088800000| Untracked 
|   6|0x0000000088800000, 0x000000008888f400, 0x0000000088900000| 55%| O|  |TAMS 0x0000000088800000, 0x000000008888f400| Untracked 
|   7|0x0000000088900000, 0x0000000088900000, 0x0000000088a00000|  0%| F|  |TAMS 0x0000000088900000, 0x0000000088900000| Untracked 
|   8|0x0000000088a00000, 0x0000000088a00000, 0x0000000088b00000|  0%| F|  |TAMS 0x0000000088a00000, 0x0000000088a00000| Untracked 
|   9|0x0000000088b00000, 0x0000000088b00000, 0x0000000088c00000|  0%| F|  |TAMS 0x0000000088b00000, 0x0000000088b00000| Untracked 
|  10|0x0000000088c00000, 0x0000000088c00000, 0x0000000088d00000|  0%| F|  |TAMS 0x0000000088c00000, 0x0000000088c00000| Untracked 
|  11|0x0000000088d00000, 0x0000000088d00000, 0x0000000088e00000|  0%| F|  |TAMS 0x0000000088d00000, 0x0000000088d00000| Untracked 
|  12|0x0000000088e00000, 0x0000000088e00000, 0x0000000088f00000|  0%| F|  |TAMS 0x0000000088e00000, 0x0000000088e00000| Untracked 
|  13|0x0000000088f00000, 0x0000000088f00000, 0x0000000089000000|  0%| F|  |TAMS 0x0000000088f00000, 0x0000000088f00000| Untracked 
|  14|0x0000000089000000, 0x0000000089000000, 0x0000000089100000|  0%| F|  |TAMS 0x0000000089000000, 0x0000000089000000| Untracked 
|  15|0x0000000089100000, 0x0000000089100000, 0x0000000089200000|  0%| F|  |TAMS 0x0000000089100000, 0x0000000089100000| Untracked 
|  16|0x0000000089200000, 0x0000000089200000, 0x0000000089300000|  0%| F|  |TAMS 0x0000000089200000, 0x0000000089200000| Untracked 
|  17|0x0000000089300000, 0x0000000089300000, 0x0000000089400000|  0%| F|  |TAMS 0x0000000089300000, 0x0000000089300000| Untracked 
|  18|0x0000000089400000, 0x0000000089400000, 0x0000000089500000|  0%| F|  |TAMS 0x0000000089400000, 0x0000000089400000| Untracked 
|  19|0x0000000089500000, 0x0000000089500000, 0x0000000089600000|  0%| F|  |TAMS 0x0000000089500000, 0x0000000089500000| Untracked 
|  20|0x0000000089600000, 0x0000000089600000, 0x0000000089700000|  0%| F|  |TAMS 0x0000000089600000, 0x0000000089600000| Untracked 
|  21|0x0000000089700000, 0x0000000089700000, 0x0000000089800000|  0%| F|  |TAMS 0x0000000089700000, 0x0000000089700000| Untracked 
|  22|0x0000000089800000, 0x0000000089800000, 0x0000000089900000|  0%| F|  |TAMS 0x0000000089800000, 0x0000000089800000| Untracked 
|  23|0x0000000089900000, 0x0000000089900000, 0x0000000089a00000|  0%| F|  |TAMS 0x0000000089900000, 0x0000000089900000| Untracked 
|  24|0x0000000089a00000, 0x0000000089a00000, 0x0000000089b00000|  0%| F|  |TAMS 0x0000000089a00000, 0x0000000089a00000| Untracked 
|  25|0x0000000089b00000, 0x0000000089b00000, 0x0000000089c00000|  0%| F|  |TAMS 0x0000000089b00000, 0x0000000089b00000| Untracked 
|  26|0x0000000089c00000, 0x0000000089c00000, 0x0000000089d00000|  0%| F|  |TAMS 0x0000000089c00000, 0x0000000089c00000| Untracked 
|  27|0x0000000089d00000, 0x0000000089d00000, 0x0000000089e00000|  0%| F|  |TAMS 0x0000000089d00000, 0x0000000089d00000| Untracked 
|  28|0x0000000089e00000, 0x0000000089e00000, 0x0000000089f00000|  0%| F|  |TAMS 0x0000000089e00000, 0x0000000089e00000| Untracked 
|  29|0x0000000089f00000, 0x0000000089f00000, 0x000000008a000000|  0%| F|  |TAMS 0x0000000089f00000, 0x0000000089f00000| Untracked 
|  30|0x000000008a000000, 0x000000008a000000, 0x000000008a100000|  0%| F|  |TAMS 0x000000008a000000, 0x000000008a000000| Untracked 
|  31|0x000000008a100000, 0x000000008a100000, 0x000000008a200000|  0%| F|  |TAMS 0x000000008a100000, 0x000000008a100000| Untracked 
|  32|0x000000008a200000, 0x000000008a200000, 0x000000008a300000|  0%| F|  |TAMS 0x000000008a200000, 0x000000008a200000| Untracked 
|  33|0x000000008a300000, 0x000000008a300000, 0x000000008a400000|  0%| F|  |TAMS 0x000000008a300000, 0x000000008a300000| Untracked 
|  34|0x000000008a400000, 0x000000008a400000, 0x000000008a500000|  0%| F|  |TAMS 0x000000008a400000, 0x000000008a400000| Untracked 
|  35|0x000000008a500000, 0x000000008a500000, 0x000000008a600000|  0%| F|  |TAMS 0x000000008a500000, 0x000000008a500000| Untracked 
|  36|0x000000008a600000, 0x000000008a600000, 0x000000008a700000|  0%| F|  |TAMS 0x000000008a600000, 0x000000008a600000| Untracked 
|  37|0x000000008a700000, 0x000000008a700000, 0x000000008a800000|  0%| F|  |TAMS 0x000000008a700000, 0x000000008a700000| Untracked 
|  38|0x000000008a800000, 0x000000008a800000, 0x000000008a900000|  0%| F|  |TAMS 0x000000008a800000, 0x000000008a800000| Untracked 
|  39|0x000000008a900000, 0x000000008a900000, 0x000000008aa00000|  0%| F|  |TAMS 0x000000008a900000, 0x000000008a900000| Untracked 
|  40|0x000000008aa00000, 0x000000008aa00000, 0x000000008ab00000|  0%| F|  |TAMS 0x000000008aa00000, 0x000000008aa00000| Untracked 
|  41|0x000000008ab00000, 0x000000008ab00000, 0x000000008ac00000|  0%| F|  |TAMS 0x000000008ab00000, 0x000000008ab00000| Untracked 
|  42|0x000000008ac00000, 0x000000008ac00000, 0x000000008ad00000|  0%| F|  |TAMS 0x000000008ac00000, 0x000000008ac00000| Untracked 
|  43|0x000000008ad00000, 0x000000008ad00000, 0x000000008ae00000|  0%| F|  |TAMS 0x000000008ad00000, 0x000000008ad00000| Untracked 
|  44|0x000000008ae00000, 0x000000008ae00000, 0x000000008af00000|  0%| F|  |TAMS 0x000000008ae00000, 0x000000008ae00000| Untracked 
|  45|0x000000008af00000, 0x000000008af00000, 0x000000008b000000|  0%| F|  |TAMS 0x000000008af00000, 0x000000008af00000| Untracked 
|  46|0x000000008b000000, 0x000000008b000000, 0x000000008b100000|  0%| F|  |TAMS 0x000000008b000000, 0x000000008b000000| Untracked 
|  47|0x000000008b100000, 0x000000008b100000, 0x000000008b200000|  0%| F|  |TAMS 0x000000008b100000, 0x000000008b100000| Untracked 
|  48|0x000000008b200000, 0x000000008b200000, 0x000000008b300000|  0%| F|  |TAMS 0x000000008b200000, 0x000000008b200000| Untracked 
|  49|0x000000008b300000, 0x000000008b300000, 0x000000008b400000|  0%| F|  |TAMS 0x000000008b300000, 0x000000008b300000| Untracked 
|  50|0x000000008b400000, 0x000000008b400000, 0x000000008b500000|  0%| F|  |TAMS 0x000000008b400000, 0x000000008b400000| Untracked 
|  51|0x000000008b500000, 0x000000008b500000, 0x000000008b600000|  0%| F|  |TAMS 0x000000008b500000, 0x000000008b500000| Untracked 
|  52|0x000000008b600000, 0x000000008b600000, 0x000000008b700000|  0%| F|  |TAMS 0x000000008b600000, 0x000000008b600000| Untracked 
|  53|0x000000008b700000, 0x000000008b700000, 0x000000008b800000|  0%| F|  |TAMS 0x000000008b700000, 0x000000008b700000| Untracked 
|  54|0x000000008b800000, 0x000000008b800000, 0x000000008b900000|  0%| F|  |TAMS 0x000000008b800000, 0x000000008b800000| Untracked 
|  55|0x000000008b900000, 0x000000008b900000, 0x000000008ba00000|  0%| F|  |TAMS 0x000000008b900000, 0x000000008b900000| Untracked 
|  56|0x000000008ba00000, 0x000000008ba00000, 0x000000008bb00000|  0%| F|  |TAMS 0x000000008ba00000, 0x000000008ba00000| Untracked 
|  57|0x000000008bb00000, 0x000000008bb00000, 0x000000008bc00000|  0%| F|  |TAMS 0x000000008bb00000, 0x000000008bb00000| Untracked 
|  58|0x000000008bc00000, 0x000000008bc00000, 0x000000008bd00000|  0%| F|  |TAMS 0x000000008bc00000, 0x000000008bc00000| Untracked 
|  59|0x000000008bd00000, 0x000000008bd00000, 0x000000008be00000|  0%| F|  |TAMS 0x000000008bd00000, 0x000000008bd00000| Untracked 
|  60|0x000000008be00000, 0x000000008be00000, 0x000000008bf00000|  0%| F|  |TAMS 0x000000008be00000, 0x000000008be00000| Untracked 
|  61|0x000000008bf00000, 0x000000008bf00000, 0x000000008c000000|  0%| F|  |TAMS 0x000000008bf00000, 0x000000008bf00000| Untracked 
|  62|0x000000008c000000, 0x000000008c000000, 0x000000008c100000|  0%| F|  |TAMS 0x000000008c000000, 0x000000008c000000| Untracked 
|  63|0x000000008c100000, 0x000000008c100000, 0x000000008c200000|  0%| F|  |TAMS 0x000000008c100000, 0x000000008c100000| Untracked 
|  64|0x000000008c200000, 0x000000008c200000, 0x000000008c300000|  0%| F|  |TAMS 0x000000008c200000, 0x000000008c200000| Untracked 
|  65|0x000000008c300000, 0x000000008c300000, 0x000000008c400000|  0%| F|  |TAMS 0x000000008c300000, 0x000000008c300000| Untracked 
|  66|0x000000008c400000, 0x000000008c400000, 0x000000008c500000|  0%| F|  |TAMS 0x000000008c400000, 0x000000008c400000| Untracked 
|  67|0x000000008c500000, 0x000000008c500000, 0x000000008c600000|  0%| F|  |TAMS 0x000000008c500000, 0x000000008c500000| Untracked 
|  68|0x000000008c600000, 0x000000008c600000, 0x000000008c700000|  0%| F|  |TAMS 0x000000008c600000, 0x000000008c600000| Untracked 
|  69|0x000000008c700000, 0x000000008c700000, 0x000000008c800000|  0%| F|  |TAMS 0x000000008c700000, 0x000000008c700000| Untracked 
|  70|0x000000008c800000, 0x000000008c800000, 0x000000008c900000|  0%| F|  |TAMS 0x000000008c800000, 0x000000008c800000| Untracked 
|  71|0x000000008c900000, 0x000000008c900000, 0x000000008ca00000|  0%| F|  |TAMS 0x000000008c900000, 0x000000008c900000| Untracked 
|  72|0x000000008ca00000, 0x000000008ca00000, 0x000000008cb00000|  0%| F|  |TAMS 0x000000008ca00000, 0x000000008ca00000| Untracked 
|  73|0x000000008cb00000, 0x000000008cb00000, 0x000000008cc00000|  0%| F|  |TAMS 0x000000008cb00000, 0x000000008cb00000| Untracked 
|  74|0x000000008cc00000, 0x000000008cc00000, 0x000000008cd00000|  0%| F|  |TAMS 0x000000008cc00000, 0x000000008cc00000| Untracked 
|  75|0x000000008cd00000, 0x000000008cd00000, 0x000000008ce00000|  0%| F|  |TAMS 0x000000008cd00000, 0x000000008cd00000| Untracked 
|  76|0x000000008ce00000, 0x000000008ce00000, 0x000000008cf00000|  0%| F|  |TAMS 0x000000008ce00000, 0x000000008ce00000| Untracked 
|  77|0x000000008cf00000, 0x000000008cf00000, 0x000000008d000000|  0%| F|  |TAMS 0x000000008cf00000, 0x000000008cf00000| Untracked 
|  78|0x000000008d000000, 0x000000008d000000, 0x000000008d100000|  0%| F|  |TAMS 0x000000008d000000, 0x000000008d000000| Untracked 
|  79|0x000000008d100000, 0x000000008d100000, 0x000000008d200000|  0%| F|  |TAMS 0x000000008d100000, 0x000000008d100000| Untracked 
|  80|0x000000008d200000, 0x000000008d200000, 0x000000008d300000|  0%| F|  |TAMS 0x000000008d200000, 0x000000008d200000| Untracked 
|  81|0x000000008d300000, 0x000000008d300000, 0x000000008d400000|  0%| F|  |TAMS 0x000000008d300000, 0x000000008d300000| Untracked 
|  82|0x000000008d400000, 0x000000008d400000, 0x000000008d500000|  0%| F|  |TAMS 0x000000008d400000, 0x000000008d400000| Untracked 
|  83|0x000000008d500000, 0x000000008d500000, 0x000000008d600000|  0%| F|  |TAMS 0x000000008d500000, 0x000000008d500000| Untracked 
|  84|0x000000008d600000, 0x000000008d600000, 0x000000008d700000|  0%| F|  |TAMS 0x000000008d600000, 0x000000008d600000| Untracked 
|  85|0x000000008d700000, 0x000000008d700000, 0x000000008d800000|  0%| F|  |TAMS 0x000000008d700000, 0x000000008d700000| Untracked 
|  86|0x000000008d800000, 0x000000008d800000, 0x000000008d900000|  0%| F|  |TAMS 0x000000008d800000, 0x000000008d800000| Untracked 
|  87|0x000000008d900000, 0x000000008d900000, 0x000000008da00000|  0%| F|  |TAMS 0x000000008d900000, 0x000000008d900000| Untracked 
|  88|0x000000008da00000, 0x000000008da00000, 0x000000008db00000|  0%| F|  |TAMS 0x000000008da00000, 0x000000008da00000| Untracked 
|  89|0x000000008db00000, 0x000000008db00000, 0x000000008dc00000|  0%| F|  |TAMS 0x000000008db00000, 0x000000008db00000| Untracked 
|  90|0x000000008dc00000, 0x000000008dc00000, 0x000000008dd00000|  0%| F|  |TAMS 0x000000008dc00000, 0x000000008dc00000| Untracked 
|  91|0x000000008dd00000, 0x000000008dd00000, 0x000000008de00000|  0%| F|  |TAMS 0x000000008dd00000, 0x000000008dd00000| Untracked 
|  92|0x000000008de00000, 0x000000008de00000, 0x000000008df00000|  0%| F|  |TAMS 0x000000008de00000, 0x000000008de00000| Untracked 
|  93|0x000000008df00000, 0x000000008df00000, 0x000000008e000000|  0%| F|  |TAMS 0x000000008df00000, 0x000000008df00000| Untracked 
|  94|0x000000008e000000, 0x000000008e000000, 0x000000008e100000|  0%| F|  |TAMS 0x000000008e000000, 0x000000008e000000| Untracked 
|  95|0x000000008e100000, 0x000000008e100000, 0x000000008e200000|  0%| F|  |TAMS 0x000000008e100000, 0x000000008e100000| Untracked 
|  96|0x000000008e200000, 0x000000008e200000, 0x000000008e300000|  0%| F|  |TAMS 0x000000008e200000, 0x000000008e200000| Untracked 
|  97|0x000000008e300000, 0x000000008e300000, 0x000000008e400000|  0%| F|  |TAMS 0x000000008e300000, 0x000000008e300000| Untracked 
|  98|0x000000008e400000, 0x000000008e400000, 0x000000008e500000|  0%| F|  |TAMS 0x000000008e400000, 0x000000008e400000| Untracked 
|  99|0x000000008e500000, 0x000000008e500000, 0x000000008e600000|  0%| F|  |TAMS 0x000000008e500000, 0x000000008e500000| Untracked 
| 100|0x000000008e600000, 0x000000008e600000, 0x000000008e700000|  0%| F|  |TAMS 0x000000008e600000, 0x000000008e600000| Untracked 
| 101|0x000000008e700000, 0x000000008e700000, 0x000000008e800000|  0%| F|  |TAMS 0x000000008e700000, 0x000000008e700000| Untracked 
| 102|0x000000008e800000, 0x000000008e800000, 0x000000008e900000|  0%| F|  |TAMS 0x000000008e800000, 0x000000008e800000| Untracked 
| 103|0x000000008e900000, 0x000000008e900000, 0x000000008ea00000|  0%| F|  |TAMS 0x000000008e900000, 0x000000008e900000| Untracked 
| 104|0x000000008ea00000, 0x000000008ea00000, 0x000000008eb00000|  0%| F|  |TAMS 0x000000008ea00000, 0x000000008ea00000| Untracked 
| 105|0x000000008eb00000, 0x000000008eb00000, 0x000000008ec00000|  0%| F|  |TAMS 0x000000008eb00000, 0x000000008eb00000| Untracked 
| 106|0x000000008ec00000, 0x000000008ec00000, 0x000000008ed00000|  0%| F|  |TAMS 0x000000008ec00000, 0x000000008ec00000| Untracked 
| 107|0x000000008ed00000, 0x000000008ed00000, 0x000000008ee00000|  0%| F|  |TAMS 0x000000008ed00000, 0x000000008ed00000| Untracked 
| 108|0x000000008ee00000, 0x000000008ee00000, 0x000000008ef00000|  0%| F|  |TAMS 0x000000008ee00000, 0x000000008ee00000| Untracked 
| 109|0x000000008ef00000, 0x000000008ef00000, 0x000000008f000000|  0%| F|  |TAMS 0x000000008ef00000, 0x000000008ef00000| Untracked 
| 110|0x000000008f000000, 0x000000008f000000, 0x000000008f100000|  0%| F|  |TAMS 0x000000008f000000, 0x000000008f000000| Untracked 
| 111|0x000000008f100000, 0x000000008f100000, 0x000000008f200000|  0%| F|  |TAMS 0x000000008f100000, 0x000000008f100000| Untracked 
| 112|0x000000008f200000, 0x000000008f2dbb00, 0x000000008f300000| 85%| S|CS|TAMS 0x000000008f200000, 0x000000008f200000| Complete 
| 113|0x000000008f300000, 0x000000008f400000, 0x000000008f400000|100%| S|CS|TAMS 0x000000008f300000, 0x000000008f300000| Complete 
| 114|0x000000008f400000, 0x000000008f500000, 0x000000008f500000|100%| S|CS|TAMS 0x000000008f400000, 0x000000008f400000| Complete 
| 115|0x000000008f500000, 0x000000008f500000, 0x000000008f600000|  0%| F|  |TAMS 0x000000008f500000, 0x000000008f500000| Untracked 
| 116|0x000000008f600000, 0x000000008f600000, 0x000000008f700000|  0%| F|  |TAMS 0x000000008f600000, 0x000000008f600000| Untracked 
| 117|0x000000008f700000, 0x000000008f76ead8, 0x000000008f800000| 43%| E|  |TAMS 0x000000008f700000, 0x000000008f700000| Complete 
| 118|0x000000008f800000, 0x000000008f900000, 0x000000008f900000|100%| E|CS|TAMS 0x000000008f800000, 0x000000008f800000| Complete 
| 119|0x000000008f900000, 0x000000008fa00000, 0x000000008fa00000|100%| E|CS|TAMS 0x000000008f900000, 0x000000008f900000| Complete 

Card table byte_map: [0x00000151ec550000,0x00000151ec910000] _byte_map_base: 0x00000151ec10f000

Marking Bits (Prev, Next): (CMBitMap*) 0x00000151e5b1bb00, (CMBitMap*) 0x00000151e5b1bb40
 Prev Bits: [0x00000151eccd0000, 0x00000151eeac8000)
 Next Bits: [0x00000151eead0000, 0x00000151f08c8000)

Polling page: 0x00000151e3c20000

Metaspace:

Usage:
  Non-class:     18.49 MB used.
      Class:      2.49 MB used.
       Both:     20.99 MB used.

Virtual space:
  Non-class space:       64.00 MB reserved,      18.62 MB ( 29%) committed,  1 nodes.
      Class space:        1.00 GB reserved,       2.69 MB ( <1%) committed,  1 nodes.
             Both:        1.06 GB reserved,      21.31 MB (  2%) committed. 

Chunk freelists:
   Non-Class:  12.88 MB
       Class:  13.31 MB
        Both:  26.19 MB

MaxMetaspaceSize: unlimited
CompressedClassSpaceSize: 1.00 GB
Initial GC threshold: 21.00 MB
Current GC threshold: 21.31 MB
CDS: off
MetaspaceReclaimPolicy: balanced
 - commit_granule_bytes: 65536.
 - commit_granule_words: 8192.
 - virtual_space_node_default_size: 8388608.
 - enlarge_chunks_in_place: 1.
 - new_chunks_are_fully_committed: 0.
 - uncommit_free_chunks: 1.
 - use_allocation_guard: 0.
 - handle_deallocations: 1.


Internal statistics:

num_allocs_failed_limit: 7.
num_arena_births: 286.
num_arena_deaths: 0.
num_vsnodes_births: 2.
num_vsnodes_deaths: 0.
num_space_committed: 341.
num_space_uncommitted: 0.
num_chunks_returned_to_freelist: 7.
num_chunks_taken_from_freelist: 687.
num_chunk_merges: 7.
num_chunk_splits: 439.
num_chunks_enlarged: 286.
num_inconsistent_stats: 0.

CodeCache: size=49152Kb used=5099Kb max_used=5099Kb free=44052Kb
 bounds [0x00000151e9190000, 0x00000151e9690000, 0x00000151ec190000]
 total_blobs=2408 nmethods=1924 adapters=409
 compilation: enabled
              stopped_count=0, restarted_count=0
 full_count=0

Compilation events (20 events):
Event: 1.898 Thread 0x00000151f70239f0 1880   !   1       java.io.BufferedReader::readLine (327 bytes)
Event: 1.901 Thread 0x00000151f70239f0 nmethod 1880 0x00000151e9675a10 code [0x00000151e9675ca0, 0x00000151e96767a8]
Event: 1.901 Thread 0x00000151f70239f0 1881       1       jdk.internal.org.objectweb.asm.FieldWriter::computeFieldInfoSize (86 bytes)
Event: 1.901 Thread 0x00000151f71aa980 1882       1       jdk.internal.org.objectweb.asm.FieldWriter::putFieldInfo (269 bytes)
Event: 1.902 Thread 0x00000151f70239f0 nmethod 1881 0x00000151e9677110 code [0x00000151e96772e0, 0x00000151e96774b8]
Event: 1.902 Thread 0x00000151f71aa980 nmethod 1882 0x00000151e9677610 code [0x00000151e9677840, 0x00000151e9677c48]
Event: 1.903 Thread 0x00000151f71aa980 1883       1       sun.reflect.generics.repository.AbstractRepository::getFactory (5 bytes)
Event: 1.904 Thread 0x00000151f71aa980 nmethod 1883 0x00000151e9677f90 code [0x00000151e9678120, 0x00000151e96781f8]
Event: 1.911 Thread 0x00000151f71aa980 1884       1       java.lang.invoke.BoundMethodHandle::bindArgumentL (11 bytes)
Event: 1.911 Thread 0x00000151f71a6450 1885       1       java.lang.invoke.LambdaFormEditor::bindArgumentL (59 bytes)
Event: 1.911 Thread 0x00000151f71a6450 nmethod 1885 0x00000151e9678290 code [0x00000151e9678440, 0x00000151e96785a8]
Event: 1.911 Thread 0x00000151f71aa980 nmethod 1884 0x00000151e9678690 code [0x00000151e9678840, 0x00000151e9678a38]
Event: 1.933 Thread 0x00000151f71aa980 1886       1       java.lang.invoke.BootstrapMethodInvoker::widenAndCast (47 bytes)
Event: 1.933 Thread 0x00000151f71a6450 1887       1       java.lang.invoke.Invokers::callSiteForm (308 bytes)
Event: 1.933 Thread 0x00000151f71aa980 nmethod 1886 0x00000151e967c490 code [0x00000151e967c6a0, 0x00000151e967cab8]
Event: 1.934 Thread 0x00000151f71a6450 nmethod 1887 0x00000151e967cd10 code [0x00000151e967cfa0, 0x00000151e967dbb8]
Event: 1.947 Thread 0x00000151f70239f0 1888       1       java.lang.Character::codePointAt (51 bytes)
Event: 1.947 Thread 0x00000151f70239f0 nmethod 1888 0x00000151e967e390 code [0x00000151e967e540, 0x00000151e967e748]
Event: 1.949 Thread 0x00000151f70239f0 1889       1       java.util.AbstractCollection::addAll (42 bytes)
Event: 1.949 Thread 0x00000151f70239f0 nmethod 1889 0x00000151e967e810 code [0x00000151e967e9e0, 0x00000151e967eb98]

GC Heap History (8 events):
Event: 0.929 GC heap before
{Heap before GC invocations=0 (full 0):
 garbage-first heap   total 122880K, used 13312K [0x0000000088200000, 0x0000000100000000)
  region size 1024K, 13 young (13312K), 0 survivors (0K)
 Metaspace       used 12118K, committed 12352K, reserved 1114112K
  class space    used 1229K, committed 1344K, reserved 1048576K
}
Event: 0.937 GC heap after
{Heap after GC invocations=1 (full 0):
 garbage-first heap   total 122880K, used 6528K [0x0000000088200000, 0x0000000100000000)
  region size 1024K, 2 young (2048K), 2 survivors (2048K)
 Metaspace       used 12118K, committed 12352K, reserved 1114112K
  class space    used 1229K, committed 1344K, reserved 1048576K
}
Event: 1.254 GC heap before
{Heap before GC invocations=1 (full 0):
 garbage-first heap   total 122880K, used 15744K [0x0000000088200000, 0x0000000100000000)
  region size 1024K, 11 young (11264K), 2 survivors (2048K)
 Metaspace       used 15544K, committed 15744K, reserved 1114112K
  class space    used 1665K, committed 1792K, reserved 1048576K
}
Event: 1.260 GC heap after
{Heap after GC invocations=2 (full 0):
 garbage-first heap   total 122880K, used 7890K [0x0000000088200000, 0x0000000100000000)
  region size 1024K, 2 young (2048K), 2 survivors (2048K)
 Metaspace       used 15544K, committed 15744K, reserved 1114112K
  class space    used 1665K, committed 1792K, reserved 1048576K
}
Event: 1.874 GC heap before
{Heap before GC invocations=2 (full 0):
 garbage-first heap   total 122880K, used 29394K [0x0000000088200000, 0x0000000100000000)
  region size 1024K, 24 young (24576K), 2 survivors (2048K)
 Metaspace       used 20518K, committed 20800K, reserved 1114112K
  class space    used 2402K, committed 2560K, reserved 1048576K
}
Event: 1.880 GC heap after
{Heap after GC invocations=3 (full 0):
 garbage-first heap   total 122880K, used 9442K [0x0000000088200000, 0x0000000100000000)
  region size 1024K, 3 young (3072K), 3 survivors (3072K)
 Metaspace       used 20518K, committed 20800K, reserved 1114112K
  class space    used 2402K, committed 2560K, reserved 1048576K
}
Event: 1.937 GC heap before
{Heap before GC invocations=3 (full 0):
 garbage-first heap   total 122880K, used 13538K [0x0000000088200000, 0x0000000100000000)
  region size 1024K, 8 young (8192K), 3 survivors (3072K)
 Metaspace       used 21235K, committed 21504K, reserved 1114112K
  class space    used 2507K, committed 2624K, reserved 1048576K
}
Event: 1.944 GC heap after
{Heap after GC invocations=4 (full 0):
 garbage-first heap   total 122880K, used 9643K [0x0000000088200000, 0x0000000100000000)
  region size 1024K, 3 young (3072K), 3 survivors (3072K)
 Metaspace       used 21235K, committed 21504K, reserved 1114112K
  class space    used 2507K, committed 2624K, reserved 1048576K
}

Dll operation events (7 events):
Event: 0.012 Loaded shared library C:\SOFTWARES\sts-4.21.0.RELEASE\plugins\org.eclipse.justj.openjdk.hotspot.jre.full.win32.x86_64_17.0.9.v20231028-0858\jre\bin\java.dll
Event: 0.302 Loaded shared library C:\SOFTWARES\sts-4.21.0.RELEASE\plugins\org.eclipse.justj.openjdk.hotspot.jre.full.win32.x86_64_17.0.9.v20231028-0858\jre\bin\jimage.dll
Event: 0.327 Loaded shared library C:\SOFTWARES\sts-4.21.0.RELEASE\plugins\org.eclipse.justj.openjdk.hotspot.jre.full.win32.x86_64_17.0.9.v20231028-0858\jre\bin\net.dll
Event: 0.329 Loaded shared library C:\SOFTWARES\sts-4.21.0.RELEASE\plugins\org.eclipse.justj.openjdk.hotspot.jre.full.win32.x86_64_17.0.9.v20231028-0858\jre\bin\nio.dll
Event: 0.337 Loaded shared library C:\SOFTWARES\sts-4.21.0.RELEASE\plugins\org.eclipse.justj.openjdk.hotspot.jre.full.win32.x86_64_17.0.9.v20231028-0858\jre\bin\zip.dll
Event: 0.438 Loaded shared library C:\SOFTWARES\sts-4.21.0.RELEASE\plugins\org.eclipse.justj.openjdk.hotspot.jre.full.win32.x86_64_17.0.9.v20231028-0858\jre\bin\management.dll
Event: 0.468 Loaded shared library C:\SOFTWARES\sts-4.21.0.RELEASE\plugins\org.eclipse.justj.openjdk.hotspot.jre.full.win32.x86_64_17.0.9.v20231028-0858\jre\bin\management_ext.dll

Deoptimization events (0 events):
No events

Classes unloaded (0 events):
No events

Classes redefined (0 events):
No events

Internal exceptions (20 events):
Event: 1.518 Thread 0x00000151e399e0a0 Exception <a 'java/lang/NoSuchMethodError'{0x000000008f19fad0}: 'java.lang.Object java.lang.invoke.DirectMethodHandle$Holder.invokeSpecial(java.lang.Object, java.lang.Object, java.lang.Object, java.lang.Object, java.lang.Object, java.lang.Object, int)'> (0x000000008f19fad0) 
thrown [s\src\hotspot\share\interpreter\linkResolver.cpp, line 759]
Event: 1.519 Thread 0x00000151e399e0a0 Exception <a 'java/lang/NoSuchMethodError'{0x000000008f1aa038}: 'java.lang.Object java.lang.invoke.DirectMethodHandle$Holder.newInvokeSpecial(java.lang.Object, java.lang.Object, java.lang.Object, java.lang.Object, java.lang.Object, java.lang.Object, int)'> (0x000000008f1aa038) 
thrown [s\src\hotspot\share\interpreter\linkResolver.cpp, line 759]
Event: 1.520 Thread 0x00000151e399e0a0 Exception <a 'java/lang/NoSuchMethodError'{0x000000008f1af078}: 'java.lang.Object java.lang.invoke.DirectMethodHandle$Holder.invokeSpecial(java.lang.Object, java.lang.Object, java.lang.Object, java.lang.Object, java.lang.Object, java.lang.Object, java.lang.Object, int)'> (0x000000008f1af078) 
thrown [s\src\hotspot\share\interpreter\linkResolver.cpp, line 759]
Event: 1.577 Thread 0x00000151e399e0a0 Exception <a 'java/lang/NoSuchMethodError'{0x000000008ed450d0}: 'int java.lang.invoke.DirectMethodHandle$Holder.invokeVirtual(java.lang.Object, java.lang.Object)'> (0x000000008ed450d0) 
thrown [s\src\hotspot\share\interpreter\linkResolver.cpp, line 759]
Event: 1.594 Thread 0x00000151f7b3d970 Exception <a 'java/lang/reflect/InvocationTargetException'{0x000000008edcefb8}> (0x000000008edcefb8) 
thrown [s\src\hotspot\share\runtime\reflection.cpp, line 1121]
Event: 1.601 Thread 0x00000151e399e0a0 Exception <a 'java/lang/NoSuchMethodError'{0x000000008ec04d88}: 'java.lang.Object java.lang.invoke.DirectMethodHandle$Holder.invokeSpecial(java.lang.Object, java.lang.Object, java.lang.Object, int, java.lang.Object)'> (0x000000008ec04d88) 
thrown [s\src\hotspot\share\interpreter\linkResolver.cpp, line 759]
Event: 1.601 Thread 0x00000151e399e0a0 Exception <a 'java/lang/NoSuchMethodError'{0x000000008ec0d2f0}: 'java.lang.Object java.lang.invoke.DirectMethodHandle$Holder.newInvokeSpecial(java.lang.Object, java.lang.Object, java.lang.Object, int, java.lang.Object)'> (0x000000008ec0d2f0) 
thrown [s\src\hotspot\share\interpreter\linkResolver.cpp, line 759]
Event: 1.603 Thread 0x00000151e399e0a0 Exception <a 'java/lang/NoSuchMethodError'{0x000000008ec230c8}: 'java.lang.Object java.lang.invoke.DirectMethodHandle$Holder.newInvokeSpecial(java.lang.Object, int, java.lang.Object)'> (0x000000008ec230c8) 
thrown [s\src\hotspot\share\interpreter\linkResolver.cpp, line 759]
Event: 1.603 Thread 0x00000151e399e0a0 Exception <a 'java/lang/NoSuchMethodError'{0x000000008ec27098}: 'int java.lang.invoke.DirectMethodHandle$Holder.invokeSpecialIFC(java.lang.Object, java.lang.Object, java.lang.Object, java.lang.Object)'> (0x000000008ec27098) 
thrown [s\src\hotspot\share\interpreter\linkResolver.cpp, line 759]
Event: 1.632 Thread 0x00000151e399e0a0 Exception <a 'java/lang/NoSuchMethodError'{0x000000008ecfa470}: 'void java.lang.invoke.DirectMethodHandle$Holder.invokeInterface(java.lang.Object, java.lang.Object, java.lang.Object)'> (0x000000008ecfa470) 
thrown [s\src\hotspot\share\interpreter\linkResolver.cpp, line 759]
Event: 1.656 Thread 0x00000151e399e0a0 Exception <a 'java/lang/NoSuchMethodError'{0x000000008eb80b60}: 'java.lang.Object java.lang.invoke.DirectMethodHandle$Holder.invokeVirtual(java.lang.Object, java.lang.Object, java.lang.Object)'> (0x000000008eb80b60) 
thrown [s\src\hotspot\share\interpreter\linkResolver.cpp, line 759]
Event: 1.685 Thread 0x00000151e399e0a0 Exception <a 'java/lang/NoSuchMethodError'{0x000000008ea6f3c0}: 'void java.lang.invoke.DirectMethodHandle$Holder.invokeStatic(java.lang.Object, java.lang.Object, int)'> (0x000000008ea6f3c0) 
thrown [s\src\hotspot\share\interpreter\linkResolver.cpp, line 759]
Event: 1.689 Thread 0x00000151e399e0a0 Exception <a 'java/lang/NoSuchMethodError'{0x000000008ea85360}: 'void java.lang.invoke.DirectMethodHandle$Holder.invokeStaticInit(java.lang.Object, java.lang.Object, java.lang.Object)'> (0x000000008ea85360) 
thrown [s\src\hotspot\share\interpreter\linkResolver.cpp, line 759]
Event: 1.698 Thread 0x00000151e399e0a0 Exception <a 'java/lang/NoSuchMethodError'{0x000000008eacba60}: 'java.lang.Object java.lang.invoke.DirectMethodHandle$Holder.invokeStatic(java.lang.Object, java.lang.Object, long, java.lang.Object)'> (0x000000008eacba60) 
thrown [s\src\hotspot\share\interpreter\linkResolver.cpp, line 759]
Event: 1.698 Thread 0x00000151e399e0a0 Exception <a 'java/lang/NoSuchMethodError'{0x000000008eacf4f8}: 'java.lang.Object java.lang.invoke.DirectMethodHandle$Holder.invokeStaticInit(java.lang.Object, java.lang.Object, long, java.lang.Object)'> (0x000000008eacf4f8) 
thrown [s\src\hotspot\share\interpreter\linkResolver.cpp, line 759]
Event: 1.699 Thread 0x00000151e399e0a0 Exception <a 'java/lang/NoSuchMethodError'{0x000000008ead5bc8}: 'java.lang.Object java.lang.invoke.DirectMethodHandle$Holder.newInvokeSpecial(java.lang.Object, java.lang.Object, long)'> (0x000000008ead5bc8) 
thrown [s\src\hotspot\share\interpreter\linkResolver.cpp, line 759]
Event: 1.714 Thread 0x00000151e399e0a0 Exception <a 'java/lang/NoSuchMethodError'{0x000000008e92b068}: 'void java.lang.invoke.DirectMethodHandle$Holder.invokeSpecial(java.lang.Object, java.lang.Object, java.lang.Object, java.lang.Object, java.lang.Object)'> (0x000000008e92b068) 
thrown [s\src\hotspot\share\interpreter\linkResolver.cpp, line 759]
Event: 1.714 Thread 0x00000151e399e0a0 Exception <a 'java/lang/NoSuchMethodError'{0x000000008e9335f8}: 'void java.lang.invoke.DirectMethodHandle$Holder.invokeVirtual(java.lang.Object, java.lang.Object, java.lang.Object, java.lang.Object)'> (0x000000008e9335f8) 
thrown [s\src\hotspot\share\interpreter\linkResolver.cpp, line 759]
Event: 1.761 Thread 0x00000151e399e0a0 Exception <a 'java/lang/NoSuchMethodError'{0x000000008e88b638}: 'void java.lang.invoke.DirectMethodHandle$Holder.invokeSpecial(java.lang.Object, java.lang.Object, java.lang.Object)'> (0x000000008e88b638) 
thrown [s\src\hotspot\share\interpreter\linkResolver.cpp, line 759]
Event: 1.770 Thread 0x00000151e399e0a0 Exception <a 'java/lang/IncompatibleClassChangeError'{0x000000008e8baa00}: Found class java.lang.Object, but interface was expected> (0x000000008e8baa00) 
thrown [s\src\hotspot\share\interpreter\linkResolver.cpp, line 826]

VM Operations (20 events):
Event: 0.966 Executing VM operation: HandshakeAllThreads
Event: 0.966 Executing VM operation: HandshakeAllThreads done
Event: 1.070 Executing VM operation: HandshakeAllThreads
Event: 1.070 Executing VM operation: HandshakeAllThreads done
Event: 1.254 Executing VM operation: G1CollectForAllocation
Event: 1.260 Executing VM operation: G1CollectForAllocation done
Event: 1.330 Executing VM operation: HandshakeAllThreads
Event: 1.330 Executing VM operation: HandshakeAllThreads done
Event: 1.574 Executing VM operation: HandshakeAllThreads
Event: 1.574 Executing VM operation: HandshakeAllThreads done
Event: 1.730 Executing VM operation: ICBufferFull
Event: 1.730 Executing VM operation: ICBufferFull done
Event: 1.758 Executing VM operation: HandshakeAllThreads
Event: 1.758 Executing VM operation: HandshakeAllThreads done
Event: 1.874 Executing VM operation: G1CollectForAllocation
Event: 1.874 Executing VM operation: G1CollectForAllocation done
Event: 1.874 Executing VM operation: G1CollectForAllocation
Event: 1.880 Executing VM operation: G1CollectForAllocation done
Event: 1.937 Executing VM operation: CollectForMetadataAllocation
Event: 1.944 Executing VM operation: CollectForMetadataAllocation done

Events (20 events):
Event: 1.917 loading class java/time/LocalTime$1
Event: 1.917 loading class java/time/LocalTime$1 done
Event: 1.918 loading class java/math/RoundingMode
Event: 1.918 loading class java/math/RoundingMode done
Event: 1.929 loading class java/util/OptionalInt
Event: 1.929 loading class org/xml/sax/ErrorHandler
Event: 1.929 loading class org/xml/sax/ErrorHandler done
Event: 1.929 loading class java/util/OptionalInt done
Event: 1.930 loading class org/xml/sax/SAXParseException
Event: 1.930 loading class org/xml/sax/SAXParseException done
Event: 1.930 loading class javax/xml/parsers/ParserConfigurationException
Event: 1.930 loading class javax/xml/parsers/ParserConfigurationException done
Event: 1.930 loading class org/xml/sax/EntityResolver
Event: 1.930 loading class org/xml/sax/EntityResolver done
Event: 1.931 loading class java/util/OptionalDouble
Event: 1.931 loading class java/util/OptionalDouble done
Event: 1.932 loading class java/util/OptionalLong
Event: 1.932 loading class java/util/OptionalLong done
Event: 1.937 loading class java/io/CharConversionException
Event: 1.937 loading class java/io/CharConversionException done


Dynamic libraries:
0x00007ff7e7e70000 - 0x00007ff7e7e7e000 	C:\SOFTWARES\sts-4.21.0.RELEASE\plugins\org.eclipse.justj.openjdk.hotspot.jre.full.win32.x86_64_17.0.9.v20231028-0858\jre\bin\javaw.exe
0x00007ffc8a510000 - 0x00007ffc8a708000 	C:\Windows\SYSTEM32\ntdll.dll
0x00007ffc89cb0000 - 0x00007ffc89d6f000 	C:\Windows\System32\KERNEL32.DLL
0x00007ffc881f0000 - 0x00007ffc884e6000 	C:\Windows\System32\KERNELBASE.dll
0x00007ffc880f0000 - 0x00007ffc881f0000 	C:\Windows\System32\ucrtbase.dll
0x00007ffc80e30000 - 0x00007ffc80e47000 	C:\SOFTWARES\sts-4.21.0.RELEASE\plugins\org.eclipse.justj.openjdk.hotspot.jre.full.win32.x86_64_17.0.9.v20231028-0858\jre\bin\jli.dll
0x00007ffc89540000 - 0x00007ffc896dd000 	C:\Windows\System32\USER32.dll
0x00007ffc88540000 - 0x00007ffc88562000 	C:\Windows\System32\win32u.dll
0x00007ffc8a3f0000 - 0x00007ffc8a41c000 	C:\Windows\System32\GDI32.dll
0x00007ffc87df0000 - 0x00007ffc87f05000 	C:\Windows\System32\gdi32full.dll
0x00007ffc87d50000 - 0x00007ffc87ded000 	C:\Windows\System32\msvcp_win.dll
0x00007ffc80d20000 - 0x00007ffc80d3b000 	C:\SOFTWARES\sts-4.21.0.RELEASE\plugins\org.eclipse.justj.openjdk.hotspot.jre.full.win32.x86_64_17.0.9.v20231028-0858\jre\bin\VCRUNTIME140.dll
0x00007ffc86f80000 - 0x00007ffc8721a000 	C:\Windows\WinSxS\amd64_microsoft.windows.common-controls_6595b64144ccf1df_6.0.19041.1110_none_60b5254171f9507e\COMCTL32.dll
0x00007ffc896e0000 - 0x00007ffc8977e000 	C:\Windows\System32\msvcrt.dll
0x00007ffc89780000 - 0x00007ffc897b0000 	C:\Windows\System32\IMM32.DLL
0x00007ffc80d10000 - 0x00007ffc80d1c000 	C:\SOFTWARES\sts-4.21.0.RELEASE\plugins\org.eclipse.justj.openjdk.hotspot.jre.full.win32.x86_64_17.0.9.v20231028-0858\jre\bin\vcruntime140_1.dll
0x00007ffc66f90000 - 0x00007ffc6701d000 	C:\SOFTWARES\sts-4.21.0.RELEASE\plugins\org.eclipse.justj.openjdk.hotspot.jre.full.win32.x86_64_17.0.9.v20231028-0858\jre\bin\msvcp140.dll
0x00007ffc41170000 - 0x00007ffc41dd1000 	C:\SOFTWARES\sts-4.21.0.RELEASE\plugins\org.eclipse.justj.openjdk.hotspot.jre.full.win32.x86_64_17.0.9.v20231028-0858\jre\bin\server\jvm.dll
0x00007ffc89490000 - 0x00007ffc8953f000 	C:\Windows\System32\ADVAPI32.dll
0x00007ffc89b20000 - 0x00007ffc89bbc000 	C:\Windows\System32\sechost.dll
0x00007ffc89f50000 - 0x00007ffc8a076000 	C:\Windows\System32\RPCRT4.dll
0x00007ffc87a60000 - 0x00007ffc87aab000 	C:\Windows\SYSTEM32\POWRPROF.dll
0x00007ffc76cc0000 - 0x00007ffc76cc9000 	C:\Windows\SYSTEM32\WSOCK32.dll
0x00007ffc89d70000 - 0x00007ffc89ddb000 	C:\Windows\System32\WS2_32.dll
0x00007ffc81100000 - 0x00007ffc81127000 	C:\Windows\SYSTEM32\WINMM.dll
0x00007ffc83e60000 - 0x00007ffc83e6a000 	C:\Windows\SYSTEM32\VERSION.dll
0x00007ffc87a40000 - 0x00007ffc87a52000 	C:\Windows\SYSTEM32\UMPDC.dll
0x00007ffc85dd0000 - 0x00007ffc85de2000 	C:\Windows\SYSTEM32\kernel.appcore.dll
0x00007ffc87730000 - 0x00007ffc8773a000 	C:\SOFTWARES\sts-4.21.0.RELEASE\plugins\org.eclipse.justj.openjdk.hotspot.jre.full.win32.x86_64_17.0.9.v20231028-0858\jre\bin\jimage.dll
0x00007ffc87510000 - 0x00007ffc876f4000 	C:\Windows\SYSTEM32\DBGHELP.DLL
0x00007ffc87330000 - 0x00007ffc87364000 	C:\Windows\SYSTEM32\dbgcore.DLL
0x00007ffc88030000 - 0x00007ffc880b2000 	C:\Windows\System32\bcryptPrimitives.dll
0x00007ffc812d0000 - 0x00007ffc812f5000 	C:\SOFTWARES\sts-4.21.0.RELEASE\plugins\org.eclipse.justj.openjdk.hotspot.jre.full.win32.x86_64_17.0.9.v20231028-0858\jre\bin\java.dll
0x00007ffc84320000 - 0x00007ffc84338000 	C:\SOFTWARES\sts-4.21.0.RELEASE\plugins\org.eclipse.justj.openjdk.hotspot.jre.full.win32.x86_64_17.0.9.v20231028-0858\jre\bin\zip.dll
0x00007ffc88d40000 - 0x00007ffc89484000 	C:\Windows\System32\SHELL32.dll
0x00007ffc84d90000 - 0x00007ffc85523000 	C:\Windows\SYSTEM32\windows.storage.dll
0x00007ffc88570000 - 0x00007ffc888c4000 	C:\Windows\System32\combase.dll
0x00007ffc86ee0000 - 0x00007ffc86f0e000 	C:\Windows\SYSTEM32\Wldp.dll
0x00007ffc89e40000 - 0x00007ffc89eed000 	C:\Windows\System32\SHCORE.dll
0x00007ffc89ef0000 - 0x00007ffc89f45000 	C:\Windows\System32\shlwapi.dll
0x00007ffc87b30000 - 0x00007ffc87b4f000 	C:\Windows\SYSTEM32\profapi.dll
0x00007ffc82370000 - 0x00007ffc82389000 	C:\SOFTWARES\sts-4.21.0.RELEASE\plugins\org.eclipse.justj.openjdk.hotspot.jre.full.win32.x86_64_17.0.9.v20231028-0858\jre\bin\net.dll
0x00007ffc78850000 - 0x00007ffc7895a000 	C:\Windows\SYSTEM32\WINHTTP.dll
0x00007ffc86bf0000 - 0x00007ffc86c5a000 	C:\Windows\system32\mswsock.dll
0x00007ffc812b0000 - 0x00007ffc812c6000 	C:\SOFTWARES\sts-4.21.0.RELEASE\plugins\org.eclipse.justj.openjdk.hotspot.jre.full.win32.x86_64_17.0.9.v20231028-0858\jre\bin\nio.dll
0x00007ffc85970000 - 0x00007ffc85979000 	C:\SOFTWARES\sts-4.21.0.RELEASE\plugins\org.eclipse.justj.openjdk.hotspot.jre.full.win32.x86_64_17.0.9.v20231028-0858\jre\bin\management.dll
0x00007ffc85960000 - 0x00007ffc8596b000 	C:\SOFTWARES\sts-4.21.0.RELEASE\plugins\org.eclipse.justj.openjdk.hotspot.jre.full.win32.x86_64_17.0.9.v20231028-0858\jre\bin\management_ext.dll
0x00007ffc8a230000 - 0x00007ffc8a238000 	C:\Windows\System32\PSAPI.DLL
0x00007ffc6a9a0000 - 0x00007ffc6a9b7000 	C:\Windows\system32\napinsp.dll
0x00007ffc6a980000 - 0x00007ffc6a99b000 	C:\Windows\system32\pnrpnsp.dll
0x00007ffc6a960000 - 0x00007ffc6a975000 	C:\Windows\system32\wshbth.dll
0x00007ffc824a0000 - 0x00007ffc824bd000 	C:\Windows\system32\NLAapi.dll
0x00007ffc86920000 - 0x00007ffc8695c000 	C:\Windows\SYSTEM32\IPHLPAPI.DLL
0x00007ffc86960000 - 0x00007ffc86a2b000 	C:\Windows\SYSTEM32\DNSAPI.dll
0x00007ffc8a3e0000 - 0x00007ffc8a3e8000 	C:\Windows\System32\NSI.dll
0x00007ffc6a820000 - 0x00007ffc6a832000 	C:\Windows\System32\winrnr.dll
0x00007ffc779f0000 - 0x00007ffc779fa000 	C:\Windows\System32\rasadhlp.dll
0x00007ffc77bb0000 - 0x00007ffc77c32000 	C:\Windows\System32\fwpuclnt.dll
0x00007ffc880c0000 - 0x00007ffc880e7000 	C:\Windows\System32\bcrypt.dll
0x00007ffc878a0000 - 0x00007ffc878b8000 	C:\Windows\SYSTEM32\CRYPTSP.dll
0x00007ffc865b0000 - 0x00007ffc865e4000 	C:\Windows\system32\rsaenh.dll
0x00007ffc87af0000 - 0x00007ffc87b1e000 	C:\Windows\SYSTEM32\USERENV.dll
0x00007ffc86ed0000 - 0x00007ffc86edc000 	C:\Windows\SYSTEM32\CRYPTBASE.dll
0x00007ffc79400000 - 0x00007ffc79417000 	C:\Windows\SYSTEM32\dhcpcsvc6.DLL
0x00007ffc7bc30000 - 0x00007ffc7bc4d000 	C:\Windows\SYSTEM32\dhcpcsvc.DLL

dbghelp: loaded successfully - version: 4.0.5 - missing functions: none
symbol engine: initialized successfully - sym options: 0x614 - pdb path: .;C:\SOFTWARES\sts-4.21.0.RELEASE\plugins\org.eclipse.justj.openjdk.hotspot.jre.full.win32.x86_64_17.0.9.v20231028-0858\jre\bin;C:\Windows\SYSTEM32;C:\Windows\WinSxS\amd64_microsoft.windows.common-controls_6595b64144ccf1df_6.0.19041.1110_none_60b5254171f9507e;C:\SOFTWARES\sts-4.21.0.RELEASE\plugins\org.eclipse.justj.openjdk.hotspot.jre.full.win32.x86_64_17.0.9.v20231028-0858\jre\bin\server

VM Arguments:
jvm_args: -Dcom.sun.management.jmxremote -Dcom.sun.management.jmxremote.port=52285 -Dcom.sun.management.jmxremote.authenticate=false -Dcom.sun.management.jmxremote.ssl=false -Djava.rmi.server.hostname=localhost -Dspring.jmx.enabled=true -Dmanagement.endpoints.jmx.exposure.include=* -Dspring.application.admin.enabled=true -XX:TieredStopAtLevel=1 -Dspring.boot.project.name=PROJECT -Dfile.encoding=UTF-8 -Dstdout.encoding=UTF-8 -Dstderr.encoding=UTF-8 -XX:+ShowCodeDetailsInExceptionMessages 
java_command: in.sp.main.ProjectApplication --spring.output.ansi.enabled=always
java_class_path (initial): C:\Users\DELL\Desktop\SPRING   & SPRINGBOOT\SPRINGBOOT\PROJECT\target\classes;C:\Users\DELL\.m2\repository\org\springframework\boot\spring-boot-starter-web\3.2.2\spring-boot-starter-web-3.2.2.jar;C:\Users\DELL\.m2\repository\org\springframework\boot\spring-boot-starter\3.2.2\spring-boot-starter-3.2.2.jar;C:\Users\DELL\.m2\repository\org\springframework\boot\spring-boot\3.2.2\spring-boot-3.2.2.jar;C:\Users\DELL\.m2\repository\org\springframework\boot\spring-boot-autoconfigure\3.2.2\spring-boot-autoconfigure-3.2.2.jar;C:\Users\DELL\.m2\repository\org\springframework\boot\spring-boot-starter-logging\3.2.2\spring-boot-starter-logging-3.2.2.jar;C:\Users\DELL\.m2\repository\ch\qos\logback\logback-classic\1.4.14\logback-classic-1.4.14.jar;C:\Users\DELL\.m2\repository\ch\qos\logback\logback-core\1.4.14\logback-core-1.4.14.jar;C:\Users\DELL\.m2\repository\org\apache\logging\log4j\log4j-to-slf4j\2.21.1\log4j-to-slf4j-2.21.1.jar;C:\Users\DELL\.m2\repository\org\apache\logging\log4j\log4j-api\2.21.1\log4j-api-2.21.1.jar;C:\Users\DELL\.m2\repository\org\slf4j\jul-to-slf4j\2.0.11\jul-to-slf4j-2.0.11.jar;C:\Users\DELL\.m2\repository\jakarta\annotation\jakarta.annotation-api\2.1.1\jakarta.annotation-api-2.1.1.jar;C:\Users\DELL\.m2\repository\org\yaml\snakeyaml\2.2\snakeyaml-2.2.jar;C:\Users\DELL\.m2\repository\org\springframework\boot\spring-boot-starter-json\3.2.2\spring-boot-starter-json-3.2.2.jar;C:\Users\DELL\.m2\repository\com\fasterxml\jackson\core\jackson-databind\2.15.3\jackson-databind-2.15.3.jar;C:\Users\DELL\.m2\repository\com\fasterxml\jackson\core\jackson-annotations\2.15.3\jackson-annotations-2.15.3.jar;C:\Users\DELL\.m2\repository\com\fasterxml\jackson\core\jackson-core\2.15.3\jackson-core-2.15.3.jar;C:\Users\DELL\.m2\repository\com\fasterxml\jackson\datatype\jackson-datatype-jdk8\2.15.3\jackson-datatype-jdk8-2.15.3.jar;C:\Users\DELL\.m2\repository\com\fasterxml\jackson\datatype\jackson-datatype-jsr310\2.15.3\jackson-datatype-jsr310-2.15.
Launcher Type: SUN_STANDARD

[Global flags]
     intx CICompilerCount                          = 3                                         {product} {ergonomic}
     uint ConcGCThreads                            = 1                                         {product} {ergonomic}
     uint G1ConcRefinementThreads                  = 4                                         {product} {ergonomic}
   size_t G1HeapRegionSize                         = 1048576                                   {product} {ergonomic}
    uintx GCDrainStackTargetSize                   = 64                                        {product} {ergonomic}
   size_t InitialHeapSize                          = 125829120                                 {product} {ergonomic}
     bool ManagementServer                         = true                                      {product} {command line}
   size_t MarkStackSize                            = 4194304                                   {product} {ergonomic}
   size_t MaxHeapSize                              = 2011168768                                {product} {ergonomic}
   size_t MaxNewSize                               = 1205862400                                {product} {ergonomic}
   size_t MinHeapDeltaBytes                        = 1048576                                   {product} {ergonomic}
   size_t MinHeapSize                              = 8388608                                   {product} {ergonomic}
    uintx NonProfiledCodeHeapSize                  = 0                                      {pd product} {ergonomic}
     bool ProfileInterpreter                       = false                                  {pd product} {command line}
    uintx ProfiledCodeHeapSize                     = 0                                      {pd product} {ergonomic}
     bool ShowCodeDetailsInExceptionMessages       = true                                   {manageable} {command line}
   size_t SoftMaxHeapSize                          = 2011168768                             {manageable} {ergonomic}
     intx TieredStopAtLevel                        = 1                                         {product} {command line}
     bool UseCompressedClassPointers               = true                           {product lp64_product} {ergonomic}
     bool UseCompressedOops                        = true                           {product lp64_product} {ergonomic}
     bool UseG1GC                                  = true                                      {product} {ergonomic}
     bool UseLargePagesIndividualAllocation        = false                                  {pd product} {ergonomic}

Logging:
Log output configuration:
 #0: stdout all=warning uptime,level,tags
 #1: stderr all=off uptime,level,tags

Environment Variables:
JAVA_HOME=C:\Program Files (x86)\Java\jre-1.8
CLASSPATH="C:\Users\DELL\Desktop\mysql-connector-j-8.0.32.jar;."
PATH=C:/SOFTWARES/sts-4.21.0.RELEASE//plugins/org.eclipse.justj.openjdk.hotspot.jre.full.win32.x86_64_17.0.9.v20231028-0858/jre/bin/server;C:/SOFTWARES/sts-4.21.0.RELEASE//plugins/org.eclipse.justj.openjdk.hotspot.jre.full.win32.x86_64_17.0.9.v20231028-0858/jre/bin;C:\Program Files (x86)\Common Files\Oracle\Java\javapath;C:\Windows\system32;C:\Program Files\MySQL\MySQL Server 8.0\bin;C:\Program Files\MySQL\MySQL Shell 8.0\bin;C:\mysql-connector-j-8.1.0.jar;C:\Windows;C:\Windows\System32\Wbem;C:\Windows\System32\WindowsPowerShell\v1.0\;C:\Windows\System32\OpenSSH\;C:\Program Files (x86)\Java\jre-1.8\BIN;C:\Program Files (x86)\Java\jre-1.8\BEAN;C:\Program Files\MySQL\MySQL Shell 8.0\bin\;C:\Users\DELL\AppData\Local\Microsoft\WindowsApps;C:\Users\DELL\AppData\Local\Programs\Microsoft VS Code\bin;C:\Users\DELL\Downloads\jdk-20_windows-x64_bin.msi;;C:\SOFTWARES\sts-4.21.0.RELEASE;
USERNAME=DELL
OS=Windows_NT
PROCESSOR_IDENTIFIER=Intel64 Family 6 Model 78 Stepping 3, GenuineIntel
TMP=C:\Users\DELL\AppData\Local\Temp
TEMP=C:\Users\DELL\AppData\Local\Temp



Periodic native trim disabled


---------------  S Y S T E M  ---------------

OS:
 Windows 10 , 64 bit Build 19041 (10.0.19041.2913)
OS uptime: 0 days 5:45 hours

CPU: total 4 (initial active 4) (2 cores per cpu, 2 threads per core) family 6 model 78 stepping 3 microcode 0xcc, cx8, cmov, fxsr, ht, mmx, 3dnowpref, sse, sse2, sse3, ssse3, sse4.1, sse4.2, popcnt, lzcnt, tsc, tscinvbit, avx, avx2, aes, erms, clmul, bmi1, bmi2, adx, fma, vzeroupper, clflush, clflushopt
Processor Information for all 4 processors :
  Max Mhz: 2000, Current Mhz: 2000, Mhz Limit: 2000

Memory: 4k page, system-wide physical 7669M (2721M free)
TotalPageFile size 15349M (AvailPageFile size 9233M)
current process WorkingSet (physical memory assigned to process): 98M, peak: 98M
current process commit charge ("private bytes"): 215M, peak: 215M

vm_info: OpenJDK 64-Bit Server VM (17.0.9+9) for windows-amd64 JRE (17.0.9+9), built on Oct 26 2023 14:01:42 by "admin" with MS VC++ 16.10 / 16.11 (VS2019)

END.
