#
# A fatal error has been detected by the Java Runtime Environment:
#
#  Internal Error (macroAssembler_x86.cpp:864), pid=6420, tid=3560
#  fatal error: DEBUG MESSAGE: illegal bytecode sequence - method not verified
#
# JRE version: OpenJDK Runtime Environment Temurin-17.0.9+9 (17.0.9+9) (build 17.0.9+9)
# Java VM: OpenJDK 64-Bit Server VM Temurin-17.0.9+9 (17.0.9+9, mixed mode, emulated-client, tiered, compressed oops, compressed class ptrs, g1 gc, windows-amd64)
# No core dump will be written. Minidumps are not enabled by default on client versions of Windows
#
# If you would like to submit a bug report, please visit:
#   https://github.com/adoptium/adoptium-support/issues
#

---------------  S U M M A R Y ------------

Command Line: -Dcom.sun.management.jmxremote -Dcom.sun.management.jmxremote.port=50977 -Dcom.sun.management.jmxremote.authenticate=false -Dcom.sun.management.jmxremote.ssl=false -Djava.rmi.server.hostname=localhost -Dspring.jmx.enabled=true -Dmanagement.endpoints.jmx.exposure.include=* -Dspring.application.admin.enabled=true -XX:TieredStopAtLevel=1 -Dspring.boot.project.name=PROJECT_2_part_start -Dfile.encoding=UTF-8 -Dstdout.encoding=UTF-8 -Dstderr.encoding=UTF-8 -XX:+ShowCodeDetailsInExceptionMessages in.sp.main.ProjectApplication --spring.output.ansi.enabled=always

Host: Intel(R) Core(TM) i3-6006U CPU @ 2.00GHz, 4 cores, 7G,  Windows 10 , 64 bit Build 19041 (10.0.19041.2913)
Time: Thu Feb  8 14:36:47 2024 India Standard Time elapsed time: 171.199767 seconds (0d 0h 2m 51s)

---------------  T H R E A D  ---------------

Current thread (0x0000018e65a6dfd0):  JavaThread "http-nio-8084-exec-9" daemon [_thread_in_Java, id=3560, stack(0x0000000469d00000,0x0000000469e00000)]

Stack: [0x0000000469d00000,0x0000000469e00000]
Native frames: (J=compiled Java code, j=interpreted, Vv=VM code, C=native code)
V  [jvm.dll+0x67cf49]
V  [jvm.dll+0x83478a]
V  [jvm.dll+0x83624e]
V  [jvm.dll+0x247c3b]
V  [jvm.dll+0x5b300e]
C  0x0000018e55a29077

The last pc belongs to error exits (printed below).
error exits  [0x0000018e55a29040, 0x0000018e55a29080]  64 bytes
[MachCode]
  0x0000018e55a29040: 48b9 c05e | 52b3 fa7f | 0000 4883 | e4f0 49ba | 602f 11b3 | fa7f 0000 | 41ff d2f4 | 48b9 d85e 
  0x0000018e55a29060: 52b3 fa7f | 0000 4883 | e4f0 49ba | 602f 11b3 | fa7f 0000 | 41ff d2f4 | 0000 0000 | 0000 0000 
[/MachCode]

---------------  P R O C E S S  ---------------

Threads class SMR info:
_java_thread_list=0x0000018e64665560, length=34, elements={
0x0000018e5f3e21c0, 0x0000018e5f3e3fe0, 0x0000018e5f41e840, 0x0000018e5f53a3f0,
0x0000018e5f53c470, 0x0000018e5f53d4e0, 0x0000018e5f5412b0, 0x0000018e5f542b40,
0x0000018e5f5a46a0, 0x0000018e5f6ff5f0, 0x0000018e64357090, 0x0000018e642a7c00,
0x0000018e642a8530, 0x0000018e644893d0, 0x0000018e644cdf10, 0x0000018e644ce420,
0x0000018e644cda00, 0x0000018e644ccfe0, 0x0000018e644ce930, 0x0000018e644cf350,
0x0000018e65a6ef00, 0x0000018e65a6f920, 0x0000018e65a6fe30, 0x0000018e65a70340,
0x0000018e65a6dac0, 0x0000018e65a6f410, 0x0000018e65a70850, 0x0000018e65a6d0a0,
0x0000018e65a6dfd0, 0x0000018e65a6e4e0, 0x0000018e65a6e9f0, 0x0000018e662cc980,
0x0000018e662cab20, 0x0000018e662ca610
}

Java Threads: ( => current thread )
  0x0000018e5f3e21c0 JavaThread "Reference Handler" daemon [_thread_blocked, id=3028, stack(0x0000000467400000,0x0000000467500000)]
  0x0000018e5f3e3fe0 JavaThread "Finalizer" daemon [_thread_blocked, id=10200, stack(0x0000000467500000,0x0000000467600000)]
  0x0000018e5f41e840 JavaThread "Signal Dispatcher" daemon [_thread_blocked, id=7748, stack(0x0000000467600000,0x0000000467700000)]
  0x0000018e5f53a3f0 JavaThread "Attach Listener" daemon [_thread_blocked, id=7324, stack(0x0000000467700000,0x0000000467800000)]
  0x0000018e5f53c470 JavaThread "Service Thread" daemon [_thread_blocked, id=3160, stack(0x0000000467800000,0x0000000467900000)]
  0x0000018e5f53d4e0 JavaThread "Monitor Deflation Thread" daemon [_thread_blocked, id=3624, stack(0x0000000467900000,0x0000000467a00000)]
  0x0000018e5f5412b0 JavaThread "C1 CompilerThread0" daemon [_thread_blocked, id=9288, stack(0x0000000467a00000,0x0000000467b00000)]
  0x0000018e5f542b40 JavaThread "Sweeper thread" daemon [_thread_blocked, id=9732, stack(0x0000000467b00000,0x0000000467c00000)]
  0x0000018e5f5a46a0 JavaThread "Common-Cleaner" daemon [_thread_blocked, id=9392, stack(0x0000000467c00000,0x0000000467d00000)]
  0x0000018e5f6ff5f0 JavaThread "Notification Thread" daemon [_thread_blocked, id=8168, stack(0x0000000467f00000,0x0000000468000000)]
  0x0000018e64357090 JavaThread "RMI TCP Accept-0" daemon [_thread_in_native, id=4920, stack(0x0000000468100000,0x0000000468200000)]
  0x0000018e642a7c00 JavaThread "RMI TCP Accept-50977" daemon [_thread_in_native, id=9200, stack(0x0000000468200000,0x0000000468300000)]
  0x0000018e642a8530 JavaThread "RMI TCP Accept-0" daemon [_thread_in_native, id=9504, stack(0x0000000468300000,0x0000000468400000)]
  0x0000018e644893d0 JavaThread "RMI Scheduler(0)" daemon [_thread_blocked, id=1196, stack(0x0000000468600000,0x0000000468700000)]
  0x0000018e644cdf10 JavaThread "JMX server connection timeout 21" daemon [_thread_blocked, id=3320, stack(0x0000000468d00000,0x0000000468e00000)]
  0x0000018e644ce420 JavaThread "Catalina-utility-1" [_thread_blocked, id=4488, stack(0x0000000468e00000,0x0000000468f00000)]
  0x0000018e644cda00 JavaThread "Catalina-utility-2" [_thread_blocked, id=1148, stack(0x0000000468f00000,0x0000000469000000)]
  0x0000018e644ccfe0 JavaThread "container-0" [_thread_blocked, id=8200, stack(0x0000000469000000,0x0000000469100000)]
  0x0000018e644ce930 JavaThread "mysql-cj-abandoned-connection-cleanup" daemon [_thread_blocked, id=8184, stack(0x0000000469100000,0x0000000469200000)]
  0x0000018e644cf350 JavaThread "HikariPool-1 housekeeper" daemon [_thread_blocked, id=8836, stack(0x0000000469300000,0x0000000469400000)]
  0x0000018e65a6ef00 JavaThread "http-nio-8084-exec-1" daemon [_thread_blocked, id=1268, stack(0x0000000469500000,0x0000000469600000)]
  0x0000018e65a6f920 JavaThread "http-nio-8084-exec-2" daemon [_thread_blocked, id=1076, stack(0x0000000469600000,0x0000000469700000)]
  0x0000018e65a6fe30 JavaThread "http-nio-8084-exec-3" daemon [_thread_blocked, id=4612, stack(0x0000000469700000,0x0000000469800000)]
  0x0000018e65a70340 JavaThread "http-nio-8084-exec-4" daemon [_thread_blocked, id=2728, stack(0x0000000469800000,0x0000000469900000)]
  0x0000018e65a6dac0 JavaThread "http-nio-8084-exec-5" daemon [_thread_blocked, id=8280, stack(0x0000000469900000,0x0000000469a00000)]
  0x0000018e65a6f410 JavaThread "http-nio-8084-exec-6" daemon [_thread_blocked, id=5684, stack(0x0000000469a00000,0x0000000469b00000)]
  0x0000018e65a70850 JavaThread "http-nio-8084-exec-7" daemon [_thread_blocked, id=8368, stack(0x0000000469b00000,0x0000000469c00000)]
  0x0000018e65a6d0a0 JavaThread "http-nio-8084-exec-8" daemon [_thread_blocked, id=5084, stack(0x0000000469c00000,0x0000000469d00000)]
=>0x0000018e65a6dfd0 JavaThread "http-nio-8084-exec-9" daemon [_thread_in_Java, id=3560, stack(0x0000000469d00000,0x0000000469e00000)]
  0x0000018e65a6e4e0 JavaThread "http-nio-8084-exec-10" daemon [_thread_blocked, id=9020, stack(0x0000000469e00000,0x0000000469f00000)]
  0x0000018e65a6e9f0 JavaThread "http-nio-8084-Poller" daemon [_thread_in_native, id=9468, stack(0x0000000469f00000,0x000000046a000000)]
  0x0000018e662cc980 JavaThread "http-nio-8084-Acceptor" daemon [_thread_in_native, id=2976, stack(0x000000046a000000,0x000000046a100000)]
  0x0000018e662cab20 JavaThread "DestroyJavaVM" [_thread_blocked, id=9112, stack(0x0000000466d00000,0x0000000466e00000)]
  0x0000018e662ca610 JavaThread "RMI TCP Connection(idle)" daemon [_thread_blocked, id=2868, stack(0x000000046a500000,0x000000046a600000)]

Other Threads:
  0x0000018e5f3db7d0 VMThread "VM Thread" [stack: 0x0000000467300000,0x0000000467400000] [id=7812]
  0x0000018e6443f030 WatcherThread [stack: 0x0000000468400000,0x0000000468500000] [id=692]
  0x0000018e523ab490 GCTaskThread "GC Thread#0" [stack: 0x0000000466e00000,0x0000000466f00000] [id=5984]
  0x0000018e64349cc0 GCTaskThread "GC Thread#1" [stack: 0x0000000468700000,0x0000000468800000] [id=1952]
  0x0000018e64452980 GCTaskThread "GC Thread#2" [stack: 0x0000000468800000,0x0000000468900000] [id=3968]
  0x0000018e644afde0 GCTaskThread "GC Thread#3" [stack: 0x0000000468900000,0x0000000468a00000] [id=8700]
  0x0000018e523bb2b0 ConcurrentGCThread "G1 Main Marker" [stack: 0x0000000466f00000,0x0000000467000000] [id=10020]
  0x0000018e523bbbe0 ConcurrentGCThread "G1 Conc#0" [stack: 0x0000000467000000,0x0000000467100000] [id=1124]
  0x0000018e5240e6c0 ConcurrentGCThread "G1 Refine#0" [stack: 0x0000000467100000,0x0000000467200000] [id=8036]
  0x0000018e64455d90 ConcurrentGCThread "G1 Refine#1" [stack: 0x0000000468a00000,0x0000000468b00000] [id=2352]
  0x0000018e644b00a0 ConcurrentGCThread "G1 Refine#2" [stack: 0x0000000468b00000,0x0000000468c00000] [id=1892]
  0x0000018e5f234af0 ConcurrentGCThread "G1 Service" [stack: 0x0000000467200000,0x0000000467300000] [id=4532]

Threads with active compile tasks:

VM state: not at safepoint (normal execution)

VM Mutex/Monitor currently owned by a thread: None

Heap address: 0x0000000088200000, size: 1918 MB, Compressed Oops mode: 32-bit

CDS archive(s) not mapped
Compressed class space mapped at: 0x0000000100000000-0x0000000140000000, reserved size: 1073741824
Narrow klass base: 0x0000000000000000, Narrow klass shift: 3, Narrow klass range: 0x140000000

GC Precious Log:
 CPUs: 4 total, 4 available
 Memory: 7669M
 Large Page Support: Disabled
 NUMA Support: Disabled
 Compressed Oops: Enabled (32-bit)
 Heap Region Size: 1M
 Heap Min Capacity: 8M
 Heap Initial Capacity: 120M
 Heap Max Capacity: 1918M
 Pre-touch: Disabled
 Parallel Workers: 4
 Concurrent Workers: 1
 Concurrent Refinement Workers: 4
 Periodic GC: Disabled

Heap:
 garbage-first heap   total 73728K, used 42341K [0x0000000088200000, 0x0000000100000000)
  region size 1024K, 10 young (10240K), 2 survivors (2048K)
 Metaspace       used 90988K, committed 91712K, reserved 1179648K
  class space    used 12284K, committed 12608K, reserved 1048576K

Heap Regions: E=young(eden), S=young(survivor), O=old, HS=humongous(starts), HC=humongous(continues), CS=collection set, F=free, OA=open archive, CA=closed archive, TAMS=top-at-mark-start (previous, next)
|   0|0x0000000088200000, 0x0000000088300000, 0x0000000088300000|100%|HS|  |TAMS 0x0000000088300000, 0x0000000088200000| Complete 
|   1|0x0000000088300000, 0x0000000088400000, 0x0000000088400000|100%| O|  |TAMS 0x0000000088400000, 0x0000000088300000| Untracked 
|   2|0x0000000088400000, 0x0000000088500000, 0x0000000088500000|100%| O|  |TAMS 0x0000000088500000, 0x0000000088400000| Untracked 
|   3|0x0000000088500000, 0x0000000088600000, 0x0000000088600000|100%| O|  |TAMS 0x0000000088600000, 0x0000000088500000| Untracked 
|   4|0x0000000088600000, 0x0000000088700000, 0x0000000088700000|100%| O|  |TAMS 0x0000000088700000, 0x0000000088600000| Untracked 
|   5|0x0000000088700000, 0x0000000088800000, 0x0000000088800000|100%| O|  |TAMS 0x0000000088800000, 0x0000000088700000| Untracked 
|   6|0x0000000088800000, 0x0000000088900000, 0x0000000088900000|100%| O|  |TAMS 0x0000000088900000, 0x0000000088800000| Untracked 
|   7|0x0000000088900000, 0x0000000088a00000, 0x0000000088a00000|100%| O|  |TAMS 0x0000000088a00000, 0x0000000088900000| Untracked 
|   8|0x0000000088a00000, 0x0000000088b00000, 0x0000000088b00000|100%| O|  |TAMS 0x0000000088b00000, 0x0000000088a00000| Untracked 
|   9|0x0000000088b00000, 0x0000000088c00000, 0x0000000088c00000|100%| O|  |TAMS 0x0000000088c00000, 0x0000000088b00000| Untracked 
|  10|0x0000000088c00000, 0x0000000088c00000, 0x0000000088d00000|  0%| F|  |TAMS 0x0000000088c00000, 0x0000000088c00000| Untracked 
|  11|0x0000000088d00000, 0x0000000088e00000, 0x0000000088e00000|100%| O|  |TAMS 0x0000000088e00000, 0x0000000088d00000| Untracked 
|  12|0x0000000088e00000, 0x0000000088e00000, 0x0000000088f00000|  0%| F|  |TAMS 0x0000000088e00000, 0x0000000088e00000| Untracked 
|  13|0x0000000088f00000, 0x0000000088f00000, 0x0000000089000000|  0%| F|  |TAMS 0x0000000088f00000, 0x0000000088f00000| Untracked 
|  14|0x0000000089000000, 0x0000000089100000, 0x0000000089100000|100%| O|  |TAMS 0x0000000089100000, 0x0000000089000000| Untracked 
|  15|0x0000000089100000, 0x0000000089200000, 0x0000000089200000|100%| O|  |TAMS 0x0000000089200000, 0x0000000089100000| Untracked 
|  16|0x0000000089200000, 0x0000000089300000, 0x0000000089300000|100%| O|  |TAMS 0x0000000089300000, 0x0000000089200000| Untracked 
|  17|0x0000000089300000, 0x0000000089400000, 0x0000000089400000|100%| O|  |TAMS 0x0000000089400000, 0x0000000089300000| Complete 
|  18|0x0000000089400000, 0x0000000089400000, 0x0000000089500000|  0%| F|  |TAMS 0x0000000089400000, 0x0000000089400000| Untracked 
|  19|0x0000000089500000, 0x0000000089600000, 0x0000000089600000|100%| O|  |TAMS 0x0000000089600000, 0x0000000089500000| Untracked 
|  20|0x0000000089600000, 0x0000000089700000, 0x0000000089700000|100%| O|  |TAMS 0x0000000089700000, 0x0000000089600000| Untracked 
|  21|0x0000000089700000, 0x0000000089800000, 0x0000000089800000|100%| O|  |TAMS 0x0000000089800000, 0x0000000089700000| Untracked 
|  22|0x0000000089800000, 0x0000000089900000, 0x0000000089900000|100%| O|  |TAMS 0x0000000089900000, 0x0000000089800000| Untracked 
|  23|0x0000000089900000, 0x0000000089a00000, 0x0000000089a00000|100%| O|  |TAMS 0x0000000089a00000, 0x0000000089900000| Untracked 
|  24|0x0000000089a00000, 0x0000000089b00000, 0x0000000089b00000|100%| O|  |TAMS 0x0000000089b00000, 0x0000000089a00000| Untracked 
|  25|0x0000000089b00000, 0x0000000089c00000, 0x0000000089c00000|100%| O|  |TAMS 0x0000000089c00000, 0x0000000089b00000| Untracked 
|  26|0x0000000089c00000, 0x0000000089d00000, 0x0000000089d00000|100%| O|  |TAMS 0x0000000089d00000, 0x0000000089c00000| Untracked 
|  27|0x0000000089d00000, 0x0000000089e00000, 0x0000000089e00000|100%| O|  |TAMS 0x0000000089e00000, 0x0000000089d00000| Untracked 
|  28|0x0000000089e00000, 0x0000000089f00000, 0x0000000089f00000|100%| O|  |TAMS 0x0000000089f00000, 0x0000000089e00000| Untracked 
|  29|0x0000000089f00000, 0x0000000089f00000, 0x000000008a000000|  0%| F|  |TAMS 0x0000000089f00000, 0x0000000089f00000| Untracked 
|  30|0x000000008a000000, 0x000000008a100000, 0x000000008a100000|100%| O|  |TAMS 0x000000008a100000, 0x000000008a000000| Untracked 
|  31|0x000000008a100000, 0x000000008a200000, 0x000000008a200000|100%| O|  |TAMS 0x000000008a200000, 0x000000008a100000| Untracked 
|  32|0x000000008a200000, 0x000000008a300000, 0x000000008a300000|100%| O|  |TAMS 0x000000008a300000, 0x000000008a200000| Untracked 
|  33|0x000000008a300000, 0x000000008a400000, 0x000000008a400000|100%| O|  |TAMS 0x000000008a400000, 0x000000008a300000| Complete 
|  34|0x000000008a400000, 0x000000008a500000, 0x000000008a500000|100%| O|  |TAMS 0x000000008a500000, 0x000000008a400000| Untracked 
|  35|0x000000008a500000, 0x000000008a600000, 0x000000008a600000|100%| O|  |TAMS 0x000000008a600000, 0x000000008a500000| Untracked 
|  36|0x000000008a600000, 0x000000008a700000, 0x000000008a700000|100%| O|  |TAMS 0x000000008a700000, 0x000000008a600000| Untracked 
|  37|0x000000008a700000, 0x000000008a800000, 0x000000008a800000|100%| O|  |TAMS 0x000000008a800000, 0x000000008a700000| Untracked 
|  38|0x000000008a800000, 0x000000008a900000, 0x000000008a900000|100%| O|  |TAMS 0x000000008a900000, 0x000000008a800000| Untracked 
|  39|0x000000008a900000, 0x000000008a954000, 0x000000008aa00000| 32%| O|  |TAMS 0x000000008a954000, 0x000000008a900000| Untracked 
|  40|0x000000008aa00000, 0x000000008aa00000, 0x000000008ab00000|  0%| F|  |TAMS 0x000000008aa00000, 0x000000008aa00000| Untracked 
|  41|0x000000008ab00000, 0x000000008ab00000, 0x000000008ac00000|  0%| F|  |TAMS 0x000000008ab00000, 0x000000008ab00000| Untracked 
|  42|0x000000008ac00000, 0x000000008ac00000, 0x000000008ad00000|  0%| F|  |TAMS 0x000000008ac00000, 0x000000008ac00000| Untracked 
|  43|0x000000008ad00000, 0x000000008ad00000, 0x000000008ae00000|  0%| F|  |TAMS 0x000000008ad00000, 0x000000008ad00000| Untracked 
|  44|0x000000008ae00000, 0x000000008ae057c8, 0x000000008af00000|  2%| S|CS|TAMS 0x000000008ae00000, 0x000000008ae00000| Complete 
|  45|0x000000008af00000, 0x000000008b000000, 0x000000008b000000|100%| S|CS|TAMS 0x000000008af00000, 0x000000008af00000| Complete 
|  46|0x000000008b000000, 0x000000008b000000, 0x000000008b100000|  0%| F|  |TAMS 0x000000008b000000, 0x000000008b000000| Untracked 
|  47|0x000000008b100000, 0x000000008b100000, 0x000000008b200000|  0%| F|  |TAMS 0x000000008b100000, 0x000000008b100000| Untracked 
|  48|0x000000008b200000, 0x000000008b200000, 0x000000008b300000|  0%| F|  |TAMS 0x000000008b200000, 0x000000008b200000| Untracked 
|  49|0x000000008b300000, 0x000000008b300000, 0x000000008b400000|  0%| F|  |TAMS 0x000000008b300000, 0x000000008b300000| Untracked 
|  50|0x000000008b400000, 0x000000008b400000, 0x000000008b500000|  0%| F|  |TAMS 0x000000008b400000, 0x000000008b400000| Untracked 
|  51|0x000000008b500000, 0x000000008b500000, 0x000000008b600000|  0%| F|  |TAMS 0x000000008b500000, 0x000000008b500000| Untracked 
|  52|0x000000008b600000, 0x000000008b600000, 0x000000008b700000|  0%| F|  |TAMS 0x000000008b600000, 0x000000008b600000| Untracked 
|  53|0x000000008b700000, 0x000000008b700000, 0x000000008b800000|  0%| F|  |TAMS 0x000000008b700000, 0x000000008b700000| Untracked 
|  54|0x000000008b800000, 0x000000008b800000, 0x000000008b900000|  0%| F|  |TAMS 0x000000008b800000, 0x000000008b800000| Untracked 
|  55|0x000000008b900000, 0x000000008b900000, 0x000000008ba00000|  0%| F|  |TAMS 0x000000008b900000, 0x000000008b900000| Untracked 
|  56|0x000000008ba00000, 0x000000008ba00000, 0x000000008bb00000|  0%| F|  |TAMS 0x000000008ba00000, 0x000000008ba00000| Untracked 
|  57|0x000000008bb00000, 0x000000008bb00000, 0x000000008bc00000|  0%| F|  |TAMS 0x000000008bb00000, 0x000000008bb00000| Untracked 
|  58|0x000000008bc00000, 0x000000008bc00000, 0x000000008bd00000|  0%| F|  |TAMS 0x000000008bc00000, 0x000000008bc00000| Untracked 
|  59|0x000000008bd00000, 0x000000008bd00000, 0x000000008be00000|  0%| F|  |TAMS 0x000000008bd00000, 0x000000008bd00000| Untracked 
|  60|0x000000008be00000, 0x000000008be00000, 0x000000008bf00000|  0%| F|  |TAMS 0x000000008be00000, 0x000000008be00000| Untracked 
|  61|0x000000008bf00000, 0x000000008bf00000, 0x000000008c000000|  0%| F|  |TAMS 0x000000008bf00000, 0x000000008bf00000| Untracked 
|  62|0x000000008c000000, 0x000000008c000000, 0x000000008c100000|  0%| F|  |TAMS 0x000000008c000000, 0x000000008c000000| Untracked 
|  63|0x000000008c100000, 0x000000008c200000, 0x000000008c200000|100%| E|CS|TAMS 0x000000008c100000, 0x000000008c100000| Complete 
|  64|0x000000008c200000, 0x000000008c300000, 0x000000008c300000|100%| E|CS|TAMS 0x000000008c200000, 0x000000008c200000| Complete 
|  65|0x000000008c300000, 0x000000008c300000, 0x000000008c400000|  0%| F|  |TAMS 0x000000008c300000, 0x000000008c300000| Untracked 
|  66|0x000000008c400000, 0x000000008c40e820, 0x000000008c500000|  5%| E|  |TAMS 0x000000008c400000, 0x000000008c400000| Complete 
|  67|0x000000008c500000, 0x000000008c600000, 0x000000008c600000|100%| E|CS|TAMS 0x000000008c500000, 0x000000008c500000| Complete 
| 114|0x000000008f400000, 0x000000008f500000, 0x000000008f500000|100%| E|CS|TAMS 0x000000008f400000, 0x000000008f400000| Complete 
| 115|0x000000008f500000, 0x000000008f600000, 0x000000008f600000|100%| E|CS|TAMS 0x000000008f500000, 0x000000008f500000| Complete 
| 116|0x000000008f600000, 0x000000008f700000, 0x000000008f700000|100%| E|CS|TAMS 0x000000008f600000, 0x000000008f600000| Complete 
| 119|0x000000008f900000, 0x000000008fa00000, 0x000000008fa00000|100%| E|  |TAMS 0x000000008f900000, 0x000000008f900000| Complete 

Card table byte_map: [0x0000018e58a20000,0x0000018e58de0000] _byte_map_base: 0x0000018e585df000

Marking Bits (Prev, Next): (CMBitMap*) 0x0000018e523aba00, (CMBitMap*) 0x0000018e523ab9c0
 Prev Bits: [0x0000018e5afa0000, 0x0000018e5cd98000)
 Next Bits: [0x0000018e591a0000, 0x0000018e5af98000)

Polling page: 0x0000018e502c0000

Metaspace:

Usage:
  Non-class:     76.86 MB used.
      Class:     12.00 MB used.
       Both:     88.86 MB used.

Virtual space:
  Non-class space:      128.00 MB reserved,      77.25 MB ( 60%) committed,  2 nodes.
      Class space:        1.00 GB reserved,      12.31 MB (  1%) committed,  1 nodes.
             Both:        1.12 GB reserved,      89.56 MB (  8%) committed. 

Chunk freelists:
   Non-Class:  2.79 MB
       Class:  3.62 MB
        Both:  6.40 MB

MaxMetaspaceSize: unlimited
CompressedClassSpaceSize: 1.00 GB
Initial GC threshold: 21.00 MB
Current GC threshold: 149.31 MB
CDS: off
MetaspaceReclaimPolicy: balanced
 - commit_granule_bytes: 65536.
 - commit_granule_words: 8192.
 - virtual_space_node_default_size: 8388608.
 - enlarge_chunks_in_place: 1.
 - new_chunks_are_fully_committed: 0.
 - uncommit_free_chunks: 1.
 - use_allocation_guard: 0.
 - handle_deallocations: 1.


Internal statistics:

num_allocs_failed_limit: 15.
num_arena_births: 930.
num_arena_deaths: 344.
num_vsnodes_births: 3.
num_vsnodes_deaths: 0.
num_space_committed: 1433.
num_space_uncommitted: 0.
num_chunks_returned_to_freelist: 420.
num_chunks_taken_from_freelist: 3896.
num_chunk_merges: 147.
num_chunk_splits: 2781.
num_chunks_enlarged: 2177.
num_inconsistent_stats: 0.

CodeCache: size=49152Kb used=14605Kb max_used=14947Kb free=34546Kb
 bounds [0x0000018e55a20000, 0x0000018e568f0000, 0x0000018e58a20000]
 total_blobs=8521 nmethods=7787 adapters=660
 compilation: enabled
              stopped_count=0, restarted_count=0
 full_count=0

Compilation events (20 events):
Event: 171.168 Thread 0x0000018e5f5412b0 7780       1       org.hibernate.validator.internal.engine.constraintvalidation.ClassBasedValidatorDescriptor::getValidatedType (5 bytes)
Event: 171.169 Thread 0x0000018e5f5412b0 nmethod 7780 0x0000018e568dd010 code [0x0000018e568dd1a0, 0x0000018e568dd278]
Event: 171.169 Thread 0x0000018e5f5412b0 7777       1       java.lang.reflect.Executable::getParameters (11 bytes)
Event: 171.169 Thread 0x0000018e5f5412b0 nmethod 7777 0x0000018e568dcc90 code [0x0000018e568dce40, 0x0000018e568dcf78]
Event: 171.169 Thread 0x0000018e5f5412b0 7779       1       org.springframework.beans.factory.annotation.InitDestroyAnnotationBeanPostProcessor::postProcessAfterInitialization (2 bytes)
Event: 171.169 Thread 0x0000018e5f5412b0 nmethod 7779 0x0000018e568dc990 code [0x0000018e568dcb20, 0x0000018e568dcbf8]
Event: 171.170 Thread 0x0000018e5f5412b0 7781   !   1       org.springframework.beans.factory.support.AbstractAutowireCapableBeanFactory::createBean (214 bytes)
Event: 171.172 Thread 0x0000018e5f5412b0 nmethod 7781 0x0000018e568db390 code [0x0000018e568db680, 0x0000018e568dc178]
Event: 171.172 Thread 0x0000018e5f5412b0 7783   !   1       org.springframework.beans.factory.support.AbstractAutowireCapableBeanFactory::applyPropertyValues (506 bytes)
Event: 171.178 Thread 0x0000018e5f5412b0 nmethod 7783 0x0000018e568d7610 code [0x0000018e568d7ae0, 0x0000018e568d9ba8]
Event: 171.178 Thread 0x0000018e5f5412b0 7787       1       org.springframework.core.MethodParameter::hasParameterAnnotation (14 bytes)
Event: 171.178 Thread 0x0000018e5f5412b0 nmethod 7787 0x0000018e568d7310 code [0x0000018e568d74a0, 0x0000018e568d7588]
Event: 171.178 Thread 0x0000018e5f5412b0 7782   !   1       org.springframework.beans.factory.support.AbstractAutowireCapableBeanFactory::doCreateBean (469 bytes)
Event: 171.182 Thread 0x0000018e5f5412b0 nmethod 7782 0x0000018e568d4b10 code [0x0000018e568d4f20, 0x0000018e568d6358]
Event: 171.183 Thread 0x0000018e5f5412b0 7784       1       org.springframework.aop.framework.autoproxy.AbstractAutoProxyCreator::postProcessAfterInitialization (38 bytes)
Event: 171.184 Thread 0x0000018e5f5412b0 nmethod 7784 0x0000018e568d3e10 code [0x0000018e568d4080, 0x0000018e568d4678]
Event: 171.184 Thread 0x0000018e5f5412b0 7785       1       org.springframework.aop.framework.autoproxy.AbstractAutoProxyCreator::wrapIfNecessary (172 bytes)
Event: 171.186 Thread 0x0000018e5f5412b0 nmethod 7785 0x0000018e568d3010 code [0x0000018e568d3280, 0x0000018e568d39e8]
Event: 171.186 Thread 0x0000018e5f5412b0 7786       1       org.springframework.context.annotation.ConfigurationClassPostProcessor$ImportAwareBeanPostProcessor::postProcessProperties (26 bytes)
Event: 171.187 Thread 0x0000018e5f5412b0 nmethod 7786 0x0000018e568d2b10 code [0x0000018e568d2cc0, 0x0000018e568d2ea8]

GC Heap History (20 events):
Event: 9.619 GC heap before
{Heap before GC invocations=26 (full 0):
 garbage-first heap   total 58368K, used 46491K [0x0000000088200000, 0x0000000100000000)
  region size 1024K, 19 young (19456K), 3 survivors (3072K)
 Metaspace       used 77652K, committed 78144K, reserved 1179648K
  class space    used 10803K, committed 11008K, reserved 1048576K
}
Event: 9.628 GC heap after
{Heap after GC invocations=27 (full 0):
 garbage-first heap   total 70656K, used 31856K [0x0000000088200000, 0x0000000100000000)
  region size 1024K, 3 young (3072K), 3 survivors (3072K)
 Metaspace       used 77652K, committed 78144K, reserved 1179648K
  class space    used 10803K, committed 11008K, reserved 1048576K
}
Event: 20.227 GC heap before
{Heap before GC invocations=28 (full 0):
 garbage-first heap   total 70656K, used 55408K [0x0000000088200000, 0x0000000100000000)
  region size 1024K, 27 young (27648K), 3 survivors (3072K)
 Metaspace       used 81549K, committed 82112K, reserved 1179648K
  class space    used 11272K, committed 11520K, reserved 1048576K
}
Event: 20.239 GC heap after
{Heap after GC invocations=29 (full 0):
 garbage-first heap   total 70656K, used 33893K [0x0000000088200000, 0x0000000100000000)
  region size 1024K, 4 young (4096K), 4 survivors (4096K)
 Metaspace       used 81549K, committed 82112K, reserved 1179648K
  class space    used 11272K, committed 11520K, reserved 1048576K
}
Event: 21.532 GC heap before
{Heap before GC invocations=29 (full 0):
 garbage-first heap   total 70656K, used 55397K [0x0000000088200000, 0x0000000100000000)
  region size 1024K, 26 young (26624K), 4 survivors (4096K)
 Metaspace       used 86190K, committed 86720K, reserved 1179648K
  class space    used 11667K, committed 11904K, reserved 1048576K
}
Event: 21.544 GC heap after
{Heap after GC invocations=30 (full 0):
 garbage-first heap   total 70656K, used 35619K [0x0000000088200000, 0x0000000100000000)
  region size 1024K, 2 young (2048K), 2 survivors (2048K)
 Metaspace       used 86190K, committed 86720K, reserved 1179648K
  class space    used 11667K, committed 11904K, reserved 1048576K
}
Event: 27.054 GC heap before
{Heap before GC invocations=30 (full 0):
 garbage-first heap   total 70656K, used 56099K [0x0000000088200000, 0x0000000100000000)
  region size 1024K, 23 young (23552K), 2 survivors (2048K)
 Metaspace       used 87991K, committed 88576K, reserved 1179648K
  class space    used 11843K, committed 12096K, reserved 1048576K
}
Event: 27.068 GC heap after
{Heap after GC invocations=31 (full 0):
 garbage-first heap   total 70656K, used 35875K [0x0000000088200000, 0x0000000100000000)
  region size 1024K, 3 young (3072K), 3 survivors (3072K)
 Metaspace       used 87991K, committed 88576K, reserved 1179648K
  class space    used 11843K, committed 12096K, reserved 1048576K
}
Event: 42.697 GC heap before
{Heap before GC invocations=32 (full 0):
 garbage-first heap   total 70656K, used 55331K [0x0000000088200000, 0x0000000100000000)
  region size 1024K, 23 young (23552K), 3 survivors (3072K)
 Metaspace       used 88413K, committed 88960K, reserved 1179648K
  class space    used 11912K, committed 12160K, reserved 1048576K
}
Event: 42.704 GC heap after
{Heap after GC invocations=33 (full 0):
 garbage-first heap   total 70656K, used 35976K [0x0000000088200000, 0x0000000100000000)
  region size 1024K, 1 young (1024K), 1 survivors (1024K)
 Metaspace       used 88413K, committed 88960K, reserved 1179648K
  class space    used 11912K, committed 12160K, reserved 1048576K
}
Event: 42.772 GC heap before
{Heap before GC invocations=33 (full 0):
 garbage-first heap   total 70656K, used 37000K [0x0000000088200000, 0x0000000100000000)
  region size 1024K, 3 young (3072K), 1 survivors (1024K)
 Metaspace       used 88775K, committed 89344K, reserved 1179648K
  class space    used 11974K, committed 12224K, reserved 1048576K
}
Event: 42.792 GC heap after
{Heap after GC invocations=34 (full 0):
 garbage-first heap   total 70656K, used 36080K [0x0000000088200000, 0x0000000100000000)
  region size 1024K, 1 young (1024K), 1 survivors (1024K)
 Metaspace       used 88775K, committed 89344K, reserved 1179648K
  class space    used 11974K, committed 12224K, reserved 1048576K
}
Event: 48.497 GC heap before
{Heap before GC invocations=34 (full 0):
 garbage-first heap   total 70656K, used 57584K [0x0000000088200000, 0x0000000100000000)
  region size 1024K, 23 young (23552K), 1 survivors (1024K)
 Metaspace       used 90297K, committed 90944K, reserved 1179648K
  class space    used 12188K, committed 12480K, reserved 1048576K
}
Event: 48.502 GC heap after
{Heap after GC invocations=35 (full 0):
 garbage-first heap   total 70656K, used 36917K [0x0000000088200000, 0x0000000100000000)
  region size 1024K, 2 young (2048K), 2 survivors (2048K)
 Metaspace       used 90297K, committed 90944K, reserved 1179648K
  class space    used 12188K, committed 12480K, reserved 1048576K
}
Event: 70.610 GC heap before
{Heap before GC invocations=36 (full 0):
 garbage-first heap   total 70656K, used 57397K [0x0000000088200000, 0x0000000100000000)
  region size 1024K, 23 young (23552K), 2 survivors (2048K)
 Metaspace       used 91032K, committed 91584K, reserved 1179648K
  class space    used 12306K, committed 12544K, reserved 1048576K
}
Event: 70.617 GC heap after
{Heap after GC invocations=37 (full 0):
 garbage-first heap   total 70656K, used 37263K [0x0000000088200000, 0x0000000100000000)
  region size 1024K, 2 young (2048K), 2 survivors (2048K)
 Metaspace       used 91032K, committed 91584K, reserved 1179648K
  class space    used 12306K, committed 12544K, reserved 1048576K
}
Event: 70.635 GC heap before
{Heap before GC invocations=37 (full 0):
 garbage-first heap   total 70656K, used 38287K [0x0000000088200000, 0x0000000100000000)
  region size 1024K, 3 young (3072K), 2 survivors (2048K)
 Metaspace       used 91032K, committed 91584K, reserved 1179648K
  class space    used 12306K, committed 12544K, reserved 1048576K
}
Event: 70.651 GC heap after
{Heap after GC invocations=38 (full 0):
 garbage-first heap   total 70656K, used 35447K [0x0000000088200000, 0x0000000100000000)
  region size 1024K, 1 young (1024K), 1 survivors (1024K)
 Metaspace       used 91032K, committed 91584K, reserved 1179648K
  class space    used 12306K, committed 12544K, reserved 1048576K
}
Event: 102.093 GC heap before
{Heap before GC invocations=38 (full 0):
 garbage-first heap   total 70656K, used 56951K [0x0000000088200000, 0x0000000100000000)
  region size 1024K, 23 young (23552K), 1 survivors (1024K)
 Metaspace       used 91104K, committed 91712K, reserved 1179648K
  class space    used 12313K, committed 12608K, reserved 1048576K
}
Event: 102.098 GC heap after
{Heap after GC invocations=39 (full 0):
 garbage-first heap   total 70656K, used 36197K [0x0000000088200000, 0x0000000100000000)
  region size 1024K, 2 young (2048K), 2 survivors (2048K)
 Metaspace       used 91104K, committed 91712K, reserved 1179648K
  class space    used 12313K, committed 12608K, reserved 1048576K
}

Dll operation events (9 events):
Event: 0.017 Loaded shared library C:\SOFTWARES\sts-4.21.0.RELEASE\plugins\org.eclipse.justj.openjdk.hotspot.jre.full.win32.x86_64_17.0.9.v20231028-0858\jre\bin\java.dll
Event: 0.404 Loaded shared library C:\SOFTWARES\sts-4.21.0.RELEASE\plugins\org.eclipse.justj.openjdk.hotspot.jre.full.win32.x86_64_17.0.9.v20231028-0858\jre\bin\jimage.dll
Event: 0.429 Loaded shared library C:\SOFTWARES\sts-4.21.0.RELEASE\plugins\org.eclipse.justj.openjdk.hotspot.jre.full.win32.x86_64_17.0.9.v20231028-0858\jre\bin\net.dll
Event: 0.432 Loaded shared library C:\SOFTWARES\sts-4.21.0.RELEASE\plugins\org.eclipse.justj.openjdk.hotspot.jre.full.win32.x86_64_17.0.9.v20231028-0858\jre\bin\nio.dll
Event: 0.440 Loaded shared library C:\SOFTWARES\sts-4.21.0.RELEASE\plugins\org.eclipse.justj.openjdk.hotspot.jre.full.win32.x86_64_17.0.9.v20231028-0858\jre\bin\zip.dll
Event: 0.536 Loaded shared library C:\SOFTWARES\sts-4.21.0.RELEASE\plugins\org.eclipse.justj.openjdk.hotspot.jre.full.win32.x86_64_17.0.9.v20231028-0858\jre\bin\management.dll
Event: 0.558 Loaded shared library C:\SOFTWARES\sts-4.21.0.RELEASE\plugins\org.eclipse.justj.openjdk.hotspot.jre.full.win32.x86_64_17.0.9.v20231028-0858\jre\bin\management_ext.dll
Event: 2.872 Loaded shared library C:\SOFTWARES\sts-4.21.0.RELEASE\plugins\org.eclipse.justj.openjdk.hotspot.jre.full.win32.x86_64_17.0.9.v20231028-0858\jre\bin\sunmscapi.dll
Event: 5.218 Loaded shared library C:\SOFTWARES\sts-4.21.0.RELEASE\plugins\org.eclipse.justj.openjdk.hotspot.jre.full.win32.x86_64_17.0.9.v20231028-0858\jre\bin\verify.dll

Deoptimization events (20 events):
Event: 9.106 Thread 0x0000018e5017e0b0 DEOPT PACKING pc=0x0000018e55f6d9c2 sp=0x0000000466dfd570
Event: 9.106 Thread 0x0000018e5017e0b0 DEOPT UNPACKING pc=0x0000018e55a77143 sp=0x0000000466dfca78 mode 3
Event: 21.739 Thread 0x0000018e65a6ef00 DEOPT PACKING pc=0x0000018e5659d08b sp=0x00000004695fb8d0
Event: 21.739 Thread 0x0000018e65a6ef00 DEOPT UNPACKING pc=0x0000018e55a77143 sp=0x00000004695fafc8 mode 3
Event: 22.307 Thread 0x0000018e65a6ef00 DEOPT PACKING pc=0x0000018e5669686e sp=0x00000004695fa890
Event: 22.307 Thread 0x0000018e65a6ef00 DEOPT UNPACKING pc=0x0000018e55a77143 sp=0x00000004695f9d60 mode 3
Event: 27.051 Thread 0x0000018e65a6f920 DEOPT PACKING pc=0x0000018e5661114f sp=0x00000004696fbba0
Event: 27.051 Thread 0x0000018e65a6f920 DEOPT UNPACKING pc=0x0000018e55a77143 sp=0x00000004696fb090 mode 3
Event: 27.196 Thread 0x0000018e65a6f920 DEOPT PACKING pc=0x0000018e565f0c66 sp=0x00000004696fbb90
Event: 27.196 Thread 0x0000018e65a6f920 DEOPT UNPACKING pc=0x0000018e55a77143 sp=0x00000004696fb030 mode 3
Event: 37.166 Thread 0x0000018e65a6fe30 DEOPT PACKING pc=0x0000018e565f3a36 sp=0x00000004697fb1c0
Event: 37.166 Thread 0x0000018e65a6fe30 DEOPT UNPACKING pc=0x0000018e55a77143 sp=0x00000004697fa6b8 mode 3
Event: 43.199 Thread 0x0000018e65a70340 DEOPT PACKING pc=0x0000018e55b7f120 sp=0x00000004698fbb10
Event: 43.199 Thread 0x0000018e65a70340 DEOPT UNPACKING pc=0x0000018e55a77143 sp=0x00000004698faf90 mode 3
Event: 48.539 Thread 0x0000018e65a6dac0 DEOPT PACKING pc=0x0000018e55b6901a sp=0x00000004699fb870
Event: 48.539 Thread 0x0000018e65a6dac0 DEOPT UNPACKING pc=0x0000018e55a77143 sp=0x00000004699fad18 mode 3
Event: 48.587 Thread 0x0000018e65a6dac0 DEOPT PACKING pc=0x0000018e5665ffd8 sp=0x00000004699fbfa0
Event: 48.587 Thread 0x0000018e65a6dac0 DEOPT UNPACKING pc=0x0000018e55a77143 sp=0x00000004699fb548 mode 3
Event: 70.757 Thread 0x0000018e65a6d0a0 DEOPT PACKING pc=0x0000018e567b0c51 sp=0x0000000469cfb660
Event: 70.757 Thread 0x0000018e65a6d0a0 DEOPT UNPACKING pc=0x0000018e55a77143 sp=0x0000000469cfabd8 mode 3

Classes unloaded (20 events):
Event: 102.242 Thread 0x0000018e5f3db7d0 Unloading class 0x000000010014b400 'java/lang/invoke/LambdaForm$MH+0x000000010014b400'
Event: 102.242 Thread 0x0000018e5f3db7d0 Unloading class 0x0000000100143000 'java/lang/invoke/LambdaForm$MH+0x0000000100143000'
Event: 102.242 Thread 0x0000018e5f3db7d0 Unloading class 0x0000000100142c00 'java/lang/invoke/LambdaForm$MH+0x0000000100142c00'
Event: 102.242 Thread 0x0000018e5f3db7d0 Unloading class 0x0000000100142800 'java/lang/invoke/LambdaForm$MH+0x0000000100142800'
Event: 102.242 Thread 0x0000018e5f3db7d0 Unloading class 0x0000000100142400 'java/lang/invoke/LambdaForm$MH+0x0000000100142400'
Event: 102.242 Thread 0x0000018e5f3db7d0 Unloading class 0x0000000100142000 'java/lang/invoke/LambdaForm$MH+0x0000000100142000'
Event: 102.242 Thread 0x0000018e5f3db7d0 Unloading class 0x0000000100141c00 'java/lang/invoke/LambdaForm$MH+0x0000000100141c00'
Event: 102.242 Thread 0x0000018e5f3db7d0 Unloading class 0x00000001000c6000 'java/lang/invoke/LambdaForm$MH+0x00000001000c6000'
Event: 102.242 Thread 0x0000018e5f3db7d0 Unloading class 0x00000001000c5c00 'java/lang/invoke/LambdaForm$MH+0x00000001000c5c00'
Event: 102.242 Thread 0x0000018e5f3db7d0 Unloading class 0x00000001000c5800 'java/lang/invoke/LambdaForm$MH+0x00000001000c5800'
Event: 102.242 Thread 0x0000018e5f3db7d0 Unloading class 0x00000001000c5400 'java/lang/invoke/LambdaForm$MH+0x00000001000c5400'
Event: 102.242 Thread 0x0000018e5f3db7d0 Unloading class 0x00000001000c5000 'java/lang/invoke/LambdaForm$MH+0x00000001000c5000'
Event: 102.242 Thread 0x0000018e5f3db7d0 Unloading class 0x00000001000c4c00 'java/lang/invoke/LambdaForm$MH+0x00000001000c4c00'
Event: 102.242 Thread 0x0000018e5f3db7d0 Unloading class 0x00000001000c3c00 'java/lang/invoke/LambdaForm$MH+0x00000001000c3c00'
Event: 102.242 Thread 0x0000018e5f3db7d0 Unloading class 0x00000001000c3800 'java/lang/invoke/LambdaForm$MH+0x00000001000c3800'
Event: 102.242 Thread 0x0000018e5f3db7d0 Unloading class 0x00000001000c3000 'java/lang/invoke/LambdaForm$MH+0x00000001000c3000'
Event: 102.242 Thread 0x0000018e5f3db7d0 Unloading class 0x00000001000c2400 'java/lang/invoke/LambdaForm$MH+0x00000001000c2400'
Event: 102.242 Thread 0x0000018e5f3db7d0 Unloading class 0x00000001000c1c00 'java/lang/invoke/LambdaForm$MH+0x00000001000c1c00'
Event: 102.242 Thread 0x0000018e5f3db7d0 Unloading class 0x00000001000c1400 'java/lang/invoke/LambdaForm$MH+0x00000001000c1400'
Event: 102.242 Thread 0x0000018e5f3db7d0 Unloading class 0x00000001000c0c00 'java/lang/invoke/LambdaForm$MH+0x00000001000c0c00'

Classes redefined (0 events):
No events

Internal exceptions (20 events):
Event: 48.279 Thread 0x0000018e65a6dac0 Exception <a 'java/lang/ClassNotFoundException'{0x000000008b79e430}: org/springframework/web/servlet/tags/form/FormTagCustomizer> (0x000000008b79e430) 
thrown [s\src\hotspot\share\classfile\systemDictionary.cpp, line 256]
Event: 48.289 Thread 0x0000018e65a6dac0 Exception <a 'java/lang/ClassNotFoundException'{0x000000008b601990}: org/springframework/web/servlet/tags/form/InputTagBeanInfo> (0x000000008b601990) 
thrown [s\src\hotspot\share\classfile\systemDictionary.cpp, line 256]
Event: 48.290 Thread 0x0000018e65a6dac0 Exception <a 'java/lang/ClassNotFoundException'{0x000000008b609db0}: org/springframework/web/servlet/tags/form/AbstractHtmlInputElementTagBeanInfo> (0x000000008b609db0) 
thrown [s\src\hotspot\share\classfile\systemDictionary.cpp, line 256]
Event: 48.292 Thread 0x0000018e65a6dac0 Exception <a 'java/lang/ClassNotFoundException'{0x000000008b6126b0}: org/springframework/web/servlet/tags/form/AbstractHtmlInputElementTagCustomizer> (0x000000008b6126b0) 
thrown [s\src\hotspot\share\classfile\systemDictionary.cpp, line 256]
Event: 48.296 Thread 0x0000018e65a6dac0 Exception <a 'java/lang/ClassNotFoundException'{0x000000008b624d40}: org/springframework/web/servlet/tags/form/InputTagCustomizer> (0x000000008b624d40) 
thrown [s\src\hotspot\share\classfile\systemDictionary.cpp, line 256]
Event: 48.300 Thread 0x0000018e65a6dac0 Exception <a 'java/lang/ClassNotFoundException'{0x000000008b63e260}: org/springframework/web/servlet/tags/form/ErrorsTagBeanInfo> (0x000000008b63e260) 
thrown [s\src\hotspot\share\classfile\systemDictionary.cpp, line 256]
Event: 48.301 Thread 0x0000018e65a6dac0 Exception <a 'java/lang/ClassNotFoundException'{0x000000008b646698}: org/springframework/web/servlet/tags/form/AbstractHtmlElementBodyTagBeanInfo> (0x000000008b646698) 
thrown [s\src\hotspot\share\classfile\systemDictionary.cpp, line 256]
Event: 48.304 Thread 0x0000018e65a6dac0 Exception <a 'java/lang/ClassNotFoundException'{0x000000008b64edb0}: org/springframework/web/servlet/tags/form/AbstractHtmlElementBodyTagCustomizer> (0x000000008b64edb0) 
thrown [s\src\hotspot\share\classfile\systemDictionary.cpp, line 256]
Event: 48.306 Thread 0x0000018e65a6dac0 Exception <a 'java/lang/ClassNotFoundException'{0x000000008b65efe0}: org/springframework/web/servlet/tags/form/ErrorsTagCustomizer> (0x000000008b65efe0) 
thrown [s\src\hotspot\share\classfile\systemDictionary.cpp, line 256]
Event: 48.310 Thread 0x0000018e65a6dac0 Exception <a 'java/lang/ClassNotFoundException'{0x000000008b6825f8}: org/springframework/web/servlet/tags/form/PasswordInputTagBeanInfo> (0x000000008b6825f8) 
thrown [s\src\hotspot\share\classfile\systemDictionary.cpp, line 256]
Event: 48.312 Thread 0x0000018e65a6dac0 Exception <a 'java/lang/ClassNotFoundException'{0x000000008b68a1e0}: org/springframework/web/servlet/tags/form/PasswordInputTagCustomizer> (0x000000008b68a1e0) 
thrown [s\src\hotspot\share\classfile\systemDictionary.cpp, line 256]
Event: 48.539 Thread 0x0000018e65a6dac0 Implicit null exception at 0x0000018e55b68f66 to 0x0000018e55b69015
Event: 48.587 Thread 0x0000018e65a6dac0 Implicit null exception at 0x0000018e5665edf9 to 0x0000018e5665ffd3
Event: 62.476 Thread 0x0000018e65a6f410 Exception <a 'java/lang/NoSuchMethodError'{0x000000008be48d30}: 'int java.lang.invoke.DirectMethodHandle$Holder.invokeStatic(java.lang.Object, java.lang.Object, int, int)'> (0x000000008be48d30) 
thrown [s\src\hotspot\share\interpreter\linkResolver.cpp, line 759]
Event: 67.641 Thread 0x0000018e65a70850 Exception <a 'java/lang/IncompatibleClassChangeError'{0x000000008b7fef50}: Found class java.lang.Object, but interface was expected> (0x000000008b7fef50) 
thrown [s\src\hotspot\share\interpreter\linkResolver.cpp, line 826]
Event: 70.418 Thread 0x0000018e65a6d0a0 Exception <a 'java/lang/NoSuchMethodError'{0x000000008b50c2f0}: 'void java.lang.invoke.DirectMethodHandle$Holder.invokeSpecialIFC(java.lang.Object, java.lang.Object, int, java.lang.Object, java.lang.Object, java.lang.Object, java.lang.Object)'> (0x000000008b50c2f0) 
thrown [s\src\hotspot\share\interpreter\linkResolver.cpp, line 759]
Event: 70.504 Thread 0x0000018e65a6d0a0 Exception <a 'java/lang/NoSuchMethodError'{0x000000008b489a48}: 'java.lang.Object java.lang.invoke.Invokers$Holder.linkToTargetMethod(java.lang.Object, int, int, java.lang.Object)'> (0x000000008b489a48) 
thrown [s\src\hotspot\share\interpreter\linkResolver.cpp, line 759]
Event: 70.757 Thread 0x0000018e65a6d0a0 Implicit null exception at 0x0000018e567b0118 to 0x0000018e567b0c4c
Event: 96.525 Thread 0x0000018e65a6fe30 Exception <a 'java/lang/ClassNotFoundException'{0x000000008bdbfbd8}: org/springframework/web/servlet/tags/form/TextareaTagBeanInfo> (0x000000008bdbfbd8) 
thrown [s\src\hotspot\share\classfile\systemDictionary.cpp, line 256]
Event: 96.527 Thread 0x0000018e65a6fe30 Exception <a 'java/lang/ClassNotFoundException'{0x000000008bdc7698}: org/springframework/web/servlet/tags/form/TextareaTagCustomizer> (0x000000008bdc7698) 
thrown [s\src\hotspot\share\classfile\systemDictionary.cpp, line 256]

VM Operations (20 events):
Event: 96.929 Executing VM operation: Cleanup
Event: 96.930 Executing VM operation: Cleanup done
Event: 101.971 Executing VM operation: Cleanup
Event: 101.972 Executing VM operation: Cleanup done
Event: 102.093 Executing VM operation: G1CollectForAllocation
Event: 102.098 Executing VM operation: G1CollectForAllocation done
Event: 102.241 Executing VM operation: G1PauseRemark
Event: 102.256 Executing VM operation: G1PauseRemark done
Event: 102.327 Executing VM operation: G1PauseCleanup
Event: 102.327 Executing VM operation: G1PauseCleanup done
Event: 105.352 Executing VM operation: Cleanup
Event: 105.352 Executing VM operation: Cleanup done
Event: 120.153 Executing VM operation: HandshakeAllThreads
Event: 120.153 Executing VM operation: HandshakeAllThreads done
Event: 132.283 Executing VM operation: Cleanup
Event: 132.283 Executing VM operation: Cleanup done
Event: 144.401 Executing VM operation: Cleanup
Event: 144.402 Executing VM operation: Cleanup done
Event: 145.413 Executing VM operation: Cleanup
Event: 145.413 Executing VM operation: Cleanup done

Events (20 events):
Event: 48.258 loading class com/sun/beans/introspect/PropertyInfo$Name done
Event: 48.259 loading class java/beans/IndexedPropertyDescriptor
Event: 48.259 loading class java/beans/IndexedPropertyDescriptor done
Event: 48.259 loading class java/beans/GenericBeanInfo
Event: 48.259 loading class java/beans/GenericBeanInfo done
Event: 48.735 loading class java/lang/StringEditor
Event: 48.735 loading class java/lang/StringEditor done
Event: 48.740 loading class sun/reflect/annotation/AnnotationInvocationHandler$1
Event: 48.740 loading class sun/reflect/annotation/AnnotationInvocationHandler$1 done
Event: 51.781 Thread 0x0000018e66487070 Thread exited: 0x0000018e66487070
Event: 70.767 Thread 0x0000018e6b01e490 Thread added: 0x0000018e6b01e490
Event: 84.832 Thread 0x0000018e6b01e490 Thread exited: 0x0000018e6b01e490
Event: 91.043 Thread 0x0000018e6447a400 Thread exited: 0x0000018e6447a400
Event: 91.043 Thread 0x0000018e662cd3a0 Thread exited: 0x0000018e662cd3a0
Event: 91.043 Thread 0x0000018e662cce90 Thread exited: 0x0000018e662cce90
Event: 91.043 Thread 0x0000018e662cd8b0 Thread exited: 0x0000018e662cd8b0
Event: 91.073 Thread 0x0000018e662cbf60 Thread exited: 0x0000018e662cbf60
Event: 91.073 Thread 0x0000018e5f7cf420 Thread exited: 0x0000018e5f7cf420
Event: 96.535 Thread 0x0000018e6b01af70 Thread added: 0x0000018e6b01af70
Event: 101.879 Thread 0x0000018e6b01af70 Thread exited: 0x0000018e6b01af70


Dynamic libraries:
0x00007ff772ba0000 - 0x00007ff772bae000 	C:\SOFTWARES\sts-4.21.0.RELEASE\plugins\org.eclipse.justj.openjdk.hotspot.jre.full.win32.x86_64_17.0.9.v20231028-0858\jre\bin\javaw.exe
0x00007ffaf6930000 - 0x00007ffaf6b28000 	C:\Windows\SYSTEM32\ntdll.dll
0x00007ffaf6180000 - 0x00007ffaf623f000 	C:\Windows\System32\KERNEL32.DLL
0x00007ffaf41a0000 - 0x00007ffaf4496000 	C:\Windows\System32\KERNELBASE.dll
0x00007ffaf4680000 - 0x00007ffaf4780000 	C:\Windows\System32\ucrtbase.dll
0x00007ffaf1f90000 - 0x00007ffaf1fa7000 	C:\SOFTWARES\sts-4.21.0.RELEASE\plugins\org.eclipse.justj.openjdk.hotspot.jre.full.win32.x86_64_17.0.9.v20231028-0858\jre\bin\jli.dll
0x00007ffaf5950000 - 0x00007ffaf5aed000 	C:\Windows\System32\USER32.dll
0x00007ffaf4010000 - 0x00007ffaf4032000 	C:\Windows\System32\win32u.dll
0x00007ffaf4c70000 - 0x00007ffaf4c9c000 	C:\Windows\System32\GDI32.dll
0x00007ffaf4870000 - 0x00007ffaf4985000 	C:\Windows\System32\gdi32full.dll
0x00007ffaf4780000 - 0x00007ffaf481d000 	C:\Windows\System32\msvcp_win.dll
0x00007ffaf1f70000 - 0x00007ffaf1f8b000 	C:\SOFTWARES\sts-4.21.0.RELEASE\plugins\org.eclipse.justj.openjdk.hotspot.jre.full.win32.x86_64_17.0.9.v20231028-0858\jre\bin\VCRUNTIME140.dll
0x00007ffaf33a0000 - 0x00007ffaf363a000 	C:\Windows\WinSxS\amd64_microsoft.windows.common-controls_6595b64144ccf1df_6.0.19041.1110_none_60b5254171f9507e\COMCTL32.dll
0x00007ffaf62a0000 - 0x00007ffaf633e000 	C:\Windows\System32\msvcrt.dll
0x00007ffaf68c0000 - 0x00007ffaf68f0000 	C:\Windows\System32\IMM32.DLL
0x00007ffaf1f60000 - 0x00007ffaf1f6c000 	C:\SOFTWARES\sts-4.21.0.RELEASE\plugins\org.eclipse.justj.openjdk.hotspot.jre.full.win32.x86_64_17.0.9.v20231028-0858\jre\bin\vcruntime140_1.dll
0x00007ffab0340000 - 0x00007ffab03cd000 	C:\SOFTWARES\sts-4.21.0.RELEASE\plugins\org.eclipse.justj.openjdk.hotspot.jre.full.win32.x86_64_17.0.9.v20231028-0858\jre\bin\msvcp140.dll
0x00007ffab2b60000 - 0x00007ffab37c1000 	C:\SOFTWARES\sts-4.21.0.RELEASE\plugins\org.eclipse.justj.openjdk.hotspot.jre.full.win32.x86_64_17.0.9.v20231028-0858\jre\bin\server\jvm.dll
0x00007ffaf6340000 - 0x00007ffaf63ef000 	C:\Windows\System32\ADVAPI32.dll
0x00007ffaf5530000 - 0x00007ffaf55cc000 	C:\Windows\System32\sechost.dll
0x00007ffaf4a50000 - 0x00007ffaf4b76000 	C:\Windows\System32\RPCRT4.dll
0x00007ffaf3e80000 - 0x00007ffaf3ecb000 	C:\Windows\SYSTEM32\POWRPROF.dll
0x00007ffae2970000 - 0x00007ffae2979000 	C:\Windows\SYSTEM32\WSOCK32.dll
0x00007ffaf4b80000 - 0x00007ffaf4beb000 	C:\Windows\System32\WS2_32.dll
0x00007ffad5570000 - 0x00007ffad5597000 	C:\Windows\SYSTEM32\WINMM.dll
0x00007ffae2f00000 - 0x00007ffae2f0a000 	C:\Windows\SYSTEM32\VERSION.dll
0x00007ffaf3e60000 - 0x00007ffaf3e72000 	C:\Windows\SYSTEM32\UMPDC.dll
0x00007ffaf21f0000 - 0x00007ffaf2202000 	C:\Windows\SYSTEM32\kernel.appcore.dll
0x00007ffaed260000 - 0x00007ffaed26a000 	C:\SOFTWARES\sts-4.21.0.RELEASE\plugins\org.eclipse.justj.openjdk.hotspot.jre.full.win32.x86_64_17.0.9.v20231028-0858\jre\bin\jimage.dll
0x00007ffaf3930000 - 0x00007ffaf3b14000 	C:\Windows\SYSTEM32\DBGHELP.DLL
0x00007ffaf3750000 - 0x00007ffaf3784000 	C:\Windows\SYSTEM32\dbgcore.DLL
0x00007ffaf44d0000 - 0x00007ffaf4552000 	C:\Windows\System32\bcryptPrimitives.dll
0x00007ffaeb8b0000 - 0x00007ffaeb8d5000 	C:\SOFTWARES\sts-4.21.0.RELEASE\plugins\org.eclipse.justj.openjdk.hotspot.jre.full.win32.x86_64_17.0.9.v20231028-0858\jre\bin\java.dll
0x00007ffad6f40000 - 0x00007ffad6f58000 	C:\SOFTWARES\sts-4.21.0.RELEASE\plugins\org.eclipse.justj.openjdk.hotspot.jre.full.win32.x86_64_17.0.9.v20231028-0858\jre\bin\zip.dll
0x00007ffaf4ca0000 - 0x00007ffaf53e4000 	C:\Windows\System32\SHELL32.dll
0x00007ffaf11f0000 - 0x00007ffaf1983000 	C:\Windows\SYSTEM32\windows.storage.dll
0x00007ffaf5af0000 - 0x00007ffaf5e44000 	C:\Windows\System32\combase.dll
0x00007ffaf3300000 - 0x00007ffaf332e000 	C:\Windows\SYSTEM32\Wldp.dll
0x00007ffaf58a0000 - 0x00007ffaf594d000 	C:\Windows\System32\SHCORE.dll
0x00007ffaf63f0000 - 0x00007ffaf6445000 	C:\Windows\System32\shlwapi.dll
0x00007ffaf3f50000 - 0x00007ffaf3f6f000 	C:\Windows\SYSTEM32\profapi.dll
0x00007ffad1140000 - 0x00007ffad1159000 	C:\SOFTWARES\sts-4.21.0.RELEASE\plugins\org.eclipse.justj.openjdk.hotspot.jre.full.win32.x86_64_17.0.9.v20231028-0858\jre\bin\net.dll
0x00007ffae6fb0000 - 0x00007ffae70ba000 	C:\Windows\SYSTEM32\WINHTTP.dll
0x00007ffaf3060000 - 0x00007ffaf30ca000 	C:\Windows\system32\mswsock.dll
0x00007ffacfde0000 - 0x00007ffacfdf6000 	C:\SOFTWARES\sts-4.21.0.RELEASE\plugins\org.eclipse.justj.openjdk.hotspot.jre.full.win32.x86_64_17.0.9.v20231028-0858\jre\bin\nio.dll
0x00007ffaf1f50000 - 0x00007ffaf1f59000 	C:\SOFTWARES\sts-4.21.0.RELEASE\plugins\org.eclipse.justj.openjdk.hotspot.jre.full.win32.x86_64_17.0.9.v20231028-0858\jre\bin\management.dll
0x00007ffaf1f10000 - 0x00007ffaf1f1b000 	C:\SOFTWARES\sts-4.21.0.RELEASE\plugins\org.eclipse.justj.openjdk.hotspot.jre.full.win32.x86_64_17.0.9.v20231028-0858\jre\bin\management_ext.dll
0x00007ffaf5520000 - 0x00007ffaf5528000 	C:\Windows\System32\PSAPI.DLL
0x00007ffad6e20000 - 0x00007ffad6e37000 	C:\Windows\system32\napinsp.dll
0x00007ffad6e00000 - 0x00007ffad6e1b000 	C:\Windows\system32\pnrpnsp.dll
0x00007ffad6de0000 - 0x00007ffad6df5000 	C:\Windows\system32\wshbth.dll
0x00007ffaee680000 - 0x00007ffaee69d000 	C:\Windows\system32\NLAapi.dll
0x00007ffaf2d50000 - 0x00007ffaf2d8c000 	C:\Windows\SYSTEM32\IPHLPAPI.DLL
0x00007ffaf2d90000 - 0x00007ffaf2e5b000 	C:\Windows\SYSTEM32\DNSAPI.dll
0x00007ffaf4a40000 - 0x00007ffaf4a48000 	C:\Windows\System32\NSI.dll
0x00007ffad6dc0000 - 0x00007ffad6dd2000 	C:\Windows\System32\winrnr.dll
0x00007ffae3d60000 - 0x00007ffae3d6a000 	C:\Windows\System32\rasadhlp.dll
0x00007ffae4190000 - 0x00007ffae4212000 	C:\Windows\System32\fwpuclnt.dll
0x00007ffaf44a0000 - 0x00007ffaf44c7000 	C:\Windows\System32\bcrypt.dll
0x00007ffaf3cc0000 - 0x00007ffaf3cd8000 	C:\Windows\SYSTEM32\CRYPTSP.dll
0x00007ffaf29e0000 - 0x00007ffaf2a14000 	C:\Windows\system32\rsaenh.dll
0x00007ffaf3f10000 - 0x00007ffaf3f3e000 	C:\Windows\SYSTEM32\USERENV.dll
0x00007ffaf3250000 - 0x00007ffaf325c000 	C:\Windows\SYSTEM32\CRYPTBASE.dll
0x00007ffae7980000 - 0x00007ffae7997000 	C:\Windows\SYSTEM32\dhcpcsvc6.DLL
0x00007ffae91d0000 - 0x00007ffae91ed000 	C:\Windows\SYSTEM32\dhcpcsvc.DLL
0x00007ffad83d0000 - 0x00007ffad83de000 	C:\SOFTWARES\sts-4.21.0.RELEASE\plugins\org.eclipse.justj.openjdk.hotspot.jre.full.win32.x86_64_17.0.9.v20231028-0858\jre\bin\sunmscapi.dll
0x00007ffaf4040000 - 0x00007ffaf419e000 	C:\Windows\System32\CRYPT32.dll
0x00007ffaf3370000 - 0x00007ffaf3398000 	C:\Windows\SYSTEM32\ncrypt.dll
0x00007ffaf3330000 - 0x00007ffaf336b000 	C:\Windows\SYSTEM32\NTASN1.dll
0x00007ffaeb8a0000 - 0x00007ffaeb8b0000 	C:\SOFTWARES\sts-4.21.0.RELEASE\plugins\org.eclipse.justj.openjdk.hotspot.jre.full.win32.x86_64_17.0.9.v20231028-0858\jre\bin\verify.dll
0x00007ffaf0650000 - 0x00007ffaf0657000 	C:\Windows\system32\wshunix.dll

dbghelp: loaded successfully - version: 4.0.5 - missing functions: none
symbol engine: initialized successfully - sym options: 0x614 - pdb path: .;C:\SOFTWARES\sts-4.21.0.RELEASE\plugins\org.eclipse.justj.openjdk.hotspot.jre.full.win32.x86_64_17.0.9.v20231028-0858\jre\bin;C:\Windows\SYSTEM32;C:\Windows\WinSxS\amd64_microsoft.windows.common-controls_6595b64144ccf1df_6.0.19041.1110_none_60b5254171f9507e;C:\SOFTWARES\sts-4.21.0.RELEASE\plugins\org.eclipse.justj.openjdk.hotspot.jre.full.win32.x86_64_17.0.9.v20231028-0858\jre\bin\server

VM Arguments:
jvm_args: -Dcom.sun.management.jmxremote -Dcom.sun.management.jmxremote.port=50977 -Dcom.sun.management.jmxremote.authenticate=false -Dcom.sun.management.jmxremote.ssl=false -Djava.rmi.server.hostname=localhost -Dspring.jmx.enabled=true -Dmanagement.endpoints.jmx.exposure.include=* -Dspring.application.admin.enabled=true -XX:TieredStopAtLevel=1 -Dspring.boot.project.name=PROJECT_2_part_start -Dfile.encoding=UTF-8 -Dstdout.encoding=UTF-8 -Dstderr.encoding=UTF-8 -XX:+ShowCodeDetailsInExceptionMessages 
java_command: in.sp.main.ProjectApplication --spring.output.ansi.enabled=always
java_class_path (initial): C:\Users\DELL\Desktop\SPRING   & SPRINGBOOT\SPRINGBOOT\PROJECT_2_part_start\target\classes;C:\Users\DELL\.m2\repository\org\springframework\boot\spring-boot-starter-web\3.2.2\spring-boot-starter-web-3.2.2.jar;C:\Users\DELL\.m2\repository\org\springframework\boot\spring-boot-starter\3.2.2\spring-boot-starter-3.2.2.jar;C:\Users\DELL\.m2\repository\org\springframework\boot\spring-boot\3.2.2\spring-boot-3.2.2.jar;C:\Users\DELL\.m2\repository\org\springframework\boot\spring-boot-autoconfigure\3.2.2\spring-boot-autoconfigure-3.2.2.jar;C:\Users\DELL\.m2\repository\org\springframework\boot\spring-boot-starter-logging\3.2.2\spring-boot-starter-logging-3.2.2.jar;C:\Users\DELL\.m2\repository\ch\qos\logback\logback-classic\1.4.14\logback-classic-1.4.14.jar;C:\Users\DELL\.m2\repository\ch\qos\logback\logback-core\1.4.14\logback-core-1.4.14.jar;C:\Users\DELL\.m2\repository\org\apache\logging\log4j\log4j-to-slf4j\2.21.1\log4j-to-slf4j-2.21.1.jar;C:\Users\DELL\.m2\repository\org\apache\logging\log4j\log4j-api\2.21.1\log4j-api-2.21.1.jar;C:\Users\DELL\.m2\repository\org\slf4j\jul-to-slf4j\2.0.11\jul-to-slf4j-2.0.11.jar;C:\Users\DELL\.m2\repository\jakarta\annotation\jakarta.annotation-api\2.1.1\jakarta.annotation-api-2.1.1.jar;C:\Users\DELL\.m2\repository\org\yaml\snakeyaml\2.2\snakeyaml-2.2.jar;C:\Users\DELL\.m2\repository\org\springframework\boot\spring-boot-starter-json\3.2.2\spring-boot-starter-json-3.2.2.jar;C:\Users\DELL\.m2\repository\com\fasterxml\jackson\core\jackson-databind\2.15.3\jackson-databind-2.15.3.jar;C:\Users\DELL\.m2\repository\com\fasterxml\jackson\core\jackson-annotations\2.15.3\jackson-annotations-2.15.3.jar;C:\Users\DELL\.m2\repository\com\fasterxml\jackson\core\jackson-core\2.15.3\jackson-core-2.15.3.jar;C:\Users\DELL\.m2\repository\com\fasterxml\jackson\datatype\jackson-datatype-jdk8\2.15.3\jackson-datatype-jdk8-2.15.3.jar;C:\Users\DELL\.m2\repository\com\fasterxml\jackson\datatype\jackson-datatype-jsr310\2.15.3\jackson-datatype
Launcher Type: SUN_STANDARD

[Global flags]
     intx CICompilerCount                          = 3                                         {product} {ergonomic}
     uint ConcGCThreads                            = 1                                         {product} {ergonomic}
     uint G1ConcRefinementThreads                  = 4                                         {product} {ergonomic}
   size_t G1HeapRegionSize                         = 1048576                                   {product} {ergonomic}
    uintx GCDrainStackTargetSize                   = 64                                        {product} {ergonomic}
   size_t InitialHeapSize                          = 125829120                                 {product} {ergonomic}
     bool ManagementServer                         = true                                      {product} {command line}
   size_t MarkStackSize                            = 4194304                                   {product} {ergonomic}
   size_t MaxHeapSize                              = 2011168768                                {product} {ergonomic}
   size_t MaxNewSize                               = 1205862400                                {product} {ergonomic}
   size_t MinHeapDeltaBytes                        = 1048576                                   {product} {ergonomic}
   size_t MinHeapSize                              = 8388608                                   {product} {ergonomic}
    uintx NonProfiledCodeHeapSize                  = 0                                      {pd product} {ergonomic}
     bool ProfileInterpreter                       = false                                  {pd product} {command line}
    uintx ProfiledCodeHeapSize                     = 0                                      {pd product} {ergonomic}
     bool ShowCodeDetailsInExceptionMessages       = true                                   {manageable} {command line}
   size_t SoftMaxHeapSize                          = 2011168768                             {manageable} {ergonomic}
     intx TieredStopAtLevel                        = 1                                         {product} {command line}
     bool UseCompressedClassPointers               = true                           {product lp64_product} {ergonomic}
     bool UseCompressedOops                        = true                           {product lp64_product} {ergonomic}
     bool UseG1GC                                  = true                                      {product} {ergonomic}
     bool UseLargePagesIndividualAllocation        = false                                  {pd product} {ergonomic}

Logging:
Log output configuration:
 #0: stdout all=warning uptime,level,tags
 #1: stderr all=off uptime,level,tags

Environment Variables:
JAVA_HOME=C:\Program Files (x86)\Java\jre-1.8
CLASSPATH="C:\Users\DELL\Desktop\mysql-connector-j-8.0.32.jar;."
PATH=C:/SOFTWARES/sts-4.21.0.RELEASE//plugins/org.eclipse.justj.openjdk.hotspot.jre.full.win32.x86_64_17.0.9.v20231028-0858/jre/bin/server;C:/SOFTWARES/sts-4.21.0.RELEASE//plugins/org.eclipse.justj.openjdk.hotspot.jre.full.win32.x86_64_17.0.9.v20231028-0858/jre/bin;C:\Program Files (x86)\Common Files\Oracle\Java\javapath;C:\Windows\system32;C:\Program Files\MySQL\MySQL Server 8.0\bin;C:\Program Files\MySQL\MySQL Shell 8.0\bin;C:\mysql-connector-j-8.1.0.jar;C:\Windows;C:\Windows\System32\Wbem;C:\Windows\System32\WindowsPowerShell\v1.0\;C:\Windows\System32\OpenSSH\;C:\Program Files (x86)\Java\jre-1.8\BIN;C:\Program Files (x86)\Java\jre-1.8\BEAN;C:\Program Files\MySQL\MySQL Shell 8.0\bin\;C:\Users\DELL\AppData\Local\Microsoft\WindowsApps;C:\Users\DELL\AppData\Local\Programs\Microsoft VS Code\bin;C:\Users\DELL\Downloads\jdk-20_windows-x64_bin.msi;;C:\SOFTWARES\sts-4.21.0.RELEASE;
USERNAME=DELL
OS=Windows_NT
PROCESSOR_IDENTIFIER=Intel64 Family 6 Model 78 Stepping 3, GenuineIntel
TMP=C:\Users\DELL\AppData\Local\Temp
TEMP=C:\Users\DELL\AppData\Local\Temp



Periodic native trim disabled


---------------  S Y S T E M  ---------------

OS:
 Windows 10 , 64 bit Build 19041 (10.0.19041.2913)
OS uptime: 0 days 3:40 hours

CPU: total 4 (initial active 4) (2 cores per cpu, 2 threads per core) family 6 model 78 stepping 3 microcode 0xcc, cx8, cmov, fxsr, ht, mmx, 3dnowpref, sse, sse2, sse3, ssse3, sse4.1, sse4.2, popcnt, lzcnt, tsc, tscinvbit, avx, avx2, aes, erms, clmul, bmi1, bmi2, adx, fma, vzeroupper, clflush, clflushopt
Processor Information for all 4 processors :
  Max Mhz: 2000, Current Mhz: 1500, Mhz Limit: 2000

Memory: 4k page, system-wide physical 7669M (2956M free)
TotalPageFile size 15349M (AvailPageFile size 9303M)
current process WorkingSet (physical memory assigned to process): 250M, peak: 250M
current process commit charge ("private bytes"): 274M, peak: 274M

vm_info: OpenJDK 64-Bit Server VM (17.0.9+9) for windows-amd64 JRE (17.0.9+9), built on Oct 26 2023 14:01:42 by "admin" with MS VC++ 16.10 / 16.11 (VS2019)

END.
