#
# A fatal error has been detected by the Java Runtime Environment:
#
#  EXCEPTION_ACCESS_VIOLATION (0xc0000005) at pc=0x00007ffcf5803c22, pid=8976, tid=3784
#
# JRE version: OpenJDK Runtime Environment Temurin-17.0.9+9 (17.0.9+9) (build 17.0.9+9)
# Java VM: OpenJDK 64-Bit Server VM Temurin-17.0.9+9 (17.0.9+9, mixed mode, emulated-client, tiered, compressed oops, compressed class ptrs, g1 gc, windows-amd64)
# Problematic frame:
# V  [jvm.dll+0x373c22]
#
# No core dump will be written. Minidumps are not enabled by default on client versions of Windows
#
# If you would like to submit a bug report, please visit:
#   https://github.com/adoptium/adoptium-support/issues
#

---------------  S U M M A R Y ------------

Command Line: -Dcom.sun.management.jmxremote -Dcom.sun.management.jmxremote.port=49678 -Dcom.sun.management.jmxremote.authenticate=false -Dcom.sun.management.jmxremote.ssl=false -Djava.rmi.server.hostname=localhost -Dspring.jmx.enabled=true -Dmanagement.endpoints.jmx.exposure.include=* -Dspring.application.admin.enabled=true -XX:TieredStopAtLevel=1 -Dspring.boot.project.name=PROJECT_3_part_start2 -Dfile.encoding=UTF-8 -Dstdout.encoding=UTF-8 -Dstderr.encoding=UTF-8 -XX:+ShowCodeDetailsInExceptionMessages in.sp.main.ProjectApplication --spring.output.ansi.enabled=always

Host: Intel(R) Core(TM) i3-6006U CPU @ 2.00GHz, 4 cores, 7G,  Windows 10 , 64 bit Build 19041 (10.0.19041.2913)
Time: Thu Feb  8 19:39:17 2024 India Standard Time elapsed time: 7.607369 seconds (0d 0h 0m 7s)

---------------  T H R E A D  ---------------

Current thread (0x000001ecca7355a0):  JavaThread "background-preinit" [_thread_in_vm, id=3784, stack(0x0000009881300000,0x0000009881400000)]

Stack: [0x0000009881300000,0x0000009881400000],  sp=0x00000098813fc7b0,  free space=1009k
Native frames: (J=compiled Java code, j=interpreted, Vv=VM code, C=native code)
V  [jvm.dll+0x373c22]
V  [jvm.dll+0x373d2b]
V  [jvm.dll+0x63c5f2]
V  [jvm.dll+0x7ad764]
V  [jvm.dll+0x241b11]
V  [jvm.dll+0x23e195]
V  [jvm.dll+0x124700]
V  [jvm.dll+0x124acf]
V  [jvm.dll+0x7ace82]
V  [jvm.dll+0x56455c]
V  [jvm.dll+0x5643a6]
V  [jvm.dll+0x386771]
C  0x000001ecbbf796a4

The last pc belongs to invokedynamic (printed below).
Java frames: (J=compiled Java code, j=interpreted, Vv=VM code)
j  com.fasterxml.jackson.datatype.jsr310.deser.InstantDeserializer.<clinit>()V+49
v  ~StubRoutines::call_stub
j  com.fasterxml.jackson.datatype.jsr310.JavaTimeModule.<init>()V+10
v  ~StubRoutines::call_stub
J 1545  jdk.internal.reflect.NativeConstructorAccessorImpl.newInstance0(Ljava/lang/reflect/Constructor;[Ljava/lang/Object;)Ljava/lang/Object; java.base@17.0.9 (0 bytes) @ 0x000001ecbc3c2506 [0x000001ecbc3c24a0+0x0000000000000066]
J 1544 c1 jdk.internal.reflect.NativeConstructorAccessorImpl.newInstance([Ljava/lang/Object;)Ljava/lang/Object; java.base@17.0.9 (122 bytes) @ 0x000001ecbc3c2c9c [0x000001ecbc3c2a00+0x000000000000029c]
J 1325 c1 jdk.internal.reflect.DelegatingConstructorAccessorImpl.newInstance([Ljava/lang/Object;)Ljava/lang/Object; java.base@17.0.9 (9 bytes) @ 0x000001ecbc36bce4 [0x000001ecbc36bca0+0x0000000000000044]
J 1238 c1 java.lang.reflect.Constructor.newInstanceWithCaller([Ljava/lang/Object;ZLjava/lang/Class;)Ljava/lang/Object; java.base@17.0.9 (75 bytes) @ 0x000001ecbc3490ac [0x000001ecbc348fe0+0x00000000000000cc]
J 1303 c1 java.lang.reflect.Constructor.newInstance([Ljava/lang/Object;)Ljava/lang/Object; java.base@17.0.9 (34 bytes) @ 0x000001ecbc365dcc [0x000001ecbc365d40+0x000000000000008c]
j  org.springframework.beans.BeanUtils.instantiateClass(Ljava/lang/reflect/Constructor;[Ljava/lang/Object;)Ljava/lang/Object;+62
j  org.springframework.beans.BeanUtils.instantiateClass(Ljava/lang/Class;)Ljava/lang/Object;+79
j  org.springframework.http.converter.json.Jackson2ObjectMapperBuilder.registerWellKnownModulesIfAvailable(Lorg/springframework/util/MultiValueMap;)V+80
j  org.springframework.http.converter.json.Jackson2ObjectMapperBuilder.configure(Lcom/fasterxml/jackson/databind/ObjectMapper;)V+53
j  org.springframework.http.converter.json.Jackson2ObjectMapperBuilder.build()Lcom/fasterxml/jackson/databind/ObjectMapper;+87
j  org.springframework.http.converter.json.MappingJackson2HttpMessageConverter.<init>()V+4
j  org.springframework.http.converter.support.AllEncompassingFormHttpMessageConverter.<init>()V+55
j  org.springframework.boot.autoconfigure.BackgroundPreinitializer$MessageConverterInitializer.run()V+4
j  org.springframework.boot.autoconfigure.BackgroundPreinitializer$1.runSafely(Ljava/lang/Runnable;)Z+1
j  org.springframework.boot.autoconfigure.BackgroundPreinitializer$1.run()V+32
j  java.lang.Thread.run()V+11 java.base@17.0.9
v  ~StubRoutines::call_stub

siginfo: EXCEPTION_ACCESS_VIOLATION (0xc0000005), reading address 0x0000000101169003


Registers:
RAX=0x0000000000109001, RBX=0x0000000000000000, RCX=0x0000000101168ed0, RDX=0x000001ecca7355a0
RSP=0x00000098813fc7b0, RBP=0x00000098813fc889, RSI=0x000001ecca7355a0, RDI=0x0000000000000001
R8 =0x00000001003c93e8, R9 =0x0000000000000000, R10=0x00007ffd1c140000, R11=0x00000098813fc9a0
R12=0x0000000000000004, R13=0x000001ecca7355a0, R14=0x0000000101168ed0, R15=0x000001ecc6cf3ae0
RIP=0x00007ffcf5803c22, EFLAGS=0x0000000000010246


Register to memory mapping:

RIP=0x00007ffcf5803c22 jvm.dll
RAX=0x0000000000109001 is an unknown value
RBX=0x0 is NULL
RCX=0x0000000101168ed0 is an unknown value
RDX=0x000001ecca7355a0 is a thread
RSP=0x00000098813fc7b0 is pointing into the stack for thread: 0x000001ecca7355a0
RBP=0x00000098813fc889 is pointing into the stack for thread: 0x000001ecca7355a0
RSI=0x000001ecca7355a0 is a thread
RDI=0x0000000000000001 is an unknown value
R8 =0x00000001003c93e8 is a pointer to class: 
com.fasterxml.jackson.datatype.jsr310.deser.InstantDeserializer {0x00000001003c93f0}
 - instance size:     7
 - klass size:        179
 - access:            public synchronized 
 - state:             being_initialized
 - name:              'com/fasterxml/jackson/datatype/jsr310/deser/InstantDeserializer'
 - super:             'com/fasterxml/jackson/datatype/jsr310/deser/JSR310DateTimeDeserializerBase'
 - sub:               
 - arrays:            NULL
 - methods:           Array<T>(0x000001ecc79ac6c8)
 - method ordering:   Array<T>(0x000001ecc6000018)
 - default_methods:   Array<T>(0x0000000000000000)
 - local interfaces:  Array<T>(0x000001ecc6000058)
 - trans. interfaces: Array<T>(0x000001ecc79b2ce0)
 - constants:         constant pool [682]/operands[91] {0x000001ecc79aaee8} for 'com/fasterxml/jackson/datatype/jsr310/deser/InstantDeserializer' cache=0x000001ecc79e3350
 - class loader data:  loader data: 0x000001ecc5c4e6f0 for instance a 'jdk/internal/loader/ClassLoaders$AppClassLoader'{0x0000000088631400}
 - source file:       'InstantDeserializer.java'
 - class annotations:       Array<T>(0x0000000000000000)
 - class type annotations:  Array<T>(0x0000000000000000)
 - field annotations:       Array<T>(0x0000000000000000)
 - field type annotations:  Array<T>(0x0000000000000000)
 - generic signature: '<T::Ljava/time/temporal/Temporal;>Lcom/fasterxml/jackson/datatype/jsr310/deser/JSR310DateTimeDeserializerBase<TT;>;'
 - inner classes:     Array<T>(0x000001ecc79ae7e8)
 - nest members:     Array<T>(0x000001ecc6000028)
 - permitted subclasses:     Array<T>(0x000001ecc6000028)
 - java mirror:       a 'java/lang/Class'{0x000000008df422b0} = 'com/fasterxml/jackson/datatype/jsr310/deser/InstantDeserializer'
 - vtable length      107  (start addr: 0x00000001003c95b0)
 - itable length      13 (start addr: 0x00000001003c9908)
 - ---- static fields (3 words):
 - private static final 'serialVersionUID' 'J' @128 
 - protected static final 'ISO8601_COLONLESS_OFFSET_REGEX' 'Ljava/util/regex/Pattern;' @112 
 - public static final 'INSTANT' 'Lcom/fasterxml/jackson/datatype/jsr310/deser/InstantDeserializer;' @116 
 - public static final 'OFFSET_DATE_TIME' 'Lcom/fasterxml/jackson/datatype/jsr310/deser/InstantDeserializer;' @120 
 - public static final 'ZONED_DATE_TIME' 'Lcom/fasterxml/jackson/datatype/jsr310/deser/InstantDeserializer;' @124 
 - ---- non-static fields (10 words):
 - protected final '_valueClass' 'Ljava/lang/Class;' @12 
 - protected final '_valueType' 'Lcom/fasterxml/jackson/databind/JavaType;' @16 
 - protected final '_isLenient' 'Z' @20 
 - protected final '_formatter' 'Ljava/time/format/DateTimeFormatter;' @24 
 - protected final '_shape' 'Lcom/fasterxml/jackson/annotation/JsonFormat$Shape;' @28 
 - protected final 'replaceZeroOffsetAsZ' 'Z' @21 
 - protected final 'fromMilliseconds' 'Ljava/util/function/Function;' @32 
 - protected final 'fromNanoseconds' 'Ljava/util/function/Function;' @36 
 - protected final 'parsedToValue' 'Ljava/util/function/Function;' @40 
 - protected final 'adjust' 'Ljava/util/function/BiFunction;' @44 
 - protected final '_adjustToContextTZOverride' 'Ljava/lang/Boolean;' @48 
 - non-static oop maps: 12-16 24-48 
R9 =0x0 is NULL
R10=0x00007ffd1c140000 VCRUNTIME140.dll
R11=0x00000098813fc9a0 is pointing into the stack for thread: 0x000001ecca7355a0
R12=0x0000000000000004 is an unknown value
R13=0x000001ecca7355a0 is a thread
R14=0x0000000101168ed0 is an unknown value
R15=0x000001ecc6cf3ae0 is pointing into metadata


Top of Stack: (sp=0x00000098813fc7b0)
0x00000098813fc7b0:   000000008de8cb28 000001ecca7355a0
0x00000098813fc7c0:   00000098813fcb30 00000098813fcb38
0x00000098813fc7d0:   0000000000000002 00007ffcf581ad7a
0x00000098813fc7e0:   00000098813fcaf8 00000098813fc8e0
0x00000098813fc7f0:   0000000000000001 000001ecca7355a0
0x00000098813fc800:   000001ecbbfb6600 00000098813fcb38
0x00000098813fc810:   00000000884cdce8 000000008de8fbd0
0x00000098813fc820:   0000000088547618 000001ec4c9874e3
0x00000098813fc830:   000001ecc6092fc8 0000000000000000
0x00000098813fc840:   00000098813fcbc0 000001ecbc272ab4
0x00000098813fc850:   00000098813fd578 00000098813fcaf8
0x00000098813fc860:   000001ecbbfb6600 00007ffcf59d0af2
0x00000098813fc870:   00000098813fcb30 000000008de8c8f8
0x00000098813fc880:   00000000884d0b28 000000008855d6b8
0x00000098813fc890:   0000000088af7470 00000000884cdcd0
0x00000098813fc8a0:   000000008de8fbd0 00000000884d0b28
0x00000098813fc8b0:   000001ecc6cf3ae0 00000001001cb568
0x00000098813fc8c0:   000001ecca7355a0 0000000000000004
0x00000098813fc8d0:   0000000000000001 000001ecca7355a0
0x00000098813fc8e0:   00000098813fc9c9 00007ffcf5803d2b
0x00000098813fc8f0:   0000000000000000 000001ecca4028a0
0x00000098813fc900:   0000000000000000 00007ffcf59d0af2
0x00000098813fc910:   0000000000000000 000001ecc5984710
0x00000098813fc920:   000001ecca7355a0 000001ecca7355a0
0x00000098813fc930:   000001eccaed30e0 00007ffcf5aa0455
0x00000098813fc940:   00000098813fc9d8 00000098813fc9d8
0x00000098813fc950:   00000098813fca49 000001ec0000000c
0x00000098813fc960:   00000098813fc9d8 000001ecca7355a0
0x00000098813fc970:   00000098813fc9a0 00007ffcf5aa07df
0x00000098813fc980:   0000000000000000 00007ffcf5aa0789
0x00000098813fc990:   000001ecca7355a0 000001ecca7355a0
0x00000098813fc9a0:   00000098813fcd28 000001ecca7355a0 

Instructions: (pc=0x00007ffcf5803c22)
0x00007ffcf5803b22:   08 48 8b 49 08 0f b7 51 22 48 8b 49 08 4c 39 5c
0x00007ffcf5803b32:   d1 48 74 15 41 ff c1 48 ff c0 49 83 c0 08 49 3b
0x00007ffcf5803b42:   c2 7e db b8 ff ff ff ff c3 41 8b c1 c3 cc 80 b9
0x00007ffcf5803b52:   33 01 00 00 02 0f 82 03 00 00 00 c3 cc cc 48 89
0x00007ffcf5803b62:   5c 24 08 55 56 57 41 54 41 55 41 56 41 57 48 8d
0x00007ffcf5803b72:   6c 24 d9 48 81 ec 00 01 00 00 80 3d 73 f9 80 00
0x00007ffcf5803b82:   00 48 8b f2 4c 8b f1 0f 84 93 00 00 00 e8 7c 0a
0x00007ffcf5803b92:   44 00 84 c0 0f 84 86 00 00 00 48 8b be 38 02 00
0x00007ffcf5803ba2:   00 49 8b ce 48 8b 1d 33 f3 82 00 48 8b 47 28 4c
0x00007ffcf5803bb2:   8b 7f 10 4c 8b 67 18 4c 8b 6f 20 48 89 45 77 e8
0x00007ffcf5803bc2:   2a d8 1c 00 48 89 44 24 28 48 8d 15 8e f7 5e 00
0x00007ffcf5803bd2:   48 8d 05 47 f7 5e 00 4c 8b cb 41 b8 4e 03 00 00
0x00007ffcf5803be2:   48 89 44 24 20 48 8b ce e8 c1 cd f4 ff 49 83 3f
0x00007ffcf5803bf2:   00 74 14 48 8b 55 77 48 8b cf e8 4f 90 d3 ff 49
0x00007ffcf5803c02:   8b cf e8 27 90 d3 ff 4c 39 67 18 74 0c 4c 89 7f
0x00007ffcf5803c12:   10 4c 89 67 18 4c 89 6f 20 32 c0 e9 15 04 00 00
0x00007ffcf5803c22:   41 80 be 33 01 00 00 02 0f 83 05 04 00 00 49 8b
0x00007ffcf5803c32:   4e 78 48 85 c9 0f 84 c4 00 00 00 8b 81 a4 00 00
0x00007ffcf5803c42:   00 c1 e8 09 a8 01 0f 84 a0 00 00 00 4c 8b be 38
0x00007ffcf5803c52:   02 00 00 48 8b 3d 74 f2 82 00 49 8b 47 20 4d 8b
0x00007ffcf5803c62:   6f 10 4d 8b 67 18 48 89 45 7f 49 8b 47 28 48 89
0x00007ffcf5803c72:   45 77 e8 77 d7 1c 00 49 8b ce 48 8b d8 e8 6c d7
0x00007ffcf5803c82:   1c 00 48 89 5c 24 30 48 8d 15 d0 f6 5e 00 48 89
0x00007ffcf5803c92:   44 24 28 4c 8b cf 48 8d 05 19 31 5c 00 41 b8 63
0x00007ffcf5803ca2:   03 00 00 48 8b ce 48 89 44 24 20 e8 fe cc f4 ff
0x00007ffcf5803cb2:   49 83 7d 00 00 74 14 48 8b 55 77 49 8b cf e8 8b
0x00007ffcf5803cc2:   8f d3 ff 49 8b cd e8 63 8f d3 ff 4d 39 67 18 0f
0x00007ffcf5803cd2:   84 44 ff ff ff 48 8b 45 7f 49 89 47 20 32 c0 4d
0x00007ffcf5803ce2:   89 6f 10 4d 89 67 18 e9 49 03 00 00 48 8b d6 e8
0x00007ffcf5803cf2:   6a fe ff ff 48 83 7e 08 00 0f 85 1a ff ff ff 4d
0x00007ffcf5803d02:   8b be a0 01 00 00 33 db 4d 63 27 4d 85 e4 7e 2f
0x00007ffcf5803d12:   8b fb 49 83 c7 08 0f 1f 84 00 00 00 00 00 49 8b 


Stack slot to memory mapping:
stack at sp + 0 slots: 0x000000008de8cb28 is an oop: java.lang.invoke.MethodType 
{0x000000008de8cb28} - klass: 'java/lang/invoke/MethodType'
 - ---- fields (total size 5 words):
 - private final synchronized 'rtype' 'Ljava/lang/Class;' @12  a 'java/lang/Class'{0x0000000088b2b880} = 'java/time/temporal/Temporal' (88b2b880)
 - private final synchronized 'ptypes' '[Ljava/lang/Class;' @16  a 'java/lang/Class'[2] {0x000000008de8ca10} (8de8ca10)
 - private synchronized 'form' 'Ljava/lang/invoke/MethodTypeForm;' @20  a 'java/lang/invoke/MethodTypeForm'{0x00000000884cb7c0} (884cb7c0)
 - private synchronized 'wrapAlt' 'Ljava/lang/Object;' @24  NULL (0)
 - private synchronized 'invokers' 'Ljava/lang/invoke/Invokers;' @28  NULL (0)
 - private synchronized 'methodDescriptor' 'Ljava/lang/String;' @32  "(Ljava/time/temporal/Temporal;Ljava/time/ZoneId;)Ljava/time/temporal/Temporal;"{0x000000008de8d218} (8de8d218)
 - signature: (Ljava/time/temporal/Temporal;Ljava/time/ZoneId;)Ljava/time/temporal/Temporal;
stack at sp + 1 slots: 0x000001ecca7355a0 is a thread
stack at sp + 2 slots: 0x00000098813fcb30 is pointing into the stack for thread: 0x000001ecca7355a0
stack at sp + 3 slots: 0x00000098813fcb38 is pointing into the stack for thread: 0x000001ecca7355a0
stack at sp + 4 slots: 0x0000000000000002 is an unknown value
stack at sp + 5 slots: 0x00007ffcf581ad7a jvm.dll
stack at sp + 6 slots: 0x00000098813fcaf8 is pointing into the stack for thread: 0x000001ecca7355a0
stack at sp + 7 slots: 0x00000098813fc8e0 is pointing into the stack for thread: 0x000001ecca7355a0

invokedynamic  186 invokedynamic  [0x000001ecbbf79600, 0x000001ecbbf79780]  384 bytes
[MachCode]
  0x000001ecbbf79600: 4883 ec08 | c5fa 1104 | 24eb 1f48 | 83ec 10c5 | fb11 0424 | eb14 4883 | ec10 4889 | 0424 48c7 
  0x000001ecbbf79620: 4424 0800 | 0000 00eb | 0150 4c89 | 6dc0 418b | 5501 f7d2 | 488b 4dd0 | c1e2 028b | 5cd1 20c1 
  0x000001ecbbf79640: eb10 81e3 | ff00 0000 | 81fb ba00 | 0000 0f84 | b700 0000 | bbba 0000 | 00e8 0500 | 0000 e99b 
  0x000001ecbbf79660: 0000 0048 | 8bd3 488d | 4424 084c | 896d c049 | 8bcf c5f8 | 7749 89af | a802 0000 | 4989 8798 
  0x000001ecbbf79680: 0200 0048 | 83ec 20f7 | c40f 0000 | 000f 841a | 0000 0048 | 83ec 0849 | bab0 6481 | f5fc 7f00 
  0x000001ecbbf796a0: 0041 ffd2 | 4883 c408 | e90d 0000 | 0049 bab0 | 6481 f5fc | 7f00 0041 | ffd2 4883 | c420 49c7 
  0x000001ecbbf796c0: 8798 0200 | 0000 0000 | 0049 c787 | a802 0000 | 0000 0000 | 49c7 87a0 | 0200 0000 | 0000 00c5 
  0x000001ecbbf796e0: f877 4981 | 7f08 0000 | 0000 0f84 | 0500 0000 | e90b 78fe | ff4c 8b6d | c04c 8b75 | c8c3 418b 
  0x000001ecbbf79700: 5501 f7d2 | 488b 4dd0 | c1e2 0248 | 8b5c d128 | 488b 44d1 | 308b 54d1 | 38f7 c200 | 0000 010f 
  0x000001ecbbf79720: 8421 0000 | 0053 488b | d848 8b45 | e848 8b40 | 0848 8b40 | 0848 8b40 | 1048 8b40 | 1048 8b00 
  0x000001ecbbf79740: 8b44 9810 | 5b50 c1ea | 1c49 ba40 | 5a03 f6fc | 7f00 0049 | 8b14 d252 | 4c8d 6c24 | 084c 896d 
  0x000001ecbbf79760: f0ff 6350 | 0f1f 4000 | 0000 0000 | 0000 0000 | 0000 0000 | 0000 0000 | 0000 0000 | 0000 0000 
[/MachCode]

Compiled method (n/a)    7823 1545     n 0       jdk.internal.reflect.NativeConstructorAccessorImpl::newInstance0 (native)
 total in heap  [0x000001ecbc3c2310,0x000001ecbc3c2790] = 1152
 relocation     [0x000001ecbc3c2468,0x000001ecbc3c24a0] = 56
 main code      [0x000001ecbc3c24a0,0x000001ecbc3c2790] = 752

[Constant Pool (empty)]

[MachCode]
[Entry Point]
  # {method} {0x000001ecc6079f70} 'newInstance0' '(Ljava/lang/reflect/Constructor;[Ljava/lang/Object;)Ljava/lang/Object;' in 'jdk/internal/reflect/NativeConstructorAccessorImpl'
  # parm0:    rdx:rdx   = 'java/lang/reflect/Constructor'
  # parm1:    r8:r8     = '[Ljava/lang/Object;'
  #           [sp+0x70]  (sp of caller)
  0x000001ecbc3c24a0: 448b 5208 | 49c1 e203 | 493b c20f | 8407 0000 

  0x000001ecbc3c24b0: ;   {runtime_call ic_miss_stub}
  0x000001ecbc3c24b0: 00e9 caeb | beff 6690 
[Verified Entry Point]
  0x000001ecbc3c24b8: 8984 2400 | 90ff ff55 | 488b ec48 | 83ec 604c | 8944 2428 | 4983 f800 | 4c8d 4c24 | 284c 0f44 
  0x000001ecbc3c24d8: 4c24 2848 | 8954 2420 | 4883 fa00 | 4c8d 4424 | 204c 0f44 

  0x000001ecbc3c24ec: ;   {oop(a 'java/lang/Class'{0x000000008862f928} = 'jdk/internal/reflect/NativeConstructorAccessorImpl')}
  0x000001ecbc3c24ec: 4424 2049 | be28 f962 | 8800 0000 | 004c 8974 | 2450 4c8d | 7424 5049 | 8bd6 c5f8 

  0x000001ecbc3c2508: ;   {internal_word}
  0x000001ecbc3c2508: 7749 ba06 | 253c bcec | 0100 004d | 8997 a002 | 0000 4989 | a798 0200 

  0x000001ecbc3c2520: ;   {external_word}
  0x000001ecbc3c2520: 0049 ba2e | 3501 f6fc | 7f00 0041 | 803a 000f | 8452 0000 | 0052 4150 

  0x000001ecbc3c2538: ;   {metadata({method} {0x000001ecc6079f70} 'newInstance0' '(Ljava/lang/reflect/Constructor;[Ljava/lang/Object;)Ljava/lang/Object;' in 'jdk/internal/reflect/NativeConstructorAccessorImpl')}
  0x000001ecbc3c2538: 4151 48ba | 689f 07c6 | ec01 0000 | 498b cf48 | 83ec 20f7 | c40f 0000 | 000f 841a | 0000 0048 
  0x000001ecbc3c2558: ;   {runtime_call}
  0x000001ecbc3c2558: 83ec 0849 | bac0 2bb7 | f5fc 7f00 | 0041 ffd2 | 4883 c408 | e90d 0000 

  0x000001ecbc3c2570: ;   {runtime_call}
  0x000001ecbc3c2570: 0049 bac0 | 2bb7 f5fc | 7f00 0041 | ffd2 4883 | c420 4159 | 4158 5a49 | 8d8f b802 | 0000 41c7 
  0x000001ecbc3c2590: 8748 0300 | 0004 0000 

  0x000001ecbc3c2598: ;   {runtime_call}
  0x000001ecbc3c2598: 0049 bab4 | 3d7c 30fd | 7f00 0041 | ffd2 c5f8 | 7741 c787 | 4803 0000 | 0500 0000 | f083 4424 
  0x000001ecbc3c25b8: c000 493b | af50 0300 | 000f 8711 | 0000 0041 | 81bf 3803 | 0000 0000 | 0000 0f84 | 2c00 0000 
  0x000001ecbc3c25d8: c5f8 7748 | 8945 f849 | 8bcf 4c8b | e448 83ec | 2048 83e4 

  0x000001ecbc3c25ec: ;   {runtime_call}
  0x000001ecbc3c25ec: f049 baf0 | 40c7 f5fc | 7f00 0041 | ffd2 498b | e44d 33e4 | 488b 45f8 | 41c7 8748 | 0300 0008 
  0x000001ecbc3c260c: 0000 0041 | 81bf b803 | 0000 0200 | 0000 0f84 | 3f01 0000 

  0x000001ecbc3c2620: ;   {external_word}
  0x000001ecbc3c2620: 49ba 2e35 | 01f6 fc7f | 0000 4180 | 3a00 0f84 | 5000 0000 | 4889 45f8 

  0x000001ecbc3c2638: ;   {metadata({method} {0x000001ecc6079f70} 'newInstance0' '(Ljava/lang/reflect/Constructor;[Ljava/lang/Object;)Ljava/lang/Object;' in 'jdk/internal/reflect/NativeConstructorAccessorImpl')}
  0x000001ecbc3c2638: 48ba 689f | 07c6 ec01 | 0000 498b | cf48 83ec | 20f7 c40f | 0000 000f | 841a 0000 | 0048 83ec 
  0x000001ecbc3c2658: ;   {runtime_call}
  0x000001ecbc3c2658: 0849 bac0 | 2bb7 f5fc | 7f00 0041 | ffd2 4883 | c408 e90d 

  0x000001ecbc3c266c: ;   {runtime_call}
  0x000001ecbc3c266c: 0000 0049 | bac0 2bb7 | f5fc 7f00 | 0041 ffd2 | 4883 c420 | 488b 45f8 | 49c7 8798 | 0200 0000 
  0x000001ecbc3c268c: 0000 0049 | c787 a002 | 0000 0000 | 0000 c5f8 | 7748 85c0 | 0f84 9300 | 0000 48f7 | c001 0000 
  0x000001ecbc3c26ac: 000f 8483 | 0000 0048 | 8b40 ff41 | 807f 3800 | 0f84 6f00 | 0000 4883 | f800 0f84 | 6500 0000 
  0x000001ecbc3c26cc: 498b 4f20 | 4883 f900 | 0f84 1400 | 0000 4883 | e908 4989 | 4f20 4903 | 4f30 4889 | 01e9 4300 
  0x000001ecbc3c26ec: 0000 5049 | 8bd7 488b | c848 83ec | 20f7 c40f | 0000 000f | 841a 0000 | 0048 83ec 

  0x000001ecbc3c2708: ;   {runtime_call}
  0x000001ecbc3c2708: 0849 ba60 | 5076 f5fc | 7f00 0041 | ffd2 4883 | c408 e90d 

  0x000001ecbc3c271c: ;   {runtime_call}
  0x000001ecbc3c271c: 0000 0049 | ba60 5076 | f5fc 7f00 | 0041 ffd2 | 4883 c420 | 58e9 0300 | 0000 488b | 0049 8b8f 
  0x000001ecbc3c273c: d800 0000 | c781 0001 | 0000 0000 | 0000 c949 | 817f 0800 | 0000 000f | 8501 0000 

  0x000001ecbc3c2758: ;   {runtime_call StubRoutines (1)}
  0x000001ecbc3c2758: 00c3 e9a1 | e7b9 ffc5 | f877 4889 | 45f8 4c8b | e448 83ec | 2048 83e4 

  0x000001ecbc3c2770: ;   {runtime_call}
  0x000001ecbc3c2770: f049 ba50 | 5cb7 f5fc | 7f00 0041 | ffd2 498b | e44d 33e4 | 488b 45f8 | e993 feff | fff4 f4f4 
[/MachCode]


Compiled method (c1)    7844 1544   !   1       jdk.internal.reflect.NativeConstructorAccessorImpl::newInstance (122 bytes)
 total in heap  [0x000001ecbc3c2810,0x000001ecbc3c3198] = 2440
 relocation     [0x000001ecbc3c2968,0x000001ecbc3c29f0] = 136
 main code      [0x000001ecbc3c2a00,0x000001ecbc3c2dc0] = 960
 stub code      [0x000001ecbc3c2dc0,0x000001ecbc3c2e48] = 136
 metadata       [0x000001ecbc3c2e48,0x000001ecbc3c2e68] = 32
 scopes data    [0x000001ecbc3c2e68,0x000001ecbc3c2f10] = 168
 scopes pcs     [0x000001ecbc3c2f10,0x000001ecbc3c3030] = 288
 dependencies   [0x000001ecbc3c3030,0x000001ecbc3c3038] = 8
 handler table  [0x000001ecbc3c3038,0x000001ecbc3c3158] = 288
 nul chk table  [0x000001ecbc3c3158,0x000001ecbc3c3198] = 64

[Constant Pool (empty)]

[MachCode]
[Entry Point]
  # {method} {0x000001ecc6079e28} 'newInstance' '([Ljava/lang/Object;)Ljava/lang/Object;' in 'jdk/internal/reflect/NativeConstructorAccessorImpl'
  # this:     rdx:rdx   = 'jdk/internal/reflect/NativeConstructorAccessorImpl'
  # parm0:    r8:r8     = '[Ljava/lang/Object;'
  #           [sp+0xb0]  (sp of caller)
  0x000001ecbc3c2a00: 448b 5208 | 49c1 e203 

  0x000001ecbc3c2a08: ;   {runtime_call ic_miss_stub}
  0x000001ecbc3c2a08: 4c3b d00f | 856f e6be | ff66 6666 | 0f1f 8400 | 0000 0000 | 6666 6690 
[Verified Entry Point]
  0x000001ecbc3c2a20: 8984 2400 | 90ff ff55 | 4881 eca0 | 0000 0048 | 8954 2468 | 8b72 0cff | c689 720c 

  0x000001ecbc3c2a3c: ;   {oop(a 'java/lang/Class'{0x000000008862bf98} = 'jdk/internal/reflect/ReflectionFactory')}
  0x000001ecbc3c2a3c: 48bf 98bf | 6288 0000 | 0000 8b7f | 783b f70f | 8f08 0000 | 0048 8bf2 | e937 0200 | 004c 8944 
  0x000001ecbc3c2a5c: 2470 8b72 | 148b 7624 

  0x000001ecbc3c2a64: ; implicit exception: dispatches to 0x000001ecbc3c2cea
  0x000001ecbc3c2a64: 483b 0648 | 8bd6 0f1f 

  0x000001ecbc3c2a6c: ;   {optimized virtual_call}
  0x000001ecbc3c2a6c: 4400 00e8 

  0x000001ecbc3c2a70: ; ImmutableOopMap {[112]=Oop [104]=Oop }
                      ;*invokevirtual isHidden {reexecute=0 rethrow=0 return_oop=0}
                      ; - jdk.internal.reflect.NativeConstructorAccessorImpl::newInstance@24 (line 59)
  0x000001ecbc3c2a70: 4417 eaff | 83f8 000f | 840f 0000 | 004c 8b44 | 2470 488b | 7424 68e9 | 0402 0000 | 488b 5424 
  0x000001ecbc3c2a90: 688b 4210 | 83f8 000f | 840d 0000 | 004c 8b44 | 2470 488b | f2e9 e601 | 0000 488d | 7210 b800 
  0x000001ecbc3c2ab0: 0000 00bf | 0100 0000 | f00f b13e | be01 0000 | 000f 8405 | 0000 00be | 0000 0000 | 83fe 000f 
  0x000001ecbc3c2ad0: 850d 0000 | 004c 8b44 | 2470 488b | f2e9 ae01 | 0000 488b 

  0x000001ecbc3c2ae4: ;   {metadata('jdk/internal/reflect/MethodAccessorGenerator')}
  0x000001ecbc3c2ae4: da48 ba10 | 830f 0001 | 0000 0049 | 8b87 0801 | 0000 488d | b890 0000 | 0049 3bbf | 1801 0000 
  0x000001ecbc3c2b04: 0f87 e501 | 0000 4989 | bf08 0100 | 0048 c700 | 0100 0000 | 488b ca48 | c1e9 0389 | 4808 4833 
  0x000001ecbc3c2b24: c989 480c | 4833 c948 | bf10 0000 | 0000 0000 | 0048 894c | f808 48ff | cf75 f6ba | 1e00 0000 
  0x000001ecbc3c2b44: 6689 506a | ba49 0000 | 0066 8950 | 6c8b 5314 

  0x000001ecbc3c2b54: ; implicit exception: dispatches to 0x000001ecbc3c2cfc
  0x000001ecbc3c2b54: 8b72 248b | 5228 4889 | 8424 8000 | 0000 4889 | 7424 7866 | 0f1f 4400 | 0048 b8d0 | 8505 0001 
  0x000001ecbc3c2b74: ;   {virtual_call}
  0x000001ecbc3c2b74: 0000 00e8 

  0x000001ecbc3c2b78: ; ImmutableOopMap {[112]=Oop [128]=Oop [104]=Oop [120]=Oop }
                      ;*invokevirtual clone {reexecute=0 rethrow=0 return_oop=0}
                      ; - java.lang.reflect.Constructor::getParameterTypes@4 (line 263)
                      ; - jdk.internal.reflect.NativeConstructorAccessorImpl::newInstance@70 (line 66)
  0x000001ecbc3c2b78: a49e e2ff | 4883 f800 | 0f84 2000 

  0x000001ecbc3c2b84: ;   {metadata('java/lang/Class'[])}
  0x000001ecbc3c2b84: 0000 48bb | d085 0500 | 0100 0000 | 8b78 0848 | c1e7 0348 | 3b5f 400f | 8560 0100 | 00e9 0000 
  0x000001ecbc3c2ba4: 0000 488b | f048 8b54 | 2468 8b7a | 148b 7f2c | 488b d748 | 89b4 2488 | 0000 0066 | 0f1f 4400 
  0x000001ecbc3c2bc4: 0048 b8d0 | 8505 0001 

  0x000001ecbc3c2bcc: ;   {virtual_call}
  0x000001ecbc3c2bcc: 0000 00e8 

  0x000001ecbc3c2bd0: ; ImmutableOopMap {[112]=Oop [128]=Oop [120]=Oop [104]=Oop [136]=Oop }
                      ;*invokevirtual clone {reexecute=0 rethrow=0 return_oop=0}
                      ; - java.lang.reflect.Constructor::getExceptionTypes@4 (line 289)
                      ; - jdk.internal.reflect.NativeConstructorAccessorImpl::newInstance@77 (line 67)
  0x000001ecbc3c2bd0: 4c9e e2ff | 4883 f800 | 0f84 2100 

  0x000001ecbc3c2bdc: ;   {metadata('java/lang/Class'[])}
  0x000001ecbc3c2bdc: 0000 48be | d085 0500 | 0100 0000 | 448b 4808 | 49c1 e103 | 493b 7140 | 0f85 1501 | 0000 e900 
  0x000001ecbc3c2bfc: 0000 0048 | 8bf8 488b | 5424 6844 | 8b42 1441 | 8b70 204c | 8b44 2478 | 4c8b 8c24 | 8800 0000 
  0x000001ecbc3c2c1c: 488b 9424 | 8000 0000 

  0x000001ecbc3c2c24: ;   {optimized virtual_call}
  0x000001ecbc3c2c24: 6666 90e8 

  0x000001ecbc3c2c28: ; ImmutableOopMap {[112]=Oop [104]=Oop }
                      ;*invokevirtual generateConstructor {reexecute=0 rethrow=0 return_oop=0}
                      ; - jdk.internal.reflect.NativeConstructorAccessorImpl::newInstance@87 (line 65)
  0x000001ecbc3c2c28: c901 0000 | 4883 f800 | 0f84 2000 

  0x000001ecbc3c2c34: ;   {metadata('jdk/internal/reflect/ConstructorAccessorImpl')}
  0x000001ecbc3c2c34: 0000 48bf | 80a9 0400 | 0100 0000 | 8b70 0848 | c1e6 0348 | 3b7e 400f | 85cc 0000 | 00e9 0000 
  0x000001ecbc3c2c54: 0000 488b | d048 8b74 | 2468 448b | 4618 410f | be7f 3883 | ff00 0f85 | b600 0000 | 4c8b d245 
  0x000001ecbc3c2c74: 8950 0c49 | 8bf8 4833 | fa48 c1ef | 1448 83ff | 000f 85bc | 0000 004c | 8b44 2470 | 8b56 140f 
  0x000001ecbc3c2c94: ;   {static_call}
  0x000001ecbc3c2c94: 1f40 00e8 

  0x000001ecbc3c2c98: ; ImmutableOopMap {}
                      ;*invokestatic newInstance0 {reexecute=0 rethrow=0 return_oop=0}
                      ; - jdk.internal.reflect.NativeConstructorAccessorImpl::newInstance@118 (line 77)
  0x000001ecbc3c2c98: 1cf8 ffff | 4881 c4a0 | 0000 005d 

  0x000001ecbc3c2ca4: ;   {poll_return}
  0x000001ecbc3c2ca4: 493b a750 | 0300 000f | 87ae 0000 | 00c3 488b | 7424 6849 | 8b87 e003 | 0000 4d33 | d24d 8997 
  0x000001ecbc3c2cc4: e003 0000 | 4d33 d24d | 8997 e803 | 0000 bf00 | 0000 0089 | 7e10 f083 | 4424 c000 | e9b4 0000 
  0x000001ecbc3c2ce4: ;   {runtime_call throw_null_pointer_exception Runtime1 stub}
  0x000001ecbc3c2ce4: 00e8 36e3 

  0x000001ecbc3c2ce8: ; ImmutableOopMap {rdx=Oop [104]=Oop [112]=Oop }
                      ;*invokevirtual getDeclaringClass {reexecute=0 rethrow=0 return_oop=0}
                      ; - jdk.internal.reflect.NativeConstructorAccessorImpl::newInstance@21 (line 59)
                      ;   {runtime_call throw_null_pointer_exception Runtime1 stub}
  0x000001ecbc3c2ce8: c8ff e831 

  0x000001ecbc3c2cec: ; ImmutableOopMap {rdx=Oop [104]=Oop [112]=Oop rsi=Oop }
                      ;*invokevirtual isHidden {reexecute=0 rethrow=0 return_oop=0}
                      ; - jdk.internal.reflect.NativeConstructorAccessorImpl::newInstance@24 (line 59)
  0x000001ecbc3c2cec: e3c8 ff48 

  0x000001ecbc3c2cf0: ;   {runtime_call fast_new_instance Runtime1 stub}
  0x000001ecbc3c2cf0: 8bd2 e809 

  0x000001ecbc3c2cf4: ; ImmutableOopMap {[112]=Oop rbx=Oop [104]=Oop }
                      ;*new {reexecute=0 rethrow=0 return_oop=0}
                      ; - jdk.internal.reflect.NativeConstructorAccessorImpl::newInstance@52 (line 63)
  0x000001ecbc3c2cf4: ecc8 ffe9 | 43fe ffff 

  0x000001ecbc3c2cfc: ;   {runtime_call throw_null_pointer_exception Runtime1 stub}
  0x000001ecbc3c2cfc: e81f e3c8 

  0x000001ecbc3c2d00: ; ImmutableOopMap {[112]=Oop rbx=Oop [104]=Oop rax=Oop rdx=Oop }
                      ;*invokevirtual getDeclaringClass {reexecute=0 rethrow=0 return_oop=0}
                      ; - jdk.internal.reflect.NativeConstructorAccessorImpl::newInstance@63 (line 65)
  0x000001ecbc3c2d00: ff48 8904 

  0x000001ecbc3c2d04: ;   {runtime_call throw_class_cast_exception Runtime1 stub}
  0x000001ecbc3c2d04: 24e8 1607 

  0x000001ecbc3c2d08: ; ImmutableOopMap {[112]=Oop [128]=Oop [104]=Oop [120]=Oop }
                      ;*checkcast {reexecute=0 rethrow=0 return_oop=0}
                      ; - java.lang.reflect.Constructor::getParameterTypes@7 (line 263)
                      ; - jdk.internal.reflect.NativeConstructorAccessorImpl::newInstance@70 (line 66)
                      ;   {runtime_call throw_null_pointer_exception Runtime1 stub}
  0x000001ecbc3c2d08: c9ff e811 

  0x000001ecbc3c2d0c: ; ImmutableOopMap {[112]=Oop [128]=Oop [120]=Oop rsi=Oop rdx=Oop [104]=Oop }
                      ;*invokevirtual getExceptionTypes {reexecute=0 rethrow=0 return_oop=0}
                      ; - jdk.internal.reflect.NativeConstructorAccessorImpl::newInstance@77 (line 67)
  0x000001ecbc3c2d0c: e3c8 ff48 

  0x000001ecbc3c2d10: ;   {runtime_call throw_class_cast_exception Runtime1 stub}
  0x000001ecbc3c2d10: 8904 24e8 

  0x000001ecbc3c2d14: ; ImmutableOopMap {[112]=Oop [128]=Oop [120]=Oop [104]=Oop [136]=Oop }
                      ;*checkcast {reexecute=0 rethrow=0 return_oop=0}
                      ; - java.lang.reflect.Constructor::getExceptionTypes@7 (line 289)
                      ; - jdk.internal.reflect.NativeConstructorAccessorImpl::newInstance@77 (line 67)
  0x000001ecbc3c2d14: 0807 c9ff 

  0x000001ecbc3c2d18: ;   {runtime_call throw_null_pointer_exception Runtime1 stub}
  0x000001ecbc3c2d18: e803 e3c8 

  0x000001ecbc3c2d1c: ; ImmutableOopMap {[112]=Oop [128]=Oop [120]=Oop [136]=Oop rdi=Oop rdx=Oop [104]=Oop }
                      ;*invokevirtual getModifiers {reexecute=0 rethrow=0 return_oop=0}
                      ; - jdk.internal.reflect.NativeConstructorAccessorImpl::newInstance@84 (line 68)
  0x000001ecbc3c2d1c: ff48 8904 

  0x000001ecbc3c2d20: ;   {runtime_call throw_class_cast_exception Runtime1 stub}
  0x000001ecbc3c2d20: 24e8 fa06 

  0x000001ecbc3c2d24: ; ImmutableOopMap {[112]=Oop [104]=Oop }
                      ;*checkcast {reexecute=0 rethrow=0 return_oop=0}
                      ; - jdk.internal.reflect.NativeConstructorAccessorImpl::newInstance@90 (line 65)
  0x000001ecbc3c2d24: c9ff 418b | 780c 4883 | ff00 0f84 | 3cff ffff | 4889 3c24 

  0x000001ecbc3c2d38: ;   {runtime_call g1_pre_barrier_slow}
  0x000001ecbc3c2d38: e8c3 39c9 | ffe9 2eff 

  0x000001ecbc3c2d40: ;   {runtime_call throw_null_pointer_exception Runtime1 stub}
  0x000001ecbc3c2d40: ffff e8d9 

  0x000001ecbc3c2d44: ; ImmutableOopMap {[112]=Oop rdx=Oop rsi=Oop [104]=Oop r8=Oop }
                      ;*invokevirtual setDelegate {reexecute=0 rethrow=0 return_oop=0}
                      ; - jdk.internal.reflect.NativeConstructorAccessorImpl::newInstance@99 (line 69)
  0x000001ecbc3c2d44: e2c8 ff48 | 83fa 000f | 843a ffff | ff4c 8904 

  0x000001ecbc3c2d54: ;   {runtime_call g1_post_barrier_slow}
  0x000001ecbc3c2d54: 24e8 a63c | c9ff e92c 

  0x000001ecbc3c2d5c: ;   {internal_word}
  0x000001ecbc3c2d5c: ffff ff49 | baa4 2c3c | bcec 0100 | 004d 8997 | 6803 0000 

  0x000001ecbc3c2d70: ;   {runtime_call SafepointBlob}
  0x000001ecbc3c2d70: e98b 4cbf 

  0x000001ecbc3c2d74: ;   {runtime_call throw_null_pointer_exception Runtime1 stub}
  0x000001ecbc3c2d74: ffe8 a6e2 

  0x000001ecbc3c2d78: ; ImmutableOopMap {[112]=Oop rdx=Oop rsi=Oop [104]=Oop r8=Oop }
                      ;*invokevirtual setDelegate {reexecute=0 rethrow=0 return_oop=0}
                      ; - jdk.internal.reflect.NativeConstructorAccessorImpl::newInstance@99 (line 69)
  0x000001ecbc3c2d78: c8ff 9090 | 498b 87e0 | 0300 0049 | c787 e003 | 0000 0000 | 0000 49c7 | 87e8 0300 | 0000 0000 
  0x000001ecbc3c2d98: 0048 81c4 | a000 0000 

  0x000001ecbc3c2da0: ;   {runtime_call unwind_exception Runtime1 stub}
  0x000001ecbc3c2da0: 5de9 5ad3 | c8ff f4f4 | f4f4 f4f4 | f4f4 f4f4 | f4f4 f4f4 | f4f4 f4f4 | f4f4 f4f4 | f4f4 f4f4 
[Stub Code]
  0x000001ecbc3c2dc0: ;   {no_reloc}
  0x000001ecbc3c2dc0: 0f1f 4400 

  0x000001ecbc3c2dc4: ;   {static_stub}
  0x000001ecbc3c2dc4: 0048 bb00 | 0000 0000 

  0x000001ecbc3c2dcc: ;   {runtime_call}
  0x000001ecbc3c2dcc: 0000 00e9 | fbff ffff 

  0x000001ecbc3c2dd4: ;   {static_stub}
  0x000001ecbc3c2dd4: 9048 bb00 | 0000 0000 

  0x000001ecbc3c2ddc: ;   {runtime_call}
  0x000001ecbc3c2ddc: 0000 00e9 | fbff ffff 

  0x000001ecbc3c2de4: ;   {static_stub}
  0x000001ecbc3c2de4: 9048 bb00 | 0000 0000 

  0x000001ecbc3c2dec: ;   {runtime_call}
  0x000001ecbc3c2dec: 0000 00e9 | fbff ffff 

  0x000001ecbc3c2df4: ;   {static_stub}
  0x000001ecbc3c2df4: 9048 bbf8 | 4481 c6ec 

  0x000001ecbc3c2dfc: ;   {runtime_call I2C/C2I adapters}
  0x000001ecbc3c2dfc: 0100 00e9 | db26 bdff 

  0x000001ecbc3c2e04: ;   {static_stub}
  0x000001ecbc3c2e04: 9048 bb00 | 0000 0000 

  0x000001ecbc3c2e0c: ;   {runtime_call}
  0x000001ecbc3c2e0c: 0000 00e9 | fbff ffff 
[Exception Handler]
  0x000001ecbc3c2e14: ;   {runtime_call handle_exception_from_callee Runtime1 stub}
  0x000001ecbc3c2e14: e8e7 ffc8 

  0x000001ecbc3c2e18: ;   {external_word}
  0x000001ecbc3c2e18: ff48 b940 | 9adb f5fc | 7f00 0048 

  0x000001ecbc3c2e24: ;   {runtime_call}
  0x000001ecbc3c2e24: 83e4 f049 | ba60 2fa4 | f5fc 7f00 | 0041 ffd2 

  0x000001ecbc3c2e34: ;   {section_word}
  0x000001ecbc3c2e34: f449 ba35 | 2e3c bcec | 0100 0041 

  0x000001ecbc3c2e40: ;   {runtime_call DeoptimizationBlob}
  0x000001ecbc3c2e40: 52e9 5a3e | bfff f4f4 
[/MachCode]


---------------  P R O C E S S  ---------------

Threads class SMR info:
_java_thread_list=0x000001eccb1c7850, length=21, elements={
0x000001ecb67dea60, 0x000001ecc5aa43f0, 0x000001ecc5aa6350, 0x000001ecc5aafe90,
0x000001ecc5ab1770, 0x000001ecc5ab2040, 0x000001ecc5ab2910, 0x000001ecc5ab31e0,
0x000001ecc5ab6e80, 0x000001ecc5a08d20, 0x000001ecc5d87a20, 0x000001ecc5d44820,
0x000001ecca2be4d0, 0x000001ecca3eb400, 0x000001ecca33fff0, 0x000001ecca336e30,
0x000001ecca66e070, 0x000001ecca6d5d70, 0x000001ecca711630, 0x000001ecca735090,
0x000001ecca7355a0
}

Java Threads: ( => current thread )
  0x000001ecb67dea60 JavaThread "main" [_thread_in_Java, id=8848, stack(0x00000098ff500000,0x00000098ff600000)]
  0x000001ecc5aa43f0 JavaThread "Reference Handler" daemon [_thread_blocked, id=2844, stack(0x00000098ffc00000,0x00000098ffd00000)]
  0x000001ecc5aa6350 JavaThread "Finalizer" daemon [_thread_blocked, id=3044, stack(0x00000098ffd00000,0x00000098ffe00000)]
  0x000001ecc5aafe90 JavaThread "Signal Dispatcher" daemon [_thread_blocked, id=2960, stack(0x00000098ffe00000,0x00000098fff00000)]
  0x000001ecc5ab1770 JavaThread "Attach Listener" daemon [_thread_blocked, id=2908, stack(0x00000098fff00000,0x0000009900000000)]
  0x000001ecc5ab2040 JavaThread "Service Thread" daemon [_thread_blocked, id=2964, stack(0x0000009880000000,0x0000009880100000)]
  0x000001ecc5ab2910 JavaThread "Monitor Deflation Thread" daemon [_thread_blocked, id=2916, stack(0x0000009880100000,0x0000009880200000)]
  0x000001ecc5ab31e0 JavaThread "C1 CompilerThread0" daemon [_thread_blocked, id=2944, stack(0x0000009880200000,0x0000009880300000)]
  0x000001ecc5ab6e80 JavaThread "Sweeper thread" daemon [_thread_blocked, id=2956, stack(0x0000009880300000,0x0000009880400000)]
  0x000001ecc5a08d20 JavaThread "Common-Cleaner" daemon [_thread_blocked, id=3008, stack(0x0000009880400000,0x0000009880500000)]
  0x000001ecc5d87a20 JavaThread "Notification Thread" daemon [_thread_blocked, id=1220, stack(0x0000009880700000,0x0000009880800000)]
  0x000001ecc5d44820 JavaThread "C1 CompilerThread1" daemon [_thread_blocked, id=2108, stack(0x0000009880500000,0x0000009880600000)]
  0x000001ecca2be4d0 JavaThread "C1 CompilerThread2" daemon [_thread_blocked, id=5392, stack(0x0000009880600000,0x0000009880700000)]
  0x000001ecca3eb400 JavaThread "RMI TCP Accept-0" daemon [_thread_in_native, id=9016, stack(0x0000009880800000,0x0000009880900000)]
  0x000001ecca33fff0 JavaThread "RMI TCP Accept-49678" daemon [_thread_in_native, id=8940, stack(0x0000009880900000,0x0000009880a00000)]
  0x000001ecca336e30 JavaThread "RMI TCP Accept-0" daemon [_thread_in_native, id=8960, stack(0x0000009880a00000,0x0000009880b00000)]
  0x000001ecca66e070 JavaThread "RMI TCP Connection(1)-127.0.0.1" daemon [_thread_in_native, id=5164, stack(0x0000009880f00000,0x0000009881000000)]
  0x000001ecca6d5d70 JavaThread "RMI Scheduler(0)" daemon [_thread_blocked, id=5160, stack(0x0000009881000000,0x0000009881100000)]
  0x000001ecca711630 JavaThread "RMI TCP Connection(2)-127.0.0.1" daemon [_thread_in_native, id=3976, stack(0x0000009881100000,0x0000009881200000)]
  0x000001ecca735090 JavaThread "JMX server connection timeout 21" daemon [_thread_blocked, id=3964, stack(0x0000009881200000,0x0000009881300000)]
=>0x000001ecca7355a0 JavaThread "background-preinit" [_thread_in_vm, id=3784, stack(0x0000009881300000,0x0000009881400000)]

Other Threads:
  0x000001ecc5a7da30 VMThread "VM Thread" [stack: 0x00000098ffb00000,0x00000098ffc00000] [id=2828]
  0x000001ecca343280 WatcherThread [stack: 0x0000009880b00000,0x0000009880c00000] [id=4344]
  0x000001ecb88ea6c0 GCTaskThread "GC Thread#0" [stack: 0x00000098ff600000,0x00000098ff700000] [id=5040]
  0x000001ecca443c90 GCTaskThread "GC Thread#1" [stack: 0x0000009880c00000,0x0000009880d00000] [id=8888]
  0x000001ecca454ff0 GCTaskThread "GC Thread#2" [stack: 0x0000009880d00000,0x0000009880e00000] [id=8896]
  0x000001ecca4552b0 GCTaskThread "GC Thread#3" [stack: 0x0000009880e00000,0x0000009880f00000] [id=8892]
  0x000001ecb88fa4e0 ConcurrentGCThread "G1 Main Marker" [stack: 0x00000098ff700000,0x00000098ff800000] [id=8852]
  0x000001ecb88fae10 ConcurrentGCThread "G1 Conc#0" [stack: 0x00000098ff800000,0x00000098ff900000] [id=8856]
  0x000001ecc58d40b0 ConcurrentGCThread "G1 Refine#0" [stack: 0x00000098ff900000,0x00000098ffa00000] [id=3064]
  0x000001ecc58d8b40 ConcurrentGCThread "G1 Service" [stack: 0x00000098ffa00000,0x00000098ffb00000] [id=9012]

Threads with active compile tasks:

VM state: not at safepoint (normal execution)

VM Mutex/Monitor currently owned by a thread: None

Heap address: 0x0000000088200000, size: 1918 MB, Compressed Oops mode: 32-bit

CDS archive(s) not mapped
Compressed class space mapped at: 0x0000000100000000-0x0000000140000000, reserved size: 1073741824
Narrow klass base: 0x0000000000000000, Narrow klass shift: 3, Narrow klass range: 0x140000000

GC Precious Log:
 CPUs: 4 total, 4 available
 Memory: 7669M
 Large Page Support: Disabled
 NUMA Support: Disabled
 Compressed Oops: Enabled (32-bit)
 Heap Region Size: 1M
 Heap Min Capacity: 8M
 Heap Initial Capacity: 120M
 Heap Max Capacity: 1918M
 Pre-touch: Disabled
 Parallel Workers: 4
 Concurrent Workers: 1
 Concurrent Refinement Workers: 4
 Periodic GC: Disabled

Heap:
 garbage-first heap   total 40960K, used 20332K [0x0000000088200000, 0x0000000100000000)
  region size 1024K, 12 young (12288K), 2 survivors (2048K)
 Metaspace       used 29824K, committed 30208K, reserved 1114112K
  class space    used 3664K, committed 3840K, reserved 1048576K

Heap Regions: E=young(eden), S=young(survivor), O=old, HS=humongous(starts), HC=humongous(continues), CS=collection set, F=free, OA=open archive, CA=closed archive, TAMS=top-at-mark-start (previous, next)
|   0|0x0000000088200000, 0x0000000088300000, 0x0000000088300000|100%|HS|  |TAMS 0x0000000088300000, 0x0000000088200000| Complete 
|   1|0x0000000088300000, 0x0000000088400000, 0x0000000088400000|100%| O|  |TAMS 0x0000000088400000, 0x0000000088300000| Untracked 
|   2|0x0000000088400000, 0x0000000088500000, 0x0000000088500000|100%| O|  |TAMS 0x0000000088500000, 0x0000000088400000| Untracked 
|   3|0x0000000088500000, 0x0000000088600000, 0x0000000088600000|100%| O|  |TAMS 0x0000000088600000, 0x0000000088500000| Untracked 
|   4|0x0000000088600000, 0x0000000088700000, 0x0000000088700000|100%| O|  |TAMS 0x0000000088700000, 0x0000000088600000| Untracked 
|   5|0x0000000088700000, 0x0000000088800000, 0x0000000088800000|100%| O|  |TAMS 0x0000000088800000, 0x0000000088700000| Untracked 
|   6|0x0000000088800000, 0x0000000088800000, 0x0000000088900000|  0%| F|  |TAMS 0x0000000088800000, 0x0000000088800000| Untracked 
|   7|0x0000000088900000, 0x0000000088a00000, 0x0000000088a00000|100%| O|  |TAMS 0x0000000088900000, 0x0000000088900000| Untracked 
|   8|0x0000000088a00000, 0x0000000088b00000, 0x0000000088b00000|100%| O|  |TAMS 0x0000000088a00000, 0x0000000088a00000| Untracked 
|   9|0x0000000088b00000, 0x0000000088c00000, 0x0000000088c00000|100%| O|  |TAMS 0x0000000088b00000, 0x0000000088b00000| Untracked 
|  10|0x0000000088c00000, 0x0000000088ce3000, 0x0000000088d00000| 88%| O|  |TAMS 0x0000000088c00000, 0x0000000088c00000| Untracked 
|  11|0x0000000088d00000, 0x0000000088d00000, 0x0000000088e00000|  0%| F|  |TAMS 0x0000000088d00000, 0x0000000088d00000| Untracked 
|  12|0x0000000088e00000, 0x0000000088e00000, 0x0000000088f00000|  0%| F|  |TAMS 0x0000000088e00000, 0x0000000088e00000| Untracked 
|  13|0x0000000088f00000, 0x0000000088f00000, 0x0000000089000000|  0%| F|  |TAMS 0x0000000088f00000, 0x0000000088f00000| Untracked 
|  14|0x0000000089000000, 0x0000000089000000, 0x0000000089100000|  0%| F|  |TAMS 0x0000000089000000, 0x0000000089000000| Untracked 
|  15|0x0000000089100000, 0x0000000089100000, 0x0000000089200000|  0%| F|  |TAMS 0x0000000089100000, 0x0000000089100000| Untracked 
|  16|0x0000000089200000, 0x0000000089200000, 0x0000000089300000|  0%| F|  |TAMS 0x0000000089200000, 0x0000000089200000| Untracked 
|  17|0x0000000089300000, 0x0000000089300000, 0x0000000089400000|  0%| F|  |TAMS 0x0000000089300000, 0x0000000089300000| Untracked 
|  18|0x0000000089400000, 0x0000000089400000, 0x0000000089500000|  0%| F|  |TAMS 0x0000000089400000, 0x0000000089400000| Untracked 
|  19|0x0000000089500000, 0x0000000089500000, 0x0000000089600000|  0%| F|  |TAMS 0x0000000089500000, 0x0000000089500000| Untracked 
|  20|0x0000000089600000, 0x0000000089600000, 0x0000000089700000|  0%| F|  |TAMS 0x0000000089600000, 0x0000000089600000| Untracked 
|  21|0x0000000089700000, 0x00000000897f82d8, 0x0000000089800000| 96%| S|CS|TAMS 0x0000000089700000, 0x0000000089700000| Complete 
|  22|0x0000000089800000, 0x0000000089900000, 0x0000000089900000|100%| S|CS|TAMS 0x0000000089800000, 0x0000000089800000| Complete 
|  23|0x0000000089900000, 0x0000000089900000, 0x0000000089a00000|  0%| F|  |TAMS 0x0000000089900000, 0x0000000089900000| Untracked 
|  24|0x0000000089a00000, 0x0000000089a00000, 0x0000000089b00000|  0%| F|  |TAMS 0x0000000089a00000, 0x0000000089a00000| Untracked 
|  25|0x0000000089b00000, 0x0000000089b00000, 0x0000000089c00000|  0%| F|  |TAMS 0x0000000089b00000, 0x0000000089b00000| Untracked 
|  26|0x0000000089c00000, 0x0000000089c00000, 0x0000000089d00000|  0%| F|  |TAMS 0x0000000089c00000, 0x0000000089c00000| Untracked 
|  27|0x0000000089d00000, 0x0000000089d00000, 0x0000000089e00000|  0%| F|  |TAMS 0x0000000089d00000, 0x0000000089d00000| Untracked 
|  28|0x0000000089e00000, 0x0000000089e00000, 0x0000000089f00000|  0%| F|  |TAMS 0x0000000089e00000, 0x0000000089e00000| Untracked 
|  29|0x0000000089f00000, 0x0000000089f00000, 0x000000008a000000|  0%| F|  |TAMS 0x0000000089f00000, 0x0000000089f00000| Untracked 
|  30|0x000000008a000000, 0x000000008a093028, 0x000000008a100000| 57%| E|  |TAMS 0x000000008a000000, 0x000000008a000000| Complete 
|  31|0x000000008a100000, 0x000000008a200000, 0x000000008a200000|100%| E|  |TAMS 0x000000008a100000, 0x000000008a100000| Complete 
|  32|0x000000008a200000, 0x000000008a300000, 0x000000008a300000|100%| E|CS|TAMS 0x000000008a200000, 0x000000008a200000| Complete 
|  33|0x000000008a300000, 0x000000008a400000, 0x000000008a400000|100%| E|CS|TAMS 0x000000008a300000, 0x000000008a300000| Complete 
|  34|0x000000008a400000, 0x000000008a500000, 0x000000008a500000|100%| E|CS|TAMS 0x000000008a400000, 0x000000008a400000| Complete 
|  91|0x000000008dd00000, 0x000000008de00000, 0x000000008de00000|100%| E|CS|TAMS 0x000000008dd00000, 0x000000008dd00000| Complete 
|  92|0x000000008de00000, 0x000000008df00000, 0x000000008df00000|100%| E|CS|TAMS 0x000000008de00000, 0x000000008de00000| Complete 
|  93|0x000000008df00000, 0x000000008e000000, 0x000000008e000000|100%| E|CS|TAMS 0x000000008df00000, 0x000000008df00000| Complete 
| 118|0x000000008f800000, 0x000000008f900000, 0x000000008f900000|100%| E|CS|TAMS 0x000000008f800000, 0x000000008f800000| Complete 
| 119|0x000000008f900000, 0x000000008fa00000, 0x000000008fa00000|100%| E|CS|TAMS 0x000000008f900000, 0x000000008f900000| Complete 

Card table byte_map: [0x000001ecbf320000,0x000001ecbf6e0000] _byte_map_base: 0x000001ecbeedf000

Marking Bits (Prev, Next): (CMBitMap*) 0x000001ecb88eac30, (CMBitMap*) 0x000001ecb88eabf0
 Prev Bits: [0x000001ecc18a0000, 0x000001ecc3698000)
 Next Bits: [0x000001ecbfaa0000, 0x000001ecc1898000)

Polling page: 0x000001ecb66d0000

Metaspace:

Usage:
  Non-class:     25.55 MB used.
      Class:      3.58 MB used.
       Both:     29.13 MB used.

Virtual space:
  Non-class space:       64.00 MB reserved,      25.75 MB ( 40%) committed,  1 nodes.
      Class space:        1.00 GB reserved,       3.75 MB ( <1%) committed,  1 nodes.
             Both:        1.06 GB reserved,      29.50 MB (  3%) committed. 

Chunk freelists:
   Non-Class:  5.81 MB
       Class:  12.10 MB
        Both:  17.91 MB

MaxMetaspaceSize: unlimited
CompressedClassSpaceSize: 1.00 GB
Initial GC threshold: 21.00 MB
Current GC threshold: 35.25 MB
CDS: off
MetaspaceReclaimPolicy: balanced
 - commit_granule_bytes: 65536.
 - commit_granule_words: 8192.
 - virtual_space_node_default_size: 8388608.
 - enlarge_chunks_in_place: 1.
 - new_chunks_are_fully_committed: 0.
 - uncommit_free_chunks: 1.
 - use_allocation_guard: 0.
 - handle_deallocations: 1.


Internal statistics:

num_allocs_failed_limit: 3.
num_arena_births: 318.
num_arena_deaths: 0.
num_vsnodes_births: 2.
num_vsnodes_deaths: 0.
num_space_committed: 472.
num_space_uncommitted: 0.
num_chunks_returned_to_freelist: 3.
num_chunks_taken_from_freelist: 1002.
num_chunk_merges: 3.
num_chunk_splits: 684.
num_chunks_enlarged: 502.
num_inconsistent_stats: 0.

CodeCache: size=49152Kb used=6329Kb max_used=6329Kb free=42822Kb
 bounds [0x000001ecbbf60000, 0x000001ecbc590000, 0x000001ecbef60000]
 total_blobs=3181 nmethods=2670 adapters=435
 compilation: enabled
              stopped_count=0, restarted_count=0
 full_count=0

Compilation events (20 events):
Event: 7.589 Thread 0x000001ecca2be4d0 2481       1       org.apache.commons.logging.LogFactory::getLog (5 bytes)
Event: 7.590 Thread 0x000001ecca2be4d0 nmethod 2481 0x000001ecbc53fe90 code [0x000001ecbc540020, 0x000001ecbc540128]
Event: 7.590 Thread 0x000001ecca2be4d0 2482       1       org.apache.commons.logging.LogAdapter::createLog (13 bytes)
Event: 7.590 Thread 0x000001ecc5d44820 2483       1       org.apache.commons.logging.LogAdapter$$Lambda$101/0x0000000100149e80::apply (8 bytes)
Event: 7.590 Thread 0x000001ecc5ab31e0 2484       1       org.apache.commons.logging.LogAdapter$Slf4jAdapter::createLocationAwareLog (37 bytes)
Event: 7.590 Thread 0x000001ecc5d44820 nmethod 2483 0x000001ecbc540210 code [0x000001ecbc5403a0, 0x000001ecbc5404a8]
Event: 7.590 Thread 0x000001ecca2be4d0 nmethod 2482 0x000001ecbc540590 code [0x000001ecbc540720, 0x000001ecbc540828]
Event: 7.590 Thread 0x000001ecc5d44820 2485       1       org.apache.commons.logging.LogAdapter$Slf4jLocationAwareLog::<init> (6 bytes)
Event: 7.590 Thread 0x000001ecca2be4d0 2486       1       org.apache.commons.logging.LogAdapter$Slf4jLog::<init> (20 bytes)
Event: 7.590 Thread 0x000001ecc5d44820 nmethod 2485 0x000001ecbc540910 code [0x000001ecbc540aa0, 0x000001ecbc540c38]
Event: 7.590 Thread 0x000001ecca2be4d0 nmethod 2486 0x000001ecbc540d10 code [0x000001ecbc540ea0, 0x000001ecbc541038]
Event: 7.590 Thread 0x000001ecc5ab31e0 nmethod 2484 0x000001ecbc541110 code [0x000001ecbc541300, 0x000001ecbc541768]
Event: 7.591 Thread 0x000001ecca2be4d0 2487       1       org.apache.commons.logging.LogFactory::getLog (8 bytes)
Event: 7.591 Thread 0x000001ecca2be4d0 nmethod 2487 0x000001ecbc541990 code [0x000001ecbc541b40, 0x000001ecbc541cb8]
Event: 7.591 Thread 0x000001ecca2be4d0 2488       1       org.springframework.util.ClassUtils::resolvePrimitiveIfNecessary (37 bytes)
Event: 7.591 Thread 0x000001ecc5ab31e0 2489   !   1       org.springframework.boot.autoconfigure.condition.FilteringSpringBootCondition$ClassNameFilter::isPresent (19 bytes)
Event: 7.591 Thread 0x000001ecc5d44820 2490       1       org.springframework.boot.autoconfigure.condition.FilteringSpringBootCondition::resolve (16 bytes)
Event: 7.592 Thread 0x000001ecca2be4d0 nmethod 2488 0x000001ecbc541e10 code [0x000001ecbc541fc0, 0x000001ecbc542198]
Event: 7.592 Thread 0x000001ecc5d44820 nmethod 2490 0x000001ecbc542290 code [0x000001ecbc542440, 0x000001ecbc5425a8]
Event: 7.592 Thread 0x000001ecc5ab31e0 nmethod 2489 0x000001ecbc542690 code [0x000001ecbc542860, 0x000001ecbc542a38]

GC Heap History (12 events):
Event: 4.329 GC heap before
{Heap before GC invocations=0 (full 0):
 garbage-first heap   total 122880K, used 13312K [0x0000000088200000, 0x0000000100000000)
  region size 1024K, 13 young (13312K), 0 survivors (0K)
 Metaspace       used 12123K, committed 12352K, reserved 1114112K
  class space    used 1229K, committed 1344K, reserved 1048576K
}
Event: 4.345 GC heap after
{Heap after GC invocations=1 (full 0):
 garbage-first heap   total 122880K, used 6341K [0x0000000088200000, 0x0000000100000000)
  region size 1024K, 2 young (2048K), 2 survivors (2048K)
 Metaspace       used 12123K, committed 12352K, reserved 1114112K
  class space    used 1229K, committed 1344K, reserved 1048576K
}
Event: 5.103 GC heap before
{Heap before GC invocations=1 (full 0):
 garbage-first heap   total 122880K, used 17605K [0x0000000088200000, 0x0000000100000000)
  region size 1024K, 13 young (13312K), 2 survivors (2048K)
 Metaspace       used 16152K, committed 16384K, reserved 1114112K
  class space    used 1744K, committed 1856K, reserved 1048576K
}
Event: 5.111 GC heap after
{Heap after GC invocations=2 (full 0):
 garbage-first heap   total 122880K, used 7807K [0x0000000088200000, 0x0000000100000000)
  region size 1024K, 2 young (2048K), 2 survivors (2048K)
 Metaspace       used 16152K, committed 16384K, reserved 1114112K
  class space    used 1744K, committed 1856K, reserved 1048576K
}
Event: 6.466 GC heap before
{Heap before GC invocations=2 (full 0):
 garbage-first heap   total 122880K, used 31359K [0x0000000088200000, 0x0000000100000000)
  region size 1024K, 26 young (26624K), 2 survivors (2048K)
 Metaspace       used 21299K, committed 21504K, reserved 1114112K
  class space    used 2518K, committed 2624K, reserved 1048576K
}
Event: 6.474 GC heap after
{Heap after GC invocations=3 (full 0):
 garbage-first heap   total 122880K, used 9471K [0x0000000088200000, 0x0000000100000000)
  region size 1024K, 3 young (3072K), 3 survivors (3072K)
 Metaspace       used 21299K, committed 21504K, reserved 1114112K
  class space    used 2518K, committed 2624K, reserved 1048576K
}
Event: 7.074 GC heap before
{Heap before GC invocations=4 (full 0):
 garbage-first heap   total 40960K, used 29951K [0x0000000088200000, 0x0000000100000000)
  region size 1024K, 24 young (24576K), 3 survivors (3072K)
 Metaspace       used 25244K, committed 25536K, reserved 1114112K
  class space    used 3095K, committed 3264K, reserved 1048576K
}
Event: 7.083 GC heap after
{Heap after GC invocations=5 (full 0):
 garbage-first heap   total 40960K, used 10710K [0x0000000088200000, 0x0000000100000000)
  region size 1024K, 2 young (2048K), 2 survivors (2048K)
 Metaspace       used 25244K, committed 25536K, reserved 1114112K
  class space    used 3095K, committed 3264K, reserved 1048576K
}
Event: 7.130 GC heap before
{Heap before GC invocations=5 (full 0):
 garbage-first heap   total 40960K, used 11734K [0x0000000088200000, 0x0000000100000000)
  region size 1024K, 3 young (3072K), 2 survivors (2048K)
 Metaspace       used 25577K, committed 25856K, reserved 1114112K
  class space    used 3128K, committed 3264K, reserved 1048576K
}
Event: 7.133 GC heap after
{Heap after GC invocations=6 (full 0):
 garbage-first heap   total 40960K, used 10331K [0x0000000088200000, 0x0000000100000000)
  region size 1024K, 1 young (1024K), 1 survivors (1024K)
 Metaspace       used 25577K, committed 25856K, reserved 1114112K
  class space    used 3128K, committed 3264K, reserved 1048576K
}
Event: 7.480 GC heap before
{Heap before GC invocations=6 (full 0):
 garbage-first heap   total 40960K, used 25691K [0x0000000088200000, 0x0000000100000000)
  region size 1024K, 17 young (17408K), 1 survivors (1024K)
 Metaspace       used 28908K, committed 29184K, reserved 1114112K
  class space    used 3515K, committed 3648K, reserved 1048576K
}
Event: 7.484 GC heap after
{Heap after GC invocations=7 (full 0):
 garbage-first heap   total 40960K, used 12140K [0x0000000088200000, 0x0000000100000000)
  region size 1024K, 2 young (2048K), 2 survivors (2048K)
 Metaspace       used 28908K, committed 29184K, reserved 1114112K
  class space    used 3515K, committed 3648K, reserved 1048576K
}

Dll operation events (7 events):
Event: 0.034 Loaded shared library C:\SOFTWARES\sts-4.21.0.RELEASE\plugins\org.eclipse.justj.openjdk.hotspot.jre.full.win32.x86_64_17.0.9.v20231028-0858\jre\bin\java.dll
Event: 0.941 Loaded shared library C:\SOFTWARES\sts-4.21.0.RELEASE\plugins\org.eclipse.justj.openjdk.hotspot.jre.full.win32.x86_64_17.0.9.v20231028-0858\jre\bin\jimage.dll
Event: 1.012 Loaded shared library C:\SOFTWARES\sts-4.21.0.RELEASE\plugins\org.eclipse.justj.openjdk.hotspot.jre.full.win32.x86_64_17.0.9.v20231028-0858\jre\bin\net.dll
Event: 1.019 Loaded shared library C:\SOFTWARES\sts-4.21.0.RELEASE\plugins\org.eclipse.justj.openjdk.hotspot.jre.full.win32.x86_64_17.0.9.v20231028-0858\jre\bin\nio.dll
Event: 1.037 Loaded shared library C:\SOFTWARES\sts-4.21.0.RELEASE\plugins\org.eclipse.justj.openjdk.hotspot.jre.full.win32.x86_64_17.0.9.v20231028-0858\jre\bin\zip.dll
Event: 1.228 Loaded shared library C:\SOFTWARES\sts-4.21.0.RELEASE\plugins\org.eclipse.justj.openjdk.hotspot.jre.full.win32.x86_64_17.0.9.v20231028-0858\jre\bin\management.dll
Event: 1.271 Loaded shared library C:\SOFTWARES\sts-4.21.0.RELEASE\plugins\org.eclipse.justj.openjdk.hotspot.jre.full.win32.x86_64_17.0.9.v20231028-0858\jre\bin\management_ext.dll

Deoptimization events (4 events):
Event: 6.515 Thread 0x000001ecb67dea60 DEOPT PACKING pc=0x000001ecbc478699 sp=0x00000098ff5fd510
Event: 6.515 Thread 0x000001ecb67dea60 DEOPT UNPACKING pc=0x000001ecbbfb7143 sp=0x00000098ff5fc9f0 mode 3
Event: 7.400 Thread 0x000001ecb67dea60 DEOPT PACKING pc=0x000001ecbc502955 sp=0x00000098ff5fdce0
Event: 7.400 Thread 0x000001ecb67dea60 DEOPT UNPACKING pc=0x000001ecbbfb7143 sp=0x00000098ff5fd188 mode 3

Classes unloaded (0 events):
No events

Classes redefined (0 events):
No events

Internal exceptions (20 events):
Event: 5.816 Thread 0x000001ecb67dea60 Exception <a 'java/lang/NoSuchMethodError'{0x000000008f1955b0}: 'java.lang.Object java.lang.invoke.DirectMethodHandle$Holder.newInvokeSpecial(java.lang.Object, int, java.lang.Object)'> (0x000000008f1955b0) 
thrown [s\src\hotspot\share\interpreter\linkResolver.cpp, line 759]
Event: 5.817 Thread 0x000001ecb67dea60 Exception <a 'java/lang/NoSuchMethodError'{0x000000008f199580}: 'int java.lang.invoke.DirectMethodHandle$Holder.invokeSpecialIFC(java.lang.Object, java.lang.Object, java.lang.Object, java.lang.Object)'> (0x000000008f199580) 
thrown [s\src\hotspot\share\interpreter\linkResolver.cpp, line 759]
Event: 5.893 Thread 0x000001ecb67dea60 Exception <a 'java/lang/NoSuchMethodError'{0x000000008f067b18}: 'void java.lang.invoke.DirectMethodHandle$Holder.invokeInterface(java.lang.Object, java.lang.Object, java.lang.Object)'> (0x000000008f067b18) 
thrown [s\src\hotspot\share\interpreter\linkResolver.cpp, line 759]
Event: 5.969 Thread 0x000001ecb67dea60 Exception <a 'java/lang/NoSuchMethodError'{0x000000008f0ef2a8}: 'java.lang.Object java.lang.invoke.DirectMethodHandle$Holder.invokeVirtual(java.lang.Object, java.lang.Object, java.lang.Object)'> (0x000000008f0ef2a8) 
thrown [s\src\hotspot\share\interpreter\linkResolver.cpp, line 759]
Event: 6.046 Thread 0x000001ecb67dea60 Exception <a 'java/lang/NoSuchMethodError'{0x000000008efddc08}: 'void java.lang.invoke.DirectMethodHandle$Holder.invokeStatic(java.lang.Object, java.lang.Object, int)'> (0x000000008efddc08) 
thrown [s\src\hotspot\share\interpreter\linkResolver.cpp, line 759]
Event: 6.052 Thread 0x000001ecb67dea60 Exception <a 'java/lang/NoSuchMethodError'{0x000000008eff3de8}: 'void java.lang.invoke.DirectMethodHandle$Holder.invokeStaticInit(java.lang.Object, java.lang.Object, java.lang.Object)'> (0x000000008eff3de8) 
thrown [s\src\hotspot\share\interpreter\linkResolver.cpp, line 759]
Event: 6.066 Thread 0x000001ecb67dea60 Exception <a 'java/lang/NoSuchMethodError'{0x000000008ec3ab38}: 'java.lang.Object java.lang.invoke.DirectMethodHandle$Holder.invokeStatic(java.lang.Object, java.lang.Object, long, java.lang.Object)'> (0x000000008ec3ab38) 
thrown [s\src\hotspot\share\interpreter\linkResolver.cpp, line 759]
Event: 6.066 Thread 0x000001ecb67dea60 Exception <a 'java/lang/NoSuchMethodError'{0x000000008ec3e5d0}: 'java.lang.Object java.lang.invoke.DirectMethodHandle$Holder.invokeStaticInit(java.lang.Object, java.lang.Object, long, java.lang.Object)'> (0x000000008ec3e5d0) 
thrown [s\src\hotspot\share\interpreter\linkResolver.cpp, line 759]
Event: 6.067 Thread 0x000001ecb67dea60 Exception <a 'java/lang/NoSuchMethodError'{0x000000008ec44be0}: 'java.lang.Object java.lang.invoke.DirectMethodHandle$Holder.newInvokeSpecial(java.lang.Object, java.lang.Object, long)'> (0x000000008ec44be0) 
thrown [s\src\hotspot\share\interpreter\linkResolver.cpp, line 759]
Event: 6.099 Thread 0x000001ecb67dea60 Exception <a 'java/lang/NoSuchMethodError'{0x000000008ec9abe0}: 'void java.lang.invoke.DirectMethodHandle$Holder.invokeSpecial(java.lang.Object, java.lang.Object, java.lang.Object, java.lang.Object, java.lang.Object)'> (0x000000008ec9abe0) 
thrown [s\src\hotspot\share\interpreter\linkResolver.cpp, line 759]
Event: 6.100 Thread 0x000001ecb67dea60 Exception <a 'java/lang/NoSuchMethodError'{0x000000008eca3170}: 'void java.lang.invoke.DirectMethodHandle$Holder.invokeVirtual(java.lang.Object, java.lang.Object, java.lang.Object, java.lang.Object)'> (0x000000008eca3170) 
thrown [s\src\hotspot\share\interpreter\linkResolver.cpp, line 759]
Event: 6.183 Thread 0x000001ecb67dea60 Exception <a 'java/lang/NoSuchMethodError'{0x000000008ebff990}: 'void java.lang.invoke.DirectMethodHandle$Holder.invokeSpecial(java.lang.Object, java.lang.Object, java.lang.Object)'> (0x000000008ebff990) 
thrown [s\src\hotspot\share\interpreter\linkResolver.cpp, line 759]
Event: 6.195 Thread 0x000001ecb67dea60 Exception <a 'java/lang/IncompatibleClassChangeError'{0x000000008ea2ec70}: Found class java.lang.Object, but interface was expected> (0x000000008ea2ec70) 
thrown [s\src\hotspot\share\interpreter\linkResolver.cpp, line 826]
Event: 6.295 Thread 0x000001ecca711630 Exception <a 'java/lang/reflect/InvocationTargetException'{0x000000008f7f7280}> (0x000000008f7f7280) 
thrown [s\src\hotspot\share\runtime\reflection.cpp, line 1121]
Event: 6.749 Thread 0x000001ecb67dea60 Exception <a 'sun/nio/fs/WindowsException'{0x0000000089a0afe8}> (0x0000000089a0afe8) 
thrown [s\src\hotspot\share\prims\jni.cpp, line 516]
Event: 6.752 Thread 0x000001ecb67dea60 Exception <a 'java/lang/NoSuchMethodError'{0x0000000089a0c708}: 'int java.lang.invoke.DirectMethodHandle$Holder.invokeSpecial(java.lang.Object, java.lang.Object, java.lang.Object, java.lang.Object, java.lang.Object)'> (0x0000000089a0c708) 
thrown [s\src\hotspot\share\interpreter\linkResolver.cpp, line 759]
Event: 6.757 Thread 0x000001ecb67dea60 Exception <a 'java/lang/NoSuchMethodError'{0x0000000089a153b8}: 'void java.lang.invoke.DirectMethodHandle$Holder.invokeVirtual(java.lang.Object, java.lang.Object)'> (0x0000000089a153b8) 
thrown [s\src\hotspot\share\interpreter\linkResolver.cpp, line 759]
Event: 6.799 Thread 0x000001ecca711630 Exception <a 'java/lang/reflect/InvocationTargetException'{0x000000008999aff0}> (0x000000008999aff0) 
thrown [s\src\hotspot\share\runtime\reflection.cpp, line 1121]
Event: 7.304 Thread 0x000001ecca711630 Exception <a 'java/lang/reflect/InvocationTargetException'{0x000000008a13ad38}> (0x000000008a13ad38) 
thrown [s\src\hotspot\share\runtime\reflection.cpp, line 1121]
Event: 7.365 Thread 0x000001ecb67dea60 Exception <a 'java/lang/IncompatibleClassChangeError'{0x0000000089e76788}: Found class java.lang.Object, but interface was expected> (0x0000000089e76788) 
thrown [s\src\hotspot\share\interpreter\linkResolver.cpp, line 826]

VM Operations (20 events):
Event: 6.179 Executing VM operation: Cleanup
Event: 6.179 Executing VM operation: Cleanup done
Event: 6.466 Executing VM operation: CollectForMetadataAllocation
Event: 6.474 Executing VM operation: CollectForMetadataAllocation done
Event: 6.488 Executing VM operation: G1PauseRemark
Event: 6.492 Executing VM operation: G1PauseRemark done
Event: 6.496 Executing VM operation: G1PauseCleanup
Event: 6.497 Executing VM operation: G1PauseCleanup done
Event: 6.617 Executing VM operation: HandshakeAllThreads
Event: 6.617 Executing VM operation: HandshakeAllThreads done
Event: 6.702 Executing VM operation: HandshakeAllThreads
Event: 6.702 Executing VM operation: HandshakeAllThreads done
Event: 7.074 Executing VM operation: G1CollectForAllocation
Event: 7.083 Executing VM operation: G1CollectForAllocation done
Event: 7.130 Executing VM operation: G1CollectForAllocation
Event: 7.134 Executing VM operation: G1CollectForAllocation done
Event: 7.155 Executing VM operation: HandshakeAllThreads
Event: 7.155 Executing VM operation: HandshakeAllThreads done
Event: 7.480 Executing VM operation: G1CollectForAllocation
Event: 7.484 Executing VM operation: G1CollectForAllocation done

Events (20 events):
Event: 7.229 loading class java/lang/StringUTF16$CharsSpliterator
Event: 7.229 loading class java/lang/StringUTF16$CharsSpliterator done
Event: 7.229 loading class java/lang/CharacterData00
Event: 7.230 loading class java/lang/CharacterData00 done
Event: 7.233 loading class java/text/DecimalFormat
Event: 7.235 loading class java/text/DecimalFormat done
Event: 7.235 loading class java/text/DigitList
Event: 7.235 Thread 0x000001ecca734670 Thread added: 0x000001ecca734670
Event: 7.235 loading class java/text/DigitList done
Event: 7.255 loading class java/io/CharArrayReader
Event: 7.256 loading class java/io/CharArrayReader done
Event: 7.268 loading class javax/naming/ldap/LdapContext
Event: 7.269 loading class javax/naming/directory/DirContext
Event: 7.269 loading class javax/naming/directory/DirContext done
Event: 7.269 loading class javax/naming/ldap/LdapContext done
Event: 7.307 Thread 0x000001ecca734670 Thread exited: 0x000001ecca734670
Event: 7.366 loading class java/util/HashMap$KeySpliterator
Event: 7.366 loading class java/util/HashMap$KeySpliterator done
Event: 7.573 loading class java/util/regex/Pattern$Pos
Event: 7.574 loading class java/util/regex/Pattern$Pos done


Dynamic libraries:
0x00007ff600940000 - 0x00007ff60094e000 	C:\SOFTWARES\sts-4.21.0.RELEASE\plugins\org.eclipse.justj.openjdk.hotspot.jre.full.win32.x86_64_17.0.9.v20231028-0858\jre\bin\javaw.exe
0x00007ffd39d10000 - 0x00007ffd39f08000 	C:\Windows\SYSTEM32\ntdll.dll
0x00007ffd39020000 - 0x00007ffd390df000 	C:\Windows\System32\KERNEL32.DLL
0x00007ffd373f0000 - 0x00007ffd376e6000 	C:\Windows\System32\KERNELBASE.dll
0x00007ffd379e0000 - 0x00007ffd37ae0000 	C:\Windows\System32\ucrtbase.dll
0x00007ffd1c160000 - 0x00007ffd1c177000 	C:\SOFTWARES\sts-4.21.0.RELEASE\plugins\org.eclipse.justj.openjdk.hotspot.jre.full.win32.x86_64_17.0.9.v20231028-0858\jre\bin\jli.dll
0x00007ffd38ce0000 - 0x00007ffd38e7d000 	C:\Windows\System32\USER32.dll
0x00007ffd376f0000 - 0x00007ffd37712000 	C:\Windows\System32\win32u.dll
0x00007ffd37d70000 - 0x00007ffd37d9c000 	C:\Windows\System32\GDI32.dll
0x00007ffd378c0000 - 0x00007ffd379d5000 	C:\Windows\System32\gdi32full.dll
0x00007ffd37720000 - 0x00007ffd377bd000 	C:\Windows\System32\msvcp_win.dll
0x00007ffd1c140000 - 0x00007ffd1c15b000 	C:\SOFTWARES\sts-4.21.0.RELEASE\plugins\org.eclipse.justj.openjdk.hotspot.jre.full.win32.x86_64_17.0.9.v20231028-0858\jre\bin\VCRUNTIME140.dll
0x00007ffd36780000 - 0x00007ffd36a1a000 	C:\Windows\WinSxS\amd64_microsoft.windows.common-controls_6595b64144ccf1df_6.0.19041.1110_none_60b5254171f9507e\COMCTL32.dll
0x00007ffd39af0000 - 0x00007ffd39b8e000 	C:\Windows\System32\msvcrt.dll
0x00007ffd38b90000 - 0x00007ffd38bc0000 	C:\Windows\System32\IMM32.DLL
0x00007ffd1c130000 - 0x00007ffd1c13c000 	C:\SOFTWARES\sts-4.21.0.RELEASE\plugins\org.eclipse.justj.openjdk.hotspot.jre.full.win32.x86_64_17.0.9.v20231028-0858\jre\bin\vcruntime140_1.dll
0x00007ffcf3ee0000 - 0x00007ffcf3f6d000 	C:\SOFTWARES\sts-4.21.0.RELEASE\plugins\org.eclipse.justj.openjdk.hotspot.jre.full.win32.x86_64_17.0.9.v20231028-0858\jre\bin\msvcp140.dll
0x00007ffcf5490000 - 0x00007ffcf60f1000 	C:\SOFTWARES\sts-4.21.0.RELEASE\plugins\org.eclipse.justj.openjdk.hotspot.jre.full.win32.x86_64_17.0.9.v20231028-0858\jre\bin\server\jvm.dll
0x00007ffd38e80000 - 0x00007ffd38f2f000 	C:\Windows\System32\ADVAPI32.dll
0x00007ffd37ed0000 - 0x00007ffd37f6c000 	C:\Windows\System32\sechost.dll
0x00007ffd37da0000 - 0x00007ffd37ec6000 	C:\Windows\System32\RPCRT4.dll
0x00007ffd37260000 - 0x00007ffd372ab000 	C:\Windows\SYSTEM32\POWRPROF.dll
0x00007ffd25d30000 - 0x00007ffd25d39000 	C:\Windows\SYSTEM32\WSOCK32.dll
0x00007ffd38f30000 - 0x00007ffd38f9b000 	C:\Windows\System32\WS2_32.dll
0x00007ffd22870000 - 0x00007ffd22897000 	C:\Windows\SYSTEM32\WINMM.dll
0x00007ffd33e90000 - 0x00007ffd33e9a000 	C:\Windows\SYSTEM32\VERSION.dll
0x00007ffd37240000 - 0x00007ffd37252000 	C:\Windows\SYSTEM32\UMPDC.dll
0x00007ffd355d0000 - 0x00007ffd355e2000 	C:\Windows\SYSTEM32\kernel.appcore.dll
0x00007ffd339b0000 - 0x00007ffd339ba000 	C:\SOFTWARES\sts-4.21.0.RELEASE\plugins\org.eclipse.justj.openjdk.hotspot.jre.full.win32.x86_64_17.0.9.v20231028-0858\jre\bin\jimage.dll
0x00007ffd36d10000 - 0x00007ffd36ef4000 	C:\Windows\SYSTEM32\DBGHELP.DLL
0x00007ffd36b30000 - 0x00007ffd36b64000 	C:\Windows\SYSTEM32\dbgcore.DLL
0x00007ffd37830000 - 0x00007ffd378b2000 	C:\Windows\System32\bcryptPrimitives.dll
0x00007ffd307c0000 - 0x00007ffd307e5000 	C:\SOFTWARES\sts-4.21.0.RELEASE\plugins\org.eclipse.justj.openjdk.hotspot.jre.full.win32.x86_64_17.0.9.v20231028-0858\jre\bin\java.dll
0x00007ffd30640000 - 0x00007ffd30658000 	C:\SOFTWARES\sts-4.21.0.RELEASE\plugins\org.eclipse.justj.openjdk.hotspot.jre.full.win32.x86_64_17.0.9.v20231028-0858\jre\bin\zip.dll
0x00007ffd392f0000 - 0x00007ffd39a34000 	C:\Windows\System32\SHELL32.dll
0x00007ffd344d0000 - 0x00007ffd34c63000 	C:\Windows\SYSTEM32\windows.storage.dll
0x00007ffd37f70000 - 0x00007ffd382c4000 	C:\Windows\System32\combase.dll
0x00007ffd366e0000 - 0x00007ffd3670e000 	C:\Windows\SYSTEM32\Wldp.dll
0x00007ffd39a40000 - 0x00007ffd39aed000 	C:\Windows\System32\SHCORE.dll
0x00007ffd390e0000 - 0x00007ffd39135000 	C:\Windows\System32\shlwapi.dll
0x00007ffd37330000 - 0x00007ffd3734f000 	C:\Windows\SYSTEM32\profapi.dll
0x00007ffd2ea20000 - 0x00007ffd2ea39000 	C:\SOFTWARES\sts-4.21.0.RELEASE\plugins\org.eclipse.justj.openjdk.hotspot.jre.full.win32.x86_64_17.0.9.v20231028-0858\jre\bin\net.dll
0x00007ffd29230000 - 0x00007ffd2933a000 	C:\Windows\SYSTEM32\WINHTTP.dll
0x00007ffd363f0000 - 0x00007ffd3645a000 	C:\Windows\system32\mswsock.dll
0x00007ffd2ea00000 - 0x00007ffd2ea16000 	C:\SOFTWARES\sts-4.21.0.RELEASE\plugins\org.eclipse.justj.openjdk.hotspot.jre.full.win32.x86_64_17.0.9.v20231028-0858\jre\bin\nio.dll
0x00007ffd35060000 - 0x00007ffd35069000 	C:\SOFTWARES\sts-4.21.0.RELEASE\plugins\org.eclipse.justj.openjdk.hotspot.jre.full.win32.x86_64_17.0.9.v20231028-0858\jre\bin\management.dll
0x00007ffd2eeb0000 - 0x00007ffd2eebb000 	C:\SOFTWARES\sts-4.21.0.RELEASE\plugins\org.eclipse.justj.openjdk.hotspot.jre.full.win32.x86_64_17.0.9.v20231028-0858\jre\bin\management_ext.dll
0x00007ffd383b0000 - 0x00007ffd383b8000 	C:\Windows\System32\PSAPI.DLL
0x00007ffd1a590000 - 0x00007ffd1a5a7000 	C:\Windows\system32\napinsp.dll
0x00007ffd1a570000 - 0x00007ffd1a58b000 	C:\Windows\system32\pnrpnsp.dll
0x00007ffd1a550000 - 0x00007ffd1a565000 	C:\Windows\system32\wshbth.dll
0x00007ffd31950000 - 0x00007ffd3196d000 	C:\Windows\system32\NLAapi.dll
0x00007ffd36120000 - 0x00007ffd3615c000 	C:\Windows\SYSTEM32\IPHLPAPI.DLL
0x00007ffd36160000 - 0x00007ffd3622b000 	C:\Windows\SYSTEM32\DNSAPI.dll
0x00007ffd38b70000 - 0x00007ffd38b78000 	C:\Windows\System32\NSI.dll
0x00007ffd1a530000 - 0x00007ffd1a542000 	C:\Windows\System32\winrnr.dll
0x00007ffd271f0000 - 0x00007ffd271fa000 	C:\Windows\System32\rasadhlp.dll
0x00007ffd27340000 - 0x00007ffd273c2000 	C:\Windows\System32\fwpuclnt.dll
0x00007ffd37cf0000 - 0x00007ffd37d17000 	C:\Windows\System32\bcrypt.dll
0x00007ffd370a0000 - 0x00007ffd370b8000 	C:\Windows\SYSTEM32\CRYPTSP.dll
0x00007ffd35db0000 - 0x00007ffd35de4000 	C:\Windows\system32\rsaenh.dll
0x00007ffd372f0000 - 0x00007ffd3731e000 	C:\Windows\SYSTEM32\USERENV.dll
0x00007ffd366d0000 - 0x00007ffd366dc000 	C:\Windows\SYSTEM32\CRYPTBASE.dll
0x00007ffd2ac20000 - 0x00007ffd2ac37000 	C:\Windows\SYSTEM32\dhcpcsvc6.DLL
0x00007ffd2d900000 - 0x00007ffd2d91d000 	C:\Windows\SYSTEM32\dhcpcsvc.DLL

dbghelp: loaded successfully - version: 4.0.5 - missing functions: none
symbol engine: initialized successfully - sym options: 0x614 - pdb path: .;C:\SOFTWARES\sts-4.21.0.RELEASE\plugins\org.eclipse.justj.openjdk.hotspot.jre.full.win32.x86_64_17.0.9.v20231028-0858\jre\bin;C:\Windows\SYSTEM32;C:\Windows\WinSxS\amd64_microsoft.windows.common-controls_6595b64144ccf1df_6.0.19041.1110_none_60b5254171f9507e;C:\SOFTWARES\sts-4.21.0.RELEASE\plugins\org.eclipse.justj.openjdk.hotspot.jre.full.win32.x86_64_17.0.9.v20231028-0858\jre\bin\server

VM Arguments:
jvm_args: -Dcom.sun.management.jmxremote -Dcom.sun.management.jmxremote.port=49678 -Dcom.sun.management.jmxremote.authenticate=false -Dcom.sun.management.jmxremote.ssl=false -Djava.rmi.server.hostname=localhost -Dspring.jmx.enabled=true -Dmanagement.endpoints.jmx.exposure.include=* -Dspring.application.admin.enabled=true -XX:TieredStopAtLevel=1 -Dspring.boot.project.name=PROJECT_3_part_start2 -Dfile.encoding=UTF-8 -Dstdout.encoding=UTF-8 -Dstderr.encoding=UTF-8 -XX:+ShowCodeDetailsInExceptionMessages 
java_command: in.sp.main.ProjectApplication --spring.output.ansi.enabled=always
java_class_path (initial): C:\Users\DELL\Desktop\SPRING   & SPRINGBOOT\SPRINGBOOT\PROJECT_3_part_start2\target\classes;C:\Users\DELL\.m2\repository\org\springframework\boot\spring-boot-starter-web\3.2.2\spring-boot-starter-web-3.2.2.jar;C:\Users\DELL\.m2\repository\org\springframework\boot\spring-boot-starter\3.2.2\spring-boot-starter-3.2.2.jar;C:\Users\DELL\.m2\repository\org\springframework\boot\spring-boot\3.2.2\spring-boot-3.2.2.jar;C:\Users\DELL\.m2\repository\org\springframework\boot\spring-boot-autoconfigure\3.2.2\spring-boot-autoconfigure-3.2.2.jar;C:\Users\DELL\.m2\repository\org\springframework\boot\spring-boot-starter-logging\3.2.2\spring-boot-starter-logging-3.2.2.jar;C:\Users\DELL\.m2\repository\ch\qos\logback\logback-classic\1.4.14\logback-classic-1.4.14.jar;C:\Users\DELL\.m2\repository\ch\qos\logback\logback-core\1.4.14\logback-core-1.4.14.jar;C:\Users\DELL\.m2\repository\org\apache\logging\log4j\log4j-to-slf4j\2.21.1\log4j-to-slf4j-2.21.1.jar;C:\Users\DELL\.m2\repository\org\apache\logging\log4j\log4j-api\2.21.1\log4j-api-2.21.1.jar;C:\Users\DELL\.m2\repository\org\slf4j\jul-to-slf4j\2.0.11\jul-to-slf4j-2.0.11.jar;C:\Users\DELL\.m2\repository\jakarta\annotation\jakarta.annotation-api\2.1.1\jakarta.annotation-api-2.1.1.jar;C:\Users\DELL\.m2\repository\org\yaml\snakeyaml\2.2\snakeyaml-2.2.jar;C:\Users\DELL\.m2\repository\org\springframework\boot\spring-boot-starter-json\3.2.2\spring-boot-starter-json-3.2.2.jar;C:\Users\DELL\.m2\repository\com\fasterxml\jackson\core\jackson-databind\2.15.3\jackson-databind-2.15.3.jar;C:\Users\DELL\.m2\repository\com\fasterxml\jackson\core\jackson-annotations\2.15.3\jackson-annotations-2.15.3.jar;C:\Users\DELL\.m2\repository\com\fasterxml\jackson\core\jackson-core\2.15.3\jackson-core-2.15.3.jar;C:\Users\DELL\.m2\repository\com\fasterxml\jackson\datatype\jackson-datatype-jdk8\2.15.3\jackson-datatype-jdk8-2.15.3.jar;C:\Users\DELL\.m2\repository\com\fasterxml\jackson\datatype\jackson-datatype-jsr310\2.15.3\jackson-datatyp
Launcher Type: SUN_STANDARD

[Global flags]
     intx CICompilerCount                          = 3                                         {product} {ergonomic}
     uint ConcGCThreads                            = 1                                         {product} {ergonomic}
     uint G1ConcRefinementThreads                  = 4                                         {product} {ergonomic}
   size_t G1HeapRegionSize                         = 1048576                                   {product} {ergonomic}
    uintx GCDrainStackTargetSize                   = 64                                        {product} {ergonomic}
   size_t InitialHeapSize                          = 125829120                                 {product} {ergonomic}
     bool ManagementServer                         = true                                      {product} {command line}
   size_t MarkStackSize                            = 4194304                                   {product} {ergonomic}
   size_t MaxHeapSize                              = 2011168768                                {product} {ergonomic}
   size_t MaxNewSize                               = 1205862400                                {product} {ergonomic}
   size_t MinHeapDeltaBytes                        = 1048576                                   {product} {ergonomic}
   size_t MinHeapSize                              = 8388608                                   {product} {ergonomic}
    uintx NonProfiledCodeHeapSize                  = 0                                      {pd product} {ergonomic}
     bool ProfileInterpreter                       = false                                  {pd product} {command line}
    uintx ProfiledCodeHeapSize                     = 0                                      {pd product} {ergonomic}
     bool ShowCodeDetailsInExceptionMessages       = true                                   {manageable} {command line}
   size_t SoftMaxHeapSize                          = 2011168768                             {manageable} {ergonomic}
     intx TieredStopAtLevel                        = 1                                         {product} {command line}
     bool UseCompressedClassPointers               = true                           {product lp64_product} {ergonomic}
     bool UseCompressedOops                        = true                           {product lp64_product} {ergonomic}
     bool UseG1GC                                  = true                                      {product} {ergonomic}
     bool UseLargePagesIndividualAllocation        = false                                  {pd product} {ergonomic}

Logging:
Log output configuration:
 #0: stdout all=warning uptime,level,tags
 #1: stderr all=off uptime,level,tags

Environment Variables:
JAVA_HOME=C:\Program Files (x86)\Java\jre-1.8
CLASSPATH="C:\Users\DELL\Desktop\mysql-connector-j-8.0.32.jar;."
PATH=C:/SOFTWARES/sts-4.21.0.RELEASE//plugins/org.eclipse.justj.openjdk.hotspot.jre.full.win32.x86_64_17.0.9.v20231028-0858/jre/bin/server;C:/SOFTWARES/sts-4.21.0.RELEASE//plugins/org.eclipse.justj.openjdk.hotspot.jre.full.win32.x86_64_17.0.9.v20231028-0858/jre/bin;C:\Program Files (x86)\Common Files\Oracle\Java\javapath;C:\Windows\system32;C:\Program Files\MySQL\MySQL Server 8.0\bin;C:\Program Files\MySQL\MySQL Shell 8.0\bin;C:\mysql-connector-j-8.1.0.jar;C:\Windows;C:\Windows\System32\Wbem;C:\Windows\System32\WindowsPowerShell\v1.0\;C:\Windows\System32\OpenSSH\;C:\Program Files (x86)\Java\jre-1.8\BIN;C:\Program Files (x86)\Java\jre-1.8\BEAN;C:\Program Files\MySQL\MySQL Shell 8.0\bin\;C:\Users\DELL\AppData\Local\Microsoft\WindowsApps;C:\Users\DELL\AppData\Local\Programs\Microsoft VS Code\bin;C:\Users\DELL\Downloads\jdk-20_windows-x64_bin.msi;;C:\SOFTWARES\sts-4.21.0.RELEASE;
USERNAME=DELL
OS=Windows_NT
PROCESSOR_IDENTIFIER=Intel64 Family 6 Model 78 Stepping 3, GenuineIntel
TMP=C:\Users\DELL\AppData\Local\Temp
TEMP=C:\Users\DELL\AppData\Local\Temp



Periodic native trim disabled


---------------  S Y S T E M  ---------------

OS:
 Windows 10 , 64 bit Build 19041 (10.0.19041.2913)
OS uptime: 0 days 0:03 hours

CPU: total 4 (initial active 4) (2 cores per cpu, 2 threads per core) family 6 model 78 stepping 3 microcode 0xcc, cx8, cmov, fxsr, ht, mmx, 3dnowpref, sse, sse2, sse3, ssse3, sse4.1, sse4.2, popcnt, lzcnt, tsc, tscinvbit, avx, avx2, aes, erms, clmul, bmi1, bmi2, adx, fma, vzeroupper, clflush, clflushopt
Processor Information for all 4 processors :
  Max Mhz: 2000, Current Mhz: 2000, Mhz Limit: 2000

Memory: 4k page, system-wide physical 7669M (3148M free)
TotalPageFile size 15349M (AvailPageFile size 10416M)
current process WorkingSet (physical memory assigned to process): 113M, peak: 113M
current process commit charge ("private bytes"): 145M, peak: 214M

vm_info: OpenJDK 64-Bit Server VM (17.0.9+9) for windows-amd64 JRE (17.0.9+9), built on Oct 26 2023 14:01:42 by "admin" with MS VC++ 16.10 / 16.11 (VS2019)

END.
