#
# A fatal error has been detected by the Java Runtime Environment:
#
#  EXCEPTION_ACCESS_VIOLATION (0xc0000005) at pc=0x00007fff298a2040, pid=11140, tid=5124
#
# JRE version: OpenJDK Runtime Environment Temurin-17.0.9+9 (17.0.9+9) (build 17.0.9+9)
# Java VM: OpenJDK 64-Bit Server VM Temurin-17.0.9+9 (17.0.9+9, mixed mode, emulated-client, tiered, compressed oops, compressed class ptrs, g1 gc, windows-amd64)
# Problematic frame:
# V  [jvm.dll+0x7a2040]
#
# No core dump will be written. Minidumps are not enabled by default on client versions of Windows
#
# If you would like to submit a bug report, please visit:
#   https://github.com/adoptium/adoptium-support/issues
#

---------------  S U M M A R Y ------------

Command Line: -Dcom.sun.management.jmxremote -Dcom.sun.management.jmxremote.port=62553 -Dcom.sun.management.jmxremote.authenticate=false -Dcom.sun.management.jmxremote.ssl=false -Djava.rmi.server.hostname=localhost -Dspring.jmx.enabled=true -Dmanagement.endpoints.jmx.exposure.include=* -Dspring.application.admin.enabled=true -XX:TieredStopAtLevel=1 -Dspring.boot.project.name=PROJECT_3_part_start2 -Dfile.encoding=UTF-8 -Dstdout.encoding=UTF-8 -Dstderr.encoding=UTF-8 -XX:+ShowCodeDetailsInExceptionMessages in.sp.main.ProjectApplication --spring.output.ansi.enabled=always

Host: Intel(R) Core(TM) i3-6006U CPU @ 2.00GHz, 4 cores, 7G,  Windows 10 , 64 bit Build 19041 (10.0.19041.2913)
Time: Sat Feb 10 14:06:26 2024 India Standard Time elapsed time: 3.559466 seconds (0d 0h 0m 3s)

---------------  T H R E A D  ---------------

Current thread (0x0000015667fb3bf0):  JavaThread "main" [_thread_in_vm, id=5124, stack(0x000000065a100000,0x000000065a200000)]

Stack: [0x000000065a100000,0x000000065a200000],  sp=0x000000065a1fbb40,  free space=1006k
Native frames: (J=compiled Java code, j=interpreted, Vv=VM code, C=native code)
V  [jvm.dll+0x7a2040]
V  [jvm.dll+0x7a409d]
V  [jvm.dll+0x7a3fe3]
V  [jvm.dll+0x7a46c3]
V  [jvm.dll+0x7ada06]
V  [jvm.dll+0x7aef5c]
V  [jvm.dll+0x418365]
C  [java.dll+0x1a55]

Java frames: (J=compiled Java code, j=interpreted, Vv=VM code)
J 1079  java.lang.ClassLoader.findBootstrapClass(Ljava/lang/String;)Ljava/lang/Class; java.base@17.0.9 (0 bytes) @ 0x000001566ba2b7f2 [0x000001566ba2b7a0+0x0000000000000052]
J 1098 c1 jdk.internal.loader.ClassLoaders$BootClassLoader.loadClassOrNull(Ljava/lang/String;Z)Ljava/lang/Class; java.base@17.0.9 (10 bytes) @ 0x000001566ba35024 [0x000001566ba34fc0+0x0000000000000064]
J 977 c1 jdk.internal.loader.BuiltinClassLoader.loadClassOrNull(Ljava/lang/String;Z)Ljava/lang/Class; java.base@17.0.9 (143 bytes) @ 0x000001566b9ff8bc [0x000001566b9ff500+0x00000000000003bc]
J 977 c1 jdk.internal.loader.BuiltinClassLoader.loadClassOrNull(Ljava/lang/String;Z)Ljava/lang/Class; java.base@17.0.9 (143 bytes) @ 0x000001566b9ff8bc [0x000001566b9ff500+0x00000000000003bc]
J 1096 c1 jdk.internal.loader.ClassLoaders$AppClassLoader.loadClass(Ljava/lang/String;Z)Ljava/lang/Class; java.base@17.0.9 (40 bytes) @ 0x000001566ba354a4 [0x000001566ba35360+0x0000000000000144]
J 1095 c1 java.lang.ClassLoader.loadClass(Ljava/lang/String;)Ljava/lang/Class; java.base@17.0.9 (7 bytes) @ 0x000001566ba348e4 [0x000001566ba348a0+0x0000000000000044]
v  ~StubRoutines::call_stub
J 1171  java.lang.ClassLoader.defineClass1(Ljava/lang/ClassLoader;Ljava/lang/String;[BIILjava/security/ProtectionDomain;Ljava/lang/String;)Ljava/lang/Class; java.base@17.0.9 (0 bytes) @ 0x000001566ba505db [0x000001566ba50520+0x00000000000000bb]
J 1267 c1 java.lang.ClassLoader.defineClass(Ljava/lang/String;[BIILjava/security/ProtectionDomain;)Ljava/lang/Class; java.base@17.0.9 (43 bytes) @ 0x000001566ba79c5c [0x000001566ba79b60+0x00000000000000fc]
J 1183 c1 jdk.internal.loader.BuiltinClassLoader.defineClass(Ljava/lang/String;Ljdk/internal/loader/Resource;)Ljava/lang/Class; java.base@17.0.9 (121 bytes) @ 0x000001566ba59344 [0x000001566ba58ea0+0x00000000000004a4]
J 1182 c1 jdk.internal.loader.BuiltinClassLoader.findClassOnClassPathOrNull(Ljava/lang/String;)Ljava/lang/Class; java.base@17.0.9 (64 bytes) @ 0x000001566ba57544 [0x000001566ba572a0+0x00000000000002a4]
J 977 c1 jdk.internal.loader.BuiltinClassLoader.loadClassOrNull(Ljava/lang/String;Z)Ljava/lang/Class; java.base@17.0.9 (143 bytes) @ 0x000001566b9ff944 [0x000001566b9ff500+0x0000000000000444]
J 1096 c1 jdk.internal.loader.ClassLoaders$AppClassLoader.loadClass(Ljava/lang/String;Z)Ljava/lang/Class; java.base@17.0.9 (40 bytes) @ 0x000001566ba354a4 [0x000001566ba35360+0x0000000000000144]
J 1095 c1 java.lang.ClassLoader.loadClass(Ljava/lang/String;)Ljava/lang/Class; java.base@17.0.9 (7 bytes) @ 0x000001566ba348e4 [0x000001566ba348a0+0x0000000000000044]
v  ~StubRoutines::call_stub
J 968  java.lang.Class.forName0(Ljava/lang/String;ZLjava/lang/ClassLoader;Ljava/lang/Class;)Ljava/lang/Class; java.base@17.0.9 (0 bytes) @ 0x000001566b9fafa7 [0x000001566b9faf20+0x0000000000000087]
J 969 c1 java.lang.Class.forName(Ljava/lang/String;ZLjava/lang/ClassLoader;)Ljava/lang/Class; java.base@17.0.9 (47 bytes) @ 0x000001566b9fb534 [0x000001566b9fb440+0x00000000000000f4]
J 2456 c1 org.springframework.boot.autoconfigure.condition.FilteringSpringBootCondition.resolve(Ljava/lang/String;Ljava/lang/ClassLoader;)Ljava/lang/Class; (16 bytes) @ 0x000001566bc544cc [0x000001566bc54440+0x000000000000008c]
j  org.springframework.boot.autoconfigure.condition.OnBeanCondition$Spec.getReturnType(Lorg/springframework/context/annotation/ConditionContext;Lorg/springframework/core/type/MethodMetadata;)Ljava/lang/Class;+14
j  org.springframework.boot.autoconfigure.condition.OnBeanCondition$Spec.deducedBeanTypeForBeanMethod(Lorg/springframework/context/annotation/ConditionContext;Lorg/springframework/core/type/MethodMetadata;)Ljava/util/Set;+3
j  org.springframework.boot.autoconfigure.condition.OnBeanCondition$Spec.deducedBeanType(Lorg/springframework/context/annotation/ConditionContext;Lorg/springframework/core/type/AnnotatedTypeMetadata;)Ljava/util/Set;+27
j  org.springframework.boot.autoconfigure.condition.OnBeanCondition$Spec.<init>(Lorg/springframework/context/annotation/ConditionContext;Lorg/springframework/core/type/AnnotatedTypeMetadata;Lorg/springframework/core/annotation/MergedAnnotations;Ljava/lang/Class;)V+217
j  org.springframework.boot.autoconfigure.condition.OnBeanCondition.getMatchOutcome(Lorg/springframework/context/annotation/ConditionContext;Lorg/springframework/core/type/AnnotatedTypeMetadata;)Lorg/springframework/boot/autoconfigure/condition/ConditionOutcome;+358
J 3148 c1 org.springframework.boot.autoconfigure.condition.SpringBootCondition.matches(Lorg/springframework/context/annotation/ConditionContext;Lorg/springframework/core/type/AnnotatedTypeMetadata;)Z (79 bytes) @ 0x000001566bd6e854 [0x000001566bd6e7e0+0x0000000000000074]
J 2970 c1 org.springframework.context.annotation.ConditionEvaluator.shouldSkip(Lorg/springframework/core/type/AnnotatedTypeMetadata;Lorg/springframework/context/annotation/ConfigurationCondition$ConfigurationPhase;)Z (256 bytes) @ 0x000001566bd2e244 [0x000001566bd2db60+0x00000000000006e4]
j  org.springframework.context.annotation.ConfigurationClassBeanDefinitionReader.loadBeanDefinitionsForBeanMethod(Lorg/springframework/context/annotation/BeanMethod;)V+26
j  org.springframework.context.annotation.ConfigurationClassBeanDefinitionReader.loadBeanDefinitionsForConfigurationClass(Lorg/springframework/context/annotation/ConfigurationClass;Lorg/springframework/context/annotation/ConfigurationClassBeanDefinitionReader$TrackedConditionEvaluator;)V+107
j  org.springframework.context.annotation.ConfigurationClassBeanDefinitionReader.loadBeanDefinitions(Ljava/util/Set;)V+40
j  org.springframework.context.annotation.ConfigurationClassPostProcessor.processConfigBeanDefinitions(Lorg/springframework/beans/factory/support/BeanDefinitionRegistry;)V+379
j  org.springframework.context.annotation.ConfigurationClassPostProcessor.postProcessBeanDefinitionRegistry(Lorg/springframework/beans/factory/support/BeanDefinitionRegistry;)V+81
j  org.springframework.context.support.PostProcessorRegistrationDelegate.invokeBeanDefinitionRegistryPostProcessors(Ljava/util/Collection;Lorg/springframework/beans/factory/support/BeanDefinitionRegistry;Lorg/springframework/core/metrics/ApplicationStartup;)V+59
j  org.springframework.context.support.PostProcessorRegistrationDelegate.invokeBeanFactoryPostProcessors(Lorg/springframework/beans/factory/config/ConfigurableListableBeanFactory;Ljava/util/List;)V+238
j  org.springframework.context.support.AbstractApplicationContext.invokeBeanFactoryPostProcessors(Lorg/springframework/beans/factory/config/ConfigurableListableBeanFactory;)V+5
j  org.springframework.context.support.AbstractApplicationContext.refresh()V+62
j  org.springframework.boot.web.servlet.context.ServletWebServerApplicationContext.refresh()V+1
j  org.springframework.boot.SpringApplication.refresh(Lorg/springframework/context/ConfigurableApplicationContext;)V+1
j  org.springframework.boot.SpringApplication.refreshContext(Lorg/springframework/context/ConfigurableApplicationContext;)V+16
j  org.springframework.boot.SpringApplication.run([Ljava/lang/String;)Lorg/springframework/context/ConfigurableApplicationContext;+110
j  org.springframework.boot.SpringApplication.run([Ljava/lang/Class;[Ljava/lang/String;)Lorg/springframework/context/ConfigurableApplicationContext;+9
j  org.springframework.boot.SpringApplication.run(Ljava/lang/Class;[Ljava/lang/String;)Lorg/springframework/context/ConfigurableApplicationContext;+9
j  in.sp.main.ProjectApplication.main([Ljava/lang/String;)V+3
v  ~StubRoutines::call_stub

siginfo: EXCEPTION_ACCESS_VIOLATION (0xc0000005), reading address 0x0000000002000008


Registers:
RAX=0x000001567aab8b20, RBX=0x0000000002000000, RCX=0x000000008e270001, RDX=0x0000000000000001
RSP=0x000000065a1fbb40, RBP=0x0000000000000001, RSI=0x0000000000000000, RDI=0x000001567aab8b20
R8 =0x0000000000000000, R9 =0x000000065a1fbc00, R10=0x000001567adbfac0, R11=0x000000065a1fbd58
R12=0x0000000000000000, R13=0x0000015667fb3bf0, R14=0x000000065a1fbbc0, R15=0x0000015675019070
RIP=0x00007fff298a2040, EFLAGS=0x0000000000010206


Register to memory mapping:

RIP=0x00007fff298a2040 jvm.dll
RAX=0x000001567aab8b20 points into unknown readable memory: 0x6f4c00428e270001 | 01 00 27 8e 42 00 4c 6f
RBX=0x0000000002000000 is an unknown value
RCX=0x000000008e270001 is an unallocated location in the heap
RDX=0x0000000000000001 is an unknown value
RSP=0x000000065a1fbb40 is pointing into the stack for thread: 0x0000015667fb3bf0
RBP=0x0000000000000001 is an unknown value
RSI=0x0 is NULL
RDI=0x000001567aab8b20 points into unknown readable memory: 0x6f4c00428e270001 | 01 00 27 8e 42 00 4c 6f
R8 =0x0 is NULL
R9 =0x000000065a1fbc00 is pointing into the stack for thread: 0x0000015667fb3bf0
R10=0x000001567adbfac0 points into unknown readable memory: 0x726f0038b99b0004 | 04 00 9b b9 38 00 6f 72
R11=0x000000065a1fbd58 is pointing into the stack for thread: 0x0000015667fb3bf0
R12=0x0 is NULL
R13=0x0000015667fb3bf0 is a thread
R14=0x000000065a1fbbc0 is pointing into the stack for thread: 0x0000015667fb3bf0
R15=0x0000015675019070 points into unknown readable memory: 0x0000000000000000 | 00 00 00 00 00 00 00 00


Top of Stack: (sp=0x000000065a1fbb40)
0x000000065a1fbb40:   0000015665ed0000 000000065a1fbc09
0x000000065a1fbb50:   0000000000000002 00007fff5e71b3c7
0x000000065a1fbb60:   0000000000000000 0000015665ef1758
0x000000065a1fbb70:   0000015667fb3bf0 0000015675015cc0
0x000000065a1fbb80:   00000000397c4f7a 00007fff298a409d
0x000000065a1fbb90:   0000015665ef1740 000001567adbfac6
0x000000065a1fbba0:   0000000000000023 000000065a1fbc00
0x000000065a1fbbb0:   000000065a1fbc08 0000000000000000
0x000000065a1fbbc0:   00000000397c4f7a 0000000000000023
0x000000065a1fbbd0:   000001567adbfac6 0000000077852988
0x000000065a1fbbe0:   0000000000000023 000001567adbfac6
0x000000065a1fbbf0:   000000065a1fbd39 00007fff298a3fe3
0x000000065a1fbc00:   0000000000000000 0000015675015c00
0x000000065a1fbc10:   00000000397c4f7a 0000000000000000
0x000000065a1fbc20:   0000015665f119b0 00007fff298a46c3
0x000000065a1fbc30:   00000000397c4f7a 000001567adbfac6
0x000000065a1fbc40:   0000000000000023 00007fff297a543d
0x000000065a1fbc50:   0000000000000000 00007fff298ada06
0x000000065a1fbc60:   000001567adbfac0 0000000000000000
0x000000065a1fbc70:   0000000000000000 0000000000000018
0x000000065a1fbc80:   000000007725b478 0000000000000000
0x000000065a1fbc90:   0000000000000001 00007fff2976f8c1
0x000000065a1fbca0:   0000015667fb40e0 0000015667fb44b8
0x000000065a1fbcb0:   00000000000003d8 0000000000000001
0x000000065a1fbcc0:   0000015667fb40d0 0000000076c2d988
0x000000065a1fbcd0:   0000000000000000 00007fff291a6b1b
0x000000065a1fbce0:   0000000000000018 0000000000000008
0x000000065a1fbcf0:   000000003899b99b 0000000000000000
0x000000065a1fbd00:   0000000000000000 0000000000000000
0x000000065a1fbd10:   000018c024eca5fb 0000000000000000
0x000000065a1fbd20:   0000000000000000 0000000000000000
0x000000065a1fbd30:   000000003899b99b 0000000000000001 

Instructions: (pc=0x00007fff298a2040)
0x00007fff298a1f40:   50 48 3b f5 0f 82 c6 fd ff ff 4c 8b b4 24 b8 08
0x00007fff298a1f50:   00 00 49 89 9d f8 00 00 00 48 8b 8c 24 60 08 00
0x00007fff298a1f60:   00 48 33 cc e8 47 df 0e 00 48 81 c4 70 08 00 00
0x00007fff298a1f70:   41 5f 41 5d 41 5c 5f 5e 5d 5b c3 cc cc cc cc cc
0x00007fff298a1f80:   48 89 5c 24 08 48 89 6c 24 10 48 89 74 24 18 4c
0x00007fff298a1f90:   89 4c 24 20 57 41 54 41 55 41 56 41 57 48 83 ec
0x00007fff298a1fa0:   20 4c 8b a2 f8 00 00 00 49 8b f9 4d 8b f0 4c 8b
0x00007fff298a1fb0:   ea 4c 8b f9 49 8b c4 41 f6 c4 01 75 0b 48 8b 05
0x00007fff298a1fc0:   bc 11 3e 00 48 83 c8 01 48 89 82 f8 00 00 00 e8
0x00007fff298a1fd0:   3c c1 ec ff 90 45 33 c0 49 8b 47 48 48 85 c0 74
0x00007fff298a1fe0:   0d 4d 89 47 48 e8 26 c1 ec ff 45 33 c0 90 49 8b
0x00007fff298a1ff0:   47 08 40 32 f6 49 8b 16 48 8b 48 18 48 8b 00 48
0x00007fff298a2000:   23 ca 48 8d 1c c8 48 8b 04 c8 d0 e8 a8 01 74 12
0x00007fff298a2010:   49 8b 47 10 48 8b 48 18 48 8b 00 48 23 ca 48 8d
0x00007fff298a2020:   1c c8 48 8b 1b 49 8b e8 48 83 e3 fc 74 6f ba 01
0x00007fff298a2030:   00 00 00 0f 1f 40 00 66 0f 1f 84 00 00 00 00 00
0x00007fff298a2040:   48 8b 7b 08 48 ff c5 49 63 4e 08 0f b7 47 04 3b
0x00007fff298a2050:   c1 75 25 49 8b 56 10 4c 8b c1 48 8d 4f 06 e8 87
0x00007fff298a2060:   ef 0e 00 85 c0 75 0c 48 8b cf e8 61 fa ff ff 84
0x00007fff298a2070:   c0 75 22 ba 01 00 00 00 40 84 f6 75 10 48 8b 43
0x00007fff298a2080:   08 40 0f b6 f6 8b 08 66 85 c9 0f 44 f2 48 8b 1b
0x00007fff298a2090:   48 85 db 75 ab 48 8b 7c 24 68 45 33 c0 48 8b 54
0x00007fff298a20a0:   24 70 48 8d 4b 08 48 85 db 49 0f 44 c8 48 85 d2
0x00007fff298a20b0:   74 09 49 3b 6f 28 0f 97 c0 88 02 48 85 c9 74 0a
0x00007fff298a20c0:   48 8b 01 48 89 07 b0 01 eb 02 32 c0 48 8b 5c 24
0x00007fff298a20d0:   50 48 8b 6c 24 58 48 8b 74 24 60 4d 89 a5 f8 00
0x00007fff298a20e0:   00 00 48 83 c4 20 41 5f 41 5e 41 5d 41 5c 5f c3
0x00007fff298a20f0:   48 89 5c 24 10 55 56 57 41 54 41 55 41 56 41 57
0x00007fff298a2100:   48 81 ec 90 08 00 00 48 8b 05 1a 69 3a 00 48 33
0x00007fff298a2110:   c4 48 89 84 24 80 08 00 00 48 8b 84 24 f8 08 00
0x00007fff298a2120:   00 40 32 f6 4d 8b 30 45 33 ff 48 89 44 24 68 49
0x00007fff298a2130:   8b d9 48 8b 84 24 00 09 00 00 49 8b e8 48 89 44 


Stack slot to memory mapping:
stack at sp + 0 slots: 0x0000015665ed0000 points into unknown readable memory: 0x0000000000000000 | 00 00 00 00 00 00 00 00
stack at sp + 1 slots: 0x000000065a1fbc09 is pointing into the stack for thread: 0x0000015667fb3bf0
stack at sp + 2 slots: 0x0000000000000002 is an unknown value
stack at sp + 3 slots: 0x00007fff5e71b3c7 ntdll.dll
stack at sp + 4 slots: 0x0 is NULL
stack at sp + 5 slots: 0x0000015665ef1758 points into unknown readable memory: 0x0000000000000000 | 00 00 00 00 00 00 00 00
stack at sp + 6 slots: 0x0000015667fb3bf0 is a thread
stack at sp + 7 slots: 0x0000015675015cc0 points into unknown readable memory: 0x0000000000000000 | 00 00 00 00 00 00 00 00


Compiled method (n/a)    3692 1079     n 0       java.lang.ClassLoader::findBootstrapClass (native)
 total in heap  [0x000001566ba2b610,0x000001566ba2ba78] = 1128
 relocation     [0x000001566ba2b768,0x000001566ba2b7a0] = 56
 main code      [0x000001566ba2b7a0,0x000001566ba2ba78] = 728

[Constant Pool (empty)]

[MachCode]
[Entry Point]
  # {method} {0x0000015676023ed0} 'findBootstrapClass' '(Ljava/lang/String;)Ljava/lang/Class;' in 'java/lang/ClassLoader'
  # parm0:    rdx:rdx   = 'java/lang/String'
  #           [sp+0x70]  (sp of caller)
  0x000001566ba2b7a0: 448b 5208 | 49c1 e203 | 493b c20f | 8407 0000 

  0x000001566ba2b7b0: ;   {runtime_call ic_miss_stub}
  0x000001566ba2b7b0: 00e9 ca58 | caff 6690 
[Verified Entry Point]
  0x000001566ba2b7b8: 8984 2400 | 90ff ff55 | 488b ec48 | 83ec 6048 | 8954 2420 | 4883 fa00 | 4c8d 4424 | 204c 0f44 
  0x000001566ba2b7d8: ;   {oop(a 'java/lang/Class'{0x00000000884b6b08} = 'java/lang/ClassLoader')}
  0x000001566ba2b7d8: 4424 2049 | be08 6b4b | 8800 0000 | 004c 8974 | 2450 4c8d | 7424 5049 | 8bd6 c5f8 

  0x000001566ba2b7f4: ;   {internal_word}
  0x000001566ba2b7f4: 7749 baf2 | b7a2 6b56 | 0100 004d | 8997 a002 | 0000 4989 | a798 0200 

  0x000001566ba2b80c: ;   {external_word}
  0x000001566ba2b80c: 0049 ba2e | 35c8 29ff | 7f00 0041 | 803a 000f | 844e 0000 | 0052 4150 

  0x000001566ba2b824: ;   {metadata({method} {0x0000015676023ed0} 'findBootstrapClass' '(Ljava/lang/String;)Ljava/lang/Class;' in 'java/lang/ClassLoader')}
  0x000001566ba2b824: 48ba c83e | 0276 5601 | 0000 498b | cf48 83ec | 20f7 c40f | 0000 000f | 841a 0000 | 0048 83ec 
  0x000001566ba2b844: ;   {runtime_call}
  0x000001566ba2b844: 0849 bac0 | 2b7e 29ff | 7f00 0041 | ffd2 4883 | c408 e90d 

  0x000001566ba2b858: ;   {runtime_call}
  0x000001566ba2b858: 0000 0049 | bac0 2b7e | 29ff 7f00 | 0041 ffd2 | 4883 c420 | 4158 5a49 | 8d8f b802 | 0000 41c7 
  0x000001566ba2b878: 8748 0300 | 0004 0000 

  0x000001566ba2b880: ;   {runtime_call}
  0x000001566ba2b880: 0049 bad8 | 198d 56ff | 7f00 0041 | ffd2 c5f8 | 7741 c787 | 4803 0000 | 0500 0000 | f083 4424 
  0x000001566ba2b8a0: c000 493b | af50 0300 | 000f 8711 | 0000 0041 | 81bf 3803 | 0000 0000 | 0000 0f84 | 2c00 0000 
  0x000001566ba2b8c0: c5f8 7748 | 8945 f849 | 8bcf 4c8b | e448 83ec | 2048 83e4 

  0x000001566ba2b8d4: ;   {runtime_call}
  0x000001566ba2b8d4: f049 baf0 | 408e 29ff | 7f00 0041 | ffd2 498b | e44d 33e4 | 488b 45f8 | 41c7 8748 | 0300 0008 
  0x000001566ba2b8f4: 0000 0041 | 81bf b803 | 0000 0200 | 0000 0f84 | 3f01 0000 

  0x000001566ba2b908: ;   {external_word}
  0x000001566ba2b908: 49ba 2e35 | c829 ff7f | 0000 4180 | 3a00 0f84 | 5000 0000 | 4889 45f8 

  0x000001566ba2b920: ;   {metadata({method} {0x0000015676023ed0} 'findBootstrapClass' '(Ljava/lang/String;)Ljava/lang/Class;' in 'java/lang/ClassLoader')}
  0x000001566ba2b920: 48ba c83e | 0276 5601 | 0000 498b | cf48 83ec | 20f7 c40f | 0000 000f | 841a 0000 | 0048 83ec 
  0x000001566ba2b940: ;   {runtime_call}
  0x000001566ba2b940: 0849 bac0 | 2b7e 29ff | 7f00 0041 | ffd2 4883 | c408 e90d 

  0x000001566ba2b954: ;   {runtime_call}
  0x000001566ba2b954: 0000 0049 | bac0 2b7e | 29ff 7f00 | 0041 ffd2 | 4883 c420 | 488b 45f8 | 49c7 8798 | 0200 0000 
  0x000001566ba2b974: 0000 0049 | c787 a002 | 0000 0000 | 0000 c5f8 | 7748 85c0 | 0f84 9300 | 0000 48f7 | c001 0000 
  0x000001566ba2b994: 000f 8483 | 0000 0048 | 8b40 ff41 | 807f 3800 | 0f84 6f00 | 0000 4883 | f800 0f84 | 6500 0000 
  0x000001566ba2b9b4: 498b 4f20 | 4883 f900 | 0f84 1400 | 0000 4883 | e908 4989 | 4f20 4903 | 4f30 4889 | 01e9 4300 
  0x000001566ba2b9d4: 0000 5049 | 8bd7 488b | c848 83ec | 20f7 c40f | 0000 000f | 841a 0000 | 0048 83ec 

  0x000001566ba2b9f0: ;   {runtime_call}
  0x000001566ba2b9f0: 0849 ba60 | 503d 29ff | 7f00 0041 | ffd2 4883 | c408 e90d 

  0x000001566ba2ba04: ;   {runtime_call}
  0x000001566ba2ba04: 0000 0049 | ba60 503d | 29ff 7f00 | 0041 ffd2 | 4883 c420 | 58e9 0300 | 0000 488b | 0049 8b8f 
  0x000001566ba2ba24: d800 0000 | c781 0001 | 0000 0000 | 0000 c949 | 817f 0800 | 0000 000f | 8501 0000 

  0x000001566ba2ba40: ;   {runtime_call StubRoutines (1)}
  0x000001566ba2ba40: 00c3 e9b9 | 54c5 ffc5 | f877 4889 | 45f8 4c8b | e448 83ec | 2048 83e4 

  0x000001566ba2ba58: ;   {runtime_call}
  0x000001566ba2ba58: f049 ba50 | 5c7e 29ff | 7f00 0041 | ffd2 498b | e44d 33e4 | 488b 45f8 | e993 feff | fff4 f4f4 
[/MachCode]


Compiled method (c1)    3705 1098       1       jdk.internal.loader.ClassLoaders$BootClassLoader::loadClassOrNull (10 bytes)
 total in heap  [0x000001566ba34e10,0x000001566ba35168] = 856
 relocation     [0x000001566ba34f68,0x000001566ba34fa8] = 64
 main code      [0x000001566ba34fc0,0x000001566ba35080] = 192
 stub code      [0x000001566ba35080,0x000001566ba350d8] = 88
 metadata       [0x000001566ba350d8,0x000001566ba350f0] = 24
 scopes data    [0x000001566ba350f0,0x000001566ba35120] = 48
 scopes pcs     [0x000001566ba35120,0x000001566ba35160] = 64
 dependencies   [0x000001566ba35160,0x000001566ba35168] = 8

[Constant Pool (empty)]

[MachCode]
[Entry Point]
  # {method} {0x00000156762bb180} 'loadClassOrNull' '(Ljava/lang/String;Z)Ljava/lang/Class;' in 'jdk/internal/loader/ClassLoaders$BootClassLoader'
  # this:     rdx:rdx   = 'jdk/internal/loader/ClassLoaders$BootClassLoader'
  # parm0:    r8:r8     = 'java/lang/String'
  # parm1:    r9        = boolean
  #           [sp+0x60]  (sp of caller)
  0x000001566ba34fc0: 448b 5208 | 49c1 e203 

  0x000001566ba34fc8: ;   {runtime_call ic_miss_stub}
  0x000001566ba34fc8: 4c3b d00f | 85af c0c9 | ff66 6666 | 0f1f 8400 | 0000 0000 | 6666 6690 
[Verified Entry Point]
  0x000001566ba34fe0: 8984 2400 | 90ff ff55 | 4883 ec50 | 498b d04c | 8944 2438 

  0x000001566ba34ff4: ;   {static_call}
  0x000001566ba34ff4: 6666 90e8 

  0x000001566ba34ff8: ; ImmutableOopMap {[56]=Oop }
                      ;*invokestatic checkName {reexecute=0 rethrow=0 return_oop=0}
                      ; - java.lang.ClassLoader::findBootstrapClassOrNull@1 (line 1265)
                      ; - java.lang.System$2::findBootstrapClassOrNull@1 (line 2310)
                      ; - jdk.internal.loader.ClassLoaders$BootClassLoader::loadClassOrNull@4 (line 140)
  0x000001566ba34ff8: e4c9 faff | 83f8 000f | 850f 0000 

  0x000001566ba35004: ;   {oop(NULL)}
  0x000001566ba35004: 0048 be00 | 0000 0000 | 0000 00e9 | 1300 0000 | 4c8b 4424 | 3849 8bd0 

  0x000001566ba3501c: ;   {static_call}
  0x000001566ba3501c: 6666 90e8 

  0x000001566ba35020: ; ImmutableOopMap {}
                      ;*invokestatic findBootstrapClass {reexecute=0 rethrow=0 return_oop=0}
                      ; - java.lang.ClassLoader::findBootstrapClassOrNull@10 (line 1267)
                      ; - java.lang.System$2::findBootstrapClassOrNull@1 (line 2310)
                      ; - jdk.internal.loader.ClassLoaders$BootClassLoader::loadClassOrNull@4 (line 140)
  0x000001566ba35020: 9467 ffff | 488b f048 | 8bc6 4883 

  0x000001566ba3502c: ;   {poll_return}
  0x000001566ba3502c: c450 5d49 | 3ba7 5003 | 0000 0f87 | 0100 0000 

  0x000001566ba3503c: ;   {internal_word}
  0x000001566ba3503c: c349 ba2f | 50a3 6b56 | 0100 004d | 8997 6803 

  0x000001566ba3504c: ;   {runtime_call SafepointBlob}
  0x000001566ba3504c: 0000 e9ad | 29ca ff90 | 9049 8b87 | e003 0000 | 49c7 87e0 | 0300 0000 | 0000 0049 | c787 e803 
  0x000001566ba3506c: 0000 0000 | 0000 4883 

  0x000001566ba35074: ;   {runtime_call unwind_exception Runtime1 stub}
  0x000001566ba35074: c450 5de9 | 84b0 d3ff | f4f4 f4f4 
[Stub Code]
  0x000001566ba35080: ;   {no_reloc}
  0x000001566ba35080: 0f1f 4400 

  0x000001566ba35084: ;   {static_stub}
  0x000001566ba35084: 0048 bb00 | 0000 0000 

  0x000001566ba3508c: ;   {runtime_call}
  0x000001566ba3508c: 0000 00e9 | fbff ffff 

  0x000001566ba35094: ;   {static_stub}
  0x000001566ba35094: 9048 bb00 | 0000 0000 

  0x000001566ba3509c: ;   {runtime_call}
  0x000001566ba3509c: 0000 00e9 | fbff ffff 
[Exception Handler]
  0x000001566ba350a4: ;   {runtime_call handle_exception_from_callee Runtime1 stub}
  0x000001566ba350a4: e857 ddd3 

  0x000001566ba350a8: ;   {external_word}
  0x000001566ba350a8: ff48 b940 | 9aa2 29ff | 7f00 0048 

  0x000001566ba350b4: ;   {runtime_call}
  0x000001566ba350b4: 83e4 f049 | ba60 2f6b | 29ff 7f00 | 0041 ffd2 

  0x000001566ba350c4: ;   {section_word}
  0x000001566ba350c4: f449 bac5 | 50a3 6b56 | 0100 0041 

  0x000001566ba350d0: ;   {runtime_call DeoptimizationBlob}
  0x000001566ba350d0: 52e9 ca1b | caff f4f4 
[/MachCode]


Compiled method (c1)    3712  977   !   1       jdk.internal.loader.BuiltinClassLoader::loadClassOrNull (143 bytes)
 total in heap  [0x000001566b9ff290,0x000001566ba003a8] = 4376
 relocation     [0x000001566b9ff3e8,0x000001566b9ff4f8] = 272
 main code      [0x000001566b9ff500,0x000001566b9ffb60] = 1632
 stub code      [0x000001566b9ffb60,0x000001566b9ffc78] = 280
 metadata       [0x000001566b9ffc78,0x000001566b9ffd00] = 136
 scopes data    [0x000001566b9ffd00,0x000001566b9fff48] = 584
 scopes pcs     [0x000001566b9fff48,0x000001566ba00128] = 480
 dependencies   [0x000001566ba00128,0x000001566ba00140] = 24
 handler table  [0x000001566ba00140,0x000001566ba00368] = 552
 nul chk table  [0x000001566ba00368,0x000001566ba003a8] = 64

[Constant Pool (empty)]

[MachCode]
[Entry Point]
  # {method} {0x00000156760e3658} 'loadClassOrNull' '(Ljava/lang/String;Z)Ljava/lang/Class;' in 'jdk/internal/loader/BuiltinClassLoader'
  # this:     rdx:rdx   = 'jdk/internal/loader/BuiltinClassLoader'
  # parm0:    r8:r8     = 'java/lang/String'
  # parm1:    r9        = boolean
  #           [sp+0x110]  (sp of caller)
  0x000001566b9ff500: 448b 5208 | 49c1 e203 

  0x000001566b9ff508: ;   {runtime_call ic_miss_stub}
  0x000001566b9ff508: 4c3b d00f | 856f 1bcd | ff66 6666 | 0f1f 8400 | 0000 0000 | 6666 6690 
[Verified Entry Point]
  0x000001566b9ff520: 8984 2400 | 90ff ff55 | 4881 ec00 | 0100 0048 | 8994 24a0 | 0000 004c | 8984 2498 | 0000 008b 
  0x000001566b9ff540: 5a28 4883 | fb00 0f85 | 1000 0000 | 488b f244 | 898c 24a8 | 0000 00e9 | 8d00 0000 | 4489 8c24 
  0x000001566b9ff560: a800 0000 

  0x000001566b9ff564: ;   {metadata('java/lang/Object')}
  0x000001566b9ff564: 48ba 800f | 0400 0100 | 0000 498b | 8708 0100 | 0048 8d78 | 1049 3bbf | 1801 0000 | 0f87 ef04 
  0x000001566b9ff584: 0000 4989 | bf08 0100 | 0048 c700 | 0100 0000 | 488b ca48 | c1e9 0389 | 4808 4833 | c989 480c 
  0x000001566b9ff5a4: 4833 c948 | 3b03 498b | f04c 8bc6 | 4c8b c8bf | 0100 0000 | 488b d348 | 8984 2490 | 0000 000f 
  0x000001566b9ff5c4: ;   {optimized virtual_call}
  0x000001566b9ff5c4: 1f40 00e8 

  0x000001566b9ff5c8: ; ImmutableOopMap {[152]=Oop [144]=Oop [160]=Oop }
                      ;*invokevirtual putVal {reexecute=0 rethrow=0 return_oop=0}
                      ; - java.util.concurrent.ConcurrentHashMap::putIfAbsent@4 (line 1541)
                      ; - java.lang.ClassLoader::getClassLoadingLock@23 (line 671)
                      ; - jdk.internal.loader.BuiltinClassLoader::loadClassOrNull@2 (line 651)
  0x000001566b9ff5c8: 74d7 d8ff | 4883 f800 | 0f84 0800 | 0000 488b | f0e9 0b00 | 0000 488b | 8424 9000 | 0000 488b 
  0x000001566b9ff5e8: f048 8d94 | 24e0 0000 | 0048 8972 | 0848 8b06 | 4883 c801 | 4889 02f0 | 480f b116 | 0f84 1300 
  0x000001566b9ff608: 0000 482b | c448 81e0 | 07f0 ffff | 4889 020f | 856f 0400 | 0048 8b94 | 2498 0000 | 0048 89b4 
  0x000001566b9ff628: 24b0 0000 

  0x000001566b9ff62c: ;   {static_call}
  0x000001566b9ff62c: 0066 90e8 

  0x000001566b9ff630: ; ImmutableOopMap {[152]=Oop [160]=Oop [176]=Oop [232]=Oop }
                      ;*invokestatic checkName {reexecute=0 rethrow=0 return_oop=0}
                      ; - java.lang.ClassLoader::findLoadedClass@1 (line 1288)
                      ; - jdk.internal.loader.BuiltinClassLoader::loadClassOrNull@10 (line 653)
  0x000001566b9ff630: ac23 feff | 83f8 000f | 850f 0000 

  0x000001566b9ff63c: ;   {oop(NULL)}
  0x000001566b9ff63c: 0048 be00 | 0000 0000 | 0000 00e9 | 1b00 0000 | 4c8b 8424 | 9800 0000 | 488b 9424 | a000 0000 
  0x000001566b9ff65c: ;   {optimized virtual_call}
  0x000001566b9ff65c: 6666 90e8 

  0x000001566b9ff660: ; ImmutableOopMap {[152]=Oop [160]=Oop [176]=Oop [232]=Oop }
                      ;*invokevirtual findLoadedClass0 {reexecute=0 rethrow=0 return_oop=0}
                      ; - java.lang.ClassLoader::findLoadedClass@11 (line 1290)
                      ; - jdk.internal.loader.BuiltinClassLoader::loadClassOrNull@10 (line 653)
  0x000001566b9ff660: 54e0 ffff | 488b f048 | 83fe 000f | 85d6 0200 | 0048 89b4 | 24b8 0000 | 004c 8b84 | 2498 0000 
  0x000001566b9ff680: 0041 8b48 | 1444 8b49 | 0c41 0fbe | 4810 c1e1 | 18c1 f918 | 41d3 f941 | ffc9 498b | f841 b82e 
  0x000001566b9ff6a0: 0000 0048 

  0x000001566b9ff6a4: ;   {optimized virtual_call}
  0x000001566b9ff6a4: 8bd7 90e8 

  0x000001566b9ff6a8: ; ImmutableOopMap {[176]=Oop [160]=Oop [152]=Oop [184]=Oop [232]=Oop }
                      ;*invokevirtual lastIndexOf {reexecute=0 rethrow=0 return_oop=0}
                      ; - java.lang.String::lastIndexOf@8 (line 2451)
                      ; - jdk.internal.loader.BuiltinClassLoader::findLoadedModule@3 (line 709)
                      ; - jdk.internal.loader.BuiltinClassLoader::loadClassOrNull@22 (line 658)
  0x000001566b9ff6a8: 3476 f6ff | 83f8 000f | 8d0f 0000 

  0x000001566b9ff6b4: ;   {oop(NULL)}
  0x000001566b9ff6b4: 0048 be00 | 0000 0000 | 0000 00e9 | 6000 0000 | 41b8 0000 | 0000 4c8b | c848 8b94 | 2498 0000 
  0x000001566b9ff6d4: ;   {optimized virtual_call}
  0x000001566b9ff6d4: 0066 90e8 

  0x000001566b9ff6d8: ; ImmutableOopMap {[176]=Oop [160]=Oop [152]=Oop [184]=Oop [232]=Oop }
                      ;*invokevirtual substring {reexecute=0 rethrow=0 return_oop=0}
                      ; - jdk.internal.loader.BuiltinClassLoader::findLoadedModule@16 (line 713)
                      ; - jdk.internal.loader.BuiltinClassLoader::loadClassOrNull@22 (line 658)
  0x000001566b9ff6d8: 249b ecff 

  0x000001566b9ff6dc: ;   {oop(a 'java/util/concurrent/ConcurrentHashMap'{0x00000000885ec8b0})}
  0x000001566b9ff6dc: 4c8b c048 | bab0 c85e | 8800 0000 | 0066 0f1f 

  0x000001566b9ff6ec: ;   {optimized virtual_call}
  0x000001566b9ff6ec: 4400 00e8 

  0x000001566b9ff6f0: ; ImmutableOopMap {[176]=Oop [160]=Oop [152]=Oop [184]=Oop [232]=Oop }
                      ;*invokeinterface get {reexecute=0 rethrow=0 return_oop=0}
                      ; - jdk.internal.loader.BuiltinClassLoader::findLoadedModule@24 (line 714)
                      ; - jdk.internal.loader.BuiltinClassLoader::loadClassOrNull@22 (line 658)
  0x000001566b9ff6f0: acad d9ff | 4883 f800 | 0f84 2000 

  0x000001566b9ff6fc: ;   {metadata('jdk/internal/loader/BuiltinClassLoader$LoadedModule')}
  0x000001566b9ff6fc: 0000 48be | 28d7 0700 | 0100 0000 | 448b 4808 | 49c1 e103 | 493b f10f | 8590 0300 | 00e9 0000 
  0x000001566b9ff71c: 0000 4c8b | c049 8bf0 | 4883 fe00 | 488b 9424 | a000 0000 | 0f84 4601 | 0000 8b7e | 0c48 3bfa 
  0x000001566b9ff73c: 0f85 0a01 

  0x000001566b9ff740: ;   {oop(a 'java/lang/Class'{0x0000000088522f50} = 'jdk/internal/misc/VM')}
  0x000001566b9ff740: 0000 49b8 | 502f 5288 | 0000 0000 | 458b 8094 | 0000 0041 | 83f8 0241 | b800 0000 | 000f 8c06 
  0x000001566b9ff760: 0000 0041 | b801 0000 | 0041 83e0 | 0141 83f8 | 000f 850d | 0000 0048 | 8bb4 24b8 | 0000 00e9 
  0x000001566b9ff780: c301 0000 

  0x000001566b9ff784: ;   {oop(a 'java/lang/Class'{0x00000000884d3558} = 'java/lang/System')}
  0x000001566b9ff784: 49b8 5835 | 4d88 0000 | 0000 458b | 407c 4983 | f800 0f85 | 1d00 0000 | 4c8b 8424 | 9800 0000 
  0x000001566b9ff7a4: 4c8b ce48 | 8bf2 488b 

  0x000001566b9ff7ac: ;   {optimized virtual_call}
  0x000001566b9ff7ac: d666 90e8 

  0x000001566b9ff7b0: ; ImmutableOopMap {[176]=Oop [160]=Oop [232]=Oop }
                      ;*invokevirtual defineClass {reexecute=0 rethrow=0 return_oop=0}
                      ; - jdk.internal.loader.BuiltinClassLoader::findClassInModuleOrNull@9 (line 741)
                      ; - jdk.internal.loader.BuiltinClassLoader::loadClassOrNull@55 (line 665)
  0x000001566b9ff7b0: 1104 0000 | e98b 0000 | 000f 1f80 | 0000 0000 

  0x000001566b9ff7c0: ;   {no_reloc}
  0x000001566b9ff7c0: e901 0300 | 0090 9090 | 9090 488b | 9424 a000 | 0000 4c8b | 8424 9800 | 0000 4c8b 

  0x000001566b9ff7dc: ;   {static_call}
  0x000001566b9ff7dc: ce66 90e8 

  0x000001566b9ff7e0: ; ImmutableOopMap {[176]=Oop [160]=Oop [232]=Oop }
                      ;*invokedynamic {reexecute=0 rethrow=0 return_oop=0}
                      ; - jdk.internal.loader.BuiltinClassLoader::findClassInModuleOrNull@16 (line 743)
                      ; - jdk.internal.loader.BuiltinClassLoader::loadClassOrNull@55 (line 665)
  0x000001566b9ff7e0: 9c21 cdff | 4889 8424 | c000 0000 

  0x000001566b9ff7ec: ;   {static_call}
  0x000001566b9ff7ec: 6666 90e8 

  0x000001566b9ff7f0: ; ImmutableOopMap {[176]=Oop [160]=Oop [192]=Oop [232]=Oop }
                      ;*invokestatic getCallerClass {reexecute=0 rethrow=0 return_oop=0}
                      ; - java.security.AccessController::doPrivileged@2 (line 318)
                      ; - jdk.internal.loader.BuiltinClassLoader::findClassInModuleOrNull@23 (line 744)
                      ; - jdk.internal.loader.BuiltinClassLoader::loadClassOrNull@55 (line 665)
  0x000001566b9ff7f0: 8c21 cdff | 488b 9424 | c000 0000 | 4889 8424 | c800 0000 | 9048 b8ff | ffff ffff 

  0x000001566b9ff80c: ;   {virtual_call}
  0x000001566b9ff80c: ffff ffe8 

  0x000001566b9ff810: ; ImmutableOopMap {[176]=Oop [160]=Oop [200]=Oop [232]=Oop }
                      ;*invokeinterface run {reexecute=0 rethrow=0 return_oop=0}
                      ; - java.security.AccessController::executePrivileged@29 (line 776)
                      ; - java.security.AccessController::doPrivileged@5 (line 318)
                      ; - jdk.internal.loader.BuiltinClassLoader::findClassInModuleOrNull@23 (line 744)
                      ; - jdk.internal.loader.BuiltinClassLoader::loadClassOrNull@55 (line 665)
  0x000001566b9ff810: 6c1e cdff | 4883 f800 | 0f84 2000 

  0x000001566b9ff81c: ;   {metadata('java/lang/Class')}
  0x000001566b9ff81c: 0000 48be | c827 0400 | 0100 0000 | 448b 4808 | 49c1 e103 | 493b f10f | 8597 0200 | 00e9 0000 
  0x000001566b9ff83c: 0000 4c8b | c049 8bc0 | 488b f0e9 | fb00 0000 

  0x000001566b9ff84c: ; implicit exception: dispatches to 0x000001566b9ffad9
  0x000001566b9ff84c: 483b 074c | 8b84 2498 | 0000 0041 | b900 0000 | 0048 8bd7 | 0f1f 4400 | 0048 b8ff | ffff ffff 
  0x000001566b9ff86c: ;   {virtual_call}
  0x000001566b9ff86c: ffff ffe8 

  0x000001566b9ff870: ; ImmutableOopMap {[176]=Oop [160]=Oop [232]=Oop }
                      ;*invokevirtual loadClassOrNull {reexecute=0 rethrow=0 return_oop=0}
                      ; - jdk.internal.loader.BuiltinClassLoader::loadClassOrNull@3 (line 700)
                      ; - jdk.internal.loader.BuiltinClassLoader::loadClassOrNull@66 (line 669)
  0x000001566b9ff870: 9cb2 d7ff | 488b f0e9 | cb00 0000 | 8b72 5448 | 83fe 000f | 850d 0000 | 0048 8bb4 | 24b8 0000 
  0x000001566b9ff890: 00e9 2900 | 0000 483b | 064c 8b84 | 2498 0000 | 0041 b900 | 0000 0048 | 8bd6 6666 | 9048 b8ff 
  0x000001566b9ff8b0: ffff ffff 

  0x000001566b9ff8b4: ;   {virtual_call}
  0x000001566b9ff8b4: ffff ffe8 

  0x000001566b9ff8b8: ; ImmutableOopMap {[176]=Oop [152]=Oop [160]=Oop [232]=Oop }
                      ;*invokevirtual loadClassOrNull {reexecute=0 rethrow=0 return_oop=0}
                      ; - jdk.internal.loader.BuiltinClassLoader::loadClassOrNull@3 (line 700)
                      ; - jdk.internal.loader.BuiltinClassLoader::loadClassOrNull@86 (line 676)
  0x000001566b9ff8b8: 54b2 d7ff | 488b f048 | 83fe 000f | 857e 0000 | 0048 8b94 | 24a0 0000 | 0044 8b42 | 5849 83f8 
  0x000001566b9ff8d8: 0041 b800 | 0000 000f | 8406 0000 | 0041 b801 | 0000 0041 | 83e0 0141 | 83f8 000f | 844e 0000 
  0x000001566b9ff8f8: ;   {oop(a 'java/lang/Class'{0x0000000088522f50} = 'jdk/internal/misc/VM')}
  0x000001566b9ff8f8: 0049 b850 | 2f52 8800 | 0000 0045 | 8b80 9400 | 0000 4183 | f802 41b8 | 0000 0000 | 0f8c 0600 
  0x000001566b9ff918: 0000 41b8 | 0100 0000 | 4183 e001 | 4183 f800 | 0f84 1900 | 0000 4c8b | 8424 9800 | 0000 488b 
  0x000001566b9ff938: f248 8bd6 

  0x000001566b9ff93c: ;   {optimized virtual_call}
  0x000001566b9ff93c: 6666 90e8 

  0x000001566b9ff940: ; ImmutableOopMap {[176]=Oop [160]=Oop [232]=Oop }
                      ;*invokevirtual findClassOnClassPathOrNull {reexecute=0 rethrow=0 return_oop=0}
                      ; - jdk.internal.loader.BuiltinClassLoader::loadClassOrNull@111 (line 681)
  0x000001566b9ff940: 7c79 0500 | 488b f044 | 8b8c 24a8 | 0000 0041 | 83f9 000f | 8414 0000 | 0048 83fe | 000f 840a 
  0x000001566b9ff960: 0000 0048 | 83fe 000f | 843c 0000 | 0048 8d84 | 24e0 0000 | 0048 8b10 | 4885 d20f | 840f 0000 
  0x000001566b9ff980: 0048 8b78 | 08f0 480f | b117 0f85 | 5301 0000 | 488b c648 | 81c4 0001 

  0x000001566b9ff998: ;   {poll_return}
  0x000001566b9ff998: 0000 5d49 | 3ba7 5003 | 0000 0f87 | 5101 0000 | c348 89b4 | 24d8 0000 

  0x000001566b9ff9b0: ;   {metadata('java/lang/NullPointerException')}
  0x000001566b9ff9b0: 0048 ba80 | 8f05 0001 | 0000 0049 | 8b87 0801 | 0000 488d | 7830 493b | bf18 0100 | 000f 873c 
  0x000001566b9ff9d0: 0100 0049 | 89bf 0801 | 0000 48c7 | 0001 0000 | 0048 8bca | 48c1 e903 | 8948 0848 | 33c9 8948 
  0x000001566b9ff9f0: 0c48 33c9 | 4889 4810 | 4889 4818 | 4889 4820 | 4889 4828 | 488b d048 | 8984 24d0 

  0x000001566b9ffa0c: ;   {optimized virtual_call}
  0x000001566b9ffa0c: 0000 00e8 

  0x000001566b9ffa10: ; ImmutableOopMap {[176]=Oop [208]=Oop [216]=Oop [232]=Oop }
                      ;*invokespecial <init> {reexecute=0 rethrow=0 return_oop=0}
                      ; - java.lang.ClassLoader::resolveClass@8 (line 1228)
                      ; - jdk.internal.loader.BuiltinClassLoader::loadClassOrNull@128 (line 688)
  0x000001566b9ffa10: 6c19 cdff | 488b 8424 

  0x000001566b9ffa18: ; ImmutableOopMap {[176]=Oop [216]=Oop [232]=Oop rax=Oop }
                      ;*athrow {reexecute=1 rethrow=0 return_oop=0}
                      ; - (reexecute) java.lang.ClassLoader::resolveClass@11 (line 1228)
                      ; - jdk.internal.loader.BuiltinClassLoader::loadClassOrNull@128 (line 688)
  0x000001566b9ffa18: d000 0000 

  0x000001566b9ffa1c: ;   {section_word}
  0x000001566b9ffa1c: 48ba 1cfa | 9f6b 5601 

  0x000001566b9ffa24: ;   {runtime_call handle_exception_nofpu Runtime1 stub}
  0x000001566b9ffa24: 0000 e8d5 | 2dd7 ff90 | 498b 87e0 | 0300 004d | 33d2 4d89 | 97e0 0300 | 004d 33d2 | 4d89 97e8 
  0x000001566b9ffa44: 0300 0048 | 8bf0 488d | 8424 e000 | 0000 488b | 3848 85ff | 0f84 0f00 | 0000 488b | 5808 f048 
  0x000001566b9ffa64: 0fb1 3b0f | 85af 0000 | 0048 8bc6 | e9dc 0000 | 0048 8bd2 

  0x000001566b9ffa78: ;   {runtime_call fast_new_instance Runtime1 stub}
  0x000001566b9ffa78: e883 1ed7 

  0x000001566b9ffa7c: ; ImmutableOopMap {r8=Oop [152]=Oop rbx=Oop [160]=Oop }
                      ;*new {reexecute=0 rethrow=0 return_oop=0}
                      ; - java.lang.ClassLoader::getClassLoadingLock@9 (line 670)
                      ; - jdk.internal.loader.BuiltinClassLoader::loadClassOrNull@2 (line 651)
  0x000001566b9ffa7c: ffe9 25fb 

  0x000001566b9ffa80: ;   {runtime_call throw_null_pointer_exception Runtime1 stub}
  0x000001566b9ffa80: ffff e899 

  0x000001566b9ffa84: ; ImmutableOopMap {r8=Oop [152]=Oop rbx=Oop [160]=Oop rax=Oop }
                      ;*invokevirtual putIfAbsent {reexecute=0 rethrow=0 return_oop=0}
                      ; - java.lang.ClassLoader::getClassLoadingLock@23 (line 671)
                      ; - jdk.internal.loader.BuiltinClassLoader::loadClassOrNull@2 (line 651)
                      ;   {runtime_call throw_null_pointer_exception Runtime1 stub}
  0x000001566b9ffa84: 15d7 ffe8 

  0x000001566b9ffa88: ; ImmutableOopMap {[152]=Oop [160]=Oop rsi=Oop }
                      ;*monitorenter {reexecute=0 rethrow=0 return_oop=0}
                      ; - jdk.internal.loader.BuiltinClassLoader::loadClassOrNull@7 (line 651)
  0x000001566b9ffa88: 9415 d7ff | 4889 7424 | 0848 8914 

  0x000001566b9ffa94: ;   {runtime_call monitorenter_nofpu Runtime1 stub}
  0x000001566b9ffa94: 24e8 6645 

  0x000001566b9ffa98: ; ImmutableOopMap {[152]=Oop [160]=Oop rsi=Oop [232]=Oop }
                      ;*monitorenter {reexecute=0 rethrow=0 return_oop=0}
                      ; - jdk.internal.loader.BuiltinClassLoader::loadClassOrNull@7 (line 651)
  0x000001566b9ffa98: d7ff e97e 

  0x000001566b9ffa9c: ;   {runtime_call throw_null_pointer_exception Runtime1 stub}
  0x000001566b9ffa9c: fbff ffe8 

  0x000001566b9ffaa0: ; ImmutableOopMap {[176]=Oop r8=Oop [152]=Oop [184]=Oop [160]=Oop [232]=Oop }
                      ;*invokevirtual lastIndexOf {reexecute=0 rethrow=0 return_oop=0}
                      ; - jdk.internal.loader.BuiltinClassLoader::findLoadedModule@3 (line 709)
                      ; - jdk.internal.loader.BuiltinClassLoader::loadClassOrNull@22 (line 658)
  0x000001566b9ffaa0: 7c15 d7ff 

  0x000001566b9ffaa4: ;   {runtime_call throw_null_pointer_exception Runtime1 stub}
  0x000001566b9ffaa4: e877 15d7 

  0x000001566b9ffaa8: ; ImmutableOopMap {[176]=Oop r8=Oop [152]=Oop [184]=Oop [160]=Oop [232]=Oop }
                      ;*arraylength {reexecute=0 rethrow=0 return_oop=0}
                      ; - java.lang.String::length@4 (line 1481)
                      ; - java.lang.String::lastIndexOf@3 (line 2451)
                      ; - jdk.internal.loader.BuiltinClassLoader::findLoadedModule@3 (line 709)
                      ; - jdk.internal.loader.BuiltinClassLoader::loadClassOrNull@22 (line 658)
  0x000001566b9ffaa8: ff48 8904 

  0x000001566b9ffaac: ;   {runtime_call throw_class_cast_exception Runtime1 stub}
  0x000001566b9ffaac: 24e8 6e39 

  0x000001566b9ffab0: ; ImmutableOopMap {[176]=Oop [160]=Oop [152]=Oop [184]=Oop [232]=Oop }
                      ;*checkcast {reexecute=0 rethrow=0 return_oop=0}
                      ; - jdk.internal.loader.BuiltinClassLoader::findLoadedModule@29 (line 714)
                      ; - jdk.internal.loader.BuiltinClassLoader::loadClassOrNull@22 (line 658)
                      ;   {runtime_call throw_null_pointer_exception Runtime1 stub}
  0x000001566b9ffab0: d7ff e869 

  0x000001566b9ffab4: ; ImmutableOopMap {[176]=Oop [152]=Oop [184]=Oop rsi=Oop rdx=Oop [160]=Oop [232]=Oop }
                      ;*invokevirtual loader {reexecute=0 rethrow=0 return_oop=0}
                      ; - jdk.internal.loader.BuiltinClassLoader::loadClassOrNull@34 (line 662)
  0x000001566b9ffab4: 15d7 ff48 | bf00 0000 | 0000 0000 | 00b8 000f 

  0x000001566b9ffac4: ;   {runtime_call load_appendix_patching Runtime1 stub}
  0x000001566b9ffac4: 050a e8b5 

  0x000001566b9ffac8: ; ImmutableOopMap {[176]=Oop [152]=Oop rsi=Oop [160]=Oop [232]=Oop }
                      ;*invokedynamic {reexecute=1 rethrow=0 return_oop=0}
                      ; - (reexecute) jdk.internal.loader.BuiltinClassLoader::findClassInModuleOrNull@16 (line 743)
                      ; - jdk.internal.loader.BuiltinClassLoader::loadClassOrNull@55 (line 665)
  0x000001566b9ffac8: 5ed7 ffe9 | f0fc ffff | 4889 0424 

  0x000001566b9ffad4: ;   {runtime_call throw_class_cast_exception Runtime1 stub}
  0x000001566b9ffad4: e847 39d7 

  0x000001566b9ffad8: ; ImmutableOopMap {[176]=Oop [160]=Oop [232]=Oop }
                      ;*checkcast {reexecute=0 rethrow=0 return_oop=0}
                      ; - jdk.internal.loader.BuiltinClassLoader::findClassInModuleOrNull@26 (line 744)
                      ; - jdk.internal.loader.BuiltinClassLoader::loadClassOrNull@55 (line 665)
                      ;   {runtime_call throw_null_pointer_exception Runtime1 stub}
  0x000001566b9ffad8: ffe8 4215 

  0x000001566b9ffadc: ; ImmutableOopMap {[176]=Oop rdi=Oop [152]=Oop [160]=Oop [232]=Oop }
                      ;*invokevirtual loadClassOrNull {reexecute=0 rethrow=0 return_oop=0}
                      ; - jdk.internal.loader.BuiltinClassLoader::loadClassOrNull@66 (line 669)
                      ;   {runtime_call throw_null_pointer_exception Runtime1 stub}
  0x000001566b9ffadc: d7ff e83d 

  0x000001566b9ffae0: ; ImmutableOopMap {[176]=Oop [152]=Oop [160]=Oop rsi=Oop [232]=Oop }
                      ;*invokevirtual loadClassOrNull {reexecute=0 rethrow=0 return_oop=0}
                      ; - jdk.internal.loader.BuiltinClassLoader::loadClassOrNull@86 (line 676)
  0x000001566b9ffae0: 15d7 ff48 | 8d84 24e0 | 0000 0048 

  0x000001566b9ffaec: ;   {runtime_call monitorexit_nofpu Runtime1 stub}
  0x000001566b9ffaec: 8904 24e8 | 0c4b d7ff | e997 feff 

  0x000001566b9ffaf8: ;   {internal_word}
  0x000001566b9ffaf8: ff49 ba9b | f99f 6b56 | 0100 004d | 8997 6803 

  0x000001566b9ffb08: ;   {runtime_call SafepointBlob}
  0x000001566b9ffb08: 0000 e9f1 | 7ecd ff48 

  0x000001566b9ffb10: ;   {runtime_call fast_new_instance Runtime1 stub}
  0x000001566b9ffb10: 8bd2 e8e9 

  0x000001566b9ffb14: ; ImmutableOopMap {[176]=Oop [216]=Oop [232]=Oop }
                      ;*new {reexecute=0 rethrow=0 return_oop=0}
                      ; - java.lang.ClassLoader::resolveClass@4 (line 1228)
                      ; - jdk.internal.loader.BuiltinClassLoader::loadClassOrNull@128 (line 688)
  0x000001566b9ffb14: 1dd7 ffe9 | e8fe ffff | 488d 8424 | e000 0000 | 4889 0424 

  0x000001566b9ffb28: ;   {runtime_call monitorexit_nofpu Runtime1 stub}
  0x000001566b9ffb28: e8d3 4ad7 | ffe9 3bff | ffff 9090 | 498b 87e0 | 0300 0049 | c787 e003 | 0000 0000 | 0000 49c7 
  0x000001566b9ffb48: 87e8 0300 | 0000 0000 | 0048 81c4 | 0001 0000 

  0x000001566b9ffb58: ;   {runtime_call unwind_exception Runtime1 stub}
  0x000001566b9ffb58: 5de9 a205 | d7ff f4f4 
[Stub Code]
  0x000001566b9ffb60: ;   {no_reloc}
  0x000001566b9ffb60: 0f1f 4400 

  0x000001566b9ffb64: ;   {static_stub}
  0x000001566b9ffb64: 0048 bb00 | 0000 0000 

  0x000001566b9ffb6c: ;   {runtime_call}
  0x000001566b9ffb6c: 0000 00e9 | fbff ffff 

  0x000001566b9ffb74: ;   {static_stub}
  0x000001566b9ffb74: 9048 bb00 | 0000 0000 

  0x000001566b9ffb7c: ;   {runtime_call}
  0x000001566b9ffb7c: 0000 00e9 | fbff ffff 

  0x000001566b9ffb84: ;   {static_stub}
  0x000001566b9ffb84: 9048 bb00 | 0000 0000 

  0x000001566b9ffb8c: ;   {runtime_call}
  0x000001566b9ffb8c: 0000 00e9 | fbff ffff 

  0x000001566b9ffb94: ;   {static_stub}
  0x000001566b9ffb94: 9048 bb00 | 0000 0000 

  0x000001566b9ffb9c: ;   {runtime_call}
  0x000001566b9ffb9c: 0000 00e9 | fbff ffff 

  0x000001566b9ffba4: ;   {static_stub}
  0x000001566b9ffba4: 9048 bb00 | 0000 0000 

  0x000001566b9ffbac: ;   {runtime_call}
  0x000001566b9ffbac: 0000 00e9 | fbff ffff 

  0x000001566b9ffbb4: ;   {static_stub}
  0x000001566b9ffbb4: 9048 bb00 | 0000 0000 

  0x000001566b9ffbbc: ;   {runtime_call}
  0x000001566b9ffbbc: 0000 00e9 | fbff ffff 

  0x000001566b9ffbc4: ;   {static_stub}
  0x000001566b9ffbc4: 9048 bbd8 | 3c0e 7656 

  0x000001566b9ffbcc: ;   {runtime_call I2C/C2I adapters}
  0x000001566b9ffbcc: 0100 00e9 | 04de ccff 

  0x000001566b9ffbd4: ;   {static_stub}
  0x000001566b9ffbd4: 9048 bb00 | 0000 0000 

  0x000001566b9ffbdc: ;   {runtime_call}
  0x000001566b9ffbdc: 0000 00e9 | fbff ffff 

  0x000001566b9ffbe4: ;   {static_stub}
  0x000001566b9ffbe4: 9048 bb00 | 0000 0000 

  0x000001566b9ffbec: ;   {runtime_call}
  0x000001566b9ffbec: 0000 00e9 | fbff ffff 

  0x000001566b9ffbf4: ;   {static_stub}
  0x000001566b9ffbf4: 9048 bb00 | 0000 0000 

  0x000001566b9ffbfc: ;   {runtime_call}
  0x000001566b9ffbfc: 0000 00e9 | fbff ffff 

  0x000001566b9ffc04: ;   {static_stub}
  0x000001566b9ffc04: 9048 bb00 | 0000 0000 

  0x000001566b9ffc0c: ;   {runtime_call}
  0x000001566b9ffc0c: 0000 00e9 | fbff ffff 

  0x000001566b9ffc14: ;   {static_stub}
  0x000001566b9ffc14: 9048 bb00 | 0000 0000 

  0x000001566b9ffc1c: ;   {runtime_call}
  0x000001566b9ffc1c: 0000 00e9 | fbff ffff 

  0x000001566b9ffc24: ;   {static_stub}
  0x000001566b9ffc24: 9048 bbd8 | 3a0e 7656 

  0x000001566b9ffc2c: ;   {runtime_call I2C/C2I adapters}
  0x000001566b9ffc2c: 0100 00e9 | 206a cdff 

  0x000001566b9ffc34: ;   {static_stub}
  0x000001566b9ffc34: 9048 bb00 | 0000 0000 

  0x000001566b9ffc3c: ;   {runtime_call}
  0x000001566b9ffc3c: 0000 00e9 | fbff ffff 
[Exception Handler]
  0x000001566b9ffc44: ;   {runtime_call handle_exception_from_callee Runtime1 stub}
  0x000001566b9ffc44: e8b7 31d7 

  0x000001566b9ffc48: ;   {external_word}
  0x000001566b9ffc48: ff48 b940 | 9aa2 29ff | 7f00 0048 

  0x000001566b9ffc54: ;   {runtime_call}
  0x000001566b9ffc54: 83e4 f049 | ba60 2f6b | 29ff 7f00 | 0041 ffd2 

  0x000001566b9ffc64: ;   {section_word}
  0x000001566b9ffc64: f449 ba65 | fc9f 6b56 | 0100 0041 

  0x000001566b9ffc70: ;   {runtime_call DeoptimizationBlob}
  0x000001566b9ffc70: 52e9 2a70 | cdff f4f4 
[/MachCode]


---------------  P R O C E S S  ---------------

Threads class SMR info:
_java_thread_list=0x000001567ac1fdf0, length=20, elements={
0x0000015667fb3bf0, 0x00000156751b18a0, 0x00000156751b2430, 0x00000156751de2c0,
0x00000156751df5f0, 0x00000156751e0ed0, 0x00000156751e1f40, 0x00000156751e2810,
0x000001567531f790, 0x00000156751ee830, 0x00000156753e9010, 0x00000156753e9530,
0x00000156754b7030, 0x0000015675a82660, 0x0000015675a094f0, 0x0000015675a6a5a0,
0x0000015675eb81a0, 0x0000015675ee3940, 0x0000015675eee0a0, 0x000001567a4d0140
}

Java Threads: ( => current thread )
=>0x0000015667fb3bf0 JavaThread "main" [_thread_in_vm, id=5124, stack(0x000000065a100000,0x000000065a200000)]
  0x00000156751b18a0 JavaThread "Reference Handler" daemon [_thread_blocked, id=10776, stack(0x000000065a800000,0x000000065a900000)]
  0x00000156751b2430 JavaThread "Finalizer" daemon [_thread_blocked, id=9252, stack(0x000000065a900000,0x000000065aa00000)]
  0x00000156751de2c0 JavaThread "Signal Dispatcher" daemon [_thread_blocked, id=2224, stack(0x000000065aa00000,0x000000065ab00000)]
  0x00000156751df5f0 JavaThread "Attach Listener" daemon [_thread_blocked, id=6576, stack(0x000000065ab00000,0x000000065ac00000)]
  0x00000156751e0ed0 JavaThread "Service Thread" daemon [_thread_blocked, id=2720, stack(0x000000065ac00000,0x000000065ad00000)]
  0x00000156751e1f40 JavaThread "Monitor Deflation Thread" daemon [_thread_blocked, id=10164, stack(0x000000065ad00000,0x000000065ae00000)]
  0x00000156751e2810 JavaThread "C1 CompilerThread0" daemon [_thread_blocked, id=10716, stack(0x000000065ae00000,0x000000065af00000)]
  0x000001567531f790 JavaThread "Sweeper thread" daemon [_thread_blocked, id=5620, stack(0x000000065af00000,0x000000065b000000)]
  0x00000156751ee830 JavaThread "Common-Cleaner" daemon [_thread_blocked, id=1360, stack(0x000000065b000000,0x000000065b100000)]
  0x00000156753e9010 JavaThread "C1 CompilerThread1" daemon [_thread_blocked, id=6292, stack(0x000000065b100000,0x000000065b200000)]
  0x00000156753e9530 JavaThread "C1 CompilerThread2" daemon [_thread_blocked, id=5232, stack(0x000000065b200000,0x000000065b300000)]
  0x00000156754b7030 JavaThread "Notification Thread" daemon [_thread_blocked, id=1556, stack(0x000000065b300000,0x000000065b400000)]
  0x0000015675a82660 JavaThread "RMI TCP Accept-0" daemon [_thread_in_native, id=804, stack(0x000000065b500000,0x000000065b600000)]
  0x0000015675a094f0 JavaThread "RMI TCP Accept-62553" daemon [_thread_in_native, id=7020, stack(0x000000065b600000,0x000000065b700000)]
  0x0000015675a6a5a0 JavaThread "RMI TCP Accept-0" daemon [_thread_in_native, id=556, stack(0x000000065b700000,0x000000065b800000)]
  0x0000015675eb81a0 JavaThread "RMI TCP Connection(1)-127.0.0.1" daemon [_thread_in_native, id=7092, stack(0x000000065bd00000,0x000000065be00000)]
  0x0000015675ee3940 JavaThread "RMI Scheduler(0)" daemon [_thread_blocked, id=6680, stack(0x000000065be00000,0x000000065bf00000)]
  0x0000015675eee0a0 JavaThread "RMI TCP Connection(2)-127.0.0.1" daemon [_thread_in_native, id=6884, stack(0x000000065bf00000,0x000000065c000000)]
  0x000001567a4d0140 JavaThread "JMX server connection timeout 21" daemon [_thread_blocked, id=5352, stack(0x000000065c000000,0x000000065c100000)]

Other Threads:
  0x00000156751ab630 VMThread "VM Thread" [stack: 0x000000065a700000,0x000000065a800000] [id=5812]
  0x0000015667fb4860 WatcherThread [stack: 0x000000065b800000,0x000000065b900000] [id=10860]
  0x000001566800a500 GCTaskThread "GC Thread#0" [stack: 0x000000065a200000,0x000000065a300000] [id=6388]
  0x0000015667fb4b00 GCTaskThread "GC Thread#1" [stack: 0x000000065b900000,0x000000065ba00000] [id=6528]
  0x0000015675c47160 GCTaskThread "GC Thread#2" [stack: 0x000000065ba00000,0x000000065bb00000] [id=2424]
  0x0000015675c47420 GCTaskThread "GC Thread#3" [stack: 0x000000065bb00000,0x000000065bc00000] [id=7284]
  0x000001566801a320 ConcurrentGCThread "G1 Main Marker" [stack: 0x000000065a300000,0x000000065a400000] [id=5136]
  0x000001566801b3f0 ConcurrentGCThread "G1 Conc#0" [stack: 0x000000065a400000,0x000000065a500000] [id=4540]
  0x00000156750040b0 ConcurrentGCThread "G1 Refine#0" [stack: 0x000000065a500000,0x000000065a600000] [id=11180]
  0x0000015675a74170 ConcurrentGCThread "G1 Refine#1" [stack: 0x000000065bc00000,0x000000065bd00000] [id=6764]
  0x00000156750049f0 ConcurrentGCThread "G1 Service" [stack: 0x000000065a600000,0x000000065a700000] [id=9736]

Threads with active compile tasks:

VM state: not at safepoint (normal execution)

VM Mutex/Monitor currently owned by a thread: None

Heap address: 0x0000000088200000, size: 1918 MB, Compressed Oops mode: 32-bit

CDS archive(s) not mapped
Compressed class space mapped at: 0x0000000100000000-0x0000000140000000, reserved size: 1073741824
Narrow klass base: 0x0000000000000000, Narrow klass shift: 3, Narrow klass range: 0x140000000

GC Precious Log:
 CPUs: 4 total, 4 available
 Memory: 7669M
 Large Page Support: Disabled
 NUMA Support: Disabled
 Compressed Oops: Enabled (32-bit)
 Heap Region Size: 1M
 Heap Min Capacity: 8M
 Heap Initial Capacity: 120M
 Heap Max Capacity: 1918M
 Pre-touch: Disabled
 Parallel Workers: 4
 Concurrent Workers: 1
 Concurrent Refinement Workers: 4
 Periodic GC: Disabled

Heap:
 garbage-first heap   total 47104K, used 29696K [0x0000000088200000, 0x0000000100000000)
  region size 1024K, 18 young (18432K), 2 survivors (2048K)
 Metaspace       used 33476K, committed 33856K, reserved 1114112K
  class space    used 4222K, committed 4416K, reserved 1048576K

Heap Regions: E=young(eden), S=young(survivor), O=old, HS=humongous(starts), HC=humongous(continues), CS=collection set, F=free, OA=open archive, CA=closed archive, TAMS=top-at-mark-start (previous, next)
|   0|0x0000000088200000, 0x0000000088300000, 0x0000000088300000|100%|HS|  |TAMS 0x0000000088300000, 0x0000000088200000| Complete 
|   1|0x0000000088300000, 0x0000000088400000, 0x0000000088400000|100%| O|  |TAMS 0x0000000088400000, 0x0000000088300000| Untracked 
|   2|0x0000000088400000, 0x0000000088500000, 0x0000000088500000|100%| O|  |TAMS 0x0000000088500000, 0x0000000088400000| Untracked 
|   3|0x0000000088500000, 0x0000000088600000, 0x0000000088600000|100%| O|  |TAMS 0x0000000088600000, 0x0000000088500000| Untracked 
|   4|0x0000000088600000, 0x0000000088700000, 0x0000000088700000|100%| O|  |TAMS 0x0000000088700000, 0x0000000088600000| Untracked 
|   5|0x0000000088700000, 0x0000000088800000, 0x0000000088800000|100%| O|  |TAMS 0x0000000088800000, 0x0000000088700000| Untracked 
|   6|0x0000000088800000, 0x0000000088900000, 0x0000000088900000|100%| O|  |TAMS 0x0000000088800000, 0x0000000088800000| Untracked 
|   7|0x0000000088900000, 0x0000000088a00000, 0x0000000088a00000|100%| O|  |TAMS 0x0000000088900000, 0x0000000088900000| Untracked 
|   8|0x0000000088a00000, 0x0000000088b00000, 0x0000000088b00000|100%| O|  |TAMS 0x0000000088a00000, 0x0000000088a00000| Untracked 
|   9|0x0000000088b00000, 0x0000000088c00000, 0x0000000088c00000|100%| O|  |TAMS 0x0000000088b00000, 0x0000000088b00000| Untracked 
|  10|0x0000000088c00000, 0x0000000088d00000, 0x0000000088d00000|100%| O|  |TAMS 0x0000000088c00000, 0x0000000088c00000| Untracked 
|  11|0x0000000088d00000, 0x0000000088e00000, 0x0000000088e00000|100%| O|  |TAMS 0x0000000088d00000, 0x0000000088d00000| Untracked 
|  12|0x0000000088e00000, 0x0000000088e00000, 0x0000000088f00000|  0%| F|  |TAMS 0x0000000088e00000, 0x0000000088e00000| Untracked 
|  13|0x0000000088f00000, 0x0000000088f00000, 0x0000000089000000|  0%| F|  |TAMS 0x0000000088f00000, 0x0000000088f00000| Untracked 
|  14|0x0000000089000000, 0x0000000089000000, 0x0000000089100000|  0%| F|  |TAMS 0x0000000089000000, 0x0000000089000000| Untracked 
|  15|0x0000000089100000, 0x0000000089100000, 0x0000000089200000|  0%| F|  |TAMS 0x0000000089100000, 0x0000000089100000| Untracked 
|  16|0x0000000089200000, 0x0000000089200000, 0x0000000089300000|  0%| F|  |TAMS 0x0000000089200000, 0x0000000089200000| Untracked 
|  17|0x0000000089300000, 0x0000000089300000, 0x0000000089400000|  0%| F|  |TAMS 0x0000000089300000, 0x0000000089300000| Untracked 
|  18|0x0000000089400000, 0x0000000089400000, 0x0000000089500000|  0%| F|  |TAMS 0x0000000089400000, 0x0000000089400000| Untracked 
|  19|0x0000000089500000, 0x0000000089500000, 0x0000000089600000|  0%| F|  |TAMS 0x0000000089500000, 0x0000000089500000| Untracked 
|  20|0x0000000089600000, 0x0000000089600000, 0x0000000089700000|  0%| F|  |TAMS 0x0000000089600000, 0x0000000089600000| Untracked 
|  21|0x0000000089700000, 0x0000000089800000, 0x0000000089800000|100%| S|CS|TAMS 0x0000000089700000, 0x0000000089700000| Complete 
|  22|0x0000000089800000, 0x0000000089900000, 0x0000000089900000|100%| S|CS|TAMS 0x0000000089800000, 0x0000000089800000| Complete 
|  23|0x0000000089900000, 0x0000000089900000, 0x0000000089a00000|  0%| F|  |TAMS 0x0000000089900000, 0x0000000089900000| Untracked 
|  24|0x0000000089a00000, 0x0000000089a00000, 0x0000000089b00000|  0%| F|  |TAMS 0x0000000089a00000, 0x0000000089a00000| Untracked 
|  25|0x0000000089b00000, 0x0000000089b00000, 0x0000000089c00000|  0%| F|  |TAMS 0x0000000089b00000, 0x0000000089b00000| Untracked 
|  26|0x0000000089c00000, 0x0000000089c00000, 0x0000000089d00000|  0%| F|  |TAMS 0x0000000089c00000, 0x0000000089c00000| Untracked 
|  27|0x0000000089d00000, 0x0000000089d00000, 0x0000000089e00000|  0%| F|  |TAMS 0x0000000089d00000, 0x0000000089d00000| Untracked 
|  28|0x0000000089e00000, 0x0000000089e00000, 0x0000000089f00000|  0%| F|  |TAMS 0x0000000089e00000, 0x0000000089e00000| Untracked 
|  29|0x0000000089f00000, 0x0000000089f00000, 0x000000008a000000|  0%| F|  |TAMS 0x0000000089f00000, 0x0000000089f00000| Untracked 
|  30|0x000000008a000000, 0x000000008a100000, 0x000000008a100000|100%| E|  |TAMS 0x000000008a000000, 0x000000008a000000| Complete 
|  31|0x000000008a100000, 0x000000008a200000, 0x000000008a200000|100%| E|CS|TAMS 0x000000008a100000, 0x000000008a100000| Complete 
|  32|0x000000008a200000, 0x000000008a300000, 0x000000008a300000|100%| E|CS|TAMS 0x000000008a200000, 0x000000008a200000| Complete 
|  33|0x000000008a300000, 0x000000008a400000, 0x000000008a400000|100%| E|CS|TAMS 0x000000008a300000, 0x000000008a300000| Complete 
|  34|0x000000008a400000, 0x000000008a500000, 0x000000008a500000|100%| E|CS|TAMS 0x000000008a400000, 0x000000008a400000| Complete 
|  35|0x000000008a500000, 0x000000008a600000, 0x000000008a600000|100%| E|CS|TAMS 0x000000008a500000, 0x000000008a500000| Complete 
|  36|0x000000008a600000, 0x000000008a700000, 0x000000008a700000|100%| E|CS|TAMS 0x000000008a600000, 0x000000008a600000| Complete 
|  37|0x000000008a700000, 0x000000008a800000, 0x000000008a800000|100%| E|CS|TAMS 0x000000008a700000, 0x000000008a700000| Complete 
|  38|0x000000008a800000, 0x000000008a900000, 0x000000008a900000|100%| E|CS|TAMS 0x000000008a800000, 0x000000008a800000| Complete 
|  39|0x000000008a900000, 0x000000008aa00000, 0x000000008aa00000|100%| E|CS|TAMS 0x000000008a900000, 0x000000008a900000| Complete 
|  40|0x000000008aa00000, 0x000000008ab00000, 0x000000008ab00000|100%| E|CS|TAMS 0x000000008aa00000, 0x000000008aa00000| Complete 
|  90|0x000000008dc00000, 0x000000008dd00000, 0x000000008dd00000|100%| E|CS|TAMS 0x000000008dc00000, 0x000000008dc00000| Complete 
|  91|0x000000008dd00000, 0x000000008de00000, 0x000000008de00000|100%| E|CS|TAMS 0x000000008dd00000, 0x000000008dd00000| Complete 
|  92|0x000000008de00000, 0x000000008df00000, 0x000000008df00000|100%| E|CS|TAMS 0x000000008de00000, 0x000000008de00000| Complete 
| 118|0x000000008f800000, 0x000000008f900000, 0x000000008f900000|100%| E|CS|TAMS 0x000000008f800000, 0x000000008f800000| Complete 
| 119|0x000000008f900000, 0x000000008fa00000, 0x000000008fa00000|100%| E|CS|TAMS 0x000000008f900000, 0x000000008f900000| Complete 

Card table byte_map: [0x000001566ea40000,0x000001566ee00000] _byte_map_base: 0x000001566e5ff000

Marking Bits (Prev, Next): (CMBitMap*) 0x000001566800aa70, (CMBitMap*) 0x000001566800aa30
 Prev Bits: [0x0000015670fc0000, 0x0000015672db8000)
 Next Bits: [0x000001566f1c0000, 0x0000015670fb8000)

Polling page: 0x0000015665eb0000

Metaspace:

Usage:
  Non-class:     28.57 MB used.
      Class:      4.12 MB used.
       Both:     32.69 MB used.

Virtual space:
  Non-class space:       64.00 MB reserved,      28.75 MB ( 45%) committed,  1 nodes.
      Class space:        1.00 GB reserved,       4.31 MB ( <1%) committed,  1 nodes.
             Both:        1.06 GB reserved,      33.06 MB (  3%) committed. 

Chunk freelists:
   Non-Class:  3.09 MB
       Class:  11.73 MB
        Both:  14.82 MB

MaxMetaspaceSize: unlimited
CompressedClassSpaceSize: 1.00 GB
Initial GC threshold: 21.00 MB
Current GC threshold: 35.31 MB
CDS: off
MetaspaceReclaimPolicy: balanced
 - commit_granule_bytes: 65536.
 - commit_granule_words: 8192.
 - virtual_space_node_default_size: 8388608.
 - enlarge_chunks_in_place: 1.
 - new_chunks_are_fully_committed: 0.
 - uncommit_free_chunks: 1.
 - use_allocation_guard: 0.
 - handle_deallocations: 1.


Internal statistics:

num_allocs_failed_limit: 5.
num_arena_births: 352.
num_arena_deaths: 0.
num_vsnodes_births: 2.
num_vsnodes_deaths: 0.
num_space_committed: 529.
num_space_uncommitted: 0.
num_chunks_returned_to_freelist: 5.
num_chunks_taken_from_freelist: 1189.
num_chunk_merges: 5.
num_chunk_splits: 815.
num_chunks_enlarged: 604.
num_inconsistent_stats: 0.

CodeCache: size=49152Kb used=7169Kb max_used=7169Kb free=41982Kb
 bounds [0x000001566b680000, 0x000001566bd90000, 0x000001566e680000]
 total_blobs=3696 nmethods=3181 adapters=439
 compilation: enabled
              stopped_count=0, restarted_count=0
 full_count=0

Compilation events (20 events):
Event: 3.534 Thread 0x00000156751e2810 nmethod 3171 0x000001566bd7cb10 code [0x000001566bd7cca0, 0x000001566bd7cd88]
Event: 3.534 Thread 0x00000156751e2810 3173       1       java.util.stream.Nodes$SpinedNodeBuilder::copyInto (30 bytes)
Event: 3.535 Thread 0x00000156751e2810 nmethod 3173 0x000001566bd7ce10 code [0x000001566bd7cfa0, 0x000001566bd7d088]
Event: 3.535 Thread 0x00000156753e9010 nmethod 3172 0x000001566bd7d110 code [0x000001566bd7d2e0, 0x000001566bd7d528]
Event: 3.535 Thread 0x00000156753e9530 nmethod 3174 0x000001566bd7d690 code [0x000001566bd7d880, 0x000001566bd7df98]
Event: 3.537 Thread 0x00000156753e9010 3175       1       java.util.stream.ReferencePipeline::toArray (10 bytes)
Event: 3.537 Thread 0x00000156753e9530 3177       1       java.util.stream.ReferencePipeline::lambda$toArray$0 (5 bytes)
Event: 3.537 Thread 0x00000156751e2810 3176       1       java.util.stream.ReferencePipeline$$Lambda$116/0x000000010016e708::apply (5 bytes)
Event: 3.537 Thread 0x00000156751e2810 nmethod 3176 0x000001566bd7e210 code [0x000001566bd7e3a0, 0x000001566bd7e4f8]
Event: 3.537 Thread 0x00000156753e9530 nmethod 3177 0x000001566bd7e590 code [0x000001566bd7e720, 0x000001566bd7e858]
Event: 3.537 Thread 0x00000156753e9010 nmethod 3175 0x000001566bd7e910 code [0x000001566bd7eac0, 0x000001566bd7ebe8]
Event: 3.538 Thread 0x00000156751e2810 3178       1       org.springframework.core.annotation.AnnotationsProcessor::doWithAggregate (2 bytes)
Event: 3.538 Thread 0x00000156751e2810 nmethod 3178 0x000001566bd7ed10 code [0x000001566bd7eea0, 0x000001566bd7ef78]
Event: 3.538 Thread 0x00000156753e9010 3179       1       java.util.AbstractMap::hashCode (45 bytes)
Event: 3.538 Thread 0x00000156753e9010 nmethod 3179 0x000001566bd7f010 code [0x000001566bd7f1e0, 0x000001566bd7f3e8]
Event: 3.543 Thread 0x00000156753e9530 3180       1       org.springframework.beans.factory.support.AbstractBeanFactory::getTempClassLoader (5 bytes)
Event: 3.543 Thread 0x00000156753e9530 nmethod 3180 0x000001566bd7f510 code [0x000001566bd7f6a0, 0x000001566bd7f778]
Event: 3.549 Thread 0x00000156753e9010 3181       1       org.springframework.core.annotation.TypeMappedAnnotation::getAttributeValue (23 bytes)
Event: 3.549 Thread 0x00000156751e2810 3182       1       org.springframework.core.annotation.TypeMappedAnnotation::getAttributeIndex (63 bytes)
Event: 3.549 Thread 0x00000156753e9010 nmethod 3181 0x000001566bd7f810 code [0x000001566bd7f9c0, 0x000001566bd7fb18]

GC Heap History (14 events):
Event: 1.173 GC heap before
{Heap before GC invocations=0 (full 0):
 garbage-first heap   total 122880K, used 13312K [0x0000000088200000, 0x0000000100000000)
  region size 1024K, 13 young (13312K), 0 survivors (0K)
 Metaspace       used 12488K, committed 12672K, reserved 1114112K
  class space    used 1256K, committed 1344K, reserved 1048576K
}
Event: 1.181 GC heap after
{Heap after GC invocations=1 (full 0):
 garbage-first heap   total 122880K, used 6192K [0x0000000088200000, 0x0000000100000000)
  region size 1024K, 2 young (2048K), 2 survivors (2048K)
 Metaspace       used 12488K, committed 12672K, reserved 1114112K
  class space    used 1256K, committed 1344K, reserved 1048576K
}
Event: 1.504 GC heap before
{Heap before GC invocations=1 (full 0):
 garbage-first heap   total 122880K, used 15408K [0x0000000088200000, 0x0000000100000000)
  region size 1024K, 11 young (11264K), 2 survivors (2048K)
 Metaspace       used 15361K, committed 15616K, reserved 1114112K
  class space    used 1626K, committed 1728K, reserved 1048576K
}
Event: 1.510 GC heap after
{Heap after GC invocations=2 (full 0):
 garbage-first heap   total 122880K, used 7168K [0x0000000088200000, 0x0000000100000000)
  region size 1024K, 1 young (1024K), 1 survivors (1024K)
 Metaspace       used 15361K, committed 15616K, reserved 1114112K
  class space    used 1626K, committed 1728K, reserved 1048576K
}
Event: 2.164 GC heap before
{Heap before GC invocations=2 (full 0):
 garbage-first heap   total 122880K, used 32768K [0x0000000088200000, 0x0000000100000000)
  region size 1024K, 27 young (27648K), 1 survivors (1024K)
 Metaspace       used 21286K, committed 21504K, reserved 1114112K
  class space    used 2511K, committed 2624K, reserved 1048576K
}
Event: 2.171 GC heap after
{Heap after GC invocations=3 (full 0):
 garbage-first heap   total 122880K, used 9025K [0x0000000088200000, 0x0000000100000000)
  region size 1024K, 3 young (3072K), 3 survivors (3072K)
 Metaspace       used 21286K, committed 21504K, reserved 1114112K
  class space    used 2511K, committed 2624K, reserved 1048576K
}
Event: 2.479 GC heap before
{Heap before GC invocations=4 (full 0):
 garbage-first heap   total 37888K, used 27457K [0x0000000088200000, 0x0000000100000000)
  region size 1024K, 22 young (22528K), 3 survivors (3072K)
 Metaspace       used 24506K, committed 24832K, reserved 1114112K
  class space    used 3053K, committed 3200K, reserved 1048576K
}
Event: 2.486 GC heap after
{Heap after GC invocations=5 (full 0):
 garbage-first heap   total 37888K, used 10112K [0x0000000088200000, 0x0000000100000000)
  region size 1024K, 4 young (4096K), 4 survivors (4096K)
 Metaspace       used 24506K, committed 24832K, reserved 1114112K
  class space    used 3053K, committed 3200K, reserved 1048576K
}
Event: 2.663 GC heap before
{Heap before GC invocations=5 (full 0):
 garbage-first heap   total 37888K, used 23424K [0x0000000088200000, 0x0000000100000000)
  region size 1024K, 18 young (18432K), 4 survivors (4096K)
 Metaspace       used 27642K, committed 27968K, reserved 1114112K
  class space    used 3363K, committed 3520K, reserved 1048576K
}
Event: 2.671 GC heap after
{Heap after GC invocations=6 (full 0):
 garbage-first heap   total 37888K, used 11923K [0x0000000088200000, 0x0000000100000000)
  region size 1024K, 3 young (3072K), 3 survivors (3072K)
 Metaspace       used 27642K, committed 27968K, reserved 1114112K
  class space    used 3363K, committed 3520K, reserved 1048576K
}
Event: 2.857 GC heap before
{Heap before GC invocations=6 (full 0):
 garbage-first heap   total 37888K, used 24211K [0x0000000088200000, 0x0000000100000000)
  region size 1024K, 16 young (16384K), 3 survivors (3072K)
 Metaspace       used 29731K, committed 30016K, reserved 1114112K
  class space    used 3652K, committed 3776K, reserved 1048576K
}
Event: 2.863 GC heap after
{Heap after GC invocations=7 (full 0):
 garbage-first heap   total 37888K, used 12863K [0x0000000088200000, 0x0000000100000000)
  region size 1024K, 1 young (1024K), 1 survivors (1024K)
 Metaspace       used 29731K, committed 30016K, reserved 1114112K
  class space    used 3652K, committed 3776K, reserved 1048576K
}
Event: 3.086 GC heap before
{Heap before GC invocations=7 (full 0):
 garbage-first heap   total 37888K, used 25151K [0x0000000088200000, 0x0000000100000000)
  region size 1024K, 14 young (14336K), 1 survivors (1024K)
 Metaspace       used 31303K, committed 31616K, reserved 1114112K
  class space    used 3886K, committed 4032K, reserved 1048576K
}
Event: 3.091 GC heap after
{Heap after GC invocations=8 (full 0):
 garbage-first heap   total 47104K, used 14336K [0x0000000088200000, 0x0000000100000000)
  region size 1024K, 2 young (2048K), 2 survivors (2048K)
 Metaspace       used 31303K, committed 31616K, reserved 1114112K
  class space    used 3886K, committed 4032K, reserved 1048576K
}

Dll operation events (8 events):
Event: 0.014 Loaded shared library C:\SOFTWARES\sts-4.21.0.RELEASE\plugins\org.eclipse.justj.openjdk.hotspot.jre.full.win32.x86_64_17.0.9.v20231028-0858\jre\bin\java.dll
Event: 0.449 Loaded shared library C:\SOFTWARES\sts-4.21.0.RELEASE\plugins\org.eclipse.justj.openjdk.hotspot.jre.full.win32.x86_64_17.0.9.v20231028-0858\jre\bin\jimage.dll
Event: 0.486 Loaded shared library C:\SOFTWARES\sts-4.21.0.RELEASE\plugins\org.eclipse.justj.openjdk.hotspot.jre.full.win32.x86_64_17.0.9.v20231028-0858\jre\bin\net.dll
Event: 0.489 Loaded shared library C:\SOFTWARES\sts-4.21.0.RELEASE\plugins\org.eclipse.justj.openjdk.hotspot.jre.full.win32.x86_64_17.0.9.v20231028-0858\jre\bin\nio.dll
Event: 0.498 Loaded shared library C:\SOFTWARES\sts-4.21.0.RELEASE\plugins\org.eclipse.justj.openjdk.hotspot.jre.full.win32.x86_64_17.0.9.v20231028-0858\jre\bin\zip.dll
Event: 0.593 Loaded shared library C:\SOFTWARES\sts-4.21.0.RELEASE\plugins\org.eclipse.justj.openjdk.hotspot.jre.full.win32.x86_64_17.0.9.v20231028-0858\jre\bin\management.dll
Event: 0.615 Loaded shared library C:\SOFTWARES\sts-4.21.0.RELEASE\plugins\org.eclipse.justj.openjdk.hotspot.jre.full.win32.x86_64_17.0.9.v20231028-0858\jre\bin\management_ext.dll
Event: 2.978 Loaded shared library C:\SOFTWARES\sts-4.21.0.RELEASE\plugins\org.eclipse.justj.openjdk.hotspot.jre.full.win32.x86_64_17.0.9.v20231028-0858\jre\bin\sunmscapi.dll

Deoptimization events (4 events):
Event: 2.215 Thread 0x0000015667fb3bf0 DEOPT PACKING pc=0x000001566bb79119 sp=0x000000065a1fd680
Event: 2.215 Thread 0x0000015667fb3bf0 DEOPT UNPACKING pc=0x000001566b6d7143 sp=0x000000065a1fcb60 mode 3
Event: 2.623 Thread 0x0000015667fb3bf0 DEOPT PACKING pc=0x000001566bc0f355 sp=0x000000065a1fde70
Event: 2.623 Thread 0x0000015667fb3bf0 DEOPT UNPACKING pc=0x000001566b6d7143 sp=0x000000065a1fd318 mode 3

Classes unloaded (0 events):
No events

Classes redefined (0 events):
No events

Internal exceptions (20 events):
Event: 1.935 Thread 0x0000015667fb3bf0 Exception <a 'java/lang/NoSuchMethodError'{0x000000008ea10f98}: 'void java.lang.invoke.DirectMethodHandle$Holder.invokeSpecial(java.lang.Object, java.lang.Object, java.lang.Object, java.lang.Object, java.lang.Object)'> (0x000000008ea10f98) 
thrown [s\src\hotspot\share\interpreter\linkResolver.cpp, line 759]
Event: 1.936 Thread 0x0000015667fb3bf0 Exception <a 'java/lang/NoSuchMethodError'{0x000000008ea19528}: 'void java.lang.invoke.DirectMethodHandle$Holder.invokeVirtual(java.lang.Object, java.lang.Object, java.lang.Object, java.lang.Object)'> (0x000000008ea19528) 
thrown [s\src\hotspot\share\interpreter\linkResolver.cpp, line 759]
Event: 1.983 Thread 0x0000015667fb3bf0 Exception <a 'java/lang/NoSuchMethodError'{0x000000008e9755b8}: 'void java.lang.invoke.DirectMethodHandle$Holder.invokeSpecial(java.lang.Object, java.lang.Object, java.lang.Object)'> (0x000000008e9755b8) 
thrown [s\src\hotspot\share\interpreter\linkResolver.cpp, line 759]
Event: 1.990 Thread 0x0000015667fb3bf0 Exception <a 'java/lang/IncompatibleClassChangeError'{0x000000008e9a48c8}: Found class java.lang.Object, but interface was expected> (0x000000008e9a48c8) 
thrown [s\src\hotspot\share\interpreter\linkResolver.cpp, line 826]
Event: 2.218 Thread 0x0000015675eee0a0 Exception <a 'java/lang/reflect/InvocationTargetException'{0x000000008a1cf748}> (0x000000008a1cf748) 
thrown [s\src\hotspot\share\runtime\reflection.cpp, line 1121]
Event: 2.374 Thread 0x0000015667fb3bf0 Exception <a 'sun/nio/fs/WindowsException'{0x00000000897dc2b0}> (0x00000000897dc2b0) 
thrown [s\src\hotspot\share\prims\jni.cpp, line 516]
Event: 2.375 Thread 0x0000015667fb3bf0 Exception <a 'java/lang/NoSuchMethodError'{0x00000000897dd9d0}: 'int java.lang.invoke.DirectMethodHandle$Holder.invokeSpecial(java.lang.Object, java.lang.Object, java.lang.Object, java.lang.Object, java.lang.Object)'> (0x00000000897dd9d0) 
thrown [s\src\hotspot\share\interpreter\linkResolver.cpp, line 759]
Event: 2.378 Thread 0x0000015667fb3bf0 Exception <a 'java/lang/NoSuchMethodError'{0x00000000897e6680}: 'void java.lang.invoke.DirectMethodHandle$Holder.invokeVirtual(java.lang.Object, java.lang.Object)'> (0x00000000897e6680) 
thrown [s\src\hotspot\share\interpreter\linkResolver.cpp, line 759]
Event: 2.595 Thread 0x0000015667fb3bf0 Exception <a 'java/lang/IncompatibleClassChangeError'{0x0000000089d986b0}: Found class java.lang.Object, but interface was expected> (0x0000000089d986b0) 
thrown [s\src\hotspot\share\interpreter\linkResolver.cpp, line 826]
Event: 2.772 Thread 0x0000015675eee0a0 Exception <a 'java/lang/reflect/InvocationTargetException'{0x000000008a063960}> (0x000000008a063960) 
thrown [s\src\hotspot\share\runtime\reflection.cpp, line 1121]
Event: 2.891 Thread 0x000001567a4d1580 Exception <a 'java/lang/NoSuchMethodError'{0x000000008f8c06e8}: 'long java.lang.invoke.DirectMethodHandle$Holder.invokeSpecial(java.lang.Object, java.lang.Object)'> (0x000000008f8c06e8) 
thrown [s\src\hotspot\share\interpreter\linkResolver.cpp, line 759]
Event: 2.893 Thread 0x000001567a4d1580 Exception <a 'java/lang/NoSuchMethodError'{0x000000008f8cb5b8}: 'long java.lang.invoke.DirectMethodHandle$Holder.invokeStatic(java.lang.Object, java.lang.Object)'> (0x000000008f8cb5b8) 
thrown [s\src\hotspot\share\interpreter\linkResolver.cpp, line 759]
Event: 2.894 Thread 0x000001567a4d1580 Exception <a 'java/lang/NoSuchMethodError'{0x000000008f8cebb8}: 'long java.lang.invoke.DirectMethodHandle$Holder.invokeStaticInit(java.lang.Object, java.lang.Object)'> (0x000000008f8cebb8) 
thrown [s\src\hotspot\share\interpreter\linkResolver.cpp, line 759]
Event: 2.896 Thread 0x000001567a4d1580 Exception <a 'java/lang/NoSuchMethodError'{0x000000008de2d820}: 'long java.lang.invoke.DirectMethodHandle$Holder.invokeInterface(java.lang.Object, java.lang.Object)'> (0x000000008de2d820) 
thrown [s\src\hotspot\share\interpreter\linkResolver.cpp, line 759]
Event: 2.896 Thread 0x000001567a4d1580 Exception <a 'java/lang/IncompatibleClassChangeError'{0x000000008de30db0}: Found class java.lang.Object, but interface was expected> (0x000000008de30db0) 
thrown [s\src\hotspot\share\interpreter\linkResolver.cpp, line 826]
Event: 2.912 Thread 0x000001567a4d1580 Exception <a 'java/lang/NoSuchMethodError'{0x000000008dd61be0}: 'java.lang.Object java.lang.invoke.DirectMethodHandle$Holder.invokeVirtual(java.lang.Object, java.lang.Object, java.lang.Object, java.lang.Object)'> (0x000000008dd61be0) 
thrown [s\src\hotspot\share\interpreter\linkResolver.cpp, line 759]
Event: 3.326 Thread 0x0000015675eee0a0 Exception <a 'java/lang/reflect/InvocationTargetException'{0x000000008a601b90}> (0x000000008a601b90) 
thrown [s\src\hotspot\share\runtime\reflection.cpp, line 1121]
Event: 3.370 Thread 0x0000015667fb3bf0 Exception <a 'sun/nio/fs/WindowsException'{0x000000008a5320f8}> (0x000000008a5320f8) 
thrown [s\src\hotspot\share\prims\jni.cpp, line 516]
Event: 3.421 Thread 0x0000015667fb3bf0 Exception <a 'sun/nio/fs/WindowsException'{0x000000008a4f1710}> (0x000000008a4f1710) 
thrown [s\src\hotspot\share\prims\jni.cpp, line 516]
Event: 3.426 Thread 0x0000015667fb3bf0 Exception <a 'java/lang/NoSuchMethodError'{0x000000008a31e1e0}: 'java.lang.Object java.lang.invoke.DirectMethodHandle$Holder.invokeSpecialIFC(java.lang.Object, java.lang.Object, java.lang.Object)'> (0x000000008a31e1e0) 
thrown [s\src\hotspot\share\interpreter\linkResolver.cpp, line 759]

VM Operations (20 events):
Event: 2.520 Executing VM operation: HandshakeAllThreads
Event: 2.520 Executing VM operation: HandshakeAllThreads done
Event: 2.663 Executing VM operation: G1CollectForAllocation
Event: 2.671 Executing VM operation: G1CollectForAllocation done
Event: 2.857 Executing VM operation: G1CollectForAllocation
Event: 2.863 Executing VM operation: G1CollectForAllocation done
Event: 2.989 Executing VM operation: HandshakeAllThreads
Event: 2.990 Executing VM operation: HandshakeAllThreads done
Event: 3.086 Executing VM operation: G1CollectForAllocation
Event: 3.091 Executing VM operation: G1CollectForAllocation done
Event: 3.351 Executing VM operation: HandshakeAllThreads
Event: 3.351 Executing VM operation: HandshakeAllThreads done
Event: 3.352 Executing VM operation: HandshakeAllThreads
Event: 3.352 Executing VM operation: HandshakeAllThreads done
Event: 3.359 Executing VM operation: HandshakeAllThreads
Event: 3.359 Executing VM operation: HandshakeAllThreads done
Event: 3.363 Executing VM operation: HandshakeAllThreads
Event: 3.363 Executing VM operation: HandshakeAllThreads done
Event: 3.442 Executing VM operation: HandshakeAllThreads
Event: 3.442 Executing VM operation: HandshakeAllThreads done

Events (20 events):
Event: 3.250 loading class java/lang/UnsupportedClassVersionError
Event: 3.250 loading class java/lang/ClassFormatError
Event: 3.250 loading class java/lang/ClassFormatError done
Event: 3.250 loading class java/lang/UnsupportedClassVersionError done
Event: 3.358 loading class java/util/Collections$UnmodifiableMap$UnmodifiableEntrySet
Event: 3.359 loading class java/util/Collections$UnmodifiableMap$UnmodifiableEntrySet done
Event: 3.359 loading class java/util/Collections$UnmodifiableMap$UnmodifiableEntrySet$1
Event: 3.359 loading class java/util/Collections$UnmodifiableMap$UnmodifiableEntrySet$1 done
Event: 3.359 loading class java/util/Collections$UnmodifiableMap$UnmodifiableEntrySet$UnmodifiableEntry
Event: 3.360 loading class java/util/Collections$UnmodifiableMap$UnmodifiableEntrySet$UnmodifiableEntry done
Event: 3.406 loading class java/util/stream/Streams$ConcatSpliterator$OfRef
Event: 3.406 loading class java/util/stream/Streams$ConcatSpliterator
Event: 3.406 loading class java/util/stream/Streams$ConcatSpliterator done
Event: 3.406 loading class java/util/stream/Streams$ConcatSpliterator$OfRef done
Event: 3.406 loading class java/util/stream/Streams$2
Event: 3.406 loading class java/util/stream/Streams$2 done
Event: 3.437 loading class java/util/stream/ReferencePipeline$15
Event: 3.437 loading class java/util/stream/ReferencePipeline$15 done
Event: 3.438 loading class java/util/stream/ReferencePipeline$15$1
Event: 3.438 loading class java/util/stream/ReferencePipeline$15$1 done


Dynamic libraries:
0x00007ff6ceb60000 - 0x00007ff6ceb6e000 	C:\SOFTWARES\sts-4.21.0.RELEASE\plugins\org.eclipse.justj.openjdk.hotspot.jre.full.win32.x86_64_17.0.9.v20231028-0858\jre\bin\javaw.exe
0x00007fff5e6f0000 - 0x00007fff5e8e8000 	C:\Windows\SYSTEM32\ntdll.dll
0x00007fff5e270000 - 0x00007fff5e32f000 	C:\Windows\System32\KERNEL32.DLL
0x00007fff5c0e0000 - 0x00007fff5c3d6000 	C:\Windows\System32\KERNELBASE.dll
0x00007fff5bdd0000 - 0x00007fff5bed0000 	C:\Windows\System32\ucrtbase.dll
0x00007fff55d70000 - 0x00007fff55d87000 	C:\SOFTWARES\sts-4.21.0.RELEASE\plugins\org.eclipse.justj.openjdk.hotspot.jre.full.win32.x86_64_17.0.9.v20231028-0858\jre\bin\jli.dll
0x00007fff5e3a0000 - 0x00007fff5e53d000 	C:\Windows\System32\USER32.dll
0x00007fff5c720000 - 0x00007fff5c742000 	C:\Windows\System32\win32u.dll
0x00007fff5c950000 - 0x00007fff5c97c000 	C:\Windows\System32\GDI32.dll
0x00007fff5c3e0000 - 0x00007fff5c4f5000 	C:\Windows\System32\gdi32full.dll
0x00007fff5c010000 - 0x00007fff5c0ad000 	C:\Windows\System32\msvcp_win.dll
0x00007fff559a0000 - 0x00007fff559bb000 	C:\SOFTWARES\sts-4.21.0.RELEASE\plugins\org.eclipse.justj.openjdk.hotspot.jre.full.win32.x86_64_17.0.9.v20231028-0858\jre\bin\VCRUNTIME140.dll
0x00007fff47d30000 - 0x00007fff47fca000 	C:\Windows\WinSxS\amd64_microsoft.windows.common-controls_6595b64144ccf1df_6.0.19041.1110_none_60b5254171f9507e\COMCTL32.dll
0x00007fff5e600000 - 0x00007fff5e69e000 	C:\Windows\System32\msvcrt.dll
0x00007fff5cf40000 - 0x00007fff5cf70000 	C:\Windows\System32\IMM32.DLL
0x00007fff56730000 - 0x00007fff5673c000 	C:\SOFTWARES\sts-4.21.0.RELEASE\plugins\org.eclipse.justj.openjdk.hotspot.jre.full.win32.x86_64_17.0.9.v20231028-0858\jre\bin\vcruntime140_1.dll
0x00007fff3ea80000 - 0x00007fff3eb0d000 	C:\SOFTWARES\sts-4.21.0.RELEASE\plugins\org.eclipse.justj.openjdk.hotspot.jre.full.win32.x86_64_17.0.9.v20231028-0858\jre\bin\msvcp140.dll
0x00007fff29100000 - 0x00007fff29d61000 	C:\SOFTWARES\sts-4.21.0.RELEASE\plugins\org.eclipse.justj.openjdk.hotspot.jre.full.win32.x86_64_17.0.9.v20231028-0858\jre\bin\server\jvm.dll
0x00007fff5ce70000 - 0x00007fff5cf1f000 	C:\Windows\System32\ADVAPI32.dll
0x00007fff5e0a0000 - 0x00007fff5e13c000 	C:\Windows\System32\sechost.dll
0x00007fff5c820000 - 0x00007fff5c946000 	C:\Windows\System32\RPCRT4.dll
0x00007fff5bc40000 - 0x00007fff5bc8b000 	C:\Windows\SYSTEM32\POWRPROF.dll
0x00007fff4e120000 - 0x00007fff4e129000 	C:\Windows\SYSTEM32\WSOCK32.dll
0x00007fff5e330000 - 0x00007fff5e39b000 	C:\Windows\System32\WS2_32.dll
0x00007fff558f0000 - 0x00007fff55917000 	C:\Windows\SYSTEM32\WINMM.dll
0x00007fff4f870000 - 0x00007fff4f87a000 	C:\Windows\SYSTEM32\VERSION.dll
0x00007fff5bc20000 - 0x00007fff5bc32000 	C:\Windows\SYSTEM32\UMPDC.dll
0x00007fff5a620000 - 0x00007fff5a632000 	C:\Windows\SYSTEM32\kernel.appcore.dll
0x00007fff57010000 - 0x00007fff5701a000 	C:\SOFTWARES\sts-4.21.0.RELEASE\plugins\org.eclipse.justj.openjdk.hotspot.jre.full.win32.x86_64_17.0.9.v20231028-0858\jre\bin\jimage.dll
0x00007fff5a330000 - 0x00007fff5a514000 	C:\Windows\SYSTEM32\DBGHELP.DLL
0x00007fff4abb0000 - 0x00007fff4abe4000 	C:\Windows\SYSTEM32\dbgcore.DLL
0x00007fff5bf80000 - 0x00007fff5c002000 	C:\Windows\System32\bcryptPrimitives.dll
0x00007fff568d0000 - 0x00007fff568f5000 	C:\SOFTWARES\sts-4.21.0.RELEASE\plugins\org.eclipse.justj.openjdk.hotspot.jre.full.win32.x86_64_17.0.9.v20231028-0858\jre\bin\java.dll
0x00007fff56780000 - 0x00007fff56798000 	C:\SOFTWARES\sts-4.21.0.RELEASE\plugins\org.eclipse.justj.openjdk.hotspot.jre.full.win32.x86_64_17.0.9.v20231028-0858\jre\bin\zip.dll
0x00007fff5d8f0000 - 0x00007fff5e034000 	C:\Windows\System32\SHELL32.dll
0x00007fff59ac0000 - 0x00007fff5a253000 	C:\Windows\SYSTEM32\windows.storage.dll
0x00007fff5d380000 - 0x00007fff5d6d4000 	C:\Windows\System32\combase.dll
0x00007fff5b750000 - 0x00007fff5b77e000 	C:\Windows\SYSTEM32\Wldp.dll
0x00007fff5d740000 - 0x00007fff5d7ed000 	C:\Windows\System32\SHCORE.dll
0x00007fff5d120000 - 0x00007fff5d175000 	C:\Windows\System32\shlwapi.dll
0x00007fff5bd10000 - 0x00007fff5bd2f000 	C:\Windows\SYSTEM32\profapi.dll
0x00007fff582c0000 - 0x00007fff582d9000 	C:\SOFTWARES\sts-4.21.0.RELEASE\plugins\org.eclipse.justj.openjdk.hotspot.jre.full.win32.x86_64_17.0.9.v20231028-0858\jre\bin\net.dll
0x00007fff51630000 - 0x00007fff5173a000 	C:\Windows\SYSTEM32\WINHTTP.dll
0x00007fff5b4b0000 - 0x00007fff5b51a000 	C:\Windows\system32\mswsock.dll
0x00007fff57020000 - 0x00007fff57036000 	C:\SOFTWARES\sts-4.21.0.RELEASE\plugins\org.eclipse.justj.openjdk.hotspot.jre.full.win32.x86_64_17.0.9.v20231028-0858\jre\bin\nio.dll
0x00007fff55230000 - 0x00007fff55239000 	C:\SOFTWARES\sts-4.21.0.RELEASE\plugins\org.eclipse.justj.openjdk.hotspot.jre.full.win32.x86_64_17.0.9.v20231028-0858\jre\bin\management.dll
0x00007fff55220000 - 0x00007fff5522b000 	C:\SOFTWARES\sts-4.21.0.RELEASE\plugins\org.eclipse.justj.openjdk.hotspot.jre.full.win32.x86_64_17.0.9.v20231028-0858\jre\bin\management_ext.dll
0x00007fff5e540000 - 0x00007fff5e548000 	C:\Windows\System32\PSAPI.DLL
0x00007fff42fa0000 - 0x00007fff42fb7000 	C:\Windows\system32\napinsp.dll
0x00007fff42f80000 - 0x00007fff42f9b000 	C:\Windows\system32\pnrpnsp.dll
0x00007fff42f60000 - 0x00007fff42f75000 	C:\Windows\system32\wshbth.dll
0x00007fff56ed0000 - 0x00007fff56eed000 	C:\Windows\system32\NLAapi.dll
0x00007fff5b1a0000 - 0x00007fff5b1dc000 	C:\Windows\SYSTEM32\IPHLPAPI.DLL
0x00007fff5b1e0000 - 0x00007fff5b2ab000 	C:\Windows\SYSTEM32\DNSAPI.dll
0x00007fff5e6a0000 - 0x00007fff5e6a8000 	C:\Windows\System32\NSI.dll
0x00007fff42a60000 - 0x00007fff42a72000 	C:\Windows\System32\winrnr.dll
0x00007fff4f0d0000 - 0x00007fff4f0da000 	C:\Windows\System32\rasadhlp.dll
0x00007fff4f3e0000 - 0x00007fff4f462000 	C:\Windows\System32\fwpuclnt.dll
0x00007fff5c0b0000 - 0x00007fff5c0d7000 	C:\Windows\System32\bcrypt.dll
0x00007fff5b6a0000 - 0x00007fff5b6b8000 	C:\Windows\SYSTEM32\CRYPTSP.dll
0x00007fff5add0000 - 0x00007fff5ae04000 	C:\Windows\system32\rsaenh.dll
0x00007fff5bc90000 - 0x00007fff5bcbe000 	C:\Windows\SYSTEM32\USERENV.dll
0x00007fff5b6c0000 - 0x00007fff5b6cc000 	C:\Windows\SYSTEM32\CRYPTBASE.dll
0x00007fff523f0000 - 0x00007fff52407000 	C:\Windows\SYSTEM32\dhcpcsvc6.DLL
0x00007fff53200000 - 0x00007fff5321d000 	C:\Windows\SYSTEM32\dhcpcsvc.DLL
0x00007fff56770000 - 0x00007fff5677e000 	C:\SOFTWARES\sts-4.21.0.RELEASE\plugins\org.eclipse.justj.openjdk.hotspot.jre.full.win32.x86_64_17.0.9.v20231028-0858\jre\bin\sunmscapi.dll
0x00007fff5c5c0000 - 0x00007fff5c71e000 	C:\Windows\System32\CRYPT32.dll
0x00007fff5b7c0000 - 0x00007fff5b7e8000 	C:\Windows\SYSTEM32\ncrypt.dll
0x00007fff5b780000 - 0x00007fff5b7bb000 	C:\Windows\SYSTEM32\NTASN1.dll

dbghelp: loaded successfully - version: 4.0.5 - missing functions: none
symbol engine: initialized successfully - sym options: 0x614 - pdb path: .;C:\SOFTWARES\sts-4.21.0.RELEASE\plugins\org.eclipse.justj.openjdk.hotspot.jre.full.win32.x86_64_17.0.9.v20231028-0858\jre\bin;C:\Windows\SYSTEM32;C:\Windows\WinSxS\amd64_microsoft.windows.common-controls_6595b64144ccf1df_6.0.19041.1110_none_60b5254171f9507e;C:\SOFTWARES\sts-4.21.0.RELEASE\plugins\org.eclipse.justj.openjdk.hotspot.jre.full.win32.x86_64_17.0.9.v20231028-0858\jre\bin\server

VM Arguments:
jvm_args: -Dcom.sun.management.jmxremote -Dcom.sun.management.jmxremote.port=62553 -Dcom.sun.management.jmxremote.authenticate=false -Dcom.sun.management.jmxremote.ssl=false -Djava.rmi.server.hostname=localhost -Dspring.jmx.enabled=true -Dmanagement.endpoints.jmx.exposure.include=* -Dspring.application.admin.enabled=true -XX:TieredStopAtLevel=1 -Dspring.boot.project.name=PROJECT_3_part_start2 -Dfile.encoding=UTF-8 -Dstdout.encoding=UTF-8 -Dstderr.encoding=UTF-8 -XX:+ShowCodeDetailsInExceptionMessages 
java_command: in.sp.main.ProjectApplication --spring.output.ansi.enabled=always
java_class_path (initial): C:\Users\DELL\Desktop\SPRING   & SPRINGBOOT\SPRINGBOOT\PROJECT_3_part_start2\target\classes;C:\Users\DELL\.m2\repository\org\springframework\boot\spring-boot-starter-web\3.2.2\spring-boot-starter-web-3.2.2.jar;C:\Users\DELL\.m2\repository\org\springframework\boot\spring-boot-starter\3.2.2\spring-boot-starter-3.2.2.jar;C:\Users\DELL\.m2\repository\org\springframework\boot\spring-boot\3.2.2\spring-boot-3.2.2.jar;C:\Users\DELL\.m2\repository\org\springframework\boot\spring-boot-autoconfigure\3.2.2\spring-boot-autoconfigure-3.2.2.jar;C:\Users\DELL\.m2\repository\org\springframework\boot\spring-boot-starter-logging\3.2.2\spring-boot-starter-logging-3.2.2.jar;C:\Users\DELL\.m2\repository\ch\qos\logback\logback-classic\1.4.14\logback-classic-1.4.14.jar;C:\Users\DELL\.m2\repository\ch\qos\logback\logback-core\1.4.14\logback-core-1.4.14.jar;C:\Users\DELL\.m2\repository\org\apache\logging\log4j\log4j-to-slf4j\2.21.1\log4j-to-slf4j-2.21.1.jar;C:\Users\DELL\.m2\repository\org\apache\logging\log4j\log4j-api\2.21.1\log4j-api-2.21.1.jar;C:\Users\DELL\.m2\repository\org\slf4j\jul-to-slf4j\2.0.11\jul-to-slf4j-2.0.11.jar;C:\Users\DELL\.m2\repository\jakarta\annotation\jakarta.annotation-api\2.1.1\jakarta.annotation-api-2.1.1.jar;C:\Users\DELL\.m2\repository\org\yaml\snakeyaml\2.2\snakeyaml-2.2.jar;C:\Users\DELL\.m2\repository\org\springframework\boot\spring-boot-starter-json\3.2.2\spring-boot-starter-json-3.2.2.jar;C:\Users\DELL\.m2\repository\com\fasterxml\jackson\core\jackson-databind\2.15.3\jackson-databind-2.15.3.jar;C:\Users\DELL\.m2\repository\com\fasterxml\jackson\core\jackson-annotations\2.15.3\jackson-annotations-2.15.3.jar;C:\Users\DELL\.m2\repository\com\fasterxml\jackson\core\jackson-core\2.15.3\jackson-core-2.15.3.jar;C:\Users\DELL\.m2\repository\com\fasterxml\jackson\datatype\jackson-datatype-jdk8\2.15.3\jackson-datatype-jdk8-2.15.3.jar;C:\Users\DELL\.m2\repository\com\fasterxml\jackson\datatype\jackson-datatype-jsr310\2.15.3\jackson-datatyp
Launcher Type: SUN_STANDARD

[Global flags]
     intx CICompilerCount                          = 3                                         {product} {ergonomic}
     uint ConcGCThreads                            = 1                                         {product} {ergonomic}
     uint G1ConcRefinementThreads                  = 4                                         {product} {ergonomic}
   size_t G1HeapRegionSize                         = 1048576                                   {product} {ergonomic}
    uintx GCDrainStackTargetSize                   = 64                                        {product} {ergonomic}
   size_t InitialHeapSize                          = 125829120                                 {product} {ergonomic}
     bool ManagementServer                         = true                                      {product} {command line}
   size_t MarkStackSize                            = 4194304                                   {product} {ergonomic}
   size_t MaxHeapSize                              = 2011168768                                {product} {ergonomic}
   size_t MaxNewSize                               = 1205862400                                {product} {ergonomic}
   size_t MinHeapDeltaBytes                        = 1048576                                   {product} {ergonomic}
   size_t MinHeapSize                              = 8388608                                   {product} {ergonomic}
    uintx NonProfiledCodeHeapSize                  = 0                                      {pd product} {ergonomic}
     bool ProfileInterpreter                       = false                                  {pd product} {command line}
    uintx ProfiledCodeHeapSize                     = 0                                      {pd product} {ergonomic}
     bool ShowCodeDetailsInExceptionMessages       = true                                   {manageable} {command line}
   size_t SoftMaxHeapSize                          = 2011168768                             {manageable} {ergonomic}
     intx TieredStopAtLevel                        = 1                                         {product} {command line}
     bool UseCompressedClassPointers               = true                           {product lp64_product} {ergonomic}
     bool UseCompressedOops                        = true                           {product lp64_product} {ergonomic}
     bool UseG1GC                                  = true                                      {product} {ergonomic}
     bool UseLargePagesIndividualAllocation        = false                                  {pd product} {ergonomic}

Logging:
Log output configuration:
 #0: stdout all=warning uptime,level,tags
 #1: stderr all=off uptime,level,tags

Environment Variables:
JAVA_HOME=C:\Program Files (x86)\Java\jre-1.8
CLASSPATH="C:\Users\DELL\Desktop\mysql-connector-j-8.0.32.jar;."
PATH=C:/SOFTWARES/sts-4.21.0.RELEASE//plugins/org.eclipse.justj.openjdk.hotspot.jre.full.win32.x86_64_17.0.9.v20231028-0858/jre/bin/server;C:/SOFTWARES/sts-4.21.0.RELEASE//plugins/org.eclipse.justj.openjdk.hotspot.jre.full.win32.x86_64_17.0.9.v20231028-0858/jre/bin;C:\Program Files (x86)\Common Files\Oracle\Java\javapath;C:\Windows\system32;C:\Program Files\MySQL\MySQL Server 8.0\bin;C:\Program Files\MySQL\MySQL Shell 8.0\bin;C:\mysql-connector-j-8.1.0.jar;C:\Windows;C:\Windows\System32\Wbem;C:\Windows\System32\WindowsPowerShell\v1.0\;C:\Windows\System32\OpenSSH\;C:\Program Files (x86)\Java\jre-1.8\BIN;C:\Program Files (x86)\Java\jre-1.8\BEAN;C:\Program Files\MySQL\MySQL Shell 8.0\bin\;C:\Users\DELL\AppData\Local\Microsoft\WindowsApps;C:\Users\DELL\AppData\Local\Programs\Microsoft VS Code\bin;C:\Users\DELL\Downloads\jdk-20_windows-x64_bin.msi;;C:\SOFTWARES\sts-4.21.0.RELEASE;
USERNAME=DELL
OS=Windows_NT
PROCESSOR_IDENTIFIER=Intel64 Family 6 Model 78 Stepping 3, GenuineIntel
TMP=C:\Users\DELL\AppData\Local\Temp
TEMP=C:\Users\DELL\AppData\Local\Temp



Periodic native trim disabled


---------------  S Y S T E M  ---------------

OS:
 Windows 10 , 64 bit Build 19041 (10.0.19041.2913)
OS uptime: 0 days 16:58 hours

CPU: total 4 (initial active 4) (2 cores per cpu, 2 threads per core) family 6 model 78 stepping 3 microcode 0xcc, cx8, cmov, fxsr, ht, mmx, 3dnowpref, sse, sse2, sse3, ssse3, sse4.1, sse4.2, popcnt, lzcnt, tsc, tscinvbit, avx, avx2, aes, erms, clmul, bmi1, bmi2, adx, fma, vzeroupper, clflush, clflushopt
Processor Information for processor 0
  Max Mhz: 2000, Current Mhz: 2000, Mhz Limit: 2000
Processor Information for processor 1
  Max Mhz: 2000, Current Mhz: 1500, Mhz Limit: 2000
Processor Information for processor 2
  Max Mhz: 2000, Current Mhz: 1500, Mhz Limit: 2000
Processor Information for processor 3
  Max Mhz: 2000, Current Mhz: 1500, Mhz Limit: 2000

Memory: 4k page, system-wide physical 7669M (2997M free)
TotalPageFile size 15349M (AvailPageFile size 9515M)
current process WorkingSet (physical memory assigned to process): 132M, peak: 132M
current process commit charge ("private bytes"): 158M, peak: 214M

vm_info: OpenJDK 64-Bit Server VM (17.0.9+9) for windows-amd64 JRE (17.0.9+9), built on Oct 26 2023 14:01:42 by "admin" with MS VC++ 16.10 / 16.11 (VS2019)

END.
