#
# A fatal error has been detected by the Java Runtime Environment:
#
#  EXCEPTION_ACCESS_VIOLATION (0xc0000005) at pc=0x00007fff2910cb66, pid=10348, tid=10956
#
# JRE version: OpenJDK Runtime Environment Temurin-17.0.9+9 (17.0.9+9) (build 17.0.9+9)
# Java VM: OpenJDK 64-Bit Server VM Temurin-17.0.9+9 (17.0.9+9, mixed mode, emulated-client, tiered, compressed oops, compressed class ptrs, g1 gc, windows-amd64)
# Problematic frame:
# V  [jvm.dll+0xcb66]
#
# No core dump will be written. Minidumps are not enabled by default on client versions of Windows
#
# If you would like to submit a bug report, please visit:
#   https://github.com/adoptium/adoptium-support/issues
#

---------------  S U M M A R Y ------------

Command Line: -Dcom.sun.management.jmxremote -Dcom.sun.management.jmxremote.port=62724 -Dcom.sun.management.jmxremote.authenticate=false -Dcom.sun.management.jmxremote.ssl=false -Djava.rmi.server.hostname=localhost -Dspring.jmx.enabled=true -Dmanagement.endpoints.jmx.exposure.include=* -Dspring.application.admin.enabled=true -XX:TieredStopAtLevel=1 -Dspring.boot.project.name=PROJECT_3_part_start2 -Dfile.encoding=UTF-8 -Dstdout.encoding=UTF-8 -Dstderr.encoding=UTF-8 -XX:+ShowCodeDetailsInExceptionMessages in.sp.main.ProjectApplication --spring.output.ansi.enabled=always

Host: Intel(R) Core(TM) i3-6006U CPU @ 2.00GHz, 4 cores, 7G,  Windows 10 , 64 bit Build 19041 (10.0.19041.2913)
Time: Sat Feb 10 14:21:15 2024 India Standard Time elapsed time: 6.847170 seconds (0d 0h 0m 6s)

---------------  T H R E A D  ---------------

Current thread (0x000002036211a5c0):  GCTaskThread "GC Thread#0" [stack: 0x0000008ddd400000,0x0000008ddd500000] [id=10956]

Stack: [0x0000008ddd400000,0x0000008ddd500000],  sp=0x0000008ddd4ff388,  free space=1020k
Native frames: (J=compiled Java code, j=interpreted, Vv=VM code, C=native code)
V  [jvm.dll+0xcb66]


siginfo: EXCEPTION_ACCESS_VIOLATION (0xc0000005), reading address 0x0000000108041b60


Registers:
RAX=0x0000000000000001, RBX=0x0000000000000001, RCX=0x000000008b1bd998, RDX=0x000000008b1bd998
RSP=0x0000008ddd4ff388, RBP=0x0000000108041b58, RSI=0x000002037669a090, RDI=0x000002037669a090
R8 =0x000000008b1bd998, R9 =0x0000000108041b58, R10=0x000000008b1bd998, R11=0x0000000000000001
R12=0x0000020361f5e7d8, R13=0x00000000000003d8, R14=0x0000000000000040, R15=0x000000008b1bd998
RIP=0x00007fff2910cb66, EFLAGS=0x0000000000010202


Register to memory mapping:

RIP=0x00007fff2910cb66 jvm.dll
RAX=0x0000000000000001 is an unknown value
RBX=0x0000000000000001 is an unknown value
RCX=
[error occurred during error reporting (printing register info), id 0xc0000005, EXCEPTION_ACCESS_VIOLATION (0xc0000005) at pc=0x00007fff293d59fa]

Top of Stack: (sp=0x0000008ddd4ff388)
0x0000008ddd4ff388:   00007fff2940997c 0000000000000000
0x0000008ddd4ff398:   0000000000000001 0000000100041b58
0x0000008ddd4ff3a8:   0000008ddd4ff408 000002037669a210
0x0000008ddd4ff3b8:   00007fff29408260 0000000000000001
0x0000008ddd4ff3c8:   0000020362163b50 000002037669a210
0x0000008ddd4ff3d8:   000002037669a090 000002037669a210
0x0000008ddd4ff3e8:   0000000000000000 0000000000000040
0x0000008ddd4ff3f8:   00000000000003d8 0000020361f5e7d8
0x0000008ddd4ff408:   000002037669a090 0000000089f8233c
0x0000008ddd4ff418:   0000000000000fab 0000000089f8233d
0x0000008ddd4ff428:   00007fff2940aa02 000000008b1b0000
0x0000008ddd4ff438:   0000000000000001 0000000000000008
0x0000008ddd4ff448:   0000000000000001 0000020376f23a70
0x0000008ddd4ff458:   0000020376f23aa8 0000020377307088
0x0000008ddd4ff468:   0000020377307010 0000000000000020
0x0000008ddd4ff478:   00007fff294077be 0000000000000006
0x0000008ddd4ff488:   000002037669a090 0000020376f23aa8
0x0000008ddd4ff498:   00000000000003d8 000000000412e5db
0x0000008ddd4ff4a8:   00000003297ba16b 0000020377307010
0x0000008ddd4ff4b8:   0000000000000020 0000020376f23aa8
0x0000008ddd4ff4c8:   00007fff2941a3af 0000000000000000
0x0000008ddd4ff4d8:   00007fff298e0001 0000000000000008
0x0000008ddd4ff4e8:   0000000000000001 0000020377307088
0x0000008ddd4ff4f8:   00007fff292f7104 000000000000000f
0x0000008ddd4ff508:   0000020376f23b08 0000020377307370
0x0000008ddd4ff518:   0000020376f23aa8 0000008ddd9fe630
0x0000008ddd4ff528:   00007fff2940773b 0000020376f23b08
0x0000008ddd4ff538:   0000020371bf20a0 0000020376f23b08
0x0000008ddd4ff548:   0000020376f23b08 0000020371015050
0x0000008ddd4ff558:   00007fff292f99e8 0000000000000280
0x0000008ddd4ff568:   000000000001f20a 0000000004125f07
0x0000008ddd4ff578:   000000032912b727 0000020371bf2001 

Instructions: (pc=0x00007fff2910cb66)
0x00007fff2910ca66:   cc cc cc cc cc cc cc cc cc cc 4c 8b 01 4c 8b c9
0x00007fff2910ca76:   48 8b 0d 13 60 b6 00 ba 64 60 08 00 e9 49 f1 ff
0x00007fff2910ca86:   ff cc cc cc cc cc cc cc cc cc 8b 05 62 a8 b0 00
0x00007fff2910ca96:   c3 cc cc cc cc cc cc cc cc cc 0f b6 05 3d 68 b7
0x00007fff2910caa6:   00 48 8b d1 84 c0 74 16 44 8b 41 08 8b 0d 40 a8
0x00007fff2910cab6:   b0 00 49 d3 e0 4c 03 05 2e a8 b0 00 eb 04 4c 8b
0x00007fff2910cac6:   41 08 45 8b 50 08 45 85 d2 7e 0e 41 f6 c2 01 75
0x00007fff2910cad6:   53 41 c1 fa 03 41 8b c2 c3 79 49 84 c0 b9 10 00
0x00007fff2910cae6:   00 00 8b 05 46 b7 b0 00 41 b8 0c 00 00 00 41 0f
0x00007fff2910caf6:   45 c8 ff c8 4c 63 c8 48 63 14 11 41 8b ca 83 e1
0x00007fff2910cb06:   3f 48 d3 e2 41 8b ca 48 c1 f9 10 0f b6 c1 49 8d
0x00007fff2910cb16:   0c 11 49 f7 d1 48 03 c1 49 c1 e9 03 48 c1 e8 03
0x00007fff2910cb26:   41 23 c1 c3 49 8b 00 49 8b c8 48 ff a0 00 01 00
0x00007fff2910cb36:   00 cc cc cc cc cc cc cc cc cc 8b 44 24 30 45 03
0x00007fff2910cb46:   c9 44 2b 4c 24 28 83 c0 0b 44 03 ca 45 03 c8 41
0x00007fff2910cb56:   03 c1 c3 cc cc cc cc cc cc cc 4c 8b ca 48 8b d1
0x00007fff2910cb66:   45 8b 41 08 45 85 c0 7e 0e 41 f6 c0 01 75 56 41
0x00007fff2910cb76:   c1 f8 03 41 8b c0 c3 79 4c 80 3d 5e 67 b7 00 00
0x00007fff2910cb86:   b8 0c 00 00 00 b9 10 00 00 00 0f 45 c8 8b 05 9b
0x00007fff2910cb96:   b6 b0 00 ff c8 4c 63 c8 48 63 14 11 41 8b c8 83
0x00007fff2910cba6:   e1 3f 48 d3 e2 41 8b c8 48 c1 f9 10 0f b6 c1 49
0x00007fff2910cbb6:   8d 0c 11 49 f7 d1 48 03 c1 49 c1 e9 03 48 c1 e8
0x00007fff2910cbc6:   03 41 23 c1 c3 49 8b 01 49 8b c9 48 ff a0 00 01
0x00007fff2910cbd6:   00 00 cc cc cc cc cc cc cc cc 48 8b 41 08 0f b7
0x00007fff2910cbe6:   48 2a 0f b7 40 28 83 c0 48 03 c1 c3 cc cc cc cc
0x00007fff2910cbf6:   cc cc cc cc cc cc cc cc cc cc 48 89 5c 24 08 57
0x00007fff2910cc06:   48 83 ec 20 0f b6 05 df 48 bb 00 48 8b fa 48 8b
0x00007fff2910cc16:   d9 84 c0 74 4f 48 85 15 f6 40 bb 00 74 38 48 8b
0x00007fff2910cc26:   ca e8 64 95 85 00 48 8b d0 48 85 db 74 25 48 85
0x00007fff2910cc36:   c0 74 20 48 8b c7 f0 48 0f b1 13 74 16 48 85 05
0x00007fff2910cc46:   ce 40 bb 00 74 0d 48 8b c8 f0 48 0f b1 13 48 3b
0x00007fff2910cc56:   c1 75 ea 48 8b fa 48 8b c7 48 8b 5c 24 30 48 83 


Stack slot to memory mapping:
stack at sp + 0 slots: 0x00007fff2940997c jvm.dll
stack at sp + 1 slots: 0x0 is NULL
stack at sp + 2 slots: 0x0000000000000001 is an unknown value
stack at sp + 3 slots: 0x0000000100041b58 is a pointer to class: 
java.lang.String {0x0000000100041b60}
 - instance size:     3
 - klass size:        83
 - access:            public final synchronized 
 - state:             fully_initialized
 - name:              'java/lang/String'
 - super:             'java/lang/Object'
 - sub:               
 - arrays:            'java/lang/String'[]
 - methods:           Array<T>(0x0000020372005688)
 - method ordering:   Array<T>(0x0000020372000018)
 - default_methods:   Array<T>(0x0000000000000000)
 - local interfaces:  Array<T>(0x0000020372004160)
 - trans. interfaces: Array<T>(0x0000020372004160)
 - constants:         constant pool [1396]/operands[28] {0x00000203720012f8} for 'java/lang/String' cache=0x0000020372135780
 - class loader data:  loader data: 0x0000020371015050 of 'bootstrap'
 - source file:       'String.java'
 - class annotations:       Array<T>(0x0000000000000000)
 - class type annotations:  Array<T>(0x0000000000000000)
 - field annotations:       Array<T>(0x0000020372005590)
 - field type annotations:  Array<T>(0x0000000000000000)
 - generic signature: 'Ljava/lang/Object;Ljava/io/Serializable;Ljava/lang/Comparable<Ljava/lang/String;>;Ljava/lang/CharSequence;Ljava/lang/constant/Constable;Ljava/lang/constant/ConstantDesc;'
 - inner classes:     Array<T>(0x000002037200fdf8)
 - nest members:     Array<T>(0x000002037200fe38)
 - permitted subclasses:     Array<T>(0x0000020372000028)
 - java mirror:       a 'java/lang/Class'{0x000000008861d010} = 'java/lang/String'
 - vtable length      5  (start addr: 0x0000000100041d20)
 - itable length      20 (start addr: 0x0000000100041d48)
 - ---- static fields (3 words):
 - private static final 'serialVersionUID' 'J' @120 
 - static final 'COMPACT_STRINGS' 'Z' @130 
 - private static final 'serialPersistentFields' '[Ljava/io/ObjectStreamField;' @112 
 - private static final 'REPL' 'C' @128 
 - public static final 'CASE_INSENSITIVE_ORDER' 'Ljava/util/Comparator;' @116 
 - static final 'LATIN1' 'B' @131 
 - static final 'UTF16' 'B' @132 
 - ---- non-static fields (3 words):
 - private 'hash' 'I' @12 
 - private final 'coder' 'B' @16 
 - private 'hashIsZero' 'Z' @17 
 - private final synchronized 'value' '[B' @20 
 - non-static oop maps: 20-20 
stack at sp + 4 slots: 0x0000008ddd4ff408 points into unknown readable memory: 0x000002037669a090 | 90 a0 69 76 03 02 00 00
stack at sp + 5 slots: 0x000002037669a210 points into unknown readable memory: 0x00007fff29a597a0 | a0 97 a5 29 ff 7f 00 00
stack at sp + 6 slots: 0x00007fff29408260 jvm.dll
stack at sp + 7 slots: 0x0000000000000001 is an unknown value


---------------  P R O C E S S  ---------------

Threads class SMR info:
_java_thread_list=0x00000203773f4700, length=26, elements={
0x0000020361f5d000, 0x00000203711b0fe0, 0x00000203711b3880, 0x00000203711dfff0,
0x00000203711e0a20, 0x00000203711e2700, 0x00000203711e2fd0, 0x00000203711e3950,
0x0000020371338480, 0x00000203713712f0, 0x0000020371135030, 0x00000203714c3080,
0x0000020371a4f780, 0x00000203719ed6f0, 0x0000020371a4d9b0, 0x00000203719b0ed0,
0x0000020371cf3f10, 0x0000020371cf43f0, 0x0000020371bd79a0, 0x0000020371ed75f0,
0x000002037653cf70, 0x000002037653e8c0, 0x000002037653e3b0, 0x000002037653edd0,
0x000002037653fd00, 0x0000020376540210
}

Java Threads: ( => current thread )
  0x0000020361f5d000 JavaThread "main" [_thread_blocked, id=2576, stack(0x0000008ddd300000,0x0000008ddd400000)]
  0x00000203711b0fe0 JavaThread "Reference Handler" daemon [_thread_blocked, id=9428, stack(0x0000008ddda00000,0x0000008dddb00000)]
  0x00000203711b3880 JavaThread "Finalizer" daemon [_thread_blocked, id=6424, stack(0x0000008dddb00000,0x0000008dddc00000)]
  0x00000203711dfff0 JavaThread "Signal Dispatcher" daemon [_thread_blocked, id=876, stack(0x0000008dddc00000,0x0000008dddd00000)]
  0x00000203711e0a20 JavaThread "Attach Listener" daemon [_thread_blocked, id=2408, stack(0x0000008dddd00000,0x0000008ddde00000)]
  0x00000203711e2700 JavaThread "Service Thread" daemon [_thread_blocked, id=6252, stack(0x0000008ddde00000,0x0000008dddf00000)]
  0x00000203711e2fd0 JavaThread "Monitor Deflation Thread" daemon [_thread_blocked, id=10964, stack(0x0000008dddf00000,0x0000008dde000000)]
  0x00000203711e3950 JavaThread "C1 CompilerThread0" daemon [_thread_blocked, id=3992, stack(0x0000008dde000000,0x0000008dde100000)]
  0x0000020371338480 JavaThread "Sweeper thread" daemon [_thread_blocked, id=5508, stack(0x0000008dde100000,0x0000008dde200000)]
  0x00000203713712f0 JavaThread "Common-Cleaner" daemon [_thread_blocked, id=3672, stack(0x0000008dde200000,0x0000008dde300000)]
  0x0000020371135030 JavaThread "C1 CompilerThread1" daemon [_thread_blocked, id=1432, stack(0x0000008dde300000,0x0000008dde400000)]
  0x00000203714c3080 JavaThread "Notification Thread" daemon [_thread_blocked, id=5080, stack(0x0000008dde400000,0x0000008dde500000)]
  0x0000020371a4f780 JavaThread "RMI TCP Accept-0" daemon [_thread_in_native, id=10876, stack(0x0000008dde600000,0x0000008dde700000)]
  0x00000203719ed6f0 JavaThread "RMI TCP Accept-62724" daemon [_thread_in_native, id=568, stack(0x0000008dde700000,0x0000008dde800000)]
  0x0000020371a4d9b0 JavaThread "RMI TCP Accept-0" daemon [_thread_in_native, id=10228, stack(0x0000008dde800000,0x0000008dde900000)]
  0x00000203719b0ed0 JavaThread "RMI TCP Connection(1)-127.0.0.1" daemon [_thread_in_native, id=5340, stack(0x0000008ddef00000,0x0000008ddf000000)]
  0x0000020371cf3f10 JavaThread "RMI TCP Connection(2)-127.0.0.1" daemon [_thread_in_native, id=1408, stack(0x0000008ddf000000,0x0000008ddf100000)]
  0x0000020371cf43f0 JavaThread "RMI Scheduler(0)" daemon [_thread_blocked, id=6576, stack(0x0000008ddf100000,0x0000008ddf200000)]
  0x0000020371bd79a0 JavaThread "JMX server connection timeout 21" daemon [_thread_blocked, id=8108, stack(0x0000008ddf200000,0x0000008ddf300000)]
  0x0000020371ed75f0 JavaThread "C1 CompilerThread2" daemon [_thread_blocked, id=9892, stack(0x0000008ddf300000,0x0000008ddf400000)]
  0x000002037653cf70 JavaThread "Catalina-utility-1" [_thread_blocked, id=9944, stack(0x0000008ddf400000,0x0000008ddf500000)]
  0x000002037653e8c0 JavaThread "Catalina-utility-2" [_thread_blocked, id=2488, stack(0x0000008ddf500000,0x0000008ddf600000)]
  0x000002037653e3b0 JavaThread "container-0" [_thread_blocked, id=7172, stack(0x0000008ddf600000,0x0000008ddf700000)]
  0x000002037653edd0 JavaThread "mysql-cj-abandoned-connection-cleanup" daemon [_thread_blocked, id=8816, stack(0x0000008ddf700000,0x0000008ddf800000)]
  0x000002037653fd00 JavaThread "HikariPool-1 housekeeper" daemon [_thread_blocked, id=8136, stack(0x0000008ddf900000,0x0000008ddfa00000)]
  0x0000020376540210 JavaThread "HikariPool-1 connection adder" daemon [_thread_blocked, id=2316, stack(0x0000008ddfa00000,0x0000008ddfb00000)]

Other Threads:
  0x00000203711aa5f0 VMThread "VM Thread" [stack: 0x0000008ddd900000,0x0000008ddda00000] [id=10096]
  0x0000020361f5da10 WatcherThread [stack: 0x0000008dde900000,0x0000008ddea00000] [id=8248]
=>0x000002036211a5c0 GCTaskThread "GC Thread#0" [stack: 0x0000008ddd400000,0x0000008ddd500000] [id=10956]
  0x0000020371bf2450 GCTaskThread "GC Thread#1" [stack: 0x0000008ddea00000,0x0000008ddeb00000] [id=7664]
  0x0000020371a5b720 GCTaskThread "GC Thread#2" [stack: 0x0000008ddeb00000,0x0000008ddec00000] [id=6004]
  0x0000020371a5b9e0 GCTaskThread "GC Thread#3" [stack: 0x0000008ddec00000,0x0000008dded00000] [id=8732]
  0x000002036212a3e0 ConcurrentGCThread "G1 Main Marker" [stack: 0x0000008ddd500000,0x0000008ddd600000] [id=10472]
  0x000002036212b5f0 ConcurrentGCThread "G1 Conc#0" [stack: 0x0000008ddd600000,0x0000008ddd700000] [id=10832]
  0x00000203710040b0 ConcurrentGCThread "G1 Refine#0" [stack: 0x0000008ddd700000,0x0000008ddd800000] [id=4280]
  0x0000020371bf2710 ConcurrentGCThread "G1 Refine#1" [stack: 0x0000008dded00000,0x0000008ddee00000] [id=1948]
  0x0000020371bf2a00 ConcurrentGCThread "G1 Refine#2" [stack: 0x0000008ddee00000,0x0000008ddef00000] [id=1300]
  0x0000020371004b30 ConcurrentGCThread "G1 Service" [stack: 0x0000008ddd800000,0x0000008ddd900000] [id=10392]

Threads with active compile tasks:

VM state: at safepoint (normal execution)

VM Mutex/Monitor currently owned by a thread:  ([mutex/lock_event])
[0x0000020361f5b7f0] Threads_lock - owner thread: 0x00000203711aa5f0
[0x0000020361f5c720] Heap_lock - owner thread: 0x0000020361f5d000

Heap address: 0x0000000088200000, size: 1918 MB, Compressed Oops mode: 32-bit

CDS archive(s) not mapped
Compressed class space mapped at: 0x0000000100000000-0x0000000140000000, reserved size: 1073741824
Narrow klass base: 0x0000000000000000, Narrow klass shift: 3, Narrow klass range: 0x140000000

GC Precious Log:
 CPUs: 4 total, 4 available
 Memory: 7669M
 Large Page Support: Disabled
 NUMA Support: Disabled
 Compressed Oops: Enabled (32-bit)
 Heap Region Size: 1M
 Heap Min Capacity: 8M
 Heap Initial Capacity: 120M
 Heap Max Capacity: 1918M
 Pre-touch: Disabled
 Parallel Workers: 4
 Concurrent Workers: 1
 Concurrent Refinement Workers: 4
 Periodic GC: Disabled

Heap:
 garbage-first heap   total 61440K, used 46929K [0x0000000088200000, 0x0000000100000000)
  region size 1024K, 29 young (29696K), 3 survivors (3072K)
 Metaspace       used 54959K, committed 55488K, reserved 1114112K
  class space    used 7186K, committed 7424K, reserved 1048576K

Heap Regions: E=young(eden), S=young(survivor), O=old, HS=humongous(starts), HC=humongous(continues), CS=collection set, F=free, OA=open archive, CA=closed archive, TAMS=top-at-mark-start (previous, next)
|   0|0x0000000088200000, 0x0000000088300000, 0x0000000088300000|100%|HS|  |TAMS 0x0000000088300000, 0x0000000088200000| Complete 
|   1|0x0000000088300000, 0x0000000088400000, 0x0000000088400000|100%| O|  |TAMS 0x0000000088400000, 0x0000000088300000| Untracked 
|   2|0x0000000088400000, 0x0000000088500000, 0x0000000088500000|100%| O|  |TAMS 0x0000000088500000, 0x0000000088400000| Untracked 
|   3|0x0000000088500000, 0x0000000088600000, 0x0000000088600000|100%| O|  |TAMS 0x0000000088600000, 0x0000000088500000| Untracked 
|   4|0x0000000088600000, 0x0000000088700000, 0x0000000088700000|100%| O|  |TAMS 0x0000000088700000, 0x0000000088600000| Untracked 
|   5|0x0000000088700000, 0x0000000088800000, 0x0000000088800000|100%| O|  |TAMS 0x0000000088800000, 0x0000000088700000| Untracked 
|   6|0x0000000088800000, 0x00000000888d5400, 0x0000000088900000| 83%| O|  |TAMS 0x00000000888d5400, 0x0000000088800000| Untracked 
|   7|0x0000000088900000, 0x0000000088a00000, 0x0000000088a00000|100%| O|  |TAMS 0x0000000088a00000, 0x0000000088900000| Untracked 
|   8|0x0000000088a00000, 0x0000000088b00000, 0x0000000088b00000|100%| O|  |TAMS 0x0000000088b00000, 0x0000000088a00000| Untracked 
|   9|0x0000000088b00000, 0x0000000088c00000, 0x0000000088c00000|100%| O|  |TAMS 0x0000000088c00000, 0x0000000088b00000| Untracked 
|  10|0x0000000088c00000, 0x0000000088d00000, 0x0000000088d00000|100%| O|  |TAMS 0x0000000088c00000, 0x0000000088c00000| Untracked 
|  11|0x0000000088d00000, 0x0000000088e00000, 0x0000000088e00000|100%| O|  |TAMS 0x0000000088d00000, 0x0000000088d00000| Untracked 
|  12|0x0000000088e00000, 0x0000000088f00000, 0x0000000088f00000|100%| O|  |TAMS 0x0000000088e00000, 0x0000000088e00000| Untracked 
|  13|0x0000000088f00000, 0x0000000089000000, 0x0000000089000000|100%| O|  |TAMS 0x0000000088f00000, 0x0000000088f00000| Untracked 
|  14|0x0000000089000000, 0x0000000089100000, 0x0000000089100000|100%| O|  |TAMS 0x0000000089000000, 0x0000000089000000| Untracked 
|  15|0x0000000089100000, 0x0000000089200000, 0x0000000089200000|100%| O|  |TAMS 0x0000000089200000, 0x0000000089100000| Untracked 
|  16|0x0000000089200000, 0x0000000089300000, 0x0000000089300000|100%| O|  |TAMS 0x0000000089300000, 0x0000000089200000| Untracked 
|  17|0x0000000089300000, 0x0000000089400000, 0x0000000089400000|100%| O|  |TAMS 0x0000000089300000, 0x0000000089300000| Untracked 
|  18|0x0000000089400000, 0x000000008949e800, 0x0000000089500000| 61%| O|  |TAMS 0x0000000089400000, 0x0000000089400000| Untracked 
|  19|0x0000000089500000, 0x0000000089500000, 0x0000000089600000|  0%| F|  |TAMS 0x0000000089500000, 0x0000000089500000| Untracked 
|  20|0x0000000089600000, 0x0000000089600000, 0x0000000089700000|  0%| F|  |TAMS 0x0000000089600000, 0x0000000089600000| Untracked 
|  21|0x0000000089700000, 0x0000000089700000, 0x0000000089800000|  0%| F|  |TAMS 0x0000000089700000, 0x0000000089700000| Untracked 
|  22|0x0000000089800000, 0x0000000089800000, 0x0000000089900000|  0%| F|  |TAMS 0x0000000089800000, 0x0000000089800000| Untracked 
|  23|0x0000000089900000, 0x0000000089900000, 0x0000000089a00000|  0%| F|  |TAMS 0x0000000089900000, 0x0000000089900000| Untracked 
|  24|0x0000000089a00000, 0x0000000089a00000, 0x0000000089b00000|  0%| F|  |TAMS 0x0000000089a00000, 0x0000000089a00000| Untracked 
|  25|0x0000000089b00000, 0x0000000089b00000, 0x0000000089c00000|  0%| F|  |TAMS 0x0000000089b00000, 0x0000000089b00000| Untracked 
|  26|0x0000000089c00000, 0x0000000089c00000, 0x0000000089d00000|  0%| F|  |TAMS 0x0000000089c00000, 0x0000000089c00000| Untracked 
|  27|0x0000000089d00000, 0x0000000089d00000, 0x0000000089e00000|  0%| F|  |TAMS 0x0000000089d00000, 0x0000000089d00000| Untracked 
|  28|0x0000000089e00000, 0x0000000089e00000, 0x0000000089f00000|  0%| F|  |TAMS 0x0000000089e00000, 0x0000000089e00000| Untracked 
|  29|0x0000000089f00000, 0x000000008a000000, 0x000000008a000000|100%| S|  |TAMS 0x0000000089f00000, 0x0000000089f00000| Complete 
|  30|0x000000008a000000, 0x000000008a100000, 0x000000008a100000|100%| S|  |TAMS 0x000000008a000000, 0x000000008a000000| Complete 
|  31|0x000000008a100000, 0x000000008a200000, 0x000000008a200000|100%| S|  |TAMS 0x000000008a100000, 0x000000008a100000| Complete 
|  32|0x000000008a200000, 0x000000008a260b88, 0x000000008a300000| 37%| E|CS|TAMS 0x000000008a200000, 0x000000008a200000| Complete 
|  33|0x000000008a300000, 0x000000008a400000, 0x000000008a400000|100%| E|CS|TAMS 0x000000008a300000, 0x000000008a300000| Complete 
|  34|0x000000008a400000, 0x000000008a500000, 0x000000008a500000|100%| E|CS|TAMS 0x000000008a400000, 0x000000008a400000| Complete 
|  35|0x000000008a500000, 0x000000008a600000, 0x000000008a600000|100%| E|CS|TAMS 0x000000008a500000, 0x000000008a500000| Complete 
|  36|0x000000008a600000, 0x000000008a700000, 0x000000008a700000|100%| E|CS|TAMS 0x000000008a600000, 0x000000008a600000| Complete 
|  37|0x000000008a700000, 0x000000008a800000, 0x000000008a800000|100%| E|CS|TAMS 0x000000008a700000, 0x000000008a700000| Complete 
|  38|0x000000008a800000, 0x000000008a900000, 0x000000008a900000|100%| E|CS|TAMS 0x000000008a800000, 0x000000008a800000| Complete 
|  39|0x000000008a900000, 0x000000008aa00000, 0x000000008aa00000|100%| E|CS|TAMS 0x000000008a900000, 0x000000008a900000| Complete 
|  40|0x000000008aa00000, 0x000000008ab00000, 0x000000008ab00000|100%| E|CS|TAMS 0x000000008aa00000, 0x000000008aa00000| Complete 
|  41|0x000000008ab00000, 0x000000008ac00000, 0x000000008ac00000|100%| E|CS|TAMS 0x000000008ab00000, 0x000000008ab00000| Complete 
|  42|0x000000008ac00000, 0x000000008ad00000, 0x000000008ad00000|100%| E|CS|TAMS 0x000000008ac00000, 0x000000008ac00000| Complete 
|  43|0x000000008ad00000, 0x000000008ae00000, 0x000000008ae00000|100%| E|CS|TAMS 0x000000008ad00000, 0x000000008ad00000| Complete 
|  44|0x000000008ae00000, 0x000000008af00000, 0x000000008af00000|100%| E|CS|TAMS 0x000000008ae00000, 0x000000008ae00000| Complete 
|  45|0x000000008af00000, 0x000000008b000000, 0x000000008b000000|100%| E|CS|TAMS 0x000000008af00000, 0x000000008af00000| Complete 
|  46|0x000000008b000000, 0x000000008b100000, 0x000000008b100000|100%| E|CS|TAMS 0x000000008b000000, 0x000000008b000000| Complete 
|  47|0x000000008b100000, 0x000000008b200000, 0x000000008b200000|100%| E|CS|TAMS 0x000000008b100000, 0x000000008b100000| Complete 
|  48|0x000000008b200000, 0x000000008b300000, 0x000000008b300000|100%| E|CS|TAMS 0x000000008b200000, 0x000000008b200000| Complete 
|  49|0x000000008b300000, 0x000000008b400000, 0x000000008b400000|100%| E|CS|TAMS 0x000000008b300000, 0x000000008b300000| Complete 
|  50|0x000000008b400000, 0x000000008b500000, 0x000000008b500000|100%| E|CS|TAMS 0x000000008b400000, 0x000000008b400000| Complete 
|  51|0x000000008b500000, 0x000000008b600000, 0x000000008b600000|100%| E|CS|TAMS 0x000000008b500000, 0x000000008b500000| Complete 
|  52|0x000000008b600000, 0x000000008b700000, 0x000000008b700000|100%| E|CS|TAMS 0x000000008b600000, 0x000000008b600000| Complete 
|  53|0x000000008b700000, 0x000000008b800000, 0x000000008b800000|100%| E|CS|TAMS 0x000000008b700000, 0x000000008b700000| Complete 
|  54|0x000000008b800000, 0x000000008b900000, 0x000000008b900000|100%| E|CS|TAMS 0x000000008b800000, 0x000000008b800000| Complete 
|  55|0x000000008b900000, 0x000000008ba00000, 0x000000008ba00000|100%| E|CS|TAMS 0x000000008b900000, 0x000000008b900000| Complete 
|  56|0x000000008ba00000, 0x000000008bb00000, 0x000000008bb00000|100%| E|CS|TAMS 0x000000008ba00000, 0x000000008ba00000| Complete 
|  57|0x000000008bb00000, 0x000000008bc00000, 0x000000008bc00000|100%| E|CS|TAMS 0x000000008bb00000, 0x000000008bb00000| Complete 
|  58|0x000000008bc00000, 0x000000008bd00000, 0x000000008bd00000|100%| E|CS|TAMS 0x000000008bc00000, 0x000000008bc00000| Complete 
| 119|0x000000008f900000, 0x000000008fa00000, 0x000000008fa00000|100%| E|CS|TAMS 0x000000008f900000, 0x000000008f900000| Complete 

Card table byte_map: [0x000002036a7e0000,0x000002036aba0000] _byte_map_base: 0x000002036a39f000

Marking Bits (Prev, Next): (CMBitMap*) 0x000002036211aaf0, (CMBitMap*) 0x000002036211ab30
 Prev Bits: [0x000002036af60000, 0x000002036cd58000)
 Next Bits: [0x000002036cd60000, 0x000002036eb58000)

Polling page: 0x0000020362180000

Metaspace:

Usage:
  Non-class:     46.65 MB used.
      Class:      7.02 MB used.
       Both:     53.67 MB used.

Virtual space:
  Non-class space:       64.00 MB reserved,      46.94 MB ( 73%) committed,  1 nodes.
      Class space:        1.00 GB reserved,       7.25 MB ( <1%) committed,  1 nodes.
             Both:        1.06 GB reserved,      54.19 MB (  5%) committed. 

Chunk freelists:
   Non-Class:  688.00 KB
       Class:  8.77 MB
        Both:  9.44 MB

MaxMetaspaceSize: unlimited
CompressedClassSpaceSize: 1.00 GB
Initial GC threshold: 21.00 MB
Current GC threshold: 59.19 MB
CDS: off
MetaspaceReclaimPolicy: balanced
 - commit_granule_bytes: 65536.
 - commit_granule_words: 8192.
 - virtual_space_node_default_size: 8388608.
 - enlarge_chunks_in_place: 1.
 - new_chunks_are_fully_committed: 0.
 - uncommit_free_chunks: 1.
 - use_allocation_guard: 0.
 - handle_deallocations: 1.


Internal statistics:

num_allocs_failed_limit: 6.
num_arena_births: 658.
num_arena_deaths: 0.
num_vsnodes_births: 2.
num_vsnodes_deaths: 0.
num_space_committed: 867.
num_space_uncommitted: 0.
num_chunks_returned_to_freelist: 6.
num_chunks_taken_from_freelist: 2205.
num_chunk_merges: 6.
num_chunk_splits: 1530.
num_chunks_enlarged: 1134.
num_inconsistent_stats: 0.

CodeCache: size=49152Kb used=9200Kb max_used=9200Kb free=39952Kb
 bounds [0x0000020366f80000, 0x0000020367880000, 0x0000020369f80000]
 total_blobs=4944 nmethods=4347 adapters=521
 compilation: enabled
              stopped_count=0, restarted_count=0
 full_count=0

Compilation events (20 events):
Event: 6.807 Thread 0x0000020371135030 4338       1       java.nio.HeapByteBuffer::<init> (31 bytes)
Event: 6.808 Thread 0x0000020371135030 nmethod 4338 0x0000020367879210 code [0x00000203678793a0, 0x00000203678794e8]
Event: 6.809 Thread 0x0000020371ed75f0 4339       1       com.mysql.cj.protocol.a.MultiPacketReader::readHeader (5 bytes)
Event: 6.809 Thread 0x00000203711e3950 4340       1       com.mysql.cj.protocol.a.MultiPacketReader::readHeader (13 bytes)
Event: 6.809 Thread 0x0000020371135030 4341       1       com.mysql.cj.protocol.a.TimeTrackingPacketReader::readHeader (5 bytes)
Event: 6.809 Thread 0x0000020371ed75f0 nmethod 4339 0x0000020367879590 code [0x0000020367879720, 0x0000020367879848]
Event: 6.809 Thread 0x00000203711e3950 nmethod 4340 0x0000020367879910 code [0x0000020367879aa0, 0x0000020367879bc8]
Event: 6.809 Thread 0x0000020371135030 nmethod 4341 0x0000020367879c90 code [0x0000020367879e20, 0x0000020367879f48]
Event: 6.809 Thread 0x0000020371ed75f0 4342       1       com.mysql.cj.protocol.a.TimeTrackingPacketReader::readHeader (13 bytes)
Event: 6.810 Thread 0x00000203711e3950 4343       1       com.mysql.cj.protocol.a.MultiPacketReader::readMessage (10 bytes)
Event: 6.810 Thread 0x0000020371135030 4344       1       com.mysql.cj.protocol.a.MultiPacketReader::readMessage (154 bytes)
Event: 6.810 Thread 0x0000020371ed75f0 nmethod 4342 0x000002036787a010 code [0x000002036787a1a0, 0x000002036787a2c8]
Event: 6.810 Thread 0x0000020371ed75f0 4345       1       com.mysql.cj.protocol.a.TimeTrackingPacketReader::readMessage (10 bytes)
Event: 6.810 Thread 0x00000203711e3950 nmethod 4343 0x000002036787a390 code [0x000002036787a520, 0x000002036787a628]
Event: 6.810 Thread 0x00000203711e3950 4346       1       com.mysql.cj.protocol.a.TimeTrackingPacketReader::readMessage (24 bytes)
Event: 6.810 Thread 0x0000020371ed75f0 nmethod 4345 0x000002036787a710 code [0x000002036787a8c0, 0x000002036787aa48]
Event: 6.810 Thread 0x00000203711e3950 nmethod 4346 0x000002036787ab90 code [0x000002036787ad20, 0x000002036787ae68]
Event: 6.811 Thread 0x0000020371135030 nmethod 4344 0x000002036787af10 code [0x000002036787b160, 0x000002036787b7f8]
Event: 6.823 Thread 0x00000203711e3950 4347       1       org.hibernate.type.descriptor.java.AbstractClassJavaType::getJavaType (5 bytes)
Event: 6.823 Thread 0x00000203711e3950 nmethod 4347 0x000002036787bd10 code [0x000002036787bea0, 0x000002036787bf78]

GC Heap History (20 events):
Event: 1.677 GC heap after
{Heap after GC invocations=2 (full 0):
 garbage-first heap   total 122880K, used 7614K [0x0000000088200000, 0x0000000100000000)
  region size 1024K, 2 young (2048K), 2 survivors (2048K)
 Metaspace       used 15722K, committed 15936K, reserved 1114112K
  class space    used 1684K, committed 1792K, reserved 1048576K
}
Event: 2.332 GC heap before
{Heap before GC invocations=2 (full 0):
 garbage-first heap   total 122880K, used 31166K [0x0000000088200000, 0x0000000100000000)
  region size 1024K, 26 young (26624K), 2 survivors (2048K)
 Metaspace       used 21063K, committed 21312K, reserved 1114112K
  class space    used 2478K, committed 2560K, reserved 1048576K
}
Event: 2.338 GC heap after
{Heap after GC invocations=3 (full 0):
 garbage-first heap   total 122880K, used 9205K [0x0000000088200000, 0x0000000100000000)
  region size 1024K, 3 young (3072K), 3 survivors (3072K)
 Metaspace       used 21063K, committed 21312K, reserved 1114112K
  class space    used 2478K, committed 2560K, reserved 1048576K
}
Event: 2.359 GC heap before
{Heap before GC invocations=3 (full 0):
 garbage-first heap   total 122880K, used 10229K [0x0000000088200000, 0x0000000100000000)
  region size 1024K, 5 young (5120K), 3 survivors (3072K)
 Metaspace       used 21289K, committed 21568K, reserved 1114112K
  class space    used 2510K, committed 2624K, reserved 1048576K
}
Event: 2.364 GC heap after
{Heap after GC invocations=4 (full 0):
 garbage-first heap   total 122880K, used 9245K [0x0000000088200000, 0x0000000100000000)
  region size 1024K, 3 young (3072K), 3 survivors (3072K)
 Metaspace       used 21289K, committed 21568K, reserved 1114112K
  class space    used 2510K, committed 2624K, reserved 1048576K
}
Event: 2.716 GC heap before
{Heap before GC invocations=5 (full 0):
 garbage-first heap   total 40960K, used 29725K [0x0000000088200000, 0x0000000100000000)
  region size 1024K, 25 young (25600K), 3 survivors (3072K)
 Metaspace       used 25097K, committed 25408K, reserved 1114112K
  class space    used 3098K, committed 3264K, reserved 1048576K
}
Event: 2.723 GC heap after
{Heap after GC invocations=6 (full 0):
 garbage-first heap   total 40960K, used 10775K [0x0000000088200000, 0x0000000100000000)
  region size 1024K, 5 young (5120K), 5 survivors (5120K)
 Metaspace       used 25097K, committed 25408K, reserved 1114112K
  class space    used 3098K, committed 3264K, reserved 1048576K
}
Event: 2.732 GC heap before
{Heap before GC invocations=6 (full 0):
 garbage-first heap   total 40960K, used 11799K [0x0000000088200000, 0x0000000100000000)
  region size 1024K, 6 young (6144K), 5 survivors (5120K)
 Metaspace       used 25254K, committed 25600K, reserved 1114112K
  class space    used 3117K, committed 3264K, reserved 1048576K
}
Event: 2.739 GC heap after
{Heap after GC invocations=7 (full 0):
 garbage-first heap   total 40960K, used 11039K [0x0000000088200000, 0x0000000100000000)
  region size 1024K, 1 young (1024K), 1 survivors (1024K)
 Metaspace       used 25254K, committed 25600K, reserved 1114112K
  class space    used 3117K, committed 3264K, reserved 1048576K
}
Event: 2.974 GC heap before
{Heap before GC invocations=7 (full 0):
 garbage-first heap   total 40960K, used 26399K [0x0000000088200000, 0x0000000100000000)
  region size 1024K, 17 young (17408K), 1 survivors (1024K)
 Metaspace       used 28678K, committed 28992K, reserved 1114112K
  class space    used 3500K, committed 3648K, reserved 1048576K
}
Event: 2.977 GC heap after
{Heap after GC invocations=8 (full 0):
 garbage-first heap   total 40960K, used 12199K [0x0000000088200000, 0x0000000100000000)
  region size 1024K, 2 young (2048K), 2 survivors (2048K)
 Metaspace       used 28678K, committed 28992K, reserved 1114112K
  class space    used 3500K, committed 3648K, reserved 1048576K
}
Event: 3.190 GC heap before
{Heap before GC invocations=8 (full 0):
 garbage-first heap   total 40960K, used 27559K [0x0000000088200000, 0x0000000100000000)
  region size 1024K, 18 young (18432K), 2 survivors (2048K)
 Metaspace       used 30742K, committed 31040K, reserved 1114112K
  class space    used 3801K, committed 3968K, reserved 1048576K
}
Event: 3.196 GC heap after
{Heap after GC invocations=9 (full 0):
 garbage-first heap   total 82944K, used 13868K [0x0000000088200000, 0x0000000100000000)
  region size 1024K, 2 young (2048K), 2 survivors (2048K)
 Metaspace       used 30742K, committed 31040K, reserved 1114112K
  class space    used 3801K, committed 3968K, reserved 1048576K
}
Event: 4.133 GC heap before
{Heap before GC invocations=9 (full 0):
 garbage-first heap   total 82944K, used 48684K [0x0000000088200000, 0x0000000100000000)
  region size 1024K, 37 young (37888K), 2 survivors (2048K)
 Metaspace       used 35773K, committed 36160K, reserved 1114112K
  class space    used 4585K, committed 4800K, reserved 1048576K
}
Event: 4.143 GC heap after
{Heap after GC invocations=10 (full 0):
 garbage-first heap   total 82944K, used 16621K [0x0000000088200000, 0x0000000100000000)
  region size 1024K, 5 young (5120K), 5 survivors (5120K)
 Metaspace       used 35773K, committed 36160K, reserved 1114112K
  class space    used 4585K, committed 4800K, reserved 1048576K
}
Event: 5.034 GC heap before
{Heap before GC invocations=11 (full 0):
 garbage-first heap   total 61440K, used 48365K [0x0000000088200000, 0x0000000100000000)
  region size 1024K, 36 young (36864K), 5 survivors (5120K)
 Metaspace       used 40661K, committed 41088K, reserved 1114112K
  class space    used 5236K, committed 5440K, reserved 1048576K
}
Event: 5.046 GC heap after
{Heap after GC invocations=12 (full 0):
 garbage-first heap   total 61440K, used 18987K [0x0000000088200000, 0x0000000100000000)
  region size 1024K, 3 young (3072K), 3 survivors (3072K)
 Metaspace       used 40661K, committed 41088K, reserved 1114112K
  class space    used 5236K, committed 5440K, reserved 1048576K
}
Event: 5.728 GC heap before
{Heap before GC invocations=12 (full 0):
 garbage-first heap   total 61440K, used 45611K [0x0000000088200000, 0x0000000100000000)
  region size 1024K, 29 young (29696K), 3 survivors (3072K)
 Metaspace       used 45662K, committed 46080K, reserved 1114112K
  class space    used 5985K, committed 6208K, reserved 1048576K
}
Event: 5.736 GC heap after
{Heap after GC invocations=13 (full 0):
 garbage-first heap   total 61440K, used 20305K [0x0000000088200000, 0x0000000100000000)
  region size 1024K, 2 young (2048K), 2 survivors (2048K)
 Metaspace       used 45662K, committed 46080K, reserved 1114112K
  class space    used 5985K, committed 6208K, reserved 1048576K
}
Event: 6.831 GC heap before
{Heap before GC invocations=13 (full 0):
 garbage-first heap   total 61440K, used 45905K [0x0000000088200000, 0x0000000100000000)
  region size 1024K, 28 young (28672K), 2 survivors (2048K)
 Metaspace       used 54959K, committed 55488K, reserved 1114112K
  class space    used 7186K, committed 7424K, reserved 1048576K
}

Dll operation events (9 events):
Event: 0.014 Loaded shared library C:\SOFTWARES\sts-4.21.0.RELEASE\plugins\org.eclipse.justj.openjdk.hotspot.jre.full.win32.x86_64_17.0.9.v20231028-0858\jre\bin\java.dll
Event: 0.464 Loaded shared library C:\SOFTWARES\sts-4.21.0.RELEASE\plugins\org.eclipse.justj.openjdk.hotspot.jre.full.win32.x86_64_17.0.9.v20231028-0858\jre\bin\jimage.dll
Event: 0.497 Loaded shared library C:\SOFTWARES\sts-4.21.0.RELEASE\plugins\org.eclipse.justj.openjdk.hotspot.jre.full.win32.x86_64_17.0.9.v20231028-0858\jre\bin\net.dll
Event: 0.500 Loaded shared library C:\SOFTWARES\sts-4.21.0.RELEASE\plugins\org.eclipse.justj.openjdk.hotspot.jre.full.win32.x86_64_17.0.9.v20231028-0858\jre\bin\nio.dll
Event: 0.507 Loaded shared library C:\SOFTWARES\sts-4.21.0.RELEASE\plugins\org.eclipse.justj.openjdk.hotspot.jre.full.win32.x86_64_17.0.9.v20231028-0858\jre\bin\zip.dll
Event: 0.644 Loaded shared library C:\SOFTWARES\sts-4.21.0.RELEASE\plugins\org.eclipse.justj.openjdk.hotspot.jre.full.win32.x86_64_17.0.9.v20231028-0858\jre\bin\management.dll
Event: 0.672 Loaded shared library C:\SOFTWARES\sts-4.21.0.RELEASE\plugins\org.eclipse.justj.openjdk.hotspot.jre.full.win32.x86_64_17.0.9.v20231028-0858\jre\bin\management_ext.dll
Event: 3.212 Loaded shared library C:\SOFTWARES\sts-4.21.0.RELEASE\plugins\org.eclipse.justj.openjdk.hotspot.jre.full.win32.x86_64_17.0.9.v20231028-0858\jre\bin\sunmscapi.dll
Event: 5.569 Loaded shared library C:\SOFTWARES\sts-4.21.0.RELEASE\plugins\org.eclipse.justj.openjdk.hotspot.jre.full.win32.x86_64_17.0.9.v20231028-0858\jre\bin\verify.dll

Deoptimization events (6 events):
Event: 2.405 Thread 0x0000020361f5d000 DEOPT PACKING pc=0x0000020367473519 sp=0x0000008ddd3fd600
Event: 2.405 Thread 0x0000020361f5d000 DEOPT UNPACKING pc=0x0000020366fd7143 sp=0x0000008ddd3fcae0 mode 3
Event: 2.834 Thread 0x0000020361f5d000 DEOPT PACKING pc=0x0000020367512155 sp=0x0000008ddd3fddf0
Event: 2.834 Thread 0x0000020361f5d000 DEOPT UNPACKING pc=0x0000020366fd7143 sp=0x0000008ddd3fd298 mode 3
Event: 4.885 Thread 0x0000020361f5d000 DEOPT PACKING pc=0x000002036770f17d sp=0x0000008ddd3fc7a0
Event: 4.885 Thread 0x0000020361f5d000 DEOPT UNPACKING pc=0x0000020366fd7143 sp=0x0000008ddd3fbd08 mode 3

Classes unloaded (0 events):
No events

Classes redefined (0 events):
No events

Internal exceptions (20 events):
Event: 4.279 Thread 0x0000020361f5d000 Exception <a 'java/lang/NoSuchMethodError'{0x000000008b98fad0}: 'void java.lang.invoke.DirectMethodHandle$Holder.invokeVirtual(java.lang.Object, java.lang.Object, int)'> (0x000000008b98fad0) 
thrown [s\src\hotspot\share\interpreter\linkResolver.cpp, line 759]
Event: 4.279 Thread 0x0000020361f5d000 Exception <a 'java/lang/NoSuchMethodError'{0x000000008b995d18}: 'void java.lang.invoke.DirectMethodHandle$Holder.invokeStatic(java.lang.Object, java.lang.Object, java.lang.Object, int, java.lang.Object)'> (0x000000008b995d18) 
thrown [s\src\hotspot\share\interpreter\linkResolver.cpp, line 759]
Event: 4.280 Thread 0x0000020361f5d000 Exception <a 'java/lang/NoSuchMethodError'{0x000000008b99d220}: 'java.lang.Object java.lang.invoke.DirectMethodHandle$Holder.newInvokeSpecial(java.lang.Object, java.lang.Object, java.lang.Object, int)'> (0x000000008b99d220) 
thrown [s\src\hotspot\share\interpreter\linkResolver.cpp, line 759]
Event: 4.281 Thread 0x0000020361f5d000 Exception <a 'java/lang/NoSuchMethodError'{0x000000008b9a1508}: 'java.lang.Object java.lang.invoke.DirectMethodHandle$Holder.invokeSpecial(java.lang.Object, java.lang.Object, java.lang.Object, java.lang.Object, int)'> (0x000000008b9a1508) 
thrown [s\src\hotspot\share\interpreter\linkResolver.cpp, line 759]
Event: 4.282 Thread 0x0000020361f5d000 Exception <a 'java/lang/NoSuchMethodError'{0x000000008b9a50d0}: 'java.lang.Object java.lang.invoke.Invokers$Holder.linkToTargetMethod(java.lang.Object, java.lang.Object, int, java.lang.Object)'> (0x000000008b9a50d0) 
thrown [s\src\hotspot\share\interpreter\linkResolver.cpp, line 759]
Event: 4.537 Thread 0x0000020361f5d000 Exception <a 'java/lang/NoSuchMethodError'{0x000000008aa4e848}: 'java.lang.Object java.lang.invoke.DirectMethodHandle$Holder.invokeSpecial(java.lang.Object, java.lang.Object, long, java.lang.Object, java.lang.Object, java.lang.Object, java.lang.Object, java.lang.Object, java.lang.Object)'> (0x000000008aa4e848) 
thrown [s\src\hotspot\share\interpreter\linkResolver.cpp, line 759]
Event: 4.537 Thread 0x0000020361f5d000 Exception <a 'java/lang/NoSuchMethodError'{0x000000008aa53370}: 'java.lang.Object java.lang.invoke.DelegatingMethodHandle$Holder.reinvoke_L(java.lang.Object, long, java.lang.Object, java.lang.Object, java.lang.Object, java.lang.Object, java.lang.Object, java.lang.Object)'> (0x000000008aa53370) 
thrown [s\src\hotspot\share\interpreter\linkResolver.cpp, line 759]
Event: 4.599 Thread 0x0000020361f5d000 Exception <a 'java/io/FileNotFoundException'{0x000000008a9a9090}> (0x000000008a9a9090) 
thrown [s\src\hotspot\share\prims\jni.cpp, line 516]
Event: 4.693 Thread 0x0000020371cf3f10 Exception <a 'java/lang/reflect/InvocationTargetException'{0x000000008bc9e6b8}> (0x000000008bc9e6b8) 
thrown [s\src\hotspot\share\runtime\reflection.cpp, line 1121]
Event: 4.895 Thread 0x0000020361f5d000 Exception <a 'java/lang/NoSuchMethodError'{0x0000000089e89560}: 'int java.lang.invoke.DirectMethodHandle$Holder.invokeInterface(java.lang.Object, java.lang.Object, java.lang.Object, java.lang.Object)'> (0x0000000089e89560) 
thrown [s\src\hotspot\share\interpreter\linkResolver.cpp, line 759]
Event: 4.966 Thread 0x0000020361f5d000 Exception <a 'java/lang/NoSuchMethodError'{0x0000000089c7f1a8}: 'long java.lang.invoke.DirectMethodHandle$Holder.invokeVirtual(java.lang.Object, java.lang.Object)'> (0x0000000089c7f1a8) 
thrown [s\src\hotspot\share\interpreter\linkResolver.cpp, line 759]
Event: 5.127 Thread 0x0000020361f5d000 Exception <a 'sun/nio/fs/WindowsException'{0x000000008b958720}> (0x000000008b958720) 
thrown [s\src\hotspot\share\prims\jni.cpp, line 516]
Event: 5.196 Thread 0x0000020371cf3f10 Exception <a 'java/lang/reflect/InvocationTargetException'{0x000000008b601b90}> (0x000000008b601b90) 
thrown [s\src\hotspot\share\runtime\reflection.cpp, line 1121]
Event: 5.699 Thread 0x0000020371cf3f10 Exception <a 'java/lang/reflect/InvocationTargetException'{0x000000008a5dd6d0}> (0x000000008a5dd6d0) 
thrown [s\src\hotspot\share\runtime\reflection.cpp, line 1121]
Event: 5.871 Thread 0x0000020361f5d000 Exception <a 'java/lang/NoSuchMethodError'{0x000000008b9d18e8}: 'int java.lang.invoke.DirectMethodHandle$Holder.invokeStatic(java.lang.Object)'> (0x000000008b9d18e8) 
thrown [s\src\hotspot\share\interpreter\linkResolver.cpp, line 759]
Event: 6.172 Thread 0x0000020361f5d000 Exception <a 'sun/nio/fs/WindowsException'{0x000000008b0fea80}> (0x000000008b0fea80) 
thrown [s\src\hotspot\share\prims\jni.cpp, line 516]
Event: 6.196 Thread 0x0000020361f5d000 Exception <a 'java/lang/NoSuchMethodError'{0x000000008af1fe20}: 'int java.lang.invoke.DirectMethodHandle$Holder.invokeStaticInit(java.lang.Object, java.lang.Object, java.lang.Object, java.lang.Object)'> (0x000000008af1fe20) 
thrown [s\src\hotspot\share\interpreter\linkResolver.cpp, line 759]
Event: 6.204 Thread 0x0000020371cf3f10 Exception <a 'java/lang/reflect/InvocationTargetException'{0x000000008af778f8}> (0x000000008af778f8) 
thrown [s\src\hotspot\share\runtime\reflection.cpp, line 1121]
Event: 6.709 Thread 0x0000020371cf3f10 Exception <a 'java/lang/reflect/InvocationTargetException'{0x000000008a8b8900}> (0x000000008a8b8900) 
thrown [s\src\hotspot\share\runtime\reflection.cpp, line 1121]
Event: 6.775 Thread 0x0000020361f5d000 Exception <a 'java/lang/NoSuchMethodError'{0x000000008a690330}: 'java.lang.Object java.lang.invoke.DirectMethodHandle$Holder.invokeStaticInit(java.lang.Object, java.lang.Object, java.lang.Object, java.lang.Object)'> (0x000000008a690330) 
thrown [s\src\hotspot\share\interpreter\linkResolver.cpp, line 759]

VM Operations (20 events):
Event: 4.924 Executing VM operation: HandshakeAllThreads done
Event: 4.977 Executing VM operation: HandshakeAllThreads
Event: 4.977 Executing VM operation: HandshakeAllThreads done
Event: 5.033 Executing VM operation: HandshakeAllThreads
Event: 5.033 Executing VM operation: HandshakeAllThreads done
Event: 5.033 Executing VM operation: G1CollectForAllocation
Event: 5.034 Executing VM operation: G1CollectForAllocation done
Event: 5.034 Executing VM operation: G1CollectForAllocation
Event: 5.046 Executing VM operation: G1CollectForAllocation done
Event: 5.728 Executing VM operation: G1CollectForAllocation
Event: 5.736 Executing VM operation: G1CollectForAllocation done
Event: 6.174 Executing VM operation: HandshakeAllThreads
Event: 6.174 Executing VM operation: HandshakeAllThreads done
Event: 6.184 Executing VM operation: HandshakeAllThreads
Event: 6.184 Executing VM operation: HandshakeAllThreads done
Event: 6.473 Executing VM operation: HandshakeAllThreads
Event: 6.473 Executing VM operation: HandshakeAllThreads done
Event: 6.831 Executing VM operation: G1CollectForAllocation
Event: 6.831 Executing VM operation: G1CollectForAllocation done
Event: 6.831 Executing VM operation: G1CollectForAllocation

Events (20 events):
Event: 6.573 Thread 0x000002037653fd00 Thread added: 0x000002037653fd00
Event: 6.575 loading class java/util/concurrent/ThreadPoolExecutor$CallerRunsPolicy
Event: 6.575 loading class java/util/concurrent/ThreadPoolExecutor$CallerRunsPolicy done
Event: 6.577 loading class java/util/concurrent/atomic/AtomicReferenceFieldUpdater
Event: 6.577 loading class java/util/concurrent/atomic/AtomicReferenceFieldUpdater done
Event: 6.577 loading class java/util/concurrent/atomic/AtomicReferenceFieldUpdater$AtomicReferenceFieldUpdaterImpl
Event: 6.577 loading class java/util/concurrent/atomic/AtomicReferenceFieldUpdater$AtomicReferenceFieldUpdaterImpl done
Event: 6.577 loading class java/util/concurrent/atomic/AtomicReferenceFieldUpdater$AtomicReferenceFieldUpdaterImpl$1
Event: 6.577 loading class java/util/concurrent/atomic/AtomicReferenceFieldUpdater$AtomicReferenceFieldUpdaterImpl$1 done
Event: 6.599 loading class java/util/TimerTask
Event: 6.599 loading class java/util/TimerTask done
Event: 6.679 Thread 0x0000020376540210 Thread added: 0x0000020376540210
Event: 6.734 loading class java/util/regex/Pattern$1MatcherIterator
Event: 6.734 loading class java/util/regex/Pattern$1MatcherIterator done
Event: 6.773 loading class java/io/CharArrayWriter
Event: 6.773 loading class java/io/CharArrayWriter done
Event: 6.773 loading class java/lang/StringIndexOutOfBoundsException
Event: 6.773 loading class java/lang/StringIndexOutOfBoundsException done
Event: 6.789 loading class jdk/internal/reflect/UnsafeQualifiedStaticIntegerFieldAccessorImpl
Event: 6.789 loading class jdk/internal/reflect/UnsafeQualifiedStaticIntegerFieldAccessorImpl done


Dynamic libraries:
0x00007ff6ceb60000 - 0x00007ff6ceb6e000 	C:\SOFTWARES\sts-4.21.0.RELEASE\plugins\org.eclipse.justj.openjdk.hotspot.jre.full.win32.x86_64_17.0.9.v20231028-0858\jre\bin\javaw.exe
0x00007fff5e6f0000 - 0x00007fff5e8e8000 	C:\Windows\SYSTEM32\ntdll.dll
0x00007fff5e270000 - 0x00007fff5e32f000 	C:\Windows\System32\KERNEL32.DLL
0x00007fff5c0e0000 - 0x00007fff5c3d6000 	C:\Windows\System32\KERNELBASE.dll
0x00007fff5bdd0000 - 0x00007fff5bed0000 	C:\Windows\System32\ucrtbase.dll
0x00007fff55d70000 - 0x00007fff55d87000 	C:\SOFTWARES\sts-4.21.0.RELEASE\plugins\org.eclipse.justj.openjdk.hotspot.jre.full.win32.x86_64_17.0.9.v20231028-0858\jre\bin\jli.dll
0x00007fff5e3a0000 - 0x00007fff5e53d000 	C:\Windows\System32\USER32.dll
0x00007fff5c720000 - 0x00007fff5c742000 	C:\Windows\System32\win32u.dll
0x00007fff5c950000 - 0x00007fff5c97c000 	C:\Windows\System32\GDI32.dll
0x00007fff5c3e0000 - 0x00007fff5c4f5000 	C:\Windows\System32\gdi32full.dll
0x00007fff5c010000 - 0x00007fff5c0ad000 	C:\Windows\System32\msvcp_win.dll
0x00007fff559a0000 - 0x00007fff559bb000 	C:\SOFTWARES\sts-4.21.0.RELEASE\plugins\org.eclipse.justj.openjdk.hotspot.jre.full.win32.x86_64_17.0.9.v20231028-0858\jre\bin\VCRUNTIME140.dll
0x00007fff47d30000 - 0x00007fff47fca000 	C:\Windows\WinSxS\amd64_microsoft.windows.common-controls_6595b64144ccf1df_6.0.19041.1110_none_60b5254171f9507e\COMCTL32.dll
0x00007fff5e600000 - 0x00007fff5e69e000 	C:\Windows\System32\msvcrt.dll
0x00007fff5cf40000 - 0x00007fff5cf70000 	C:\Windows\System32\IMM32.DLL
0x00007fff56730000 - 0x00007fff5673c000 	C:\SOFTWARES\sts-4.21.0.RELEASE\plugins\org.eclipse.justj.openjdk.hotspot.jre.full.win32.x86_64_17.0.9.v20231028-0858\jre\bin\vcruntime140_1.dll
0x00007fff3ea80000 - 0x00007fff3eb0d000 	C:\SOFTWARES\sts-4.21.0.RELEASE\plugins\org.eclipse.justj.openjdk.hotspot.jre.full.win32.x86_64_17.0.9.v20231028-0858\jre\bin\msvcp140.dll
0x00007fff29100000 - 0x00007fff29d61000 	C:\SOFTWARES\sts-4.21.0.RELEASE\plugins\org.eclipse.justj.openjdk.hotspot.jre.full.win32.x86_64_17.0.9.v20231028-0858\jre\bin\server\jvm.dll
0x00007fff5ce70000 - 0x00007fff5cf1f000 	C:\Windows\System32\ADVAPI32.dll
0x00007fff5e0a0000 - 0x00007fff5e13c000 	C:\Windows\System32\sechost.dll
0x00007fff5c820000 - 0x00007fff5c946000 	C:\Windows\System32\RPCRT4.dll
0x00007fff5bc40000 - 0x00007fff5bc8b000 	C:\Windows\SYSTEM32\POWRPROF.dll
0x00007fff4e120000 - 0x00007fff4e129000 	C:\Windows\SYSTEM32\WSOCK32.dll
0x00007fff5e330000 - 0x00007fff5e39b000 	C:\Windows\System32\WS2_32.dll
0x00007fff558f0000 - 0x00007fff55917000 	C:\Windows\SYSTEM32\WINMM.dll
0x00007fff4f870000 - 0x00007fff4f87a000 	C:\Windows\SYSTEM32\VERSION.dll
0x00007fff5bc20000 - 0x00007fff5bc32000 	C:\Windows\SYSTEM32\UMPDC.dll
0x00007fff5a620000 - 0x00007fff5a632000 	C:\Windows\SYSTEM32\kernel.appcore.dll
0x00007fff57010000 - 0x00007fff5701a000 	C:\SOFTWARES\sts-4.21.0.RELEASE\plugins\org.eclipse.justj.openjdk.hotspot.jre.full.win32.x86_64_17.0.9.v20231028-0858\jre\bin\jimage.dll
0x00007fff5a330000 - 0x00007fff5a514000 	C:\Windows\SYSTEM32\DBGHELP.DLL
0x00007fff4abb0000 - 0x00007fff4abe4000 	C:\Windows\SYSTEM32\dbgcore.DLL
0x00007fff5bf80000 - 0x00007fff5c002000 	C:\Windows\System32\bcryptPrimitives.dll
0x00007fff568d0000 - 0x00007fff568f5000 	C:\SOFTWARES\sts-4.21.0.RELEASE\plugins\org.eclipse.justj.openjdk.hotspot.jre.full.win32.x86_64_17.0.9.v20231028-0858\jre\bin\java.dll
0x00007fff56780000 - 0x00007fff56798000 	C:\SOFTWARES\sts-4.21.0.RELEASE\plugins\org.eclipse.justj.openjdk.hotspot.jre.full.win32.x86_64_17.0.9.v20231028-0858\jre\bin\zip.dll
0x00007fff5d8f0000 - 0x00007fff5e034000 	C:\Windows\System32\SHELL32.dll
0x00007fff59ac0000 - 0x00007fff5a253000 	C:\Windows\SYSTEM32\windows.storage.dll
0x00007fff5d380000 - 0x00007fff5d6d4000 	C:\Windows\System32\combase.dll
0x00007fff5b750000 - 0x00007fff5b77e000 	C:\Windows\SYSTEM32\Wldp.dll
0x00007fff5d740000 - 0x00007fff5d7ed000 	C:\Windows\System32\SHCORE.dll
0x00007fff5d120000 - 0x00007fff5d175000 	C:\Windows\System32\shlwapi.dll
0x00007fff5bd10000 - 0x00007fff5bd2f000 	C:\Windows\SYSTEM32\profapi.dll
0x00007fff582c0000 - 0x00007fff582d9000 	C:\SOFTWARES\sts-4.21.0.RELEASE\plugins\org.eclipse.justj.openjdk.hotspot.jre.full.win32.x86_64_17.0.9.v20231028-0858\jre\bin\net.dll
0x00007fff51630000 - 0x00007fff5173a000 	C:\Windows\SYSTEM32\WINHTTP.dll
0x00007fff5b4b0000 - 0x00007fff5b51a000 	C:\Windows\system32\mswsock.dll
0x00007fff57020000 - 0x00007fff57036000 	C:\SOFTWARES\sts-4.21.0.RELEASE\plugins\org.eclipse.justj.openjdk.hotspot.jre.full.win32.x86_64_17.0.9.v20231028-0858\jre\bin\nio.dll
0x00007fff55230000 - 0x00007fff55239000 	C:\SOFTWARES\sts-4.21.0.RELEASE\plugins\org.eclipse.justj.openjdk.hotspot.jre.full.win32.x86_64_17.0.9.v20231028-0858\jre\bin\management.dll
0x00007fff55220000 - 0x00007fff5522b000 	C:\SOFTWARES\sts-4.21.0.RELEASE\plugins\org.eclipse.justj.openjdk.hotspot.jre.full.win32.x86_64_17.0.9.v20231028-0858\jre\bin\management_ext.dll
0x00007fff5e540000 - 0x00007fff5e548000 	C:\Windows\System32\PSAPI.DLL
0x00007fff42fa0000 - 0x00007fff42fb7000 	C:\Windows\system32\napinsp.dll
0x00007fff42f80000 - 0x00007fff42f9b000 	C:\Windows\system32\pnrpnsp.dll
0x00007fff42f60000 - 0x00007fff42f75000 	C:\Windows\system32\wshbth.dll
0x00007fff56ed0000 - 0x00007fff56eed000 	C:\Windows\system32\NLAapi.dll
0x00007fff5b1a0000 - 0x00007fff5b1dc000 	C:\Windows\SYSTEM32\IPHLPAPI.DLL
0x00007fff5b1e0000 - 0x00007fff5b2ab000 	C:\Windows\SYSTEM32\DNSAPI.dll
0x00007fff5e6a0000 - 0x00007fff5e6a8000 	C:\Windows\System32\NSI.dll
0x00007fff42a60000 - 0x00007fff42a72000 	C:\Windows\System32\winrnr.dll
0x00007fff4f0d0000 - 0x00007fff4f0da000 	C:\Windows\System32\rasadhlp.dll
0x00007fff4f3e0000 - 0x00007fff4f462000 	C:\Windows\System32\fwpuclnt.dll
0x00007fff5c0b0000 - 0x00007fff5c0d7000 	C:\Windows\System32\bcrypt.dll
0x00007fff5b6a0000 - 0x00007fff5b6b8000 	C:\Windows\SYSTEM32\CRYPTSP.dll
0x00007fff5add0000 - 0x00007fff5ae04000 	C:\Windows\system32\rsaenh.dll
0x00007fff5bc90000 - 0x00007fff5bcbe000 	C:\Windows\SYSTEM32\USERENV.dll
0x00007fff5b6c0000 - 0x00007fff5b6cc000 	C:\Windows\SYSTEM32\CRYPTBASE.dll
0x00007fff523f0000 - 0x00007fff52407000 	C:\Windows\SYSTEM32\dhcpcsvc6.DLL
0x00007fff53200000 - 0x00007fff5321d000 	C:\Windows\SYSTEM32\dhcpcsvc.DLL
0x00007fff56770000 - 0x00007fff5677e000 	C:\SOFTWARES\sts-4.21.0.RELEASE\plugins\org.eclipse.justj.openjdk.hotspot.jre.full.win32.x86_64_17.0.9.v20231028-0858\jre\bin\sunmscapi.dll
0x00007fff5c5c0000 - 0x00007fff5c71e000 	C:\Windows\System32\CRYPT32.dll
0x00007fff5b7c0000 - 0x00007fff5b7e8000 	C:\Windows\SYSTEM32\ncrypt.dll
0x00007fff5b780000 - 0x00007fff5b7bb000 	C:\Windows\SYSTEM32\NTASN1.dll
0x00007fff582b0000 - 0x00007fff582c0000 	C:\SOFTWARES\sts-4.21.0.RELEASE\plugins\org.eclipse.justj.openjdk.hotspot.jre.full.win32.x86_64_17.0.9.v20231028-0858\jre\bin\verify.dll

dbghelp: loaded successfully - version: 4.0.5 - missing functions: none
symbol engine: initialized successfully - sym options: 0x614 - pdb path: .;C:\SOFTWARES\sts-4.21.0.RELEASE\plugins\org.eclipse.justj.openjdk.hotspot.jre.full.win32.x86_64_17.0.9.v20231028-0858\jre\bin;C:\Windows\SYSTEM32;C:\Windows\WinSxS\amd64_microsoft.windows.common-controls_6595b64144ccf1df_6.0.19041.1110_none_60b5254171f9507e;C:\SOFTWARES\sts-4.21.0.RELEASE\plugins\org.eclipse.justj.openjdk.hotspot.jre.full.win32.x86_64_17.0.9.v20231028-0858\jre\bin\server

VM Arguments:
jvm_args: -Dcom.sun.management.jmxremote -Dcom.sun.management.jmxremote.port=62724 -Dcom.sun.management.jmxremote.authenticate=false -Dcom.sun.management.jmxremote.ssl=false -Djava.rmi.server.hostname=localhost -Dspring.jmx.enabled=true -Dmanagement.endpoints.jmx.exposure.include=* -Dspring.application.admin.enabled=true -XX:TieredStopAtLevel=1 -Dspring.boot.project.name=PROJECT_3_part_start2 -Dfile.encoding=UTF-8 -Dstdout.encoding=UTF-8 -Dstderr.encoding=UTF-8 -XX:+ShowCodeDetailsInExceptionMessages 
java_command: in.sp.main.ProjectApplication --spring.output.ansi.enabled=always
java_class_path (initial): C:\Users\DELL\Desktop\SPRING   & SPRINGBOOT\SPRINGBOOT\PROJECT_3_part_start2\target\classes;C:\Users\DELL\.m2\repository\org\springframework\boot\spring-boot-starter-web\3.2.2\spring-boot-starter-web-3.2.2.jar;C:\Users\DELL\.m2\repository\org\springframework\boot\spring-boot-starter\3.2.2\spring-boot-starter-3.2.2.jar;C:\Users\DELL\.m2\repository\org\springframework\boot\spring-boot\3.2.2\spring-boot-3.2.2.jar;C:\Users\DELL\.m2\repository\org\springframework\boot\spring-boot-autoconfigure\3.2.2\spring-boot-autoconfigure-3.2.2.jar;C:\Users\DELL\.m2\repository\org\springframework\boot\spring-boot-starter-logging\3.2.2\spring-boot-starter-logging-3.2.2.jar;C:\Users\DELL\.m2\repository\ch\qos\logback\logback-classic\1.4.14\logback-classic-1.4.14.jar;C:\Users\DELL\.m2\repository\ch\qos\logback\logback-core\1.4.14\logback-core-1.4.14.jar;C:\Users\DELL\.m2\repository\org\apache\logging\log4j\log4j-to-slf4j\2.21.1\log4j-to-slf4j-2.21.1.jar;C:\Users\DELL\.m2\repository\org\apache\logging\log4j\log4j-api\2.21.1\log4j-api-2.21.1.jar;C:\Users\DELL\.m2\repository\org\slf4j\jul-to-slf4j\2.0.11\jul-to-slf4j-2.0.11.jar;C:\Users\DELL\.m2\repository\jakarta\annotation\jakarta.annotation-api\2.1.1\jakarta.annotation-api-2.1.1.jar;C:\Users\DELL\.m2\repository\org\yaml\snakeyaml\2.2\snakeyaml-2.2.jar;C:\Users\DELL\.m2\repository\org\springframework\boot\spring-boot-starter-json\3.2.2\spring-boot-starter-json-3.2.2.jar;C:\Users\DELL\.m2\repository\com\fasterxml\jackson\core\jackson-databind\2.15.3\jackson-databind-2.15.3.jar;C:\Users\DELL\.m2\repository\com\fasterxml\jackson\core\jackson-annotations\2.15.3\jackson-annotations-2.15.3.jar;C:\Users\DELL\.m2\repository\com\fasterxml\jackson\core\jackson-core\2.15.3\jackson-core-2.15.3.jar;C:\Users\DELL\.m2\repository\com\fasterxml\jackson\datatype\jackson-datatype-jdk8\2.15.3\jackson-datatype-jdk8-2.15.3.jar;C:\Users\DELL\.m2\repository\com\fasterxml\jackson\datatype\jackson-datatype-jsr310\2.15.3\jackson-datatyp
Launcher Type: SUN_STANDARD

[Global flags]
     intx CICompilerCount                          = 3                                         {product} {ergonomic}
     uint ConcGCThreads                            = 1                                         {product} {ergonomic}
     uint G1ConcRefinementThreads                  = 4                                         {product} {ergonomic}
   size_t G1HeapRegionSize                         = 1048576                                   {product} {ergonomic}
    uintx GCDrainStackTargetSize                   = 64                                        {product} {ergonomic}
   size_t InitialHeapSize                          = 125829120                                 {product} {ergonomic}
     bool ManagementServer                         = true                                      {product} {command line}
   size_t MarkStackSize                            = 4194304                                   {product} {ergonomic}
   size_t MaxHeapSize                              = 2011168768                                {product} {ergonomic}
   size_t MaxNewSize                               = 1205862400                                {product} {ergonomic}
   size_t MinHeapDeltaBytes                        = 1048576                                   {product} {ergonomic}
   size_t MinHeapSize                              = 8388608                                   {product} {ergonomic}
    uintx NonProfiledCodeHeapSize                  = 0                                      {pd product} {ergonomic}
     bool ProfileInterpreter                       = false                                  {pd product} {command line}
    uintx ProfiledCodeHeapSize                     = 0                                      {pd product} {ergonomic}
     bool ShowCodeDetailsInExceptionMessages       = true                                   {manageable} {command line}
   size_t SoftMaxHeapSize                          = 2011168768                             {manageable} {ergonomic}
     intx TieredStopAtLevel                        = 1                                         {product} {command line}
     bool UseCompressedClassPointers               = true                           {product lp64_product} {ergonomic}
     bool UseCompressedOops                        = true                           {product lp64_product} {ergonomic}
     bool UseG1GC                                  = true                                      {product} {ergonomic}
     bool UseLargePagesIndividualAllocation        = false                                  {pd product} {ergonomic}

Logging:
Log output configuration:
 #0: stdout all=warning uptime,level,tags
 #1: stderr all=off uptime,level,tags

Environment Variables:
JAVA_HOME=C:\Program Files (x86)\Java\jre-1.8
CLASSPATH="C:\Users\DELL\Desktop\mysql-connector-j-8.0.32.jar;."
PATH=C:/SOFTWARES/sts-4.21.0.RELEASE//plugins/org.eclipse.justj.openjdk.hotspot.jre.full.win32.x86_64_17.0.9.v20231028-0858/jre/bin/server;C:/SOFTWARES/sts-4.21.0.RELEASE//plugins/org.eclipse.justj.openjdk.hotspot.jre.full.win32.x86_64_17.0.9.v20231028-0858/jre/bin;C:\Program Files (x86)\Common Files\Oracle\Java\javapath;C:\Windows\system32;C:\Program Files\MySQL\MySQL Server 8.0\bin;C:\Program Files\MySQL\MySQL Shell 8.0\bin;C:\mysql-connector-j-8.1.0.jar;C:\Windows;C:\Windows\System32\Wbem;C:\Windows\System32\WindowsPowerShell\v1.0\;C:\Windows\System32\OpenSSH\;C:\Program Files (x86)\Java\jre-1.8\BIN;C:\Program Files (x86)\Java\jre-1.8\BEAN;C:\Program Files\MySQL\MySQL Shell 8.0\bin\;C:\Users\DELL\AppData\Local\Microsoft\WindowsApps;C:\Users\DELL\AppData\Local\Programs\Microsoft VS Code\bin;C:\Users\DELL\Downloads\jdk-20_windows-x64_bin.msi;;C:\SOFTWARES\sts-4.21.0.RELEASE;
USERNAME=DELL
OS=Windows_NT
PROCESSOR_IDENTIFIER=Intel64 Family 6 Model 78 Stepping 3, GenuineIntel
TMP=C:\Users\DELL\AppData\Local\Temp
TEMP=C:\Users\DELL\AppData\Local\Temp



Periodic native trim disabled


---------------  S Y S T E M  ---------------

OS:
 Windows 10 , 64 bit Build 19041 (10.0.19041.2913)
OS uptime: 0 days 17:13 hours

CPU: total 4 (initial active 4) (2 cores per cpu, 2 threads per core) family 6 model 78 stepping 3 microcode 0xcc, cx8, cmov, fxsr, ht, mmx, 3dnowpref, sse, sse2, sse3, ssse3, sse4.1, sse4.2, popcnt, lzcnt, tsc, tscinvbit, avx, avx2, aes, erms, clmul, bmi1, bmi2, adx, fma, vzeroupper, clflush, clflushopt
Processor Information for processor 0
  Max Mhz: 2000, Current Mhz: 1500, Mhz Limit: 2000
Processor Information for processor 1
  Max Mhz: 2000, Current Mhz: 2000, Mhz Limit: 2000
Processor Information for processor 2
  Max Mhz: 2000, Current Mhz: 2000, Mhz Limit: 2000
Processor Information for processor 3
  Max Mhz: 2000, Current Mhz: 2000, Mhz Limit: 2000

Memory: 4k page, system-wide physical 7669M (3042M free)
TotalPageFile size 15349M (AvailPageFile size 9467M)
current process WorkingSet (physical memory assigned to process): 181M, peak: 181M
current process commit charge ("private bytes"): 203M, peak: 214M

vm_info: OpenJDK 64-Bit Server VM (17.0.9+9) for windows-amd64 JRE (17.0.9+9), built on Oct 26 2023 14:01:42 by "admin" with MS VC++ 16.10 / 16.11 (VS2019)

END.
