#
# A fatal error has been detected by the Java Runtime Environment:
#
#  EXCEPTION_ACCESS_VIOLATION (0xc0000005) at pc=0x00007fff2940a9c9, pid=7992, tid=9740
#
# JRE version: OpenJDK Runtime Environment Temurin-17.0.9+9 (17.0.9+9) (build 17.0.9+9)
# Java VM: OpenJDK 64-Bit Server VM Temurin-17.0.9+9 (17.0.9+9, mixed mode, emulated-client, tiered, compressed oops, compressed class ptrs, g1 gc, windows-amd64)
# Problematic frame:
# V  [jvm.dll+0x30a9c9]
#
# No core dump will be written. Minidumps are not enabled by default on client versions of Windows
#
# If you would like to submit a bug report, please visit:
#   https://github.com/adoptium/adoptium-support/issues
#

---------------  S U M M A R Y ------------

Command Line: -Dcom.sun.management.jmxremote -Dcom.sun.management.jmxremote.port=61918 -Dcom.sun.management.jmxremote.authenticate=false -Dcom.sun.management.jmxremote.ssl=false -Djava.rmi.server.hostname=localhost -Dspring.jmx.enabled=true -Dmanagement.endpoints.jmx.exposure.include=* -Dspring.application.admin.enabled=true -XX:TieredStopAtLevel=1 -Dspring.boot.project.name=PROJECT_3_part_start2 -Dfile.encoding=UTF-8 -Dstdout.encoding=UTF-8 -Dstderr.encoding=UTF-8 -XX:+ShowCodeDetailsInExceptionMessages in.sp.main.ProjectApplication --spring.output.ansi.enabled=always

Host: Intel(R) Core(TM) i3-6006U CPU @ 2.00GHz, 4 cores, 7G,  Windows 10 , 64 bit Build 19041 (10.0.19041.2913)
Time: Sat Feb 10 11:55:33 2024 India Standard Time elapsed time: 8.176413 seconds (0d 0h 0m 8s)

---------------  T H R E A D  ---------------

Current thread (0x000001bda44bf7d0):  GCTaskThread "GC Thread#1" [stack: 0x000000addab00000,0x000000addac00000] [id=9740]

Stack: [0x000000addab00000,0x000000addac00000],  sp=0x000000addabff7b0,  free space=1021k
Native frames: (J=compiled Java code, j=interpreted, Vv=VM code, C=native code)
V  [jvm.dll+0x30a9c9]
V  [jvm.dll+0x3077be]
V  [jvm.dll+0x315da3]
V  [jvm.dll+0x317d4e]
V  [jvm.dll+0x3163ed]
V  [jvm.dll+0x31790a]
V  [jvm.dll+0x2e2053]
V  [jvm.dll+0x2e3abb]
V  [jvm.dll+0x861e7b]
V  [jvm.dll+0x861ec6]
V  [jvm.dll+0x7e3c3a]
V  [jvm.dll+0x67be35]
C  [ucrtbase.dll+0x21bb2]
C  [KERNEL32.DLL+0x17614]
C  [ntdll.dll+0x526a1]


siginfo: EXCEPTION_ACCESS_VIOLATION (0xc0000005), reading address 0x0000000001000000


Registers:
RAX=0x0000000000000000, RBX=0x00000000899fcff1, RCX=0x0000000000000014, RDX=0x0000000000000000
RSP=0x000000addabff7b0, RBP=0x0000000000000271, RSI=0x00000000899fcff0, RDI=0x000001bda476b320
R8 =0x00000000899fd030, R9 =0x0000000000000060, R10=0x0000000001000000, R11=0x00007fff559a15c3
R12=0x000000addabffa30, R13=0x000001bd922f3fe0, R14=0x0000000000000040, R15=0x0000000000000000
RIP=0x00007fff2940a9c9, EFLAGS=0x0000000000010246


Register to memory mapping:

RIP=0x00007fff2940a9c9 jvm.dll
RAX=0x0 is NULL
RBX=0x00000000899fcff1 is pointing into object: java.lang.Class 
{0x00000000899fcfa8} - klass: 'java/lang/Class'
 - ---- fields (total size 14 words):
 - private volatile transient 'classRedefinedCount' 'I' @12  0
 - private volatile transient 'cachedConstructor' 'Ljava/lang/reflect/Constructor;' @40  NULL (0)
 - private transient 'name' 'Ljava/lang/String;' @44  "org.hibernate.internal.util.collections.BoundedConcurrentHashMap$HashEntry"{0x00000000899fd018} (899fd018)
 - private transient 'module' 'Ljava/lang/Module;' @48  a 'java/lang/Module'{0x00000000886ec770} (886ec770)
 - private final 'classLoader' 'Ljava/lang/ClassLoader;' @52  a 'jdk/internal/loader/ClassLoaders$AppClassLoader'{0x0000000088672e00} (88672e00)
 - private transient 'classData' 'Ljava/lang/Object;' @56  NULL (0)
 - private transient 'packageName' 'Ljava/lang/String;' @60  "org.hibernate.internal.util.collections"{0x000000008956dcd0} (8956dcd0)
 - private final 'componentType' 'Ljava/lang/Class;' @64  NULL (0)
 - private volatile transient 'reflectionData' 'Ljava/lang/ref/SoftReference;' @68  NULL (0)
 - private volatile transient 'genericInfo' 'Lsun/reflect/generics/repository/ClassRepository;' @72  
[error occurred during error reporting (printing register info), id 0xc0000005, EXCEPTION_ACCESS_VIOLATION (0xc0000005) at pc=0x00007fff2949487e]

Top of Stack: (sp=0x000000addabff7b0)
0x000000addabff7b0:   0000000000000000 0000000000440100
0x000000addabff7c0:   0000000000000000 0000000000000011
0x000000addabff7d0:   000001bd98d74fc0 0000000000000003
0x000000addabff7e0:   00000000000000c0 000000addabffa30
0x000000addabff7f0:   0000000088bf9200 00007fff294077be
0x000000addabff800:   0000000000000000 000001bda476b320
0x000000addabff810:   000001bd98d74fc0 0000000000000003
0x000000addabff820:   0000000004dd6cf0 00000003c6ef1224
0x000000addabff830:   000000addabffa30 0000000088bf9200
0x000000addabff840:   0000000088bf9800 00007fff29415da3
0x000000addabff850:   0000000088bf9200 000000addabff870
0x000000addabff860:   000000addabff880 000001bd9233aaf0
0x000000addabff870:   0000000088bf9200 00000000000000c0
0x000000addabff880:   00007fff29a5a6b8 0000000000000000
0x000000addabff890:   000001bd9028e970 000001bda476b320
0x000000addabff8a0:   000001bd98d74fe0 00007fff29417d4e
0x000000addabff8b0:   0000000000004fc9 000001bd98d74fcd
0x000000addabff8c0:   000000000000000c 0000000000000003
0x000000addabff8d0:   000001bd901bc370 00007fff2977644f
0x000000addabff8e0:   0000000000000000 0000000000000000
0x000000addabff8f0:   000000ad00000000 00007fff2977644f
0x000000addabff900:   000000addabff980 000001bda4516c40
0x000000addabff910:   000001bda4516c10 000001bda4380130
0x000000addabff920:   00000000000003d8 000001bda4380220
0x000000addabff930:   000001bda4380518 00007fff293ff592
0x000000addabff940:   000000addabffa88 0000000000000003
0x000000addabff950:   0000000000000010 000001bd922f4ee0
0x000000addabff960:   000000000000000f 000001bd92361a30
0x000000addabff970:   000001bd922f3fe0 000000addabffa99
0x000000addabff980:   000000addabffa30 00007fff294163ed
0x000000addabff990:   000000ad00000009 000001bda44dd810
0x000000addabff9a0:   0000000000004fc0 0000000000000009 

Instructions: (pc=0x00007fff2940a9c9)
0x00007fff2940a8c9:   ff 48 8d 53 fe 48 8b cf e8 6a f4 ff ff e9 35 fd
0x00007fff2940a8d9:   ff ff 0f 1f 44 00 00 48 8b 77 10 8b ae 80 00 00
0x00007fff2940a8e9:   00 8b cd 8b 86 00 01 00 00 2b c8 81 e1 ff ff 01
0x00007fff2940a8f9:   00 41 3b ce 0f 86 e9 02 00 00 ff cd 81 e5 ff ff
0x00007fff2940a909:   01 00 89 ae 80 00 00 00 e8 fa 37 36 00 90 8b d5
0x00007fff2940a919:   8b 86 00 01 00 00 8b cd 48 8b 9e 80 01 00 00 2b
0x00007fff2940a929:   c8 81 e1 ff ff 01 00 81 f9 ff ff 01 00 48 8b 1c
0x00007fff2940a939:   eb 41 0f 44 cf 85 c9 75 3d 90 89 6c 24 50 48 8b
0x00007fff2940a949:   86 00 01 00 00 48 8b c8 48 c1 e9 20 ff c1 89 4c
0x00007fff2940a959:   24 54 3b e8 0f 85 77 02 00 00 48 c1 e1 20 48 0b
0x00007fff2940a969:   ca f0 48 0f b1 8e 00 01 00 00 0f 85 61 02 00 00
0x00007fff2940a979:   8b 86 00 01 00 00 f6 c3 01 0f 84 2f 01 00 00 8b
0x00007fff2940a989:   0d 5a c9 80 00 48 8d 73 ff 48 8b 47 08 44 8b 16
0x00007fff2940a999:   49 d3 e2 4c 03 15 3d c9 80 00 8b 88 90 05 00 00
0x00007fff2940a9a9:   49 8b d2 48 8b 80 80 05 00 00 48 d3 ea 0f b7 14
0x00007fff2940a9b9:   50 0f b7 c2 66 c1 e8 08 84 c0 0f 88 17 ff ff ff
0x00007fff2940a9c9:   4d 8b 02 41 0f b6 c0 24 03 3c 03 75 1e 44 38 3d
0x00007fff2940a9d9:   db 89 87 00 74 0f 41 0f b6 c0 24 07 3c 05 75 05
0x00007fff2940a9e9:   4d 8b c7 eb 17 49 83 e0 fc eb 11 4d 8b c8 48 8b
0x00007fff2940a9f9:   cf 4d 8b c2 e8 2e ef ff ff 4c 8b c0 8b 0d dd c8
0x00007fff2940aa09:   80 00 49 8b d0 48 2b 15 cb c8 80 00 48 d3 ea 89
0x00007fff2940aa19:   16 49 8b d0 8b 0d ad 92 87 00 48 33 d6 48 d3 ea
0x00007fff2940aa29:   48 85 d2 0f 84 ae fe ff ff 48 8b 47 08 48 8b d6
0x00007fff2940aa39:   8b 88 c0 01 00 00 48 8b 80 b0 01 00 00 48 d3 ea
0x00007fff2940aa49:   48 8b 0c d0 8b 81 94 00 00 00 d1 e8 a8 01 0f 85
0x00007fff2940aa59:   83 fe ff ff 48 8b 47 08 8b 88 90 05 00 00 48 8b
0x00007fff2940aa69:   80 80 05 00 00 49 d3 e8 46 38 3c 40 0f 84 65 fe
0x00007fff2940aa79:   ff ff 48 8b 47 60 48 c1 ee 09 48 8b 58 40 48 8b
0x00007fff2940aa89:   48 38 48 03 de 48 2b d9 48 39 9f b0 01 00 00 0f
0x00007fff2940aa99:   84 42 fe ff ff 48 8d 14 0b 48 8d 4f 18 e8 a5 40
0x00007fff2940aaa9:   00 00 48 89 9f b0 01 00 00 e9 29 fe ff ff f6 c3
0x00007fff2940aab9:   03 0f 85 09 01 00 00 48 8b 47 08 4c 8b 13 49 8b 


Stack slot to memory mapping:
stack at sp + 0 slots: 0x0 is NULL
stack at sp + 1 slots: 0x0000000000440100 is an unknown value
stack at sp + 2 slots: 0x0 is NULL
stack at sp + 3 slots: 0x0000000000000011 is an unknown value
stack at sp + 4 slots: 0x000001bd98d74fc0 points into unknown readable memory: 0xffffffffffffffff | ff ff ff ff ff ff ff ff
stack at sp + 5 slots: 0x0000000000000003 is an unknown value
stack at sp + 6 slots: 0x00000000000000c0 is an unknown value
stack at sp + 7 slots: 0x000000addabffa30 points into unknown readable memory: 0x00007fff29a5a8a0 | a0 a8 a5 29 ff 7f 00 00


---------------  P R O C E S S  ---------------

Threads class SMR info:
_java_thread_list=0x000001bda5490090, length=26, elements={
0x000001bd9028d000, 0x000001bd9f4d2af0, 0x000001bd9f4d4cd0, 0x000001bd9f4fe770,
0x000001bd9f4ff1a0, 0x000001bd9f500a80, 0x000001bd9f501350, 0x000001bd9f635510,
0x000001bd9f635e20, 0x000001bd9f458740, 0x000001bd9f72dfd0, 0x000001bd9f72e4f0,
0x000001bd9f7f27b0, 0x000001bda44ae010, 0x000001bda44af500, 0x000001bda44b7510,
0x000001bda475f450, 0x000001bda475f930, 0x000001bda4781660, 0x000001bda47fc250,
0x000001bda47f8fb0, 0x000001bda47fc760, 0x000001bda47fa900, 0x000001bda47f94c0,
0x000001bda47fae10, 0x000001bda47fb320
}

Java Threads: ( => current thread )
  0x000001bd9028d000 JavaThread "main" [_thread_blocked, id=2244, stack(0x000000add9300000,0x000000add9400000)]
  0x000001bd9f4d2af0 JavaThread "Reference Handler" daemon [_thread_blocked, id=9660, stack(0x000000add9a00000,0x000000add9b00000)]
  0x000001bd9f4d4cd0 JavaThread "Finalizer" daemon [_thread_blocked, id=4508, stack(0x000000add9b00000,0x000000add9c00000)]
  0x000001bd9f4fe770 JavaThread "Signal Dispatcher" daemon [_thread_blocked, id=8180, stack(0x000000add9c00000,0x000000add9d00000)]
  0x000001bd9f4ff1a0 JavaThread "Attach Listener" daemon [_thread_blocked, id=11016, stack(0x000000add9d00000,0x000000add9e00000)]
  0x000001bd9f500a80 JavaThread "Service Thread" daemon [_thread_blocked, id=2104, stack(0x000000add9e00000,0x000000add9f00000)]
  0x000001bd9f501350 JavaThread "Monitor Deflation Thread" daemon [_thread_blocked, id=3812, stack(0x000000add9f00000,0x000000adda000000)]
  0x000001bd9f635510 JavaThread "C1 CompilerThread0" daemon [_thread_blocked, id=5648, stack(0x000000adda000000,0x000000adda100000)]
  0x000001bd9f635e20 JavaThread "Sweeper thread" daemon [_thread_blocked, id=2528, stack(0x000000adda100000,0x000000adda200000)]
  0x000001bd9f458740 JavaThread "Common-Cleaner" daemon [_thread_blocked, id=7988, stack(0x000000adda200000,0x000000adda300000)]
  0x000001bd9f72dfd0 JavaThread "C1 CompilerThread1" daemon [_thread_blocked, id=5820, stack(0x000000adda300000,0x000000adda400000)]
  0x000001bd9f72e4f0 JavaThread "C1 CompilerThread2" daemon [_thread_blocked, id=496, stack(0x000000adda400000,0x000000adda500000)]
  0x000001bd9f7f27b0 JavaThread "Notification Thread" daemon [_thread_blocked, id=6872, stack(0x000000adda500000,0x000000adda600000)]
  0x000001bda44ae010 JavaThread "RMI TCP Accept-0" daemon [_thread_in_native, id=5744, stack(0x000000adda700000,0x000000adda800000)]
  0x000001bda44af500 JavaThread "RMI TCP Accept-61918" daemon [_thread_in_native, id=9012, stack(0x000000adda800000,0x000000adda900000)]
  0x000001bda44b7510 JavaThread "RMI TCP Accept-0" daemon [_thread_in_native, id=3968, stack(0x000000adda900000,0x000000addaa00000)]
  0x000001bda475f450 JavaThread "RMI TCP Connection(1)-127.0.0.1" daemon [_thread_in_native, id=10468, stack(0x000000addaf00000,0x000000addb000000)]
  0x000001bda475f930 JavaThread "RMI Scheduler(0)" daemon [_thread_blocked, id=8600, stack(0x000000addb000000,0x000000addb100000)]
  0x000001bda4781660 JavaThread "RMI TCP Connection(2)-127.0.0.1" daemon [_thread_blocked, id=7508, stack(0x000000addb100000,0x000000addb200000)]
  0x000001bda47fc250 JavaThread "JMX server connection timeout 21" daemon [_thread_blocked, id=8424, stack(0x000000addb200000,0x000000addb300000)]
  0x000001bda47f8fb0 JavaThread "Catalina-utility-1" [_thread_blocked, id=7760, stack(0x000000addb300000,0x000000addb400000)]
  0x000001bda47fc760 JavaThread "Catalina-utility-2" [_thread_blocked, id=9960, stack(0x000000addb400000,0x000000addb500000)]
  0x000001bda47fa900 JavaThread "container-0" [_thread_blocked, id=9292, stack(0x000000addb500000,0x000000addb600000)]
  0x000001bda47f94c0 JavaThread "mysql-cj-abandoned-connection-cleanup" daemon [_thread_blocked, id=5324, stack(0x000000addb600000,0x000000addb700000)]
  0x000001bda47fae10 JavaThread "HikariPool-1 housekeeper" daemon [_thread_blocked, id=10988, stack(0x000000addb800000,0x000000addb900000)]
  0x000001bda47fb320 JavaThread "HikariPool-1 connection adder" daemon [_thread_blocked, id=2808, stack(0x000000addb900000,0x000000addba00000)]

Other Threads:
  0x000001bd9f4ccca0 VMThread "VM Thread" [stack: 0x000000add9900000,0x000000add9a00000] [id=7276]
  0x000001bd9028de20 WatcherThread [stack: 0x000000addaa00000,0x000000addab00000] [id=10012]
  0x000001bd9233a5c0 GCTaskThread "GC Thread#0" [stack: 0x000000add9400000,0x000000add9500000] [id=1864]
=>0x000001bda44bf7d0 GCTaskThread "GC Thread#1" [stack: 0x000000addab00000,0x000000addac00000] [id=9740]
  0x000001bda452a410 GCTaskThread "GC Thread#2" [stack: 0x000000addac00000,0x000000addad00000] [id=11036]
  0x000001bda452a6d0 GCTaskThread "GC Thread#3" [stack: 0x000000addad00000,0x000000addae00000] [id=10188]
  0x000001bd9234a3e0 ConcurrentGCThread "G1 Main Marker" [stack: 0x000000add9500000,0x000000add9600000] [id=7788]
  0x000001bd9234ad10 ConcurrentGCThread "G1 Conc#0" [stack: 0x000000add9600000,0x000000add9700000] [id=1900]
  0x000001bd9f3240b0 ConcurrentGCThread "G1 Refine#0" [stack: 0x000000add9700000,0x000000add9800000] [id=7360]
  0x000001bda44e1870 ConcurrentGCThread "G1 Refine#1" [stack: 0x000000addae00000,0x000000addaf00000] [id=10896]
  0x000001bd9f3249f0 ConcurrentGCThread "G1 Service" [stack: 0x000000add9800000,0x000000add9900000] [id=9952]

Threads with active compile tasks:

VM state: at safepoint (normal execution)

VM Mutex/Monitor currently owned by a thread:  ([mutex/lock_event])
[0x000001bd9028c570] Threads_lock - owner thread: 0x000001bd9f4ccca0
[0x000001bd9028b0a0] Heap_lock - owner thread: 0x000001bd9028d000

Heap address: 0x0000000088200000, size: 1918 MB, Compressed Oops mode: 32-bit

CDS archive(s) not mapped
Compressed class space mapped at: 0x0000000100000000-0x0000000140000000, reserved size: 1073741824
Narrow klass base: 0x0000000000000000, Narrow klass shift: 3, Narrow klass range: 0x140000000

GC Precious Log:
 CPUs: 4 total, 4 available
 Memory: 7669M
 Large Page Support: Disabled
 NUMA Support: Disabled
 Compressed Oops: Enabled (32-bit)
 Heap Region Size: 1M
 Heap Min Capacity: 8M
 Heap Initial Capacity: 120M
 Heap Max Capacity: 1918M
 Pre-touch: Disabled
 Parallel Workers: 4
 Concurrent Workers: 1
 Concurrent Refinement Workers: 4
 Periodic GC: Disabled

Heap:
 garbage-first heap   total 60416K, used 47670K [0x0000000088200000, 0x0000000100000000)
  region size 1024K, 25 young (25600K), 3 survivors (3072K)
 Metaspace       used 69559K, committed 70144K, reserved 1114112K
  class space    used 9405K, committed 9664K, reserved 1048576K

Heap Regions: E=young(eden), S=young(survivor), O=old, HS=humongous(starts), HC=humongous(continues), CS=collection set, F=free, OA=open archive, CA=closed archive, TAMS=top-at-mark-start (previous, next)
|   0|0x0000000088200000, 0x0000000088300000, 0x0000000088300000|100%|HS|  |TAMS 0x0000000088300000, 0x0000000088200000| Complete 
|   1|0x0000000088300000, 0x0000000088400000, 0x0000000088400000|100%| O|  |TAMS 0x0000000088400000, 0x0000000088300000| Untracked 
|   2|0x0000000088400000, 0x0000000088500000, 0x0000000088500000|100%| O|  |TAMS 0x0000000088500000, 0x0000000088400000| Untracked 
|   3|0x0000000088500000, 0x0000000088600000, 0x0000000088600000|100%| O|  |TAMS 0x0000000088600000, 0x0000000088500000| Untracked 
|   4|0x0000000088600000, 0x0000000088700000, 0x0000000088700000|100%| O|  |TAMS 0x0000000088700000, 0x0000000088600000| Untracked 
|   5|0x0000000088700000, 0x0000000088800000, 0x0000000088800000|100%| O|  |TAMS 0x0000000088800000, 0x0000000088700000| Untracked 
|   6|0x0000000088800000, 0x0000000088880200, 0x0000000088900000| 50%| O|  |TAMS 0x0000000088880200, 0x0000000088800000| Untracked 
|   7|0x0000000088900000, 0x0000000088a00000, 0x0000000088a00000|100%| O|  |TAMS 0x0000000088a00000, 0x0000000088900000| Untracked 
|   8|0x0000000088a00000, 0x0000000088b00000, 0x0000000088b00000|100%| O|  |TAMS 0x0000000088b00000, 0x0000000088a00000| Untracked 
|   9|0x0000000088b00000, 0x0000000088c00000, 0x0000000088c00000|100%| O|  |TAMS 0x0000000088c00000, 0x0000000088b00000| Untracked 
|  10|0x0000000088c00000, 0x0000000088d00000, 0x0000000088d00000|100%| O|  |TAMS 0x0000000088d00000, 0x0000000088c00000| Untracked 
|  11|0x0000000088d00000, 0x0000000088e00000, 0x0000000088e00000|100%| O|  |TAMS 0x0000000088e00000, 0x0000000088d00000| Untracked 
|  12|0x0000000088e00000, 0x0000000088f00000, 0x0000000088f00000|100%| O|  |TAMS 0x0000000088f00000, 0x0000000088e00000| Untracked 
|  13|0x0000000088f00000, 0x0000000089000000, 0x0000000089000000|100%| O|  |TAMS 0x0000000089000000, 0x0000000088f00000| Untracked 
|  14|0x0000000089000000, 0x0000000089100000, 0x0000000089100000|100%| O|  |TAMS 0x0000000089100000, 0x0000000089000000| Untracked 
|  15|0x0000000089100000, 0x0000000089200000, 0x0000000089200000|100%| O|  |TAMS 0x0000000089200000, 0x0000000089100000| Untracked 
|  16|0x0000000089200000, 0x0000000089300000, 0x0000000089300000|100%| O|  |TAMS 0x0000000089300000, 0x0000000089200000| Untracked 
|  17|0x0000000089300000, 0x0000000089400000, 0x0000000089400000|100%| O|  |TAMS 0x0000000089400000, 0x0000000089300000| Untracked 
|  18|0x0000000089400000, 0x0000000089500000, 0x0000000089500000|100%| O|  |TAMS 0x0000000089500000, 0x0000000089400000| Untracked 
|  19|0x0000000089500000, 0x0000000089600000, 0x0000000089600000|100%| O|  |TAMS 0x0000000089600000, 0x0000000089500000| Untracked 
|  20|0x0000000089600000, 0x0000000089700000, 0x0000000089700000|100%| O|  |TAMS 0x0000000089700000, 0x0000000089600000| Untracked 
|  21|0x0000000089700000, 0x0000000089800000, 0x0000000089800000|100%| O|  |TAMS 0x0000000089800000, 0x0000000089700000| Untracked 
|  22|0x0000000089800000, 0x0000000089900000, 0x0000000089900000|100%| O|  |TAMS 0x0000000089900000, 0x0000000089800000| Untracked 
|  23|0x0000000089900000, 0x0000000089a00000, 0x0000000089a00000|100%| O|  |TAMS 0x000000008994a000, 0x0000000089900000| Untracked 
|  24|0x0000000089a00000, 0x0000000089a6a250, 0x0000000089b00000| 41%| O|  |TAMS 0x0000000089a00000, 0x0000000089a00000| Untracked 
|  25|0x0000000089b00000, 0x0000000089b00000, 0x0000000089c00000|  0%| F|  |TAMS 0x0000000089b00000, 0x0000000089b00000| Untracked 
|  26|0x0000000089c00000, 0x0000000089c00000, 0x0000000089d00000|  0%| F|  |TAMS 0x0000000089c00000, 0x0000000089c00000| Untracked 
|  27|0x0000000089d00000, 0x0000000089d00000, 0x0000000089e00000|  0%| F|  |TAMS 0x0000000089d00000, 0x0000000089d00000| Untracked 
|  28|0x0000000089e00000, 0x0000000089e00000, 0x0000000089f00000|  0%| F|  |TAMS 0x0000000089e00000, 0x0000000089e00000| Untracked 
|  29|0x0000000089f00000, 0x0000000089f00000, 0x000000008a000000|  0%| F|  |TAMS 0x0000000089f00000, 0x0000000089f00000| Untracked 
|  30|0x000000008a000000, 0x000000008a000000, 0x000000008a100000|  0%| F|  |TAMS 0x000000008a000000, 0x000000008a000000| Untracked 
|  31|0x000000008a100000, 0x000000008a100000, 0x000000008a200000|  0%| F|  |TAMS 0x000000008a100000, 0x000000008a100000| Untracked 
|  32|0x000000008a200000, 0x000000008a229600, 0x000000008a300000| 16%| S|  |TAMS 0x000000008a200000, 0x000000008a200000| Complete 
|  33|0x000000008a300000, 0x000000008a3c3728, 0x000000008a400000| 76%| E|CS|TAMS 0x000000008a300000, 0x000000008a300000| Complete 
|  34|0x000000008a400000, 0x000000008a500000, 0x000000008a500000|100%| S|  |TAMS 0x000000008a400000, 0x000000008a400000| Complete 
|  35|0x000000008a500000, 0x000000008a600000, 0x000000008a600000|100%| S|  |TAMS 0x000000008a500000, 0x000000008a500000| Complete 
|  36|0x000000008a600000, 0x000000008a700000, 0x000000008a700000|100%| E|CS|TAMS 0x000000008a600000, 0x000000008a600000| Complete 
|  37|0x000000008a700000, 0x000000008a800000, 0x000000008a800000|100%| E|CS|TAMS 0x000000008a700000, 0x000000008a700000| Complete 
|  38|0x000000008a800000, 0x000000008a900000, 0x000000008a900000|100%| E|CS|TAMS 0x000000008a800000, 0x000000008a800000| Complete 
|  39|0x000000008a900000, 0x000000008aa00000, 0x000000008aa00000|100%| E|CS|TAMS 0x000000008a900000, 0x000000008a900000| Complete 
|  40|0x000000008aa00000, 0x000000008ab00000, 0x000000008ab00000|100%| E|CS|TAMS 0x000000008aa00000, 0x000000008aa00000| Complete 
|  41|0x000000008ab00000, 0x000000008ac00000, 0x000000008ac00000|100%| E|CS|TAMS 0x000000008ab00000, 0x000000008ab00000| Complete 
|  42|0x000000008ac00000, 0x000000008ad00000, 0x000000008ad00000|100%| E|CS|TAMS 0x000000008ac00000, 0x000000008ac00000| Complete 
|  43|0x000000008ad00000, 0x000000008ae00000, 0x000000008ae00000|100%| E|CS|TAMS 0x000000008ad00000, 0x000000008ad00000| Complete 
|  44|0x000000008ae00000, 0x000000008af00000, 0x000000008af00000|100%| E|CS|TAMS 0x000000008ae00000, 0x000000008ae00000| Complete 
|  45|0x000000008af00000, 0x000000008b000000, 0x000000008b000000|100%| E|CS|TAMS 0x000000008af00000, 0x000000008af00000| Complete 
|  46|0x000000008b000000, 0x000000008b100000, 0x000000008b100000|100%| E|CS|TAMS 0x000000008b000000, 0x000000008b000000| Complete 
|  47|0x000000008b100000, 0x000000008b200000, 0x000000008b200000|100%| E|CS|TAMS 0x000000008b100000, 0x000000008b100000| Complete 
|  48|0x000000008b200000, 0x000000008b300000, 0x000000008b300000|100%| E|CS|TAMS 0x000000008b200000, 0x000000008b200000| Complete 
|  49|0x000000008b300000, 0x000000008b400000, 0x000000008b400000|100%| E|CS|TAMS 0x000000008b300000, 0x000000008b300000| Complete 
|  50|0x000000008b400000, 0x000000008b500000, 0x000000008b500000|100%| E|CS|TAMS 0x000000008b400000, 0x000000008b400000| Complete 
|  51|0x000000008b500000, 0x000000008b600000, 0x000000008b600000|100%| E|CS|TAMS 0x000000008b500000, 0x000000008b500000| Complete 
|  52|0x000000008b600000, 0x000000008b700000, 0x000000008b700000|100%| E|CS|TAMS 0x000000008b600000, 0x000000008b600000| Complete 
|  53|0x000000008b700000, 0x000000008b800000, 0x000000008b800000|100%| E|CS|TAMS 0x000000008b700000, 0x000000008b700000| Complete 
|  90|0x000000008dc00000, 0x000000008dd00000, 0x000000008dd00000|100%| E|CS|TAMS 0x000000008dc00000, 0x000000008dc00000| Complete 
|  91|0x000000008dd00000, 0x000000008de00000, 0x000000008de00000|100%| E|CS|TAMS 0x000000008dd00000, 0x000000008dd00000| Complete 
|  92|0x000000008de00000, 0x000000008df00000, 0x000000008df00000|100%| E|CS|TAMS 0x000000008de00000, 0x000000008de00000| Complete 
| 118|0x000000008f800000, 0x000000008f900000, 0x000000008f900000|100%| E|CS|TAMS 0x000000008f800000, 0x000000008f800000| Complete 
| 119|0x000000008f900000, 0x000000008fa00000, 0x000000008fa00000|100%| E|CS|TAMS 0x000000008f900000, 0x000000008f900000| Complete 

Card table byte_map: [0x000001bd98d70000,0x000001bd99130000] _byte_map_base: 0x000001bd9892f000

Marking Bits (Prev, Next): (CMBitMap*) 0x000001bd9233aaf0, (CMBitMap*) 0x000001bd9233ab30
 Prev Bits: [0x000001bd994f0000, 0x000001bd9b2e8000)
 Next Bits: [0x000001bd9b2f0000, 0x000001bd9d0e8000)

Polling page: 0x000001bd91aa0000

Metaspace:

Usage:
  Non-class:     58.74 MB used.
      Class:      9.18 MB used.
       Both:     67.93 MB used.

Virtual space:
  Non-class space:       64.00 MB reserved,      59.06 MB ( 92%) committed,  1 nodes.
      Class space:        1.00 GB reserved,       9.44 MB ( <1%) committed,  1 nodes.
             Both:        1.06 GB reserved,      68.50 MB (  6%) committed. 

Chunk freelists:
   Non-Class:  4.72 MB
       Class:  6.59 MB
        Both:  11.31 MB

MaxMetaspaceSize: unlimited
CompressedClassSpaceSize: 1.00 GB
Initial GC threshold: 21.00 MB
Current GC threshold: 107.75 MB
CDS: off
MetaspaceReclaimPolicy: balanced
 - commit_granule_bytes: 65536.
 - commit_granule_words: 8192.
 - virtual_space_node_default_size: 8388608.
 - enlarge_chunks_in_place: 1.
 - new_chunks_are_fully_committed: 0.
 - uncommit_free_chunks: 1.
 - use_allocation_guard: 0.
 - handle_deallocations: 1.


Internal statistics:

num_allocs_failed_limit: 17.
num_arena_births: 742.
num_arena_deaths: 0.
num_vsnodes_births: 2.
num_vsnodes_deaths: 0.
num_space_committed: 1096.
num_space_uncommitted: 0.
num_chunks_returned_to_freelist: 17.
num_chunks_taken_from_freelist: 2840.
num_chunk_merges: 17.
num_chunk_splits: 2039.
num_chunks_enlarged: 1560.
num_inconsistent_stats: 0.

CodeCache: size=49152Kb used=10454Kb max_used=10454Kb free=38697Kb
 bounds [0x000001bd959b0000, 0x000001bd963f0000, 0x000001bd989b0000]
 total_blobs=5850 nmethods=5175 adapters=599
 compilation: enabled
              stopped_count=0, restarted_count=0
 full_count=0

Compilation events (20 events):
Event: 8.061 Thread 0x000001bd9f72dfd0 nmethod 5166 0x000001bd963e0190 code [0x000001bd963e0340, 0x000001bd963e05b8]
Event: 8.061 Thread 0x000001bd9f72e4f0 nmethod 5165 0x000001bd963e0690 code [0x000001bd963e0840, 0x000001bd963e0ab8]
Event: 8.062 Thread 0x000001bd9f72dfd0 5167       1       sun.reflect.generics.reflectiveObjects.WildcardTypeImpl::hashCode (20 bytes)
Event: 8.063 Thread 0x000001bd9f72dfd0 nmethod 5167 0x000001bd963e0b90 code [0x000001bd963e0d80, 0x000001bd963e11f8]
Event: 8.063 Thread 0x000001bd9f72dfd0 5168       1       sun.reflect.generics.parser.SignatureParser::parseIdentifier (13 bytes)
Event: 8.063 Thread 0x000001bd9f72dfd0 nmethod 5168 0x000001bd963e1390 code [0x000001bd963e1540, 0x000001bd963e1658]
Event: 8.063 Thread 0x000001bd9f72dfd0 5169       1       sun.reflect.generics.scope.AbstractScope::getRecvr (5 bytes)
Event: 8.064 Thread 0x000001bd9f72dfd0 nmethod 5169 0x000001bd963e1710 code [0x000001bd963e18a0, 0x000001bd963e1978]
Event: 8.064 Thread 0x000001bd9f72e4f0 5170       1       org.springframework.core.convert.TypeDescriptor::getAnnotations (8 bytes)
Event: 8.064 Thread 0x000001bd9f72dfd0 5171       1       org.springframework.core.convert.TypeDescriptor$AnnotatedElementAdapter::getAnnotations (24 bytes)
Event: 8.065 Thread 0x000001bd9f635510 5172       1       org.springframework.core.convert.TypeDescriptor::equals (132 bytes)
Event: 8.065 Thread 0x000001bd9f72e4f0 nmethod 5170 0x000001bd963e1a10 code [0x000001bd963e1bc0, 0x000001bd963e1d48]
Event: 8.065 Thread 0x000001bd9f72dfd0 nmethod 5171 0x000001bd963e1e10 code [0x000001bd963e1fc0, 0x000001bd963e2128]
Event: 8.067 Thread 0x000001bd9f635510 nmethod 5172 0x000001bd963e2210 code [0x000001bd963e2620, 0x000001bd963e37f8]
Event: 8.083 Thread 0x000001bd9f72e4f0 5173       1       org.springframework.core.convert.support.GenericConversionService$ConverterAdapter::<init> (41 bytes)
Event: 8.083 Thread 0x000001bd9f72dfd0 5174       1       org.springframework.core.convert.support.GenericConversionService$ConverterAdapter::getConvertibleTypes (8 bytes)
Event: 8.084 Thread 0x000001bd9f72dfd0 nmethod 5174 0x000001bd963e4290 code [0x000001bd963e4420, 0x000001bd963e4598]
Event: 8.084 Thread 0x000001bd9f72e4f0 nmethod 5173 0x000001bd963e4610 code [0x000001bd963e47e0, 0x000001bd963e4cd8]
Event: 8.142 Thread 0x000001bd9f72dfd0 5175       1       org.hibernate.service.spi.ServiceBinding::getLifecycleOwner (5 bytes)
Event: 8.142 Thread 0x000001bd9f72dfd0 nmethod 5175 0x000001bd963e5790 code [0x000001bd963e5920, 0x000001bd963e59f8]

GC Heap History (20 events):
Event: 2.925 GC heap after
{Heap after GC invocations=7 (full 0):
 garbage-first heap   total 40960K, used 14033K [0x0000000088200000, 0x0000000100000000)
  region size 1024K, 2 young (2048K), 2 survivors (2048K)
 Metaspace       used 30410K, committed 30720K, reserved 1114112K
  class space    used 3756K, committed 3904K, reserved 1048576K
}
Event: 3.239 GC heap before
{Heap before GC invocations=7 (full 0):
 garbage-first heap   total 40960K, used 28369K [0x0000000088200000, 0x0000000100000000)
  region size 1024K, 16 young (16384K), 2 survivors (2048K)
 Metaspace       used 32265K, committed 32512K, reserved 1114112K
  class space    used 4031K, committed 4160K, reserved 1048576K
}
Event: 3.245 GC heap after
{Heap after GC invocations=8 (full 0):
 garbage-first heap   total 50176K, used 15569K [0x0000000088200000, 0x0000000100000000)
  region size 1024K, 2 young (2048K), 2 survivors (2048K)
 Metaspace       used 32265K, committed 32512K, reserved 1114112K
  class space    used 4031K, committed 4160K, reserved 1048576K
}
Event: 3.832 GC heap before
{Heap before GC invocations=8 (full 0):
 garbage-first heap   total 50176K, used 36049K [0x0000000088200000, 0x0000000100000000)
  region size 1024K, 22 young (22528K), 2 survivors (2048K)
 Metaspace       used 35198K, committed 35584K, reserved 1114112K
  class space    used 4490K, committed 4672K, reserved 1048576K
}
Event: 3.841 GC heap after
{Heap after GC invocations=9 (full 0):
 garbage-first heap   total 50176K, used 17071K [0x0000000088200000, 0x0000000100000000)
  region size 1024K, 3 young (3072K), 3 survivors (3072K)
 Metaspace       used 35198K, committed 35584K, reserved 1114112K
  class space    used 4490K, committed 4672K, reserved 1048576K
}
Event: 3.924 GC heap before
{Heap before GC invocations=9 (full 0):
 garbage-first heap   total 50176K, used 20143K [0x0000000088200000, 0x0000000100000000)
  region size 1024K, 7 young (7168K), 3 survivors (3072K)
 Metaspace       used 35777K, committed 36160K, reserved 1114112K
  class space    used 4590K, committed 4800K, reserved 1048576K
}
Event: 3.932 GC heap after
{Heap after GC invocations=10 (full 0):
 garbage-first heap   total 50176K, used 17489K [0x0000000088200000, 0x0000000100000000)
  region size 1024K, 1 young (1024K), 1 survivors (1024K)
 Metaspace       used 35777K, committed 36160K, reserved 1114112K
  class space    used 4590K, committed 4800K, reserved 1048576K
}
Event: 4.475 GC heap before
{Heap before GC invocations=11 (full 0):
 garbage-first heap   total 50176K, used 35921K [0x0000000088200000, 0x0000000100000000)
  region size 1024K, 20 young (20480K), 1 survivors (1024K)
 Metaspace       used 38964K, committed 39424K, reserved 1114112K
  class space    used 5025K, committed 5248K, reserved 1048576K
}
Event: 4.482 GC heap after
{Heap after GC invocations=12 (full 0):
 garbage-first heap   total 50176K, used 18960K [0x0000000088200000, 0x0000000100000000)
  region size 1024K, 2 young (2048K), 2 survivors (2048K)
 Metaspace       used 38964K, committed 39424K, reserved 1114112K
  class space    used 5025K, committed 5248K, reserved 1048576K
}
Event: 4.870 GC heap before
{Heap before GC invocations=12 (full 0):
 garbage-first heap   total 50176K, used 37392K [0x0000000088200000, 0x0000000100000000)
  region size 1024K, 20 young (20480K), 2 survivors (2048K)
 Metaspace       used 41484K, committed 41920K, reserved 1114112K
  class space    used 5345K, committed 5568K, reserved 1048576K
}
Event: 4.876 GC heap after
{Heap after GC invocations=13 (full 0):
 garbage-first heap   total 60416K, used 19977K [0x0000000088200000, 0x0000000100000000)
  region size 1024K, 2 young (2048K), 2 survivors (2048K)
 Metaspace       used 41484K, committed 41920K, reserved 1114112K
  class space    used 5345K, committed 5568K, reserved 1048576K
}
Event: 5.552 GC heap before
{Heap before GC invocations=13 (full 0):
 garbage-first heap   total 60416K, used 45577K [0x0000000088200000, 0x0000000100000000)
  region size 1024K, 27 young (27648K), 2 survivors (2048K)
 Metaspace       used 46790K, committed 47296K, reserved 1114112K
  class space    used 6184K, committed 6464K, reserved 1048576K
}
Event: 5.557 GC heap after
{Heap after GC invocations=14 (full 0):
 garbage-first heap   total 60416K, used 20973K [0x0000000088200000, 0x0000000100000000)
  region size 1024K, 3 young (3072K), 3 survivors (3072K)
 Metaspace       used 46790K, committed 47296K, reserved 1114112K
  class space    used 6184K, committed 6464K, reserved 1048576K
}
Event: 6.383 GC heap before
{Heap before GC invocations=14 (full 0):
 garbage-first heap   total 60416K, used 45549K [0x0000000088200000, 0x0000000100000000)
  region size 1024K, 28 young (28672K), 3 survivors (3072K)
 Metaspace       used 55799K, committed 56320K, reserved 1114112K
  class space    used 7309K, committed 7552K, reserved 1048576K
}
Event: 6.390 GC heap after
{Heap after GC invocations=15 (full 0):
 garbage-first heap   total 60416K, used 23397K [0x0000000088200000, 0x0000000100000000)
  region size 1024K, 4 young (4096K), 4 survivors (4096K)
 Metaspace       used 55799K, committed 56320K, reserved 1114112K
  class space    used 7309K, committed 7552K, reserved 1048576K
}
Event: 6.931 GC heap before
{Heap before GC invocations=15 (full 0):
 garbage-first heap   total 60416K, used 45925K [0x0000000088200000, 0x0000000100000000)
  region size 1024K, 27 young (27648K), 4 survivors (4096K)
 Metaspace       used 60126K, committed 60608K, reserved 1114112K
  class space    used 7882K, committed 8128K, reserved 1048576K
}
Event: 6.939 GC heap after
{Heap after GC invocations=16 (full 0):
 garbage-first heap   total 60416K, used 25190K [0x0000000088200000, 0x0000000100000000)
  region size 1024K, 2 young (2048K), 2 survivors (2048K)
 Metaspace       used 60126K, committed 60608K, reserved 1114112K
  class space    used 7882K, committed 8128K, reserved 1048576K
}
Event: 7.591 GC heap before
{Heap before GC invocations=17 (full 0):
 garbage-first heap   total 60416K, used 46694K [0x0000000088200000, 0x0000000100000000)
  region size 1024K, 24 young (24576K), 2 survivors (2048K)
 Metaspace       used 65278K, committed 65792K, reserved 1114112K
  class space    used 8827K, committed 9088K, reserved 1048576K
}
Event: 7.596 GC heap after
{Heap after GC invocations=18 (full 0):
 garbage-first heap   total 60416K, used 25142K [0x0000000088200000, 0x0000000100000000)
  region size 1024K, 2 young (2048K), 2 survivors (2048K)
 Metaspace       used 65278K, committed 65792K, reserved 1114112K
  class space    used 8827K, committed 9088K, reserved 1048576K
}
Event: 8.161 GC heap before
{Heap before GC invocations=19 (full 0):
 garbage-first heap   total 60416K, used 47670K [0x0000000088200000, 0x0000000100000000)
  region size 1024K, 24 young (24576K), 2 survivors (2048K)
 Metaspace       used 69559K, committed 70144K, reserved 1114112K
  class space    used 9405K, committed 9664K, reserved 1048576K
}

Dll operation events (9 events):
Event: 0.016 Loaded shared library C:\SOFTWARES\sts-4.21.0.RELEASE\plugins\org.eclipse.justj.openjdk.hotspot.jre.full.win32.x86_64_17.0.9.v20231028-0858\jre\bin\java.dll
Event: 0.516 Loaded shared library C:\SOFTWARES\sts-4.21.0.RELEASE\plugins\org.eclipse.justj.openjdk.hotspot.jre.full.win32.x86_64_17.0.9.v20231028-0858\jre\bin\jimage.dll
Event: 0.541 Loaded shared library C:\SOFTWARES\sts-4.21.0.RELEASE\plugins\org.eclipse.justj.openjdk.hotspot.jre.full.win32.x86_64_17.0.9.v20231028-0858\jre\bin\net.dll
Event: 0.544 Loaded shared library C:\SOFTWARES\sts-4.21.0.RELEASE\plugins\org.eclipse.justj.openjdk.hotspot.jre.full.win32.x86_64_17.0.9.v20231028-0858\jre\bin\nio.dll
Event: 0.551 Loaded shared library C:\SOFTWARES\sts-4.21.0.RELEASE\plugins\org.eclipse.justj.openjdk.hotspot.jre.full.win32.x86_64_17.0.9.v20231028-0858\jre\bin\zip.dll
Event: 0.646 Loaded shared library C:\SOFTWARES\sts-4.21.0.RELEASE\plugins\org.eclipse.justj.openjdk.hotspot.jre.full.win32.x86_64_17.0.9.v20231028-0858\jre\bin\management.dll
Event: 0.668 Loaded shared library C:\SOFTWARES\sts-4.21.0.RELEASE\plugins\org.eclipse.justj.openjdk.hotspot.jre.full.win32.x86_64_17.0.9.v20231028-0858\jre\bin\management_ext.dll
Event: 2.962 Loaded shared library C:\SOFTWARES\sts-4.21.0.RELEASE\plugins\org.eclipse.justj.openjdk.hotspot.jre.full.win32.x86_64_17.0.9.v20231028-0858\jre\bin\sunmscapi.dll
Event: 5.266 Loaded shared library C:\SOFTWARES\sts-4.21.0.RELEASE\plugins\org.eclipse.justj.openjdk.hotspot.jre.full.win32.x86_64_17.0.9.v20231028-0858\jre\bin\verify.dll

Deoptimization events (6 events):
Event: 2.192 Thread 0x000001bd9028d000 DEOPT PACKING pc=0x000001bd95eabd19 sp=0x000000add93fd430
Event: 2.192 Thread 0x000001bd9028d000 DEOPT UNPACKING pc=0x000001bd95a07143 sp=0x000000add93fc910 mode 3
Event: 2.573 Thread 0x000001bd9028d000 DEOPT PACKING pc=0x000001bd95f1f055 sp=0x000000add93fdc20
Event: 2.573 Thread 0x000001bd9028d000 DEOPT UNPACKING pc=0x000001bd95a07143 sp=0x000000add93fd0c8 mode 3
Event: 4.614 Thread 0x000001bd9028d000 DEOPT PACKING pc=0x000001bd9613ebfd sp=0x000000add93fc5d0
Event: 4.614 Thread 0x000001bd9028d000 DEOPT UNPACKING pc=0x000001bd95a07143 sp=0x000000add93fbb38 mode 3

Classes unloaded (0 events):
No events

Classes redefined (0 events):
No events

Internal exceptions (20 events):
Event: 7.222 Thread 0x000001bda4781660 Exception <a 'java/lang/reflect/InvocationTargetException'{0x000000008b4d2970}> (0x000000008b4d2970) 
thrown [s\src\hotspot\share\runtime\reflection.cpp, line 1121]
Event: 7.621 Thread 0x000001bd9028d000 Exception <a 'java/lang/NoSuchMethodError'{0x000000008f9dd388}: 'java.lang.Object java.lang.invoke.DirectMethodHandle$Holder.newInvokeSpecial(java.lang.Object, java.lang.Object, java.lang.Object, java.lang.Object, java.lang.Object, java.lang.Object)'> (0x000000008f9dd388) 
thrown [s\src\hotspot\share\interpreter\linkResolver.cpp, line 759]
Event: 7.626 Thread 0x000001bd9028d000 Exception <a 'java/lang/NoSuchMethodError'{0x000000008f807b20}: 'void java.lang.invoke.DirectMethodHandle$Holder.invokeInterface(java.lang.Object, java.lang.Object, int, java.lang.Object)'> (0x000000008f807b20) 
thrown [s\src\hotspot\share\interpreter\linkResolver.cpp, line 759]
Event: 7.631 Thread 0x000001bd9028d000 Exception <a 'java/lang/NoSuchMethodError'{0x000000008f836348}: 'java.lang.Object java.lang.invoke.DirectMethodHandle$Holder.newInvokeSpecial(java.lang.Object, java.lang.Object, int, java.lang.Object)'> (0x000000008f836348) 
thrown [s\src\hotspot\share\interpreter\linkResolver.cpp, line 759]
Event: 7.631 Thread 0x000001bd9028d000 Exception <a 'java/lang/NoSuchMethodError'{0x000000008f839f10}: 'java.lang.Object java.lang.invoke.Invokers$Holder.linkToTargetMethod(java.lang.Object, int, java.lang.Object, java.lang.Object)'> (0x000000008f839f10) 
thrown [s\src\hotspot\share\interpreter\linkResolver.cpp, line 759]
Event: 7.657 Thread 0x000001bd9028d000 Exception <a 'java/lang/NoSuchMethodError'{0x000000008de095c8}: 'java.lang.Object java.lang.invoke.DirectMethodHandle$Holder.newInvokeSpecial(java.lang.Object, java.lang.Object, int)'> (0x000000008de095c8) 
thrown [s\src\hotspot\share\interpreter\linkResolver.cpp, line 759]
Event: 7.657 Thread 0x000001bd9028d000 Exception <a 'java/lang/IncompatibleClassChangeError'{0x000000008de0d080}: Found class java.lang.Object, but interface was expected> (0x000000008de0d080) 
thrown [s\src\hotspot\share\interpreter\linkResolver.cpp, line 826]
Event: 7.698 Thread 0x000001bd9028d000 Exception <a 'java/lang/NoSuchMethodError'{0x000000008dd9e9e0}: 'int java.lang.invoke.DirectMethodHandle$Holder.invokeStatic(java.lang.Object, int, java.lang.Object)'> (0x000000008dd9e9e0) 
thrown [s\src\hotspot\share\interpreter\linkResolver.cpp, line 759]
Event: 7.701 Thread 0x000001bd9028d000 Exception <a 'java/lang/NoSuchMethodError'{0x000000008ddc4450}: 'java.lang.Object java.lang.invoke.DirectMethodHandle$Holder.newInvokeSpecial(java.lang.Object, java.lang.Object, java.lang.Object, java.lang.Object, java.lang.Object, int, java.lang.Object)'> (0x000000008ddc4450) 
thrown [s\src\hotspot\share\interpreter\linkResolver.cpp, line 759]
Event: 7.707 Thread 0x000001bd9028d000 Exception <a 'java/lang/NoSuchMethodError'{0x000000008dc041f0}: 'java.lang.Object java.lang.invoke.DirectMethodHandle$Holder.newInvokeSpecial(java.lang.Object, java.lang.Object, java.lang.Object, java.lang.Object, java.lang.Object, java.lang.Object, java.lang.Object, java.lang.Object, java.lang.Object, java.lang.Object, java.lang.Object, java.lang.Object)'> (0x000000008dc041f0) 
thrown [s\src\hotspot\share\interpreter\linkResolver.cpp, line 759]
Event: 7.707 Thread 0x000001bd9028d000 Exception <a 'java/lang/NoSuchMethodError'{0x000000008dc08c88}: 'java.lang.Object java.lang.invoke.DirectMethodHandle$Holder.invokeSpecial(java.lang.Object, java.lang.Object, java.lang.Object, java.lang.Object, java.lang.Object, java.lang.Object, java.lang.Object, java.lang.Object, java.lang.Object, java.lang.Object, java.lang.Object, java.lang.Object, java.lang.Object)'> (0x000000008dc08c88) 
thrown [s\src\hotspot\share\interpreter\linkResolver.cpp, line 759]
Event: 7.707 Thread 0x000001bd9028d000 Exception <a 'java/lang/NoSuchMethodError'{0x000000008dc0d3a0}: 'java.lang.Object java.lang.invoke.Invokers$Holder.linkToTargetMethod(java.lang.Object, java.lang.Object, java.lang.Object, java.lang.Object, java.lang.Object, java.lang.Object, java.lang.Object, java.lang.Object, java.lang.Object, java.lang.Object, java.lang.Object, java.lang.Object)'> (0x000000008dc0d3a0) 
thrown [s\src\hotspot\share\interpreter\linkResolver.cpp, line 759]
Event: 7.725 Thread 0x000001bda4781660 Exception <a 'java/lang/reflect/InvocationTargetException'{0x000000008dcd9f60}> (0x000000008dcd9f60) 
thrown [s\src\hotspot\share\runtime\reflection.cpp, line 1121]
Event: 7.773 Thread 0x000001bd9028d000 Exception <a 'java/lang/NoSuchMethodError'{0x000000008b691c40}: 'java.lang.Object java.lang.invoke.DirectMethodHandle$Holder.newInvokeSpecial(java.lang.Object, java.lang.Object, java.lang.Object, java.lang.Object, java.lang.Object, java.lang.Object, java.lang.Object, int)'> (0x000000008b691c40) 
thrown [s\src\hotspot\share\interpreter\linkResolver.cpp, line 759]
Event: 7.773 Thread 0x000001bd9028d000 Exception <a 'java/lang/NoSuchMethodError'{0x000000008b696c38}: 'java.lang.Object java.lang.invoke.DirectMethodHandle$Holder.invokeSpecial(java.lang.Object, java.lang.Object, java.lang.Object, java.lang.Object, java.lang.Object, java.lang.Object, java.lang.Object, java.lang.Object, int)'> (0x000000008b696c38) 
thrown [s\src\hotspot\share\interpreter\linkResolver.cpp, line 759]
Event: 7.773 Thread 0x000001bd9028d000 Exception <a 'java/lang/NoSuchMethodError'{0x000000008b69b700}: 'java.lang.Object java.lang.invoke.Invokers$Holder.linkToTargetMethod(java.lang.Object, java.lang.Object, java.lang.Object, java.lang.Object, java.lang.Object, java.lang.Object, int, java.lang.Object)'> (0x000000008b69b700) 
thrown [s\src\hotspot\share\interpreter\linkResolver.cpp, line 759]
Event: 7.803 Thread 0x000001bd9028d000 Exception <a 'java/lang/NoSuchMethodError'{0x000000008b59eac8}: 'void java.lang.invoke.DirectMethodHandle$Holder.invokeInterface(java.lang.Object, java.lang.Object)'> (0x000000008b59eac8) 
thrown [s\src\hotspot\share\interpreter\linkResolver.cpp, line 759]
Event: 8.029 Thread 0x000001bd9028d000 Exception <a 'java/lang/IncompatibleClassChangeError'{0x000000008ac2afd0}: Found class java.lang.Object, but interface was expected> (0x000000008ac2afd0) 
thrown [s\src\hotspot\share\interpreter\linkResolver.cpp, line 826]
Event: 8.039 Thread 0x000001bd9028d000 Exception <a 'java/lang/IncompatibleClassChangeError'{0x000000008acabf48}: Found class java.lang.Object, but interface was expected> (0x000000008acabf48) 
thrown [s\src\hotspot\share\interpreter\linkResolver.cpp, line 826]
Event: 8.076 Thread 0x000001bd9028d000 Exception <a 'java/lang/IncompatibleClassChangeError'{0x000000008aa51188}: Found class java.lang.Object, but interface was expected> (0x000000008aa51188) 
thrown [s\src\hotspot\share\interpreter\linkResolver.cpp, line 826]

VM Operations (20 events):
Event: 6.939 Executing VM operation: CollectForMetadataAllocation done
Event: 6.963 Executing VM operation: CollectForMetadataAllocation
Event: 6.964 Executing VM operation: CollectForMetadataAllocation done
Event: 6.981 Executing VM operation: CollectForMetadataAllocation
Event: 6.982 Executing VM operation: CollectForMetadataAllocation done
Event: 6.990 Executing VM operation: G1PauseRemark
Event: 6.996 Executing VM operation: G1PauseRemark done
Event: 7.022 Executing VM operation: G1PauseCleanup
Event: 7.023 Executing VM operation: G1PauseCleanup done
Event: 7.580 Executing VM operation: ICBufferFull
Event: 7.580 Executing VM operation: ICBufferFull done
Event: 7.591 Executing VM operation: G1CollectForAllocation
Event: 7.596 Executing VM operation: G1CollectForAllocation done
Event: 7.646 Executing VM operation: G1PauseRemark
Event: 7.650 Executing VM operation: G1PauseRemark done
Event: 7.675 Executing VM operation: G1PauseCleanup
Event: 7.675 Executing VM operation: G1PauseCleanup done
Event: 7.909 Executing VM operation: HandshakeAllThreads
Event: 7.909 Executing VM operation: HandshakeAllThreads done
Event: 8.160 Executing VM operation: G1CollectForAllocation

Events (20 events):
Event: 6.679 loading class java/util/concurrent/ForkJoinTask done
Event: 6.679 loading class java/util/concurrent/CompletableFuture$Completion done
Event: 6.762 loading class sun/reflect/annotation/TypeAnnotation$TypeAnnotationTargetInfo
Event: 6.762 loading class sun/reflect/annotation/TypeAnnotation$TypeAnnotationTargetInfo done
Event: 6.835 loading class java/util/concurrent/CancellationException
Event: 6.835 loading class java/util/concurrent/CancellationException done
Event: 7.596 loading class jdk/internal/reflect/UnsafeIntegerFieldAccessorImpl
Event: 7.597 loading class jdk/internal/reflect/UnsafeIntegerFieldAccessorImpl done
Event: 7.948 loading class javax/naming/Reference
Event: 7.948 loading class javax/naming/Reference done
Event: 7.954 loading class jdk/internal/reflect/UnsafeObjectFieldAccessorImpl
Event: 7.954 loading class jdk/internal/reflect/UnsafeObjectFieldAccessorImpl done
Event: 7.982 loading class java/lang/SafeVarargs
Event: 7.982 loading class java/lang/SafeVarargs done
Event: 7.984 loading class sun/reflect/generics/reflectiveObjects/GenericArrayTypeImpl
Event: 7.984 loading class sun/reflect/generics/reflectiveObjects/GenericArrayTypeImpl done
Event: 8.028 loading class java/util/concurrent/ConcurrentHashMap$TreeNode
Event: 8.028 loading class java/util/concurrent/ConcurrentHashMap$TreeNode done
Event: 8.028 loading class java/util/concurrent/ConcurrentHashMap$TreeBin
Event: 8.029 loading class java/util/concurrent/ConcurrentHashMap$TreeBin done


Dynamic libraries:
0x00007ff6ceb60000 - 0x00007ff6ceb6e000 	C:\SOFTWARES\sts-4.21.0.RELEASE\plugins\org.eclipse.justj.openjdk.hotspot.jre.full.win32.x86_64_17.0.9.v20231028-0858\jre\bin\javaw.exe
0x00007fff5e6f0000 - 0x00007fff5e8e8000 	C:\Windows\SYSTEM32\ntdll.dll
0x00007fff5e270000 - 0x00007fff5e32f000 	C:\Windows\System32\KERNEL32.DLL
0x00007fff5c0e0000 - 0x00007fff5c3d6000 	C:\Windows\System32\KERNELBASE.dll
0x00007fff5bdd0000 - 0x00007fff5bed0000 	C:\Windows\System32\ucrtbase.dll
0x00007fff55d70000 - 0x00007fff55d87000 	C:\SOFTWARES\sts-4.21.0.RELEASE\plugins\org.eclipse.justj.openjdk.hotspot.jre.full.win32.x86_64_17.0.9.v20231028-0858\jre\bin\jli.dll
0x00007fff5e3a0000 - 0x00007fff5e53d000 	C:\Windows\System32\USER32.dll
0x00007fff5c720000 - 0x00007fff5c742000 	C:\Windows\System32\win32u.dll
0x00007fff5c950000 - 0x00007fff5c97c000 	C:\Windows\System32\GDI32.dll
0x00007fff5c3e0000 - 0x00007fff5c4f5000 	C:\Windows\System32\gdi32full.dll
0x00007fff5c010000 - 0x00007fff5c0ad000 	C:\Windows\System32\msvcp_win.dll
0x00007fff559a0000 - 0x00007fff559bb000 	C:\SOFTWARES\sts-4.21.0.RELEASE\plugins\org.eclipse.justj.openjdk.hotspot.jre.full.win32.x86_64_17.0.9.v20231028-0858\jre\bin\VCRUNTIME140.dll
0x00007fff47d30000 - 0x00007fff47fca000 	C:\Windows\WinSxS\amd64_microsoft.windows.common-controls_6595b64144ccf1df_6.0.19041.1110_none_60b5254171f9507e\COMCTL32.dll
0x00007fff5e600000 - 0x00007fff5e69e000 	C:\Windows\System32\msvcrt.dll
0x00007fff5cf40000 - 0x00007fff5cf70000 	C:\Windows\System32\IMM32.DLL
0x00007fff56730000 - 0x00007fff5673c000 	C:\SOFTWARES\sts-4.21.0.RELEASE\plugins\org.eclipse.justj.openjdk.hotspot.jre.full.win32.x86_64_17.0.9.v20231028-0858\jre\bin\vcruntime140_1.dll
0x00007fff3ea80000 - 0x00007fff3eb0d000 	C:\SOFTWARES\sts-4.21.0.RELEASE\plugins\org.eclipse.justj.openjdk.hotspot.jre.full.win32.x86_64_17.0.9.v20231028-0858\jre\bin\msvcp140.dll
0x00007fff29100000 - 0x00007fff29d61000 	C:\SOFTWARES\sts-4.21.0.RELEASE\plugins\org.eclipse.justj.openjdk.hotspot.jre.full.win32.x86_64_17.0.9.v20231028-0858\jre\bin\server\jvm.dll
0x00007fff5ce70000 - 0x00007fff5cf1f000 	C:\Windows\System32\ADVAPI32.dll
0x00007fff5e0a0000 - 0x00007fff5e13c000 	C:\Windows\System32\sechost.dll
0x00007fff5c820000 - 0x00007fff5c946000 	C:\Windows\System32\RPCRT4.dll
0x00007fff5bc40000 - 0x00007fff5bc8b000 	C:\Windows\SYSTEM32\POWRPROF.dll
0x00007fff4e120000 - 0x00007fff4e129000 	C:\Windows\SYSTEM32\WSOCK32.dll
0x00007fff5e330000 - 0x00007fff5e39b000 	C:\Windows\System32\WS2_32.dll
0x00007fff558f0000 - 0x00007fff55917000 	C:\Windows\SYSTEM32\WINMM.dll
0x00007fff4f870000 - 0x00007fff4f87a000 	C:\Windows\SYSTEM32\VERSION.dll
0x00007fff5bc20000 - 0x00007fff5bc32000 	C:\Windows\SYSTEM32\UMPDC.dll
0x00007fff5a620000 - 0x00007fff5a632000 	C:\Windows\SYSTEM32\kernel.appcore.dll
0x00007fff57010000 - 0x00007fff5701a000 	C:\SOFTWARES\sts-4.21.0.RELEASE\plugins\org.eclipse.justj.openjdk.hotspot.jre.full.win32.x86_64_17.0.9.v20231028-0858\jre\bin\jimage.dll
0x00007fff5a330000 - 0x00007fff5a514000 	C:\Windows\SYSTEM32\DBGHELP.DLL
0x00007fff4abb0000 - 0x00007fff4abe4000 	C:\Windows\SYSTEM32\dbgcore.DLL
0x00007fff5bf80000 - 0x00007fff5c002000 	C:\Windows\System32\bcryptPrimitives.dll
0x00007fff568d0000 - 0x00007fff568f5000 	C:\SOFTWARES\sts-4.21.0.RELEASE\plugins\org.eclipse.justj.openjdk.hotspot.jre.full.win32.x86_64_17.0.9.v20231028-0858\jre\bin\java.dll
0x00007fff56780000 - 0x00007fff56798000 	C:\SOFTWARES\sts-4.21.0.RELEASE\plugins\org.eclipse.justj.openjdk.hotspot.jre.full.win32.x86_64_17.0.9.v20231028-0858\jre\bin\zip.dll
0x00007fff5d8f0000 - 0x00007fff5e034000 	C:\Windows\System32\SHELL32.dll
0x00007fff59ac0000 - 0x00007fff5a253000 	C:\Windows\SYSTEM32\windows.storage.dll
0x00007fff5d380000 - 0x00007fff5d6d4000 	C:\Windows\System32\combase.dll
0x00007fff5b750000 - 0x00007fff5b77e000 	C:\Windows\SYSTEM32\Wldp.dll
0x00007fff5d740000 - 0x00007fff5d7ed000 	C:\Windows\System32\SHCORE.dll
0x00007fff5d120000 - 0x00007fff5d175000 	C:\Windows\System32\shlwapi.dll
0x00007fff5bd10000 - 0x00007fff5bd2f000 	C:\Windows\SYSTEM32\profapi.dll
0x00007fff582c0000 - 0x00007fff582d9000 	C:\SOFTWARES\sts-4.21.0.RELEASE\plugins\org.eclipse.justj.openjdk.hotspot.jre.full.win32.x86_64_17.0.9.v20231028-0858\jre\bin\net.dll
0x00007fff51630000 - 0x00007fff5173a000 	C:\Windows\SYSTEM32\WINHTTP.dll
0x00007fff5b4b0000 - 0x00007fff5b51a000 	C:\Windows\system32\mswsock.dll
0x00007fff57020000 - 0x00007fff57036000 	C:\SOFTWARES\sts-4.21.0.RELEASE\plugins\org.eclipse.justj.openjdk.hotspot.jre.full.win32.x86_64_17.0.9.v20231028-0858\jre\bin\nio.dll
0x00007fff55230000 - 0x00007fff55239000 	C:\SOFTWARES\sts-4.21.0.RELEASE\plugins\org.eclipse.justj.openjdk.hotspot.jre.full.win32.x86_64_17.0.9.v20231028-0858\jre\bin\management.dll
0x00007fff55220000 - 0x00007fff5522b000 	C:\SOFTWARES\sts-4.21.0.RELEASE\plugins\org.eclipse.justj.openjdk.hotspot.jre.full.win32.x86_64_17.0.9.v20231028-0858\jre\bin\management_ext.dll
0x00007fff5e540000 - 0x00007fff5e548000 	C:\Windows\System32\PSAPI.DLL
0x00007fff42fa0000 - 0x00007fff42fb7000 	C:\Windows\system32\napinsp.dll
0x00007fff42f80000 - 0x00007fff42f9b000 	C:\Windows\system32\pnrpnsp.dll
0x00007fff42f60000 - 0x00007fff42f75000 	C:\Windows\system32\wshbth.dll
0x00007fff56ed0000 - 0x00007fff56eed000 	C:\Windows\system32\NLAapi.dll
0x00007fff5b1a0000 - 0x00007fff5b1dc000 	C:\Windows\SYSTEM32\IPHLPAPI.DLL
0x00007fff5b1e0000 - 0x00007fff5b2ab000 	C:\Windows\SYSTEM32\DNSAPI.dll
0x00007fff5e6a0000 - 0x00007fff5e6a8000 	C:\Windows\System32\NSI.dll
0x00007fff42a60000 - 0x00007fff42a72000 	C:\Windows\System32\winrnr.dll
0x00007fff4f0d0000 - 0x00007fff4f0da000 	C:\Windows\System32\rasadhlp.dll
0x00007fff4f3e0000 - 0x00007fff4f462000 	C:\Windows\System32\fwpuclnt.dll
0x00007fff5c0b0000 - 0x00007fff5c0d7000 	C:\Windows\System32\bcrypt.dll
0x00007fff5b6a0000 - 0x00007fff5b6b8000 	C:\Windows\SYSTEM32\CRYPTSP.dll
0x00007fff5add0000 - 0x00007fff5ae04000 	C:\Windows\system32\rsaenh.dll
0x00007fff5bc90000 - 0x00007fff5bcbe000 	C:\Windows\SYSTEM32\USERENV.dll
0x00007fff5b6c0000 - 0x00007fff5b6cc000 	C:\Windows\SYSTEM32\CRYPTBASE.dll
0x00007fff523f0000 - 0x00007fff52407000 	C:\Windows\SYSTEM32\dhcpcsvc6.DLL
0x00007fff53200000 - 0x00007fff5321d000 	C:\Windows\SYSTEM32\dhcpcsvc.DLL
0x00007fff56770000 - 0x00007fff5677e000 	C:\SOFTWARES\sts-4.21.0.RELEASE\plugins\org.eclipse.justj.openjdk.hotspot.jre.full.win32.x86_64_17.0.9.v20231028-0858\jre\bin\sunmscapi.dll
0x00007fff5c5c0000 - 0x00007fff5c71e000 	C:\Windows\System32\CRYPT32.dll
0x00007fff5b7c0000 - 0x00007fff5b7e8000 	C:\Windows\SYSTEM32\ncrypt.dll
0x00007fff5b780000 - 0x00007fff5b7bb000 	C:\Windows\SYSTEM32\NTASN1.dll
0x00007fff582b0000 - 0x00007fff582c0000 	C:\SOFTWARES\sts-4.21.0.RELEASE\plugins\org.eclipse.justj.openjdk.hotspot.jre.full.win32.x86_64_17.0.9.v20231028-0858\jre\bin\verify.dll

dbghelp: loaded successfully - version: 4.0.5 - missing functions: none
symbol engine: initialized successfully - sym options: 0x614 - pdb path: .;C:\SOFTWARES\sts-4.21.0.RELEASE\plugins\org.eclipse.justj.openjdk.hotspot.jre.full.win32.x86_64_17.0.9.v20231028-0858\jre\bin;C:\Windows\SYSTEM32;C:\Windows\WinSxS\amd64_microsoft.windows.common-controls_6595b64144ccf1df_6.0.19041.1110_none_60b5254171f9507e;C:\SOFTWARES\sts-4.21.0.RELEASE\plugins\org.eclipse.justj.openjdk.hotspot.jre.full.win32.x86_64_17.0.9.v20231028-0858\jre\bin\server

VM Arguments:
jvm_args: -Dcom.sun.management.jmxremote -Dcom.sun.management.jmxremote.port=61918 -Dcom.sun.management.jmxremote.authenticate=false -Dcom.sun.management.jmxremote.ssl=false -Djava.rmi.server.hostname=localhost -Dspring.jmx.enabled=true -Dmanagement.endpoints.jmx.exposure.include=* -Dspring.application.admin.enabled=true -XX:TieredStopAtLevel=1 -Dspring.boot.project.name=PROJECT_3_part_start2 -Dfile.encoding=UTF-8 -Dstdout.encoding=UTF-8 -Dstderr.encoding=UTF-8 -XX:+ShowCodeDetailsInExceptionMessages 
java_command: in.sp.main.ProjectApplication --spring.output.ansi.enabled=always
java_class_path (initial): C:\Users\DELL\Desktop\SPRING   & SPRINGBOOT\SPRINGBOOT\PROJECT_3_part_start2\target\classes;C:\Users\DELL\.m2\repository\org\springframework\boot\spring-boot-starter-web\3.2.2\spring-boot-starter-web-3.2.2.jar;C:\Users\DELL\.m2\repository\org\springframework\boot\spring-boot-starter\3.2.2\spring-boot-starter-3.2.2.jar;C:\Users\DELL\.m2\repository\org\springframework\boot\spring-boot\3.2.2\spring-boot-3.2.2.jar;C:\Users\DELL\.m2\repository\org\springframework\boot\spring-boot-autoconfigure\3.2.2\spring-boot-autoconfigure-3.2.2.jar;C:\Users\DELL\.m2\repository\org\springframework\boot\spring-boot-starter-logging\3.2.2\spring-boot-starter-logging-3.2.2.jar;C:\Users\DELL\.m2\repository\ch\qos\logback\logback-classic\1.4.14\logback-classic-1.4.14.jar;C:\Users\DELL\.m2\repository\ch\qos\logback\logback-core\1.4.14\logback-core-1.4.14.jar;C:\Users\DELL\.m2\repository\org\apache\logging\log4j\log4j-to-slf4j\2.21.1\log4j-to-slf4j-2.21.1.jar;C:\Users\DELL\.m2\repository\org\apache\logging\log4j\log4j-api\2.21.1\log4j-api-2.21.1.jar;C:\Users\DELL\.m2\repository\org\slf4j\jul-to-slf4j\2.0.11\jul-to-slf4j-2.0.11.jar;C:\Users\DELL\.m2\repository\jakarta\annotation\jakarta.annotation-api\2.1.1\jakarta.annotation-api-2.1.1.jar;C:\Users\DELL\.m2\repository\org\yaml\snakeyaml\2.2\snakeyaml-2.2.jar;C:\Users\DELL\.m2\repository\org\springframework\boot\spring-boot-starter-json\3.2.2\spring-boot-starter-json-3.2.2.jar;C:\Users\DELL\.m2\repository\com\fasterxml\jackson\core\jackson-databind\2.15.3\jackson-databind-2.15.3.jar;C:\Users\DELL\.m2\repository\com\fasterxml\jackson\core\jackson-annotations\2.15.3\jackson-annotations-2.15.3.jar;C:\Users\DELL\.m2\repository\com\fasterxml\jackson\core\jackson-core\2.15.3\jackson-core-2.15.3.jar;C:\Users\DELL\.m2\repository\com\fasterxml\jackson\datatype\jackson-datatype-jdk8\2.15.3\jackson-datatype-jdk8-2.15.3.jar;C:\Users\DELL\.m2\repository\com\fasterxml\jackson\datatype\jackson-datatype-jsr310\2.15.3\jackson-datatyp
Launcher Type: SUN_STANDARD

[Global flags]
     intx CICompilerCount                          = 3                                         {product} {ergonomic}
     uint ConcGCThreads                            = 1                                         {product} {ergonomic}
     uint G1ConcRefinementThreads                  = 4                                         {product} {ergonomic}
   size_t G1HeapRegionSize                         = 1048576                                   {product} {ergonomic}
    uintx GCDrainStackTargetSize                   = 64                                        {product} {ergonomic}
   size_t InitialHeapSize                          = 125829120                                 {product} {ergonomic}
     bool ManagementServer                         = true                                      {product} {command line}
   size_t MarkStackSize                            = 4194304                                   {product} {ergonomic}
   size_t MaxHeapSize                              = 2011168768                                {product} {ergonomic}
   size_t MaxNewSize                               = 1205862400                                {product} {ergonomic}
   size_t MinHeapDeltaBytes                        = 1048576                                   {product} {ergonomic}
   size_t MinHeapSize                              = 8388608                                   {product} {ergonomic}
    uintx NonProfiledCodeHeapSize                  = 0                                      {pd product} {ergonomic}
     bool ProfileInterpreter                       = false                                  {pd product} {command line}
    uintx ProfiledCodeHeapSize                     = 0                                      {pd product} {ergonomic}
     bool ShowCodeDetailsInExceptionMessages       = true                                   {manageable} {command line}
   size_t SoftMaxHeapSize                          = 2011168768                             {manageable} {ergonomic}
     intx TieredStopAtLevel                        = 1                                         {product} {command line}
     bool UseCompressedClassPointers               = true                           {product lp64_product} {ergonomic}
     bool UseCompressedOops                        = true                           {product lp64_product} {ergonomic}
     bool UseG1GC                                  = true                                      {product} {ergonomic}
     bool UseLargePagesIndividualAllocation        = false                                  {pd product} {ergonomic}

Logging:
Log output configuration:
 #0: stdout all=warning uptime,level,tags
 #1: stderr all=off uptime,level,tags

Environment Variables:
JAVA_HOME=C:\Program Files (x86)\Java\jre-1.8
CLASSPATH="C:\Users\DELL\Desktop\mysql-connector-j-8.0.32.jar;."
PATH=C:/SOFTWARES/sts-4.21.0.RELEASE//plugins/org.eclipse.justj.openjdk.hotspot.jre.full.win32.x86_64_17.0.9.v20231028-0858/jre/bin/server;C:/SOFTWARES/sts-4.21.0.RELEASE//plugins/org.eclipse.justj.openjdk.hotspot.jre.full.win32.x86_64_17.0.9.v20231028-0858/jre/bin;C:\Program Files (x86)\Common Files\Oracle\Java\javapath;C:\Windows\system32;C:\Program Files\MySQL\MySQL Server 8.0\bin;C:\Program Files\MySQL\MySQL Shell 8.0\bin;C:\mysql-connector-j-8.1.0.jar;C:\Windows;C:\Windows\System32\Wbem;C:\Windows\System32\WindowsPowerShell\v1.0\;C:\Windows\System32\OpenSSH\;C:\Program Files (x86)\Java\jre-1.8\BIN;C:\Program Files (x86)\Java\jre-1.8\BEAN;C:\Program Files\MySQL\MySQL Shell 8.0\bin\;C:\Users\DELL\AppData\Local\Microsoft\WindowsApps;C:\Users\DELL\AppData\Local\Programs\Microsoft VS Code\bin;C:\Users\DELL\Downloads\jdk-20_windows-x64_bin.msi;;C:\SOFTWARES\sts-4.21.0.RELEASE;
USERNAME=DELL
OS=Windows_NT
PROCESSOR_IDENTIFIER=Intel64 Family 6 Model 78 Stepping 3, GenuineIntel
TMP=C:\Users\DELL\AppData\Local\Temp
TEMP=C:\Users\DELL\AppData\Local\Temp



Periodic native trim disabled


---------------  S Y S T E M  ---------------

OS:
 Windows 10 , 64 bit Build 19041 (10.0.19041.2913)
OS uptime: 0 days 14:47 hours

CPU: total 4 (initial active 4) (2 cores per cpu, 2 threads per core) family 6 model 78 stepping 3 microcode 0xcc, cx8, cmov, fxsr, ht, mmx, 3dnowpref, sse, sse2, sse3, ssse3, sse4.1, sse4.2, popcnt, lzcnt, tsc, tscinvbit, avx, avx2, aes, erms, clmul, bmi1, bmi2, adx, fma, vzeroupper, clflush, clflushopt
Processor Information for all 4 processors :
  Max Mhz: 2000, Current Mhz: 2000, Mhz Limit: 2000

Memory: 4k page, system-wide physical 7669M (3148M free)
TotalPageFile size 15349M (AvailPageFile size 9847M)
current process WorkingSet (physical memory assigned to process): 202M, peak: 202M
current process commit charge ("private bytes"): 225M, peak: 225M

vm_info: OpenJDK 64-Bit Server VM (17.0.9+9) for windows-amd64 JRE (17.0.9+9), built on Oct 26 2023 14:01:42 by "admin" with MS VC++ 16.10 / 16.11 (VS2019)

END.
